[2022-02-09 13:59:52,892] {processor.py:163} INFO - Started process (PID=10886) to work on /opt/anaconda3/envs/af/lib/python3.7/site-packages/airflow/example_dags/subdags/subdag.py
[2022-02-09 13:59:52,894] {processor.py:642} INFO - Processing file /opt/anaconda3/envs/af/lib/python3.7/site-packages/airflow/example_dags/subdags/subdag.py for tasks to queue
[2022-02-09 13:59:52,896] {logging_mixin.py:109} INFO - [2022-02-09 13:59:52,895] {dagbag.py:500} INFO - Filling up the DagBag from /opt/anaconda3/envs/af/lib/python3.7/site-packages/airflow/example_dags/subdags/subdag.py
[2022-02-09 13:59:52,923] {processor.py:656} WARNING - No viable dags retrieved from /opt/anaconda3/envs/af/lib/python3.7/site-packages/airflow/example_dags/subdags/subdag.py
[2022-02-09 13:59:52,928] {processor.py:171} INFO - Processing /opt/anaconda3/envs/af/lib/python3.7/site-packages/airflow/example_dags/subdags/subdag.py took 0.042 seconds
[2022-02-09 14:00:36,454] {processor.py:163} INFO - Started process (PID=10958) to work on /opt/anaconda3/envs/af/lib/python3.7/site-packages/airflow/example_dags/subdags/subdag.py
[2022-02-09 14:00:36,458] {processor.py:642} INFO - Processing file /opt/anaconda3/envs/af/lib/python3.7/site-packages/airflow/example_dags/subdags/subdag.py for tasks to queue
[2022-02-09 14:00:36,460] {logging_mixin.py:109} INFO - [2022-02-09 14:00:36,459] {dagbag.py:500} INFO - Filling up the DagBag from /opt/anaconda3/envs/af/lib/python3.7/site-packages/airflow/example_dags/subdags/subdag.py
[2022-02-09 14:00:36,498] {processor.py:656} WARNING - No viable dags retrieved from /opt/anaconda3/envs/af/lib/python3.7/site-packages/airflow/example_dags/subdags/subdag.py
[2022-02-09 14:00:36,504] {processor.py:171} INFO - Processing /opt/anaconda3/envs/af/lib/python3.7/site-packages/airflow/example_dags/subdags/subdag.py took 0.054 seconds
[2022-02-09 14:01:12,518] {processor.py:163} INFO - Started process (PID=11012) to work on /opt/anaconda3/envs/af/lib/python3.7/site-packages/airflow/example_dags/subdags/subdag.py
[2022-02-09 14:01:12,522] {processor.py:642} INFO - Processing file /opt/anaconda3/envs/af/lib/python3.7/site-packages/airflow/example_dags/subdags/subdag.py for tasks to queue
[2022-02-09 14:01:12,524] {logging_mixin.py:109} INFO - [2022-02-09 14:01:12,523] {dagbag.py:500} INFO - Filling up the DagBag from /opt/anaconda3/envs/af/lib/python3.7/site-packages/airflow/example_dags/subdags/subdag.py
[2022-02-09 14:01:12,544] {processor.py:656} WARNING - No viable dags retrieved from /opt/anaconda3/envs/af/lib/python3.7/site-packages/airflow/example_dags/subdags/subdag.py
[2022-02-09 14:01:12,547] {processor.py:171} INFO - Processing /opt/anaconda3/envs/af/lib/python3.7/site-packages/airflow/example_dags/subdags/subdag.py took 0.033 seconds
[2022-02-09 14:01:45,543] {processor.py:163} INFO - Started process (PID=11058) to work on /opt/anaconda3/envs/af/lib/python3.7/site-packages/airflow/example_dags/subdags/subdag.py
[2022-02-09 14:01:45,545] {processor.py:642} INFO - Processing file /opt/anaconda3/envs/af/lib/python3.7/site-packages/airflow/example_dags/subdags/subdag.py for tasks to queue
[2022-02-09 14:01:45,547] {logging_mixin.py:109} INFO - [2022-02-09 14:01:45,547] {dagbag.py:500} INFO - Filling up the DagBag from /opt/anaconda3/envs/af/lib/python3.7/site-packages/airflow/example_dags/subdags/subdag.py
[2022-02-09 14:01:45,567] {processor.py:656} WARNING - No viable dags retrieved from /opt/anaconda3/envs/af/lib/python3.7/site-packages/airflow/example_dags/subdags/subdag.py
[2022-02-09 14:01:45,571] {processor.py:171} INFO - Processing /opt/anaconda3/envs/af/lib/python3.7/site-packages/airflow/example_dags/subdags/subdag.py took 0.036 seconds
[2022-02-09 14:02:50,314] {processor.py:163} INFO - Started process (PID=11139) to work on /opt/anaconda3/envs/af/lib/python3.7/site-packages/airflow/example_dags/subdags/subdag.py
[2022-02-09 14:02:50,317] {processor.py:642} INFO - Processing file /opt/anaconda3/envs/af/lib/python3.7/site-packages/airflow/example_dags/subdags/subdag.py for tasks to queue
[2022-02-09 14:02:50,320] {logging_mixin.py:109} INFO - [2022-02-09 14:02:50,319] {dagbag.py:500} INFO - Filling up the DagBag from /opt/anaconda3/envs/af/lib/python3.7/site-packages/airflow/example_dags/subdags/subdag.py
[2022-02-09 14:02:50,342] {processor.py:656} WARNING - No viable dags retrieved from /opt/anaconda3/envs/af/lib/python3.7/site-packages/airflow/example_dags/subdags/subdag.py
[2022-02-09 14:02:50,345] {processor.py:171} INFO - Processing /opt/anaconda3/envs/af/lib/python3.7/site-packages/airflow/example_dags/subdags/subdag.py took 0.035 seconds
[2022-02-09 14:03:29,811] {processor.py:163} INFO - Started process (PID=11193) to work on /opt/anaconda3/envs/af/lib/python3.7/site-packages/airflow/example_dags/subdags/subdag.py
[2022-02-09 14:03:29,814] {processor.py:642} INFO - Processing file /opt/anaconda3/envs/af/lib/python3.7/site-packages/airflow/example_dags/subdags/subdag.py for tasks to queue
[2022-02-09 14:03:29,816] {logging_mixin.py:109} INFO - [2022-02-09 14:03:29,815] {dagbag.py:500} INFO - Filling up the DagBag from /opt/anaconda3/envs/af/lib/python3.7/site-packages/airflow/example_dags/subdags/subdag.py
[2022-02-09 14:03:29,836] {processor.py:656} WARNING - No viable dags retrieved from /opt/anaconda3/envs/af/lib/python3.7/site-packages/airflow/example_dags/subdags/subdag.py
[2022-02-09 14:03:29,839] {processor.py:171} INFO - Processing /opt/anaconda3/envs/af/lib/python3.7/site-packages/airflow/example_dags/subdags/subdag.py took 0.033 seconds
[2022-02-09 14:04:03,736] {processor.py:163} INFO - Started process (PID=11237) to work on /opt/anaconda3/envs/af/lib/python3.7/site-packages/airflow/example_dags/subdags/subdag.py
[2022-02-09 14:04:03,737] {processor.py:642} INFO - Processing file /opt/anaconda3/envs/af/lib/python3.7/site-packages/airflow/example_dags/subdags/subdag.py for tasks to queue
[2022-02-09 14:04:03,739] {logging_mixin.py:109} INFO - [2022-02-09 14:04:03,738] {dagbag.py:500} INFO - Filling up the DagBag from /opt/anaconda3/envs/af/lib/python3.7/site-packages/airflow/example_dags/subdags/subdag.py
[2022-02-09 14:04:03,753] {processor.py:656} WARNING - No viable dags retrieved from /opt/anaconda3/envs/af/lib/python3.7/site-packages/airflow/example_dags/subdags/subdag.py
[2022-02-09 14:04:03,756] {processor.py:171} INFO - Processing /opt/anaconda3/envs/af/lib/python3.7/site-packages/airflow/example_dags/subdags/subdag.py took 0.024 seconds
[2022-02-09 14:04:40,484] {processor.py:163} INFO - Started process (PID=11290) to work on /opt/anaconda3/envs/af/lib/python3.7/site-packages/airflow/example_dags/subdags/subdag.py
[2022-02-09 14:04:40,488] {processor.py:642} INFO - Processing file /opt/anaconda3/envs/af/lib/python3.7/site-packages/airflow/example_dags/subdags/subdag.py for tasks to queue
[2022-02-09 14:04:40,490] {logging_mixin.py:109} INFO - [2022-02-09 14:04:40,489] {dagbag.py:500} INFO - Filling up the DagBag from /opt/anaconda3/envs/af/lib/python3.7/site-packages/airflow/example_dags/subdags/subdag.py
[2022-02-09 14:04:40,511] {processor.py:656} WARNING - No viable dags retrieved from /opt/anaconda3/envs/af/lib/python3.7/site-packages/airflow/example_dags/subdags/subdag.py
[2022-02-09 14:04:40,514] {processor.py:171} INFO - Processing /opt/anaconda3/envs/af/lib/python3.7/site-packages/airflow/example_dags/subdags/subdag.py took 0.037 seconds
[2022-02-09 14:05:13,873] {processor.py:163} INFO - Started process (PID=11329) to work on /opt/anaconda3/envs/af/lib/python3.7/site-packages/airflow/example_dags/subdags/subdag.py
[2022-02-09 14:05:13,876] {processor.py:642} INFO - Processing file /opt/anaconda3/envs/af/lib/python3.7/site-packages/airflow/example_dags/subdags/subdag.py for tasks to queue
[2022-02-09 14:05:13,878] {logging_mixin.py:109} INFO - [2022-02-09 14:05:13,877] {dagbag.py:500} INFO - Filling up the DagBag from /opt/anaconda3/envs/af/lib/python3.7/site-packages/airflow/example_dags/subdags/subdag.py
[2022-02-09 14:05:13,910] {processor.py:656} WARNING - No viable dags retrieved from /opt/anaconda3/envs/af/lib/python3.7/site-packages/airflow/example_dags/subdags/subdag.py
[2022-02-09 14:05:13,916] {processor.py:171} INFO - Processing /opt/anaconda3/envs/af/lib/python3.7/site-packages/airflow/example_dags/subdags/subdag.py took 0.049 seconds
[2022-02-09 14:05:50,645] {processor.py:163} INFO - Started process (PID=11370) to work on /opt/anaconda3/envs/af/lib/python3.7/site-packages/airflow/example_dags/subdags/subdag.py
[2022-02-09 14:05:50,654] {processor.py:642} INFO - Processing file /opt/anaconda3/envs/af/lib/python3.7/site-packages/airflow/example_dags/subdags/subdag.py for tasks to queue
[2022-02-09 14:05:50,659] {logging_mixin.py:109} INFO - [2022-02-09 14:05:50,657] {dagbag.py:500} INFO - Filling up the DagBag from /opt/anaconda3/envs/af/lib/python3.7/site-packages/airflow/example_dags/subdags/subdag.py
[2022-02-09 14:05:50,693] {processor.py:656} WARNING - No viable dags retrieved from /opt/anaconda3/envs/af/lib/python3.7/site-packages/airflow/example_dags/subdags/subdag.py
[2022-02-09 14:05:50,700] {processor.py:171} INFO - Processing /opt/anaconda3/envs/af/lib/python3.7/site-packages/airflow/example_dags/subdags/subdag.py took 0.060 seconds
[2022-02-09 14:06:23,853] {processor.py:163} INFO - Started process (PID=11408) to work on /opt/anaconda3/envs/af/lib/python3.7/site-packages/airflow/example_dags/subdags/subdag.py
[2022-02-09 14:06:23,854] {processor.py:642} INFO - Processing file /opt/anaconda3/envs/af/lib/python3.7/site-packages/airflow/example_dags/subdags/subdag.py for tasks to queue
[2022-02-09 14:06:23,857] {logging_mixin.py:109} INFO - [2022-02-09 14:06:23,855] {dagbag.py:500} INFO - Filling up the DagBag from /opt/anaconda3/envs/af/lib/python3.7/site-packages/airflow/example_dags/subdags/subdag.py
[2022-02-09 14:06:23,886] {processor.py:656} WARNING - No viable dags retrieved from /opt/anaconda3/envs/af/lib/python3.7/site-packages/airflow/example_dags/subdags/subdag.py
[2022-02-09 14:06:23,890] {processor.py:171} INFO - Processing /opt/anaconda3/envs/af/lib/python3.7/site-packages/airflow/example_dags/subdags/subdag.py took 0.043 seconds
[2022-02-09 14:06:56,399] {processor.py:163} INFO - Started process (PID=11443) to work on /opt/anaconda3/envs/af/lib/python3.7/site-packages/airflow/example_dags/subdags/subdag.py
[2022-02-09 14:06:56,404] {processor.py:642} INFO - Processing file /opt/anaconda3/envs/af/lib/python3.7/site-packages/airflow/example_dags/subdags/subdag.py for tasks to queue
[2022-02-09 14:06:56,405] {logging_mixin.py:109} INFO - [2022-02-09 14:06:56,405] {dagbag.py:500} INFO - Filling up the DagBag from /opt/anaconda3/envs/af/lib/python3.7/site-packages/airflow/example_dags/subdags/subdag.py
[2022-02-09 14:06:56,430] {processor.py:656} WARNING - No viable dags retrieved from /opt/anaconda3/envs/af/lib/python3.7/site-packages/airflow/example_dags/subdags/subdag.py
[2022-02-09 14:06:56,433] {processor.py:171} INFO - Processing /opt/anaconda3/envs/af/lib/python3.7/site-packages/airflow/example_dags/subdags/subdag.py took 0.042 seconds
[2022-02-09 14:07:35,794] {processor.py:163} INFO - Started process (PID=11491) to work on /opt/anaconda3/envs/af/lib/python3.7/site-packages/airflow/example_dags/subdags/subdag.py
[2022-02-09 14:07:35,797] {processor.py:642} INFO - Processing file /opt/anaconda3/envs/af/lib/python3.7/site-packages/airflow/example_dags/subdags/subdag.py for tasks to queue
[2022-02-09 14:07:35,799] {logging_mixin.py:109} INFO - [2022-02-09 14:07:35,799] {dagbag.py:500} INFO - Filling up the DagBag from /opt/anaconda3/envs/af/lib/python3.7/site-packages/airflow/example_dags/subdags/subdag.py
[2022-02-09 14:07:35,820] {processor.py:656} WARNING - No viable dags retrieved from /opt/anaconda3/envs/af/lib/python3.7/site-packages/airflow/example_dags/subdags/subdag.py
[2022-02-09 14:07:35,823] {processor.py:171} INFO - Processing /opt/anaconda3/envs/af/lib/python3.7/site-packages/airflow/example_dags/subdags/subdag.py took 0.034 seconds
[2022-02-09 14:08:14,416] {processor.py:163} INFO - Started process (PID=11538) to work on /opt/anaconda3/envs/af/lib/python3.7/site-packages/airflow/example_dags/subdags/subdag.py
[2022-02-09 14:08:14,422] {processor.py:642} INFO - Processing file /opt/anaconda3/envs/af/lib/python3.7/site-packages/airflow/example_dags/subdags/subdag.py for tasks to queue
[2022-02-09 14:08:14,427] {logging_mixin.py:109} INFO - [2022-02-09 14:08:14,427] {dagbag.py:500} INFO - Filling up the DagBag from /opt/anaconda3/envs/af/lib/python3.7/site-packages/airflow/example_dags/subdags/subdag.py
[2022-02-09 14:08:14,485] {processor.py:656} WARNING - No viable dags retrieved from /opt/anaconda3/envs/af/lib/python3.7/site-packages/airflow/example_dags/subdags/subdag.py
[2022-02-09 14:08:14,499] {processor.py:171} INFO - Processing /opt/anaconda3/envs/af/lib/python3.7/site-packages/airflow/example_dags/subdags/subdag.py took 0.091 seconds
[2022-02-09 15:25:32,113] {processor.py:163} INFO - Started process (PID=13793) to work on /opt/anaconda3/envs/af/lib/python3.7/site-packages/airflow/example_dags/subdags/subdag.py
[2022-02-09 15:25:32,118] {processor.py:642} INFO - Processing file /opt/anaconda3/envs/af/lib/python3.7/site-packages/airflow/example_dags/subdags/subdag.py for tasks to queue
[2022-02-09 15:25:32,122] {logging_mixin.py:109} INFO - [2022-02-09 15:25:32,121] {dagbag.py:500} INFO - Filling up the DagBag from /opt/anaconda3/envs/af/lib/python3.7/site-packages/airflow/example_dags/subdags/subdag.py
[2022-02-09 15:25:32,156] {processor.py:656} WARNING - No viable dags retrieved from /opt/anaconda3/envs/af/lib/python3.7/site-packages/airflow/example_dags/subdags/subdag.py
[2022-02-09 15:25:32,163] {processor.py:171} INFO - Processing /opt/anaconda3/envs/af/lib/python3.7/site-packages/airflow/example_dags/subdags/subdag.py took 0.060 seconds
[2022-02-09 15:27:27,179] {processor.py:163} INFO - Started process (PID=13931) to work on /opt/anaconda3/envs/af/lib/python3.7/site-packages/airflow/example_dags/subdags/subdag.py
[2022-02-09 15:27:27,183] {processor.py:642} INFO - Processing file /opt/anaconda3/envs/af/lib/python3.7/site-packages/airflow/example_dags/subdags/subdag.py for tasks to queue
[2022-02-09 15:27:27,184] {logging_mixin.py:109} INFO - [2022-02-09 15:27:27,184] {dagbag.py:500} INFO - Filling up the DagBag from /opt/anaconda3/envs/af/lib/python3.7/site-packages/airflow/example_dags/subdags/subdag.py
[2022-02-09 15:27:27,204] {processor.py:656} WARNING - No viable dags retrieved from /opt/anaconda3/envs/af/lib/python3.7/site-packages/airflow/example_dags/subdags/subdag.py
[2022-02-09 15:27:27,207] {processor.py:171} INFO - Processing /opt/anaconda3/envs/af/lib/python3.7/site-packages/airflow/example_dags/subdags/subdag.py took 0.032 seconds
[2022-02-09 15:28:32,792] {processor.py:163} INFO - Started process (PID=14033) to work on /opt/anaconda3/envs/af/lib/python3.7/site-packages/airflow/example_dags/subdags/subdag.py
[2022-02-09 15:28:32,796] {processor.py:642} INFO - Processing file /opt/anaconda3/envs/af/lib/python3.7/site-packages/airflow/example_dags/subdags/subdag.py for tasks to queue
[2022-02-09 15:28:32,798] {logging_mixin.py:109} INFO - [2022-02-09 15:28:32,798] {dagbag.py:500} INFO - Filling up the DagBag from /opt/anaconda3/envs/af/lib/python3.7/site-packages/airflow/example_dags/subdags/subdag.py
[2022-02-09 15:28:32,821] {processor.py:656} WARNING - No viable dags retrieved from /opt/anaconda3/envs/af/lib/python3.7/site-packages/airflow/example_dags/subdags/subdag.py
[2022-02-09 15:28:32,826] {processor.py:171} INFO - Processing /opt/anaconda3/envs/af/lib/python3.7/site-packages/airflow/example_dags/subdags/subdag.py took 0.040 seconds
[2022-02-09 15:30:35,953] {processor.py:163} INFO - Started process (PID=14182) to work on /opt/anaconda3/envs/af/lib/python3.7/site-packages/airflow/example_dags/subdags/subdag.py
[2022-02-09 15:30:35,956] {processor.py:642} INFO - Processing file /opt/anaconda3/envs/af/lib/python3.7/site-packages/airflow/example_dags/subdags/subdag.py for tasks to queue
[2022-02-09 15:30:35,958] {logging_mixin.py:109} INFO - [2022-02-09 15:30:35,957] {dagbag.py:500} INFO - Filling up the DagBag from /opt/anaconda3/envs/af/lib/python3.7/site-packages/airflow/example_dags/subdags/subdag.py
[2022-02-09 15:30:35,978] {processor.py:656} WARNING - No viable dags retrieved from /opt/anaconda3/envs/af/lib/python3.7/site-packages/airflow/example_dags/subdags/subdag.py
[2022-02-09 15:30:35,981] {processor.py:171} INFO - Processing /opt/anaconda3/envs/af/lib/python3.7/site-packages/airflow/example_dags/subdags/subdag.py took 0.033 seconds
