[2022-02-09 14:00:04,784] {processor.py:163} INFO - Started process (PID=10915) to work on /opt/anaconda3/envs/af/lib/python3.7/site-packages/airflow/example_dags/example_trigger_target_dag.py
[2022-02-09 14:00:04,786] {processor.py:642} INFO - Processing file /opt/anaconda3/envs/af/lib/python3.7/site-packages/airflow/example_dags/example_trigger_target_dag.py for tasks to queue
[2022-02-09 14:00:04,788] {logging_mixin.py:109} INFO - [2022-02-09 14:00:04,788] {dagbag.py:500} INFO - Filling up the DagBag from /opt/anaconda3/envs/af/lib/python3.7/site-packages/airflow/example_dags/example_trigger_target_dag.py
[2022-02-09 14:00:04,852] {processor.py:654} INFO - DAG(s) dict_keys(['example_trigger_target_dag']) retrieved from /opt/anaconda3/envs/af/lib/python3.7/site-packages/airflow/example_dags/example_trigger_target_dag.py
[2022-02-09 14:00:04,869] {logging_mixin.py:109} INFO - [2022-02-09 14:00:04,869] {dag.py:2396} INFO - Sync 1 DAGs
[2022-02-09 14:00:04,897] {logging_mixin.py:109} INFO - [2022-02-09 14:00:04,897] {dag.py:2935} INFO - Setting next_dagrun for example_trigger_target_dag to None
[2022-02-09 14:00:04,915] {processor.py:171} INFO - Processing /opt/anaconda3/envs/af/lib/python3.7/site-packages/airflow/example_dags/example_trigger_target_dag.py took 0.141 seconds
[2022-02-09 14:00:47,703] {processor.py:163} INFO - Started process (PID=10975) to work on /opt/anaconda3/envs/af/lib/python3.7/site-packages/airflow/example_dags/example_trigger_target_dag.py
[2022-02-09 14:00:47,706] {processor.py:642} INFO - Processing file /opt/anaconda3/envs/af/lib/python3.7/site-packages/airflow/example_dags/example_trigger_target_dag.py for tasks to queue
[2022-02-09 14:00:47,708] {logging_mixin.py:109} INFO - [2022-02-09 14:00:47,708] {dagbag.py:500} INFO - Filling up the DagBag from /opt/anaconda3/envs/af/lib/python3.7/site-packages/airflow/example_dags/example_trigger_target_dag.py
[2022-02-09 14:00:47,752] {processor.py:654} INFO - DAG(s) dict_keys(['example_trigger_target_dag']) retrieved from /opt/anaconda3/envs/af/lib/python3.7/site-packages/airflow/example_dags/example_trigger_target_dag.py
[2022-02-09 14:00:47,785] {logging_mixin.py:109} INFO - [2022-02-09 14:00:47,784] {dag.py:2396} INFO - Sync 1 DAGs
[2022-02-09 14:00:47,821] {logging_mixin.py:109} INFO - [2022-02-09 14:00:47,820] {dag.py:2935} INFO - Setting next_dagrun for example_trigger_target_dag to None
[2022-02-09 14:00:47,838] {processor.py:171} INFO - Processing /opt/anaconda3/envs/af/lib/python3.7/site-packages/airflow/example_dags/example_trigger_target_dag.py took 0.146 seconds
[2022-02-09 14:01:27,557] {processor.py:163} INFO - Started process (PID=11039) to work on /opt/anaconda3/envs/af/lib/python3.7/site-packages/airflow/example_dags/example_trigger_target_dag.py
[2022-02-09 14:01:27,560] {processor.py:642} INFO - Processing file /opt/anaconda3/envs/af/lib/python3.7/site-packages/airflow/example_dags/example_trigger_target_dag.py for tasks to queue
[2022-02-09 14:01:27,563] {logging_mixin.py:109} INFO - [2022-02-09 14:01:27,562] {dagbag.py:500} INFO - Filling up the DagBag from /opt/anaconda3/envs/af/lib/python3.7/site-packages/airflow/example_dags/example_trigger_target_dag.py
[2022-02-09 14:01:27,605] {processor.py:654} INFO - DAG(s) dict_keys(['example_trigger_target_dag']) retrieved from /opt/anaconda3/envs/af/lib/python3.7/site-packages/airflow/example_dags/example_trigger_target_dag.py
[2022-02-09 14:01:27,623] {logging_mixin.py:109} INFO - [2022-02-09 14:01:27,623] {dag.py:2396} INFO - Sync 1 DAGs
[2022-02-09 14:01:27,645] {logging_mixin.py:109} INFO - [2022-02-09 14:01:27,644] {dag.py:2935} INFO - Setting next_dagrun for example_trigger_target_dag to None
[2022-02-09 14:01:27,660] {processor.py:171} INFO - Processing /opt/anaconda3/envs/af/lib/python3.7/site-packages/airflow/example_dags/example_trigger_target_dag.py took 0.107 seconds
[2022-02-09 14:02:06,877] {processor.py:163} INFO - Started process (PID=11085) to work on /opt/anaconda3/envs/af/lib/python3.7/site-packages/airflow/example_dags/example_trigger_target_dag.py
[2022-02-09 14:02:06,880] {processor.py:642} INFO - Processing file /opt/anaconda3/envs/af/lib/python3.7/site-packages/airflow/example_dags/example_trigger_target_dag.py for tasks to queue
[2022-02-09 14:02:06,882] {logging_mixin.py:109} INFO - [2022-02-09 14:02:06,882] {dagbag.py:500} INFO - Filling up the DagBag from /opt/anaconda3/envs/af/lib/python3.7/site-packages/airflow/example_dags/example_trigger_target_dag.py
[2022-02-09 14:02:06,916] {processor.py:654} INFO - DAG(s) dict_keys(['example_trigger_target_dag']) retrieved from /opt/anaconda3/envs/af/lib/python3.7/site-packages/airflow/example_dags/example_trigger_target_dag.py
[2022-02-09 14:02:06,927] {logging_mixin.py:109} INFO - [2022-02-09 14:02:06,927] {dag.py:2396} INFO - Sync 1 DAGs
[2022-02-09 14:02:06,942] {logging_mixin.py:109} INFO - [2022-02-09 14:02:06,942] {dag.py:2935} INFO - Setting next_dagrun for example_trigger_target_dag to None
[2022-02-09 14:02:06,953] {processor.py:171} INFO - Processing /opt/anaconda3/envs/af/lib/python3.7/site-packages/airflow/example_dags/example_trigger_target_dag.py took 0.079 seconds
[2022-02-09 14:03:39,904] {processor.py:163} INFO - Started process (PID=11204) to work on /opt/anaconda3/envs/af/lib/python3.7/site-packages/airflow/example_dags/example_trigger_target_dag.py
[2022-02-09 14:03:39,907] {processor.py:642} INFO - Processing file /opt/anaconda3/envs/af/lib/python3.7/site-packages/airflow/example_dags/example_trigger_target_dag.py for tasks to queue
[2022-02-09 14:03:39,908] {logging_mixin.py:109} INFO - [2022-02-09 14:03:39,908] {dagbag.py:500} INFO - Filling up the DagBag from /opt/anaconda3/envs/af/lib/python3.7/site-packages/airflow/example_dags/example_trigger_target_dag.py
[2022-02-09 14:03:39,942] {processor.py:654} INFO - DAG(s) dict_keys(['example_trigger_target_dag']) retrieved from /opt/anaconda3/envs/af/lib/python3.7/site-packages/airflow/example_dags/example_trigger_target_dag.py
[2022-02-09 14:03:39,958] {logging_mixin.py:109} INFO - [2022-02-09 14:03:39,958] {dag.py:2396} INFO - Sync 1 DAGs
[2022-02-09 14:03:39,978] {logging_mixin.py:109} INFO - [2022-02-09 14:03:39,978] {dag.py:2935} INFO - Setting next_dagrun for example_trigger_target_dag to None
[2022-02-09 14:03:40,000] {processor.py:171} INFO - Processing /opt/anaconda3/envs/af/lib/python3.7/site-packages/airflow/example_dags/example_trigger_target_dag.py took 0.100 seconds
[2022-02-09 14:04:19,095] {processor.py:163} INFO - Started process (PID=11258) to work on /opt/anaconda3/envs/af/lib/python3.7/site-packages/airflow/example_dags/example_trigger_target_dag.py
[2022-02-09 14:04:19,097] {processor.py:642} INFO - Processing file /opt/anaconda3/envs/af/lib/python3.7/site-packages/airflow/example_dags/example_trigger_target_dag.py for tasks to queue
[2022-02-09 14:04:19,100] {logging_mixin.py:109} INFO - [2022-02-09 14:04:19,099] {dagbag.py:500} INFO - Filling up the DagBag from /opt/anaconda3/envs/af/lib/python3.7/site-packages/airflow/example_dags/example_trigger_target_dag.py
[2022-02-09 14:04:19,146] {processor.py:654} INFO - DAG(s) dict_keys(['example_trigger_target_dag']) retrieved from /opt/anaconda3/envs/af/lib/python3.7/site-packages/airflow/example_dags/example_trigger_target_dag.py
[2022-02-09 14:04:19,161] {logging_mixin.py:109} INFO - [2022-02-09 14:04:19,161] {dag.py:2396} INFO - Sync 1 DAGs
[2022-02-09 14:04:19,180] {logging_mixin.py:109} INFO - [2022-02-09 14:04:19,180] {dag.py:2935} INFO - Setting next_dagrun for example_trigger_target_dag to None
[2022-02-09 14:04:19,191] {processor.py:171} INFO - Processing /opt/anaconda3/envs/af/lib/python3.7/site-packages/airflow/example_dags/example_trigger_target_dag.py took 0.105 seconds
[2022-02-09 14:04:58,268] {processor.py:163} INFO - Started process (PID=11314) to work on /opt/anaconda3/envs/af/lib/python3.7/site-packages/airflow/example_dags/example_trigger_target_dag.py
[2022-02-09 14:04:58,272] {processor.py:642} INFO - Processing file /opt/anaconda3/envs/af/lib/python3.7/site-packages/airflow/example_dags/example_trigger_target_dag.py for tasks to queue
[2022-02-09 14:04:58,275] {logging_mixin.py:109} INFO - [2022-02-09 14:04:58,274] {dagbag.py:500} INFO - Filling up the DagBag from /opt/anaconda3/envs/af/lib/python3.7/site-packages/airflow/example_dags/example_trigger_target_dag.py
[2022-02-09 14:04:58,318] {processor.py:654} INFO - DAG(s) dict_keys(['example_trigger_target_dag']) retrieved from /opt/anaconda3/envs/af/lib/python3.7/site-packages/airflow/example_dags/example_trigger_target_dag.py
[2022-02-09 14:04:58,332] {logging_mixin.py:109} INFO - [2022-02-09 14:04:58,332] {dag.py:2396} INFO - Sync 1 DAGs
[2022-02-09 14:04:58,358] {logging_mixin.py:109} INFO - [2022-02-09 14:04:58,358] {dag.py:2935} INFO - Setting next_dagrun for example_trigger_target_dag to None
[2022-02-09 14:04:58,387] {processor.py:171} INFO - Processing /opt/anaconda3/envs/af/lib/python3.7/site-packages/airflow/example_dags/example_trigger_target_dag.py took 0.126 seconds
[2022-02-09 14:05:41,443] {processor.py:163} INFO - Started process (PID=11360) to work on /opt/anaconda3/envs/af/lib/python3.7/site-packages/airflow/example_dags/example_trigger_target_dag.py
[2022-02-09 14:05:41,446] {processor.py:642} INFO - Processing file /opt/anaconda3/envs/af/lib/python3.7/site-packages/airflow/example_dags/example_trigger_target_dag.py for tasks to queue
[2022-02-09 14:05:41,448] {logging_mixin.py:109} INFO - [2022-02-09 14:05:41,447] {dagbag.py:500} INFO - Filling up the DagBag from /opt/anaconda3/envs/af/lib/python3.7/site-packages/airflow/example_dags/example_trigger_target_dag.py
[2022-02-09 14:05:41,495] {processor.py:654} INFO - DAG(s) dict_keys(['example_trigger_target_dag']) retrieved from /opt/anaconda3/envs/af/lib/python3.7/site-packages/airflow/example_dags/example_trigger_target_dag.py
[2022-02-09 14:05:41,514] {logging_mixin.py:109} INFO - [2022-02-09 14:05:41,514] {dag.py:2396} INFO - Sync 1 DAGs
[2022-02-09 14:05:41,534] {logging_mixin.py:109} INFO - [2022-02-09 14:05:41,533] {dag.py:2935} INFO - Setting next_dagrun for example_trigger_target_dag to None
[2022-02-09 14:05:41,546] {processor.py:171} INFO - Processing /opt/anaconda3/envs/af/lib/python3.7/site-packages/airflow/example_dags/example_trigger_target_dag.py took 0.108 seconds
[2022-02-09 14:06:16,102] {processor.py:163} INFO - Started process (PID=11399) to work on /opt/anaconda3/envs/af/lib/python3.7/site-packages/airflow/example_dags/example_trigger_target_dag.py
[2022-02-09 14:06:16,106] {processor.py:642} INFO - Processing file /opt/anaconda3/envs/af/lib/python3.7/site-packages/airflow/example_dags/example_trigger_target_dag.py for tasks to queue
[2022-02-09 14:06:16,108] {logging_mixin.py:109} INFO - [2022-02-09 14:06:16,107] {dagbag.py:500} INFO - Filling up the DagBag from /opt/anaconda3/envs/af/lib/python3.7/site-packages/airflow/example_dags/example_trigger_target_dag.py
[2022-02-09 14:06:16,175] {processor.py:654} INFO - DAG(s) dict_keys(['example_trigger_target_dag']) retrieved from /opt/anaconda3/envs/af/lib/python3.7/site-packages/airflow/example_dags/example_trigger_target_dag.py
[2022-02-09 14:06:16,213] {logging_mixin.py:109} INFO - [2022-02-09 14:06:16,213] {dag.py:2396} INFO - Sync 1 DAGs
[2022-02-09 14:06:16,248] {logging_mixin.py:109} INFO - [2022-02-09 14:06:16,248] {dag.py:2935} INFO - Setting next_dagrun for example_trigger_target_dag to None
[2022-02-09 14:06:16,281] {processor.py:171} INFO - Processing /opt/anaconda3/envs/af/lib/python3.7/site-packages/airflow/example_dags/example_trigger_target_dag.py took 0.184 seconds
[2022-02-09 14:07:01,979] {processor.py:163} INFO - Started process (PID=11450) to work on /opt/anaconda3/envs/af/lib/python3.7/site-packages/airflow/example_dags/example_trigger_target_dag.py
[2022-02-09 14:07:01,982] {processor.py:642} INFO - Processing file /opt/anaconda3/envs/af/lib/python3.7/site-packages/airflow/example_dags/example_trigger_target_dag.py for tasks to queue
[2022-02-09 14:07:01,984] {logging_mixin.py:109} INFO - [2022-02-09 14:07:01,984] {dagbag.py:500} INFO - Filling up the DagBag from /opt/anaconda3/envs/af/lib/python3.7/site-packages/airflow/example_dags/example_trigger_target_dag.py
[2022-02-09 14:07:02,022] {processor.py:654} INFO - DAG(s) dict_keys(['example_trigger_target_dag']) retrieved from /opt/anaconda3/envs/af/lib/python3.7/site-packages/airflow/example_dags/example_trigger_target_dag.py
[2022-02-09 14:07:02,035] {logging_mixin.py:109} INFO - [2022-02-09 14:07:02,035] {dag.py:2396} INFO - Sync 1 DAGs
[2022-02-09 14:07:02,056] {logging_mixin.py:109} INFO - [2022-02-09 14:07:02,055] {dag.py:2935} INFO - Setting next_dagrun for example_trigger_target_dag to None
[2022-02-09 14:07:02,074] {processor.py:171} INFO - Processing /opt/anaconda3/envs/af/lib/python3.7/site-packages/airflow/example_dags/example_trigger_target_dag.py took 0.101 seconds
[2022-02-09 14:07:41,391] {processor.py:163} INFO - Started process (PID=11498) to work on /opt/anaconda3/envs/af/lib/python3.7/site-packages/airflow/example_dags/example_trigger_target_dag.py
[2022-02-09 14:07:41,394] {processor.py:642} INFO - Processing file /opt/anaconda3/envs/af/lib/python3.7/site-packages/airflow/example_dags/example_trigger_target_dag.py for tasks to queue
[2022-02-09 14:07:41,395] {logging_mixin.py:109} INFO - [2022-02-09 14:07:41,395] {dagbag.py:500} INFO - Filling up the DagBag from /opt/anaconda3/envs/af/lib/python3.7/site-packages/airflow/example_dags/example_trigger_target_dag.py
[2022-02-09 14:07:41,444] {processor.py:654} INFO - DAG(s) dict_keys(['example_trigger_target_dag']) retrieved from /opt/anaconda3/envs/af/lib/python3.7/site-packages/airflow/example_dags/example_trigger_target_dag.py
[2022-02-09 14:07:41,460] {logging_mixin.py:109} INFO - [2022-02-09 14:07:41,460] {dag.py:2396} INFO - Sync 1 DAGs
[2022-02-09 14:07:41,477] {logging_mixin.py:109} INFO - [2022-02-09 14:07:41,477] {dag.py:2935} INFO - Setting next_dagrun for example_trigger_target_dag to None
[2022-02-09 14:07:41,491] {processor.py:171} INFO - Processing /opt/anaconda3/envs/af/lib/python3.7/site-packages/airflow/example_dags/example_trigger_target_dag.py took 0.104 seconds
[2022-02-09 14:08:19,682] {processor.py:163} INFO - Started process (PID=11545) to work on /opt/anaconda3/envs/af/lib/python3.7/site-packages/airflow/example_dags/example_trigger_target_dag.py
[2022-02-09 14:08:19,686] {processor.py:642} INFO - Processing file /opt/anaconda3/envs/af/lib/python3.7/site-packages/airflow/example_dags/example_trigger_target_dag.py for tasks to queue
[2022-02-09 14:08:19,688] {logging_mixin.py:109} INFO - [2022-02-09 14:08:19,688] {dagbag.py:500} INFO - Filling up the DagBag from /opt/anaconda3/envs/af/lib/python3.7/site-packages/airflow/example_dags/example_trigger_target_dag.py
[2022-02-09 14:08:19,746] {processor.py:654} INFO - DAG(s) dict_keys(['example_trigger_target_dag']) retrieved from /opt/anaconda3/envs/af/lib/python3.7/site-packages/airflow/example_dags/example_trigger_target_dag.py
[2022-02-09 14:08:19,771] {logging_mixin.py:109} INFO - [2022-02-09 14:08:19,770] {dag.py:2396} INFO - Sync 1 DAGs
[2022-02-09 14:08:19,814] {logging_mixin.py:109} INFO - [2022-02-09 14:08:19,813] {dag.py:2935} INFO - Setting next_dagrun for example_trigger_target_dag to None
[2022-02-09 14:08:19,854] {processor.py:171} INFO - Processing /opt/anaconda3/envs/af/lib/python3.7/site-packages/airflow/example_dags/example_trigger_target_dag.py took 0.180 seconds
[2022-02-09 15:25:50,628] {processor.py:163} INFO - Started process (PID=13820) to work on /opt/anaconda3/envs/af/lib/python3.7/site-packages/airflow/example_dags/example_trigger_target_dag.py
[2022-02-09 15:25:50,631] {processor.py:642} INFO - Processing file /opt/anaconda3/envs/af/lib/python3.7/site-packages/airflow/example_dags/example_trigger_target_dag.py for tasks to queue
[2022-02-09 15:25:50,635] {logging_mixin.py:109} INFO - [2022-02-09 15:25:50,632] {dagbag.py:500} INFO - Filling up the DagBag from /opt/anaconda3/envs/af/lib/python3.7/site-packages/airflow/example_dags/example_trigger_target_dag.py
[2022-02-09 15:25:50,724] {processor.py:654} INFO - DAG(s) dict_keys(['example_trigger_target_dag']) retrieved from /opt/anaconda3/envs/af/lib/python3.7/site-packages/airflow/example_dags/example_trigger_target_dag.py
[2022-02-09 15:25:50,758] {logging_mixin.py:109} INFO - [2022-02-09 15:25:50,758] {dag.py:2396} INFO - Sync 1 DAGs
[2022-02-09 15:25:50,834] {logging_mixin.py:109} INFO - [2022-02-09 15:25:50,831] {dag.py:2935} INFO - Setting next_dagrun for example_trigger_target_dag to None
[2022-02-09 15:25:50,882] {processor.py:171} INFO - Processing /opt/anaconda3/envs/af/lib/python3.7/site-packages/airflow/example_dags/example_trigger_target_dag.py took 0.264 seconds
[2022-02-09 15:27:37,700] {processor.py:163} INFO - Started process (PID=13942) to work on /opt/anaconda3/envs/af/lib/python3.7/site-packages/airflow/example_dags/example_trigger_target_dag.py
[2022-02-09 15:27:37,705] {processor.py:642} INFO - Processing file /opt/anaconda3/envs/af/lib/python3.7/site-packages/airflow/example_dags/example_trigger_target_dag.py for tasks to queue
[2022-02-09 15:27:37,709] {logging_mixin.py:109} INFO - [2022-02-09 15:27:37,708] {dagbag.py:500} INFO - Filling up the DagBag from /opt/anaconda3/envs/af/lib/python3.7/site-packages/airflow/example_dags/example_trigger_target_dag.py
[2022-02-09 15:27:37,784] {processor.py:654} INFO - DAG(s) dict_keys(['example_trigger_target_dag']) retrieved from /opt/anaconda3/envs/af/lib/python3.7/site-packages/airflow/example_dags/example_trigger_target_dag.py
[2022-02-09 15:27:37,809] {logging_mixin.py:109} INFO - [2022-02-09 15:27:37,808] {dag.py:2396} INFO - Sync 1 DAGs
[2022-02-09 15:27:37,846] {logging_mixin.py:109} INFO - [2022-02-09 15:27:37,845] {dag.py:2935} INFO - Setting next_dagrun for example_trigger_target_dag to None
[2022-02-09 15:27:37,866] {processor.py:171} INFO - Processing /opt/anaconda3/envs/af/lib/python3.7/site-packages/airflow/example_dags/example_trigger_target_dag.py took 0.176 seconds
[2022-02-09 15:28:45,896] {processor.py:163} INFO - Started process (PID=14052) to work on /opt/anaconda3/envs/af/lib/python3.7/site-packages/airflow/example_dags/example_trigger_target_dag.py
[2022-02-09 15:28:45,900] {processor.py:642} INFO - Processing file /opt/anaconda3/envs/af/lib/python3.7/site-packages/airflow/example_dags/example_trigger_target_dag.py for tasks to queue
[2022-02-09 15:28:45,901] {logging_mixin.py:109} INFO - [2022-02-09 15:28:45,901] {dagbag.py:500} INFO - Filling up the DagBag from /opt/anaconda3/envs/af/lib/python3.7/site-packages/airflow/example_dags/example_trigger_target_dag.py
[2022-02-09 15:28:45,939] {processor.py:654} INFO - DAG(s) dict_keys(['example_trigger_target_dag']) retrieved from /opt/anaconda3/envs/af/lib/python3.7/site-packages/airflow/example_dags/example_trigger_target_dag.py
[2022-02-09 15:28:45,955] {logging_mixin.py:109} INFO - [2022-02-09 15:28:45,954] {dag.py:2396} INFO - Sync 1 DAGs
[2022-02-09 15:28:45,973] {logging_mixin.py:109} INFO - [2022-02-09 15:28:45,973] {dag.py:2935} INFO - Setting next_dagrun for example_trigger_target_dag to None
[2022-02-09 15:28:45,987] {processor.py:171} INFO - Processing /opt/anaconda3/envs/af/lib/python3.7/site-packages/airflow/example_dags/example_trigger_target_dag.py took 0.098 seconds
[2022-02-09 15:30:47,301] {processor.py:163} INFO - Started process (PID=14194) to work on /opt/anaconda3/envs/af/lib/python3.7/site-packages/airflow/example_dags/example_trigger_target_dag.py
[2022-02-09 15:30:47,307] {processor.py:642} INFO - Processing file /opt/anaconda3/envs/af/lib/python3.7/site-packages/airflow/example_dags/example_trigger_target_dag.py for tasks to queue
[2022-02-09 15:30:47,310] {logging_mixin.py:109} INFO - [2022-02-09 15:30:47,310] {dagbag.py:500} INFO - Filling up the DagBag from /opt/anaconda3/envs/af/lib/python3.7/site-packages/airflow/example_dags/example_trigger_target_dag.py
[2022-02-09 15:30:47,382] {processor.py:654} INFO - DAG(s) dict_keys(['example_trigger_target_dag']) retrieved from /opt/anaconda3/envs/af/lib/python3.7/site-packages/airflow/example_dags/example_trigger_target_dag.py
[2022-02-09 15:30:47,414] {logging_mixin.py:109} INFO - [2022-02-09 15:30:47,413] {dag.py:2396} INFO - Sync 1 DAGs
[2022-02-09 15:30:47,452] {logging_mixin.py:109} INFO - [2022-02-09 15:30:47,451] {dag.py:2935} INFO - Setting next_dagrun for example_trigger_target_dag to None
[2022-02-09 15:30:47,467] {processor.py:171} INFO - Processing /opt/anaconda3/envs/af/lib/python3.7/site-packages/airflow/example_dags/example_trigger_target_dag.py took 0.174 seconds
