[2022-02-09 14:00:16,267] {processor.py:163} INFO - Started process (PID=10930) to work on /opt/anaconda3/envs/af/lib/python3.7/site-packages/airflow/example_dags/example_python_operator.py
[2022-02-09 14:00:16,270] {processor.py:642} INFO - Processing file /opt/anaconda3/envs/af/lib/python3.7/site-packages/airflow/example_dags/example_python_operator.py for tasks to queue
[2022-02-09 14:00:16,271] {logging_mixin.py:109} INFO - [2022-02-09 14:00:16,271] {dagbag.py:500} INFO - Filling up the DagBag from /opt/anaconda3/envs/af/lib/python3.7/site-packages/airflow/example_dags/example_python_operator.py
[2022-02-09 14:00:16,315] {processor.py:654} INFO - DAG(s) dict_keys(['example_python_operator']) retrieved from /opt/anaconda3/envs/af/lib/python3.7/site-packages/airflow/example_dags/example_python_operator.py
[2022-02-09 14:00:16,333] {logging_mixin.py:109} INFO - [2022-02-09 14:00:16,332] {dag.py:2396} INFO - Sync 1 DAGs
[2022-02-09 14:00:16,352] {logging_mixin.py:109} INFO - [2022-02-09 14:00:16,351] {dag.py:2935} INFO - Setting next_dagrun for example_python_operator to None
[2022-02-09 14:00:16,365] {processor.py:171} INFO - Processing /opt/anaconda3/envs/af/lib/python3.7/site-packages/airflow/example_dags/example_python_operator.py took 0.102 seconds
[2022-02-09 14:00:57,807] {processor.py:163} INFO - Started process (PID=10989) to work on /opt/anaconda3/envs/af/lib/python3.7/site-packages/airflow/example_dags/example_python_operator.py
[2022-02-09 14:00:57,809] {processor.py:642} INFO - Processing file /opt/anaconda3/envs/af/lib/python3.7/site-packages/airflow/example_dags/example_python_operator.py for tasks to queue
[2022-02-09 14:00:57,810] {logging_mixin.py:109} INFO - [2022-02-09 14:00:57,810] {dagbag.py:500} INFO - Filling up the DagBag from /opt/anaconda3/envs/af/lib/python3.7/site-packages/airflow/example_dags/example_python_operator.py
[2022-02-09 14:00:57,850] {processor.py:654} INFO - DAG(s) dict_keys(['example_python_operator']) retrieved from /opt/anaconda3/envs/af/lib/python3.7/site-packages/airflow/example_dags/example_python_operator.py
[2022-02-09 14:00:57,866] {logging_mixin.py:109} INFO - [2022-02-09 14:00:57,865] {dag.py:2396} INFO - Sync 1 DAGs
[2022-02-09 14:00:57,884] {logging_mixin.py:109} INFO - [2022-02-09 14:00:57,883] {dag.py:2935} INFO - Setting next_dagrun for example_python_operator to None
[2022-02-09 14:00:57,895] {processor.py:171} INFO - Processing /opt/anaconda3/envs/af/lib/python3.7/site-packages/airflow/example_dags/example_python_operator.py took 0.092 seconds
[2022-02-09 14:01:39,082] {processor.py:163} INFO - Started process (PID=11052) to work on /opt/anaconda3/envs/af/lib/python3.7/site-packages/airflow/example_dags/example_python_operator.py
[2022-02-09 14:01:39,086] {processor.py:642} INFO - Processing file /opt/anaconda3/envs/af/lib/python3.7/site-packages/airflow/example_dags/example_python_operator.py for tasks to queue
[2022-02-09 14:01:39,088] {logging_mixin.py:109} INFO - [2022-02-09 14:01:39,087] {dagbag.py:500} INFO - Filling up the DagBag from /opt/anaconda3/envs/af/lib/python3.7/site-packages/airflow/example_dags/example_python_operator.py
[2022-02-09 14:01:39,145] {processor.py:654} INFO - DAG(s) dict_keys(['example_python_operator']) retrieved from /opt/anaconda3/envs/af/lib/python3.7/site-packages/airflow/example_dags/example_python_operator.py
[2022-02-09 14:01:39,176] {logging_mixin.py:109} INFO - [2022-02-09 14:01:39,175] {dag.py:2396} INFO - Sync 1 DAGs
[2022-02-09 14:01:39,198] {logging_mixin.py:109} INFO - [2022-02-09 14:01:39,198] {dag.py:2935} INFO - Setting next_dagrun for example_python_operator to None
[2022-02-09 14:01:39,215] {processor.py:171} INFO - Processing /opt/anaconda3/envs/af/lib/python3.7/site-packages/airflow/example_dags/example_python_operator.py took 0.143 seconds
[2022-02-09 14:02:16,074] {processor.py:163} INFO - Started process (PID=11100) to work on /opt/anaconda3/envs/af/lib/python3.7/site-packages/airflow/example_dags/example_python_operator.py
[2022-02-09 14:02:16,078] {processor.py:642} INFO - Processing file /opt/anaconda3/envs/af/lib/python3.7/site-packages/airflow/example_dags/example_python_operator.py for tasks to queue
[2022-02-09 14:02:16,081] {logging_mixin.py:109} INFO - [2022-02-09 14:02:16,081] {dagbag.py:500} INFO - Filling up the DagBag from /opt/anaconda3/envs/af/lib/python3.7/site-packages/airflow/example_dags/example_python_operator.py
[2022-02-09 14:02:16,154] {processor.py:654} INFO - DAG(s) dict_keys(['example_python_operator']) retrieved from /opt/anaconda3/envs/af/lib/python3.7/site-packages/airflow/example_dags/example_python_operator.py
[2022-02-09 14:02:16,175] {logging_mixin.py:109} INFO - [2022-02-09 14:02:16,174] {dag.py:2396} INFO - Sync 1 DAGs
[2022-02-09 14:02:16,193] {logging_mixin.py:109} INFO - [2022-02-09 14:02:16,193] {dag.py:2935} INFO - Setting next_dagrun for example_python_operator to None
[2022-02-09 14:02:16,206] {processor.py:171} INFO - Processing /opt/anaconda3/envs/af/lib/python3.7/site-packages/airflow/example_dags/example_python_operator.py took 0.137 seconds
[2022-02-09 14:03:51,643] {processor.py:163} INFO - Started process (PID=11220) to work on /opt/anaconda3/envs/af/lib/python3.7/site-packages/airflow/example_dags/example_python_operator.py
[2022-02-09 14:03:51,648] {processor.py:642} INFO - Processing file /opt/anaconda3/envs/af/lib/python3.7/site-packages/airflow/example_dags/example_python_operator.py for tasks to queue
[2022-02-09 14:03:51,652] {logging_mixin.py:109} INFO - [2022-02-09 14:03:51,652] {dagbag.py:500} INFO - Filling up the DagBag from /opt/anaconda3/envs/af/lib/python3.7/site-packages/airflow/example_dags/example_python_operator.py
[2022-02-09 14:03:51,691] {processor.py:654} INFO - DAG(s) dict_keys(['example_python_operator']) retrieved from /opt/anaconda3/envs/af/lib/python3.7/site-packages/airflow/example_dags/example_python_operator.py
[2022-02-09 14:03:51,704] {logging_mixin.py:109} INFO - [2022-02-09 14:03:51,704] {dag.py:2396} INFO - Sync 1 DAGs
[2022-02-09 14:03:51,720] {logging_mixin.py:109} INFO - [2022-02-09 14:03:51,719] {dag.py:2935} INFO - Setting next_dagrun for example_python_operator to None
[2022-02-09 14:03:51,731] {processor.py:171} INFO - Processing /opt/anaconda3/envs/af/lib/python3.7/site-packages/airflow/example_dags/example_python_operator.py took 0.092 seconds
[2022-02-09 14:04:30,783] {processor.py:163} INFO - Started process (PID=11275) to work on /opt/anaconda3/envs/af/lib/python3.7/site-packages/airflow/example_dags/example_python_operator.py
[2022-02-09 14:04:30,786] {processor.py:642} INFO - Processing file /opt/anaconda3/envs/af/lib/python3.7/site-packages/airflow/example_dags/example_python_operator.py for tasks to queue
[2022-02-09 14:04:30,788] {logging_mixin.py:109} INFO - [2022-02-09 14:04:30,787] {dagbag.py:500} INFO - Filling up the DagBag from /opt/anaconda3/envs/af/lib/python3.7/site-packages/airflow/example_dags/example_python_operator.py
[2022-02-09 14:04:30,841] {processor.py:654} INFO - DAG(s) dict_keys(['example_python_operator']) retrieved from /opt/anaconda3/envs/af/lib/python3.7/site-packages/airflow/example_dags/example_python_operator.py
[2022-02-09 14:04:30,886] {logging_mixin.py:109} INFO - [2022-02-09 14:04:30,883] {dag.py:2396} INFO - Sync 1 DAGs
[2022-02-09 14:04:30,911] {logging_mixin.py:109} INFO - [2022-02-09 14:04:30,911] {dag.py:2935} INFO - Setting next_dagrun for example_python_operator to None
[2022-02-09 14:04:30,928] {processor.py:171} INFO - Processing /opt/anaconda3/envs/af/lib/python3.7/site-packages/airflow/example_dags/example_python_operator.py took 0.151 seconds
[2022-02-09 14:05:11,303] {processor.py:163} INFO - Started process (PID=11327) to work on /opt/anaconda3/envs/af/lib/python3.7/site-packages/airflow/example_dags/example_python_operator.py
[2022-02-09 14:05:11,307] {processor.py:642} INFO - Processing file /opt/anaconda3/envs/af/lib/python3.7/site-packages/airflow/example_dags/example_python_operator.py for tasks to queue
[2022-02-09 14:05:11,308] {logging_mixin.py:109} INFO - [2022-02-09 14:05:11,308] {dagbag.py:500} INFO - Filling up the DagBag from /opt/anaconda3/envs/af/lib/python3.7/site-packages/airflow/example_dags/example_python_operator.py
[2022-02-09 14:05:11,350] {processor.py:654} INFO - DAG(s) dict_keys(['example_python_operator']) retrieved from /opt/anaconda3/envs/af/lib/python3.7/site-packages/airflow/example_dags/example_python_operator.py
[2022-02-09 14:05:11,363] {logging_mixin.py:109} INFO - [2022-02-09 14:05:11,363] {dag.py:2396} INFO - Sync 1 DAGs
[2022-02-09 14:05:11,385] {logging_mixin.py:109} INFO - [2022-02-09 14:05:11,384] {dag.py:2935} INFO - Setting next_dagrun for example_python_operator to None
[2022-02-09 14:05:11,397] {processor.py:171} INFO - Processing /opt/anaconda3/envs/af/lib/python3.7/site-packages/airflow/example_dags/example_python_operator.py took 0.098 seconds
[2022-02-09 14:05:56,708] {processor.py:163} INFO - Started process (PID=11377) to work on /opt/anaconda3/envs/af/lib/python3.7/site-packages/airflow/example_dags/example_python_operator.py
[2022-02-09 14:05:56,711] {processor.py:642} INFO - Processing file /opt/anaconda3/envs/af/lib/python3.7/site-packages/airflow/example_dags/example_python_operator.py for tasks to queue
[2022-02-09 14:05:56,713] {logging_mixin.py:109} INFO - [2022-02-09 14:05:56,713] {dagbag.py:500} INFO - Filling up the DagBag from /opt/anaconda3/envs/af/lib/python3.7/site-packages/airflow/example_dags/example_python_operator.py
[2022-02-09 14:05:56,753] {processor.py:654} INFO - DAG(s) dict_keys(['example_python_operator']) retrieved from /opt/anaconda3/envs/af/lib/python3.7/site-packages/airflow/example_dags/example_python_operator.py
[2022-02-09 14:05:56,767] {logging_mixin.py:109} INFO - [2022-02-09 14:05:56,767] {dag.py:2396} INFO - Sync 1 DAGs
[2022-02-09 14:05:56,785] {logging_mixin.py:109} INFO - [2022-02-09 14:05:56,784] {dag.py:2935} INFO - Setting next_dagrun for example_python_operator to None
[2022-02-09 14:05:56,796] {processor.py:171} INFO - Processing /opt/anaconda3/envs/af/lib/python3.7/site-packages/airflow/example_dags/example_python_operator.py took 0.093 seconds
[2022-02-09 14:06:38,545] {processor.py:163} INFO - Started process (PID=11426) to work on /opt/anaconda3/envs/af/lib/python3.7/site-packages/airflow/example_dags/example_python_operator.py
[2022-02-09 14:06:38,547] {processor.py:642} INFO - Processing file /opt/anaconda3/envs/af/lib/python3.7/site-packages/airflow/example_dags/example_python_operator.py for tasks to queue
[2022-02-09 14:06:38,550] {logging_mixin.py:109} INFO - [2022-02-09 14:06:38,548] {dagbag.py:500} INFO - Filling up the DagBag from /opt/anaconda3/envs/af/lib/python3.7/site-packages/airflow/example_dags/example_python_operator.py
[2022-02-09 14:06:38,605] {processor.py:654} INFO - DAG(s) dict_keys(['example_python_operator']) retrieved from /opt/anaconda3/envs/af/lib/python3.7/site-packages/airflow/example_dags/example_python_operator.py
[2022-02-09 14:06:38,633] {logging_mixin.py:109} INFO - [2022-02-09 14:06:38,633] {dag.py:2396} INFO - Sync 1 DAGs
[2022-02-09 14:06:38,663] {logging_mixin.py:109} INFO - [2022-02-09 14:06:38,663] {dag.py:2935} INFO - Setting next_dagrun for example_python_operator to None
[2022-02-09 14:06:38,679] {processor.py:171} INFO - Processing /opt/anaconda3/envs/af/lib/python3.7/site-packages/airflow/example_dags/example_python_operator.py took 0.141 seconds
[2022-02-09 14:07:26,452] {processor.py:163} INFO - Started process (PID=11479) to work on /opt/anaconda3/envs/af/lib/python3.7/site-packages/airflow/example_dags/example_python_operator.py
[2022-02-09 14:07:26,456] {processor.py:642} INFO - Processing file /opt/anaconda3/envs/af/lib/python3.7/site-packages/airflow/example_dags/example_python_operator.py for tasks to queue
[2022-02-09 14:07:26,457] {logging_mixin.py:109} INFO - [2022-02-09 14:07:26,457] {dagbag.py:500} INFO - Filling up the DagBag from /opt/anaconda3/envs/af/lib/python3.7/site-packages/airflow/example_dags/example_python_operator.py
[2022-02-09 14:07:26,503] {processor.py:654} INFO - DAG(s) dict_keys(['example_python_operator']) retrieved from /opt/anaconda3/envs/af/lib/python3.7/site-packages/airflow/example_dags/example_python_operator.py
[2022-02-09 14:07:26,518] {logging_mixin.py:109} INFO - [2022-02-09 14:07:26,518] {dag.py:2396} INFO - Sync 1 DAGs
[2022-02-09 14:07:26,537] {logging_mixin.py:109} INFO - [2022-02-09 14:07:26,537] {dag.py:2935} INFO - Setting next_dagrun for example_python_operator to None
[2022-02-09 14:07:26,553] {processor.py:171} INFO - Processing /opt/anaconda3/envs/af/lib/python3.7/site-packages/airflow/example_dags/example_python_operator.py took 0.107 seconds
[2022-02-09 14:08:06,193] {processor.py:163} INFO - Started process (PID=11525) to work on /opt/anaconda3/envs/af/lib/python3.7/site-packages/airflow/example_dags/example_python_operator.py
[2022-02-09 14:08:06,196] {processor.py:642} INFO - Processing file /opt/anaconda3/envs/af/lib/python3.7/site-packages/airflow/example_dags/example_python_operator.py for tasks to queue
[2022-02-09 14:08:06,198] {logging_mixin.py:109} INFO - [2022-02-09 14:08:06,197] {dagbag.py:500} INFO - Filling up the DagBag from /opt/anaconda3/envs/af/lib/python3.7/site-packages/airflow/example_dags/example_python_operator.py
[2022-02-09 14:08:06,237] {processor.py:654} INFO - DAG(s) dict_keys(['example_python_operator']) retrieved from /opt/anaconda3/envs/af/lib/python3.7/site-packages/airflow/example_dags/example_python_operator.py
[2022-02-09 14:08:06,250] {logging_mixin.py:109} INFO - [2022-02-09 14:08:06,250] {dag.py:2396} INFO - Sync 1 DAGs
[2022-02-09 14:08:06,269] {logging_mixin.py:109} INFO - [2022-02-09 14:08:06,268] {dag.py:2935} INFO - Setting next_dagrun for example_python_operator to None
[2022-02-09 14:08:06,280] {processor.py:171} INFO - Processing /opt/anaconda3/envs/af/lib/python3.7/site-packages/airflow/example_dags/example_python_operator.py took 0.092 seconds
[2022-02-09 15:27:06,377] {processor.py:163} INFO - Started process (PID=13904) to work on /opt/anaconda3/envs/af/lib/python3.7/site-packages/airflow/example_dags/example_python_operator.py
[2022-02-09 15:27:06,385] {processor.py:642} INFO - Processing file /opt/anaconda3/envs/af/lib/python3.7/site-packages/airflow/example_dags/example_python_operator.py for tasks to queue
[2022-02-09 15:27:06,391] {logging_mixin.py:109} INFO - [2022-02-09 15:27:06,390] {dagbag.py:500} INFO - Filling up the DagBag from /opt/anaconda3/envs/af/lib/python3.7/site-packages/airflow/example_dags/example_python_operator.py
[2022-02-09 15:27:06,457] {processor.py:654} INFO - DAG(s) dict_keys(['example_python_operator']) retrieved from /opt/anaconda3/envs/af/lib/python3.7/site-packages/airflow/example_dags/example_python_operator.py
[2022-02-09 15:27:06,475] {logging_mixin.py:109} INFO - [2022-02-09 15:27:06,474] {dag.py:2396} INFO - Sync 1 DAGs
[2022-02-09 15:27:06,497] {logging_mixin.py:109} INFO - [2022-02-09 15:27:06,497] {dag.py:2935} INFO - Setting next_dagrun for example_python_operator to None
[2022-02-09 15:27:06,510] {processor.py:171} INFO - Processing /opt/anaconda3/envs/af/lib/python3.7/site-packages/airflow/example_dags/example_python_operator.py took 0.164 seconds
[2022-02-09 15:27:49,940] {processor.py:163} INFO - Started process (PID=13959) to work on /opt/anaconda3/envs/af/lib/python3.7/site-packages/airflow/example_dags/example_python_operator.py
[2022-02-09 15:27:49,944] {processor.py:642} INFO - Processing file /opt/anaconda3/envs/af/lib/python3.7/site-packages/airflow/example_dags/example_python_operator.py for tasks to queue
[2022-02-09 15:27:49,946] {logging_mixin.py:109} INFO - [2022-02-09 15:27:49,945] {dagbag.py:500} INFO - Filling up the DagBag from /opt/anaconda3/envs/af/lib/python3.7/site-packages/airflow/example_dags/example_python_operator.py
[2022-02-09 15:27:49,985] {processor.py:654} INFO - DAG(s) dict_keys(['example_python_operator']) retrieved from /opt/anaconda3/envs/af/lib/python3.7/site-packages/airflow/example_dags/example_python_operator.py
[2022-02-09 15:27:50,000] {logging_mixin.py:109} INFO - [2022-02-09 15:27:50,000] {dag.py:2396} INFO - Sync 1 DAGs
[2022-02-09 15:27:50,019] {logging_mixin.py:109} INFO - [2022-02-09 15:27:50,018] {dag.py:2935} INFO - Setting next_dagrun for example_python_operator to None
[2022-02-09 15:27:50,038] {processor.py:171} INFO - Processing /opt/anaconda3/envs/af/lib/python3.7/site-packages/airflow/example_dags/example_python_operator.py took 0.107 seconds
[2022-02-09 15:28:59,862] {processor.py:163} INFO - Started process (PID=14076) to work on /opt/anaconda3/envs/af/lib/python3.7/site-packages/airflow/example_dags/example_python_operator.py
[2022-02-09 15:28:59,866] {processor.py:642} INFO - Processing file /opt/anaconda3/envs/af/lib/python3.7/site-packages/airflow/example_dags/example_python_operator.py for tasks to queue
[2022-02-09 15:28:59,868] {logging_mixin.py:109} INFO - [2022-02-09 15:28:59,867] {dagbag.py:500} INFO - Filling up the DagBag from /opt/anaconda3/envs/af/lib/python3.7/site-packages/airflow/example_dags/example_python_operator.py
[2022-02-09 15:29:00,060] {processor.py:654} INFO - DAG(s) dict_keys(['example_python_operator']) retrieved from /opt/anaconda3/envs/af/lib/python3.7/site-packages/airflow/example_dags/example_python_operator.py
[2022-02-09 15:29:00,089] {logging_mixin.py:109} INFO - [2022-02-09 15:29:00,088] {dag.py:2396} INFO - Sync 1 DAGs
[2022-02-09 15:29:00,116] {logging_mixin.py:109} INFO - [2022-02-09 15:29:00,116] {dag.py:2935} INFO - Setting next_dagrun for example_python_operator to None
[2022-02-09 15:29:00,138] {processor.py:171} INFO - Processing /opt/anaconda3/envs/af/lib/python3.7/site-packages/airflow/example_dags/example_python_operator.py took 0.284 seconds
[2022-02-09 15:30:59,457] {processor.py:163} INFO - Started process (PID=14211) to work on /opt/anaconda3/envs/af/lib/python3.7/site-packages/airflow/example_dags/example_python_operator.py
[2022-02-09 15:30:59,463] {processor.py:642} INFO - Processing file /opt/anaconda3/envs/af/lib/python3.7/site-packages/airflow/example_dags/example_python_operator.py for tasks to queue
[2022-02-09 15:30:59,465] {logging_mixin.py:109} INFO - [2022-02-09 15:30:59,465] {dagbag.py:500} INFO - Filling up the DagBag from /opt/anaconda3/envs/af/lib/python3.7/site-packages/airflow/example_dags/example_python_operator.py
[2022-02-09 15:30:59,523] {processor.py:654} INFO - DAG(s) dict_keys(['example_python_operator']) retrieved from /opt/anaconda3/envs/af/lib/python3.7/site-packages/airflow/example_dags/example_python_operator.py
[2022-02-09 15:30:59,541] {logging_mixin.py:109} INFO - [2022-02-09 15:30:59,541] {dag.py:2396} INFO - Sync 1 DAGs
[2022-02-09 15:30:59,576] {logging_mixin.py:109} INFO - [2022-02-09 15:30:59,575] {dag.py:2935} INFO - Setting next_dagrun for example_python_operator to None
[2022-02-09 15:30:59,595] {processor.py:171} INFO - Processing /opt/anaconda3/envs/af/lib/python3.7/site-packages/airflow/example_dags/example_python_operator.py took 0.146 seconds
