[2022-02-09 14:00:06,048] {processor.py:163} INFO - Started process (PID=10917) to work on /opt/anaconda3/envs/af/lib/python3.7/site-packages/airflow/example_dags/example_trigger_controller_dag.py
[2022-02-09 14:00:06,051] {processor.py:642} INFO - Processing file /opt/anaconda3/envs/af/lib/python3.7/site-packages/airflow/example_dags/example_trigger_controller_dag.py for tasks to queue
[2022-02-09 14:00:06,053] {logging_mixin.py:109} INFO - [2022-02-09 14:00:06,053] {dagbag.py:500} INFO - Filling up the DagBag from /opt/anaconda3/envs/af/lib/python3.7/site-packages/airflow/example_dags/example_trigger_controller_dag.py
[2022-02-09 14:00:06,091] {processor.py:654} INFO - DAG(s) dict_keys(['example_trigger_controller_dag']) retrieved from /opt/anaconda3/envs/af/lib/python3.7/site-packages/airflow/example_dags/example_trigger_controller_dag.py
[2022-02-09 14:00:06,116] {logging_mixin.py:109} INFO - [2022-02-09 14:00:06,115] {dag.py:2396} INFO - Sync 1 DAGs
[2022-02-09 14:00:06,155] {logging_mixin.py:109} INFO - [2022-02-09 14:00:06,154] {dag.py:2935} INFO - Setting next_dagrun for example_trigger_controller_dag to 2021-01-01T00:00:00+00:00
[2022-02-09 14:00:06,168] {processor.py:171} INFO - Processing /opt/anaconda3/envs/af/lib/python3.7/site-packages/airflow/example_dags/example_trigger_controller_dag.py took 0.125 seconds
[2022-02-09 14:00:48,975] {processor.py:163} INFO - Started process (PID=10976) to work on /opt/anaconda3/envs/af/lib/python3.7/site-packages/airflow/example_dags/example_trigger_controller_dag.py
[2022-02-09 14:00:48,978] {processor.py:642} INFO - Processing file /opt/anaconda3/envs/af/lib/python3.7/site-packages/airflow/example_dags/example_trigger_controller_dag.py for tasks to queue
[2022-02-09 14:00:48,980] {logging_mixin.py:109} INFO - [2022-02-09 14:00:48,980] {dagbag.py:500} INFO - Filling up the DagBag from /opt/anaconda3/envs/af/lib/python3.7/site-packages/airflow/example_dags/example_trigger_controller_dag.py
[2022-02-09 14:00:49,011] {processor.py:654} INFO - DAG(s) dict_keys(['example_trigger_controller_dag']) retrieved from /opt/anaconda3/envs/af/lib/python3.7/site-packages/airflow/example_dags/example_trigger_controller_dag.py
[2022-02-09 14:00:49,023] {logging_mixin.py:109} INFO - [2022-02-09 14:00:49,023] {dag.py:2396} INFO - Sync 1 DAGs
[2022-02-09 14:00:49,042] {logging_mixin.py:109} INFO - [2022-02-09 14:00:49,042] {dag.py:2935} INFO - Setting next_dagrun for example_trigger_controller_dag to 2021-01-01T00:00:00+00:00
[2022-02-09 14:00:49,052] {processor.py:171} INFO - Processing /opt/anaconda3/envs/af/lib/python3.7/site-packages/airflow/example_dags/example_trigger_controller_dag.py took 0.081 seconds
[2022-02-09 14:01:28,844] {processor.py:163} INFO - Started process (PID=11040) to work on /opt/anaconda3/envs/af/lib/python3.7/site-packages/airflow/example_dags/example_trigger_controller_dag.py
[2022-02-09 14:01:28,847] {processor.py:642} INFO - Processing file /opt/anaconda3/envs/af/lib/python3.7/site-packages/airflow/example_dags/example_trigger_controller_dag.py for tasks to queue
[2022-02-09 14:01:28,849] {logging_mixin.py:109} INFO - [2022-02-09 14:01:28,848] {dagbag.py:500} INFO - Filling up the DagBag from /opt/anaconda3/envs/af/lib/python3.7/site-packages/airflow/example_dags/example_trigger_controller_dag.py
[2022-02-09 14:01:28,882] {processor.py:654} INFO - DAG(s) dict_keys(['example_trigger_controller_dag']) retrieved from /opt/anaconda3/envs/af/lib/python3.7/site-packages/airflow/example_dags/example_trigger_controller_dag.py
[2022-02-09 14:01:28,895] {logging_mixin.py:109} INFO - [2022-02-09 14:01:28,894] {dag.py:2396} INFO - Sync 1 DAGs
[2022-02-09 14:01:28,912] {logging_mixin.py:109} INFO - [2022-02-09 14:01:28,912] {dag.py:2935} INFO - Setting next_dagrun for example_trigger_controller_dag to 2021-01-01T00:00:00+00:00
[2022-02-09 14:01:28,926] {processor.py:171} INFO - Processing /opt/anaconda3/envs/af/lib/python3.7/site-packages/airflow/example_dags/example_trigger_controller_dag.py took 0.086 seconds
[2022-02-09 14:02:07,168] {processor.py:163} INFO - Started process (PID=11088) to work on /opt/anaconda3/envs/af/lib/python3.7/site-packages/airflow/example_dags/example_trigger_controller_dag.py
[2022-02-09 14:02:07,171] {processor.py:642} INFO - Processing file /opt/anaconda3/envs/af/lib/python3.7/site-packages/airflow/example_dags/example_trigger_controller_dag.py for tasks to queue
[2022-02-09 14:02:07,172] {logging_mixin.py:109} INFO - [2022-02-09 14:02:07,172] {dagbag.py:500} INFO - Filling up the DagBag from /opt/anaconda3/envs/af/lib/python3.7/site-packages/airflow/example_dags/example_trigger_controller_dag.py
[2022-02-09 14:02:07,204] {processor.py:654} INFO - DAG(s) dict_keys(['example_trigger_controller_dag']) retrieved from /opt/anaconda3/envs/af/lib/python3.7/site-packages/airflow/example_dags/example_trigger_controller_dag.py
[2022-02-09 14:02:07,215] {logging_mixin.py:109} INFO - [2022-02-09 14:02:07,214] {dag.py:2396} INFO - Sync 1 DAGs
[2022-02-09 14:02:07,230] {logging_mixin.py:109} INFO - [2022-02-09 14:02:07,229] {dag.py:2935} INFO - Setting next_dagrun for example_trigger_controller_dag to 2021-01-01T00:00:00+00:00
[2022-02-09 14:02:07,241] {processor.py:171} INFO - Processing /opt/anaconda3/envs/af/lib/python3.7/site-packages/airflow/example_dags/example_trigger_controller_dag.py took 0.077 seconds
[2022-02-09 14:03:41,168] {processor.py:163} INFO - Started process (PID=11205) to work on /opt/anaconda3/envs/af/lib/python3.7/site-packages/airflow/example_dags/example_trigger_controller_dag.py
[2022-02-09 14:03:41,172] {processor.py:642} INFO - Processing file /opt/anaconda3/envs/af/lib/python3.7/site-packages/airflow/example_dags/example_trigger_controller_dag.py for tasks to queue
[2022-02-09 14:03:41,174] {logging_mixin.py:109} INFO - [2022-02-09 14:03:41,174] {dagbag.py:500} INFO - Filling up the DagBag from /opt/anaconda3/envs/af/lib/python3.7/site-packages/airflow/example_dags/example_trigger_controller_dag.py
[2022-02-09 14:03:41,206] {processor.py:654} INFO - DAG(s) dict_keys(['example_trigger_controller_dag']) retrieved from /opt/anaconda3/envs/af/lib/python3.7/site-packages/airflow/example_dags/example_trigger_controller_dag.py
[2022-02-09 14:03:41,218] {logging_mixin.py:109} INFO - [2022-02-09 14:03:41,217] {dag.py:2396} INFO - Sync 1 DAGs
[2022-02-09 14:03:41,234] {logging_mixin.py:109} INFO - [2022-02-09 14:03:41,233] {dag.py:2935} INFO - Setting next_dagrun for example_trigger_controller_dag to 2021-01-01T00:00:00+00:00
[2022-02-09 14:03:41,244] {processor.py:171} INFO - Processing /opt/anaconda3/envs/af/lib/python3.7/site-packages/airflow/example_dags/example_trigger_controller_dag.py took 0.080 seconds
[2022-02-09 14:04:20,369] {processor.py:163} INFO - Started process (PID=11259) to work on /opt/anaconda3/envs/af/lib/python3.7/site-packages/airflow/example_dags/example_trigger_controller_dag.py
[2022-02-09 14:04:20,373] {processor.py:642} INFO - Processing file /opt/anaconda3/envs/af/lib/python3.7/site-packages/airflow/example_dags/example_trigger_controller_dag.py for tasks to queue
[2022-02-09 14:04:20,375] {logging_mixin.py:109} INFO - [2022-02-09 14:04:20,375] {dagbag.py:500} INFO - Filling up the DagBag from /opt/anaconda3/envs/af/lib/python3.7/site-packages/airflow/example_dags/example_trigger_controller_dag.py
[2022-02-09 14:04:20,417] {processor.py:654} INFO - DAG(s) dict_keys(['example_trigger_controller_dag']) retrieved from /opt/anaconda3/envs/af/lib/python3.7/site-packages/airflow/example_dags/example_trigger_controller_dag.py
[2022-02-09 14:04:20,589] {logging_mixin.py:109} INFO - [2022-02-09 14:04:20,569] {dag.py:2396} INFO - Sync 1 DAGs
[2022-02-09 14:04:20,632] {logging_mixin.py:109} INFO - [2022-02-09 14:04:20,632] {dag.py:2935} INFO - Setting next_dagrun for example_trigger_controller_dag to 2021-01-01T00:00:00+00:00
[2022-02-09 14:04:20,652] {processor.py:171} INFO - Processing /opt/anaconda3/envs/af/lib/python3.7/site-packages/airflow/example_dags/example_trigger_controller_dag.py took 0.290 seconds
[2022-02-09 14:05:01,257] {processor.py:163} INFO - Started process (PID=11316) to work on /opt/anaconda3/envs/af/lib/python3.7/site-packages/airflow/example_dags/example_trigger_controller_dag.py
[2022-02-09 14:05:01,260] {processor.py:642} INFO - Processing file /opt/anaconda3/envs/af/lib/python3.7/site-packages/airflow/example_dags/example_trigger_controller_dag.py for tasks to queue
[2022-02-09 14:05:01,262] {logging_mixin.py:109} INFO - [2022-02-09 14:05:01,261] {dagbag.py:500} INFO - Filling up the DagBag from /opt/anaconda3/envs/af/lib/python3.7/site-packages/airflow/example_dags/example_trigger_controller_dag.py
[2022-02-09 14:05:01,289] {processor.py:654} INFO - DAG(s) dict_keys(['example_trigger_controller_dag']) retrieved from /opt/anaconda3/envs/af/lib/python3.7/site-packages/airflow/example_dags/example_trigger_controller_dag.py
[2022-02-09 14:05:01,300] {logging_mixin.py:109} INFO - [2022-02-09 14:05:01,300] {dag.py:2396} INFO - Sync 1 DAGs
[2022-02-09 14:05:01,320] {logging_mixin.py:109} INFO - [2022-02-09 14:05:01,319] {dag.py:2935} INFO - Setting next_dagrun for example_trigger_controller_dag to 2021-01-01T00:00:00+00:00
[2022-02-09 14:05:01,331] {processor.py:171} INFO - Processing /opt/anaconda3/envs/af/lib/python3.7/site-packages/airflow/example_dags/example_trigger_controller_dag.py took 0.078 seconds
[2022-02-09 14:05:42,303] {processor.py:163} INFO - Started process (PID=11361) to work on /opt/anaconda3/envs/af/lib/python3.7/site-packages/airflow/example_dags/example_trigger_controller_dag.py
[2022-02-09 14:05:42,307] {processor.py:642} INFO - Processing file /opt/anaconda3/envs/af/lib/python3.7/site-packages/airflow/example_dags/example_trigger_controller_dag.py for tasks to queue
[2022-02-09 14:05:42,309] {logging_mixin.py:109} INFO - [2022-02-09 14:05:42,308] {dagbag.py:500} INFO - Filling up the DagBag from /opt/anaconda3/envs/af/lib/python3.7/site-packages/airflow/example_dags/example_trigger_controller_dag.py
[2022-02-09 14:05:42,358] {processor.py:654} INFO - DAG(s) dict_keys(['example_trigger_controller_dag']) retrieved from /opt/anaconda3/envs/af/lib/python3.7/site-packages/airflow/example_dags/example_trigger_controller_dag.py
[2022-02-09 14:05:42,373] {logging_mixin.py:109} INFO - [2022-02-09 14:05:42,373] {dag.py:2396} INFO - Sync 1 DAGs
[2022-02-09 14:05:42,394] {logging_mixin.py:109} INFO - [2022-02-09 14:05:42,393] {dag.py:2935} INFO - Setting next_dagrun for example_trigger_controller_dag to 2021-01-01T00:00:00+00:00
[2022-02-09 14:05:42,408] {processor.py:171} INFO - Processing /opt/anaconda3/envs/af/lib/python3.7/site-packages/airflow/example_dags/example_trigger_controller_dag.py took 0.115 seconds
[2022-02-09 14:06:25,813] {processor.py:163} INFO - Started process (PID=11410) to work on /opt/anaconda3/envs/af/lib/python3.7/site-packages/airflow/example_dags/example_trigger_controller_dag.py
[2022-02-09 14:06:25,819] {processor.py:642} INFO - Processing file /opt/anaconda3/envs/af/lib/python3.7/site-packages/airflow/example_dags/example_trigger_controller_dag.py for tasks to queue
[2022-02-09 14:06:25,821] {logging_mixin.py:109} INFO - [2022-02-09 14:06:25,820] {dagbag.py:500} INFO - Filling up the DagBag from /opt/anaconda3/envs/af/lib/python3.7/site-packages/airflow/example_dags/example_trigger_controller_dag.py
[2022-02-09 14:06:25,875] {processor.py:654} INFO - DAG(s) dict_keys(['example_trigger_controller_dag']) retrieved from /opt/anaconda3/envs/af/lib/python3.7/site-packages/airflow/example_dags/example_trigger_controller_dag.py
[2022-02-09 14:06:25,897] {logging_mixin.py:109} INFO - [2022-02-09 14:06:25,896] {dag.py:2396} INFO - Sync 1 DAGs
[2022-02-09 14:06:25,928] {logging_mixin.py:109} INFO - [2022-02-09 14:06:25,928] {dag.py:2935} INFO - Setting next_dagrun for example_trigger_controller_dag to 2021-01-01T00:00:00+00:00
[2022-02-09 14:06:25,960] {processor.py:171} INFO - Processing /opt/anaconda3/envs/af/lib/python3.7/site-packages/airflow/example_dags/example_trigger_controller_dag.py took 0.152 seconds
[2022-02-09 14:07:09,369] {processor.py:163} INFO - Started process (PID=11459) to work on /opt/anaconda3/envs/af/lib/python3.7/site-packages/airflow/example_dags/example_trigger_controller_dag.py
[2022-02-09 14:07:09,373] {processor.py:642} INFO - Processing file /opt/anaconda3/envs/af/lib/python3.7/site-packages/airflow/example_dags/example_trigger_controller_dag.py for tasks to queue
[2022-02-09 14:07:09,374] {logging_mixin.py:109} INFO - [2022-02-09 14:07:09,374] {dagbag.py:500} INFO - Filling up the DagBag from /opt/anaconda3/envs/af/lib/python3.7/site-packages/airflow/example_dags/example_trigger_controller_dag.py
[2022-02-09 14:07:09,417] {processor.py:654} INFO - DAG(s) dict_keys(['example_trigger_controller_dag']) retrieved from /opt/anaconda3/envs/af/lib/python3.7/site-packages/airflow/example_dags/example_trigger_controller_dag.py
[2022-02-09 14:07:09,432] {logging_mixin.py:109} INFO - [2022-02-09 14:07:09,431] {dag.py:2396} INFO - Sync 1 DAGs
[2022-02-09 14:07:09,468] {logging_mixin.py:109} INFO - [2022-02-09 14:07:09,466] {dag.py:2935} INFO - Setting next_dagrun for example_trigger_controller_dag to 2021-01-01T00:00:00+00:00
[2022-02-09 14:07:09,487] {processor.py:171} INFO - Processing /opt/anaconda3/envs/af/lib/python3.7/site-packages/airflow/example_dags/example_trigger_controller_dag.py took 0.122 seconds
[2022-02-09 14:07:48,283] {processor.py:163} INFO - Started process (PID=11507) to work on /opt/anaconda3/envs/af/lib/python3.7/site-packages/airflow/example_dags/example_trigger_controller_dag.py
[2022-02-09 14:07:48,286] {processor.py:642} INFO - Processing file /opt/anaconda3/envs/af/lib/python3.7/site-packages/airflow/example_dags/example_trigger_controller_dag.py for tasks to queue
[2022-02-09 14:07:48,288] {logging_mixin.py:109} INFO - [2022-02-09 14:07:48,287] {dagbag.py:500} INFO - Filling up the DagBag from /opt/anaconda3/envs/af/lib/python3.7/site-packages/airflow/example_dags/example_trigger_controller_dag.py
[2022-02-09 14:07:48,322] {processor.py:654} INFO - DAG(s) dict_keys(['example_trigger_controller_dag']) retrieved from /opt/anaconda3/envs/af/lib/python3.7/site-packages/airflow/example_dags/example_trigger_controller_dag.py
[2022-02-09 14:07:48,340] {logging_mixin.py:109} INFO - [2022-02-09 14:07:48,338] {dag.py:2396} INFO - Sync 1 DAGs
[2022-02-09 14:07:48,357] {logging_mixin.py:109} INFO - [2022-02-09 14:07:48,357] {dag.py:2935} INFO - Setting next_dagrun for example_trigger_controller_dag to 2021-01-01T00:00:00+00:00
[2022-02-09 14:07:48,371] {processor.py:171} INFO - Processing /opt/anaconda3/envs/af/lib/python3.7/site-packages/airflow/example_dags/example_trigger_controller_dag.py took 0.099 seconds
[2022-02-09 14:08:25,550] {processor.py:163} INFO - Started process (PID=11549) to work on /opt/anaconda3/envs/af/lib/python3.7/site-packages/airflow/example_dags/example_trigger_controller_dag.py
[2022-02-09 14:08:25,553] {processor.py:642} INFO - Processing file /opt/anaconda3/envs/af/lib/python3.7/site-packages/airflow/example_dags/example_trigger_controller_dag.py for tasks to queue
[2022-02-09 14:08:25,556] {logging_mixin.py:109} INFO - [2022-02-09 14:08:25,555] {dagbag.py:500} INFO - Filling up the DagBag from /opt/anaconda3/envs/af/lib/python3.7/site-packages/airflow/example_dags/example_trigger_controller_dag.py
[2022-02-09 14:08:25,599] {processor.py:654} INFO - DAG(s) dict_keys(['example_trigger_controller_dag']) retrieved from /opt/anaconda3/envs/af/lib/python3.7/site-packages/airflow/example_dags/example_trigger_controller_dag.py
[2022-02-09 14:08:25,624] {logging_mixin.py:109} INFO - [2022-02-09 14:08:25,623] {dag.py:2396} INFO - Sync 1 DAGs
[2022-02-09 14:08:25,681] {logging_mixin.py:109} INFO - [2022-02-09 14:08:25,680] {dag.py:2935} INFO - Setting next_dagrun for example_trigger_controller_dag to 2021-01-01T00:00:00+00:00
[2022-02-09 14:08:25,694] {processor.py:171} INFO - Processing /opt/anaconda3/envs/af/lib/python3.7/site-packages/airflow/example_dags/example_trigger_controller_dag.py took 0.149 seconds
[2022-02-09 15:25:52,119] {processor.py:163} INFO - Started process (PID=13821) to work on /opt/anaconda3/envs/af/lib/python3.7/site-packages/airflow/example_dags/example_trigger_controller_dag.py
[2022-02-09 15:25:52,127] {processor.py:642} INFO - Processing file /opt/anaconda3/envs/af/lib/python3.7/site-packages/airflow/example_dags/example_trigger_controller_dag.py for tasks to queue
[2022-02-09 15:25:52,131] {logging_mixin.py:109} INFO - [2022-02-09 15:25:52,130] {dagbag.py:500} INFO - Filling up the DagBag from /opt/anaconda3/envs/af/lib/python3.7/site-packages/airflow/example_dags/example_trigger_controller_dag.py
[2022-02-09 15:25:52,320] {processor.py:654} INFO - DAG(s) dict_keys(['example_trigger_controller_dag']) retrieved from /opt/anaconda3/envs/af/lib/python3.7/site-packages/airflow/example_dags/example_trigger_controller_dag.py
[2022-02-09 15:25:52,353] {logging_mixin.py:109} INFO - [2022-02-09 15:25:52,352] {dag.py:2396} INFO - Sync 1 DAGs
[2022-02-09 15:25:52,537] {logging_mixin.py:109} INFO - [2022-02-09 15:25:52,537] {dag.py:2935} INFO - Setting next_dagrun for example_trigger_controller_dag to 2021-01-01T00:00:00+00:00
[2022-02-09 15:25:52,572] {processor.py:171} INFO - Processing /opt/anaconda3/envs/af/lib/python3.7/site-packages/airflow/example_dags/example_trigger_controller_dag.py took 0.460 seconds
[2022-02-09 15:27:38,988] {processor.py:163} INFO - Started process (PID=13945) to work on /opt/anaconda3/envs/af/lib/python3.7/site-packages/airflow/example_dags/example_trigger_controller_dag.py
[2022-02-09 15:27:38,992] {processor.py:642} INFO - Processing file /opt/anaconda3/envs/af/lib/python3.7/site-packages/airflow/example_dags/example_trigger_controller_dag.py for tasks to queue
[2022-02-09 15:27:38,994] {logging_mixin.py:109} INFO - [2022-02-09 15:27:38,993] {dagbag.py:500} INFO - Filling up the DagBag from /opt/anaconda3/envs/af/lib/python3.7/site-packages/airflow/example_dags/example_trigger_controller_dag.py
[2022-02-09 15:27:39,037] {processor.py:654} INFO - DAG(s) dict_keys(['example_trigger_controller_dag']) retrieved from /opt/anaconda3/envs/af/lib/python3.7/site-packages/airflow/example_dags/example_trigger_controller_dag.py
[2022-02-09 15:27:39,061] {logging_mixin.py:109} INFO - [2022-02-09 15:27:39,060] {dag.py:2396} INFO - Sync 1 DAGs
[2022-02-09 15:27:39,091] {logging_mixin.py:109} INFO - [2022-02-09 15:27:39,090] {dag.py:2935} INFO - Setting next_dagrun for example_trigger_controller_dag to 2021-01-01T00:00:00+00:00
[2022-02-09 15:27:39,115] {processor.py:171} INFO - Processing /opt/anaconda3/envs/af/lib/python3.7/site-packages/airflow/example_dags/example_trigger_controller_dag.py took 0.133 seconds
[2022-02-09 15:28:47,152] {processor.py:163} INFO - Started process (PID=14054) to work on /opt/anaconda3/envs/af/lib/python3.7/site-packages/airflow/example_dags/example_trigger_controller_dag.py
[2022-02-09 15:28:47,155] {processor.py:642} INFO - Processing file /opt/anaconda3/envs/af/lib/python3.7/site-packages/airflow/example_dags/example_trigger_controller_dag.py for tasks to queue
[2022-02-09 15:28:47,157] {logging_mixin.py:109} INFO - [2022-02-09 15:28:47,156] {dagbag.py:500} INFO - Filling up the DagBag from /opt/anaconda3/envs/af/lib/python3.7/site-packages/airflow/example_dags/example_trigger_controller_dag.py
[2022-02-09 15:28:47,325] {processor.py:654} INFO - DAG(s) dict_keys(['example_trigger_controller_dag']) retrieved from /opt/anaconda3/envs/af/lib/python3.7/site-packages/airflow/example_dags/example_trigger_controller_dag.py
[2022-02-09 15:28:47,362] {logging_mixin.py:109} INFO - [2022-02-09 15:28:47,362] {dag.py:2396} INFO - Sync 1 DAGs
[2022-02-09 15:28:47,420] {logging_mixin.py:109} INFO - [2022-02-09 15:28:47,416] {dag.py:2935} INFO - Setting next_dagrun for example_trigger_controller_dag to 2021-01-01T00:00:00+00:00
[2022-02-09 15:28:47,446] {processor.py:171} INFO - Processing /opt/anaconda3/envs/af/lib/python3.7/site-packages/airflow/example_dags/example_trigger_controller_dag.py took 0.302 seconds
[2022-02-09 15:30:48,563] {processor.py:163} INFO - Started process (PID=14195) to work on /opt/anaconda3/envs/af/lib/python3.7/site-packages/airflow/example_dags/example_trigger_controller_dag.py
[2022-02-09 15:30:48,566] {processor.py:642} INFO - Processing file /opt/anaconda3/envs/af/lib/python3.7/site-packages/airflow/example_dags/example_trigger_controller_dag.py for tasks to queue
[2022-02-09 15:30:48,568] {logging_mixin.py:109} INFO - [2022-02-09 15:30:48,567] {dagbag.py:500} INFO - Filling up the DagBag from /opt/anaconda3/envs/af/lib/python3.7/site-packages/airflow/example_dags/example_trigger_controller_dag.py
[2022-02-09 15:30:48,600] {processor.py:654} INFO - DAG(s) dict_keys(['example_trigger_controller_dag']) retrieved from /opt/anaconda3/envs/af/lib/python3.7/site-packages/airflow/example_dags/example_trigger_controller_dag.py
[2022-02-09 15:30:48,614] {logging_mixin.py:109} INFO - [2022-02-09 15:30:48,613] {dag.py:2396} INFO - Sync 1 DAGs
[2022-02-09 15:30:48,632] {logging_mixin.py:109} INFO - [2022-02-09 15:30:48,631] {dag.py:2935} INFO - Setting next_dagrun for example_trigger_controller_dag to 2021-01-01T00:00:00+00:00
[2022-02-09 15:30:48,643] {processor.py:171} INFO - Processing /opt/anaconda3/envs/af/lib/python3.7/site-packages/airflow/example_dags/example_trigger_controller_dag.py took 0.085 seconds
