[2022-02-09 14:00:25,732] {processor.py:163} INFO - Started process (PID=10945) to work on /opt/anaconda3/envs/af/lib/python3.7/site-packages/airflow/example_dags/example_complex.py
[2022-02-09 14:00:25,734] {processor.py:642} INFO - Processing file /opt/anaconda3/envs/af/lib/python3.7/site-packages/airflow/example_dags/example_complex.py for tasks to queue
[2022-02-09 14:00:25,736] {logging_mixin.py:109} INFO - [2022-02-09 14:00:25,735] {dagbag.py:500} INFO - Filling up the DagBag from /opt/anaconda3/envs/af/lib/python3.7/site-packages/airflow/example_dags/example_complex.py
[2022-02-09 14:00:25,792] {processor.py:654} INFO - DAG(s) dict_keys(['example_complex']) retrieved from /opt/anaconda3/envs/af/lib/python3.7/site-packages/airflow/example_dags/example_complex.py
[2022-02-09 14:00:25,835] {logging_mixin.py:109} INFO - [2022-02-09 14:00:25,834] {dag.py:2396} INFO - Sync 1 DAGs
[2022-02-09 14:00:25,873] {logging_mixin.py:109} INFO - [2022-02-09 14:00:25,873] {dag.py:2935} INFO - Setting next_dagrun for example_complex to None
[2022-02-09 14:00:25,893] {processor.py:171} INFO - Processing /opt/anaconda3/envs/af/lib/python3.7/site-packages/airflow/example_dags/example_complex.py took 0.167 seconds
[2022-02-09 14:01:07,340] {processor.py:163} INFO - Started process (PID=11004) to work on /opt/anaconda3/envs/af/lib/python3.7/site-packages/airflow/example_dags/example_complex.py
[2022-02-09 14:01:07,341] {processor.py:642} INFO - Processing file /opt/anaconda3/envs/af/lib/python3.7/site-packages/airflow/example_dags/example_complex.py for tasks to queue
[2022-02-09 14:01:07,344] {logging_mixin.py:109} INFO - [2022-02-09 14:01:07,343] {dagbag.py:500} INFO - Filling up the DagBag from /opt/anaconda3/envs/af/lib/python3.7/site-packages/airflow/example_dags/example_complex.py
[2022-02-09 14:01:07,391] {processor.py:654} INFO - DAG(s) dict_keys(['example_complex']) retrieved from /opt/anaconda3/envs/af/lib/python3.7/site-packages/airflow/example_dags/example_complex.py
[2022-02-09 14:01:07,412] {logging_mixin.py:109} INFO - [2022-02-09 14:01:07,411] {dag.py:2396} INFO - Sync 1 DAGs
[2022-02-09 14:01:07,428] {logging_mixin.py:109} INFO - [2022-02-09 14:01:07,428] {dag.py:2935} INFO - Setting next_dagrun for example_complex to None
[2022-02-09 14:01:07,442] {processor.py:171} INFO - Processing /opt/anaconda3/envs/af/lib/python3.7/site-packages/airflow/example_dags/example_complex.py took 0.106 seconds
[2022-02-09 14:01:50,983] {processor.py:163} INFO - Started process (PID=11068) to work on /opt/anaconda3/envs/af/lib/python3.7/site-packages/airflow/example_dags/example_complex.py
[2022-02-09 14:01:50,987] {processor.py:642} INFO - Processing file /opt/anaconda3/envs/af/lib/python3.7/site-packages/airflow/example_dags/example_complex.py for tasks to queue
[2022-02-09 14:01:50,990] {logging_mixin.py:109} INFO - [2022-02-09 14:01:50,989] {dagbag.py:500} INFO - Filling up the DagBag from /opt/anaconda3/envs/af/lib/python3.7/site-packages/airflow/example_dags/example_complex.py
[2022-02-09 14:01:51,050] {processor.py:654} INFO - DAG(s) dict_keys(['example_complex']) retrieved from /opt/anaconda3/envs/af/lib/python3.7/site-packages/airflow/example_dags/example_complex.py
[2022-02-09 14:01:51,076] {logging_mixin.py:109} INFO - [2022-02-09 14:01:51,075] {dag.py:2396} INFO - Sync 1 DAGs
[2022-02-09 14:01:51,101] {logging_mixin.py:109} INFO - [2022-02-09 14:01:51,101] {dag.py:2935} INFO - Setting next_dagrun for example_complex to None
[2022-02-09 14:01:51,129] {processor.py:171} INFO - Processing /opt/anaconda3/envs/af/lib/python3.7/site-packages/airflow/example_dags/example_complex.py took 0.153 seconds
[2022-02-09 14:03:54,485] {processor.py:163} INFO - Started process (PID=11225) to work on /opt/anaconda3/envs/af/lib/python3.7/site-packages/airflow/example_dags/example_complex.py
[2022-02-09 14:03:54,487] {processor.py:642} INFO - Processing file /opt/anaconda3/envs/af/lib/python3.7/site-packages/airflow/example_dags/example_complex.py for tasks to queue
[2022-02-09 14:03:54,489] {logging_mixin.py:109} INFO - [2022-02-09 14:03:54,488] {dagbag.py:500} INFO - Filling up the DagBag from /opt/anaconda3/envs/af/lib/python3.7/site-packages/airflow/example_dags/example_complex.py
[2022-02-09 14:03:54,546] {processor.py:654} INFO - DAG(s) dict_keys(['example_complex']) retrieved from /opt/anaconda3/envs/af/lib/python3.7/site-packages/airflow/example_dags/example_complex.py
[2022-02-09 14:03:54,576] {logging_mixin.py:109} INFO - [2022-02-09 14:03:54,575] {dag.py:2396} INFO - Sync 1 DAGs
[2022-02-09 14:03:54,623] {logging_mixin.py:109} INFO - [2022-02-09 14:03:54,623] {dag.py:2935} INFO - Setting next_dagrun for example_complex to None
[2022-02-09 14:03:54,668] {processor.py:171} INFO - Processing /opt/anaconda3/envs/af/lib/python3.7/site-packages/airflow/example_dags/example_complex.py took 0.188 seconds
[2022-02-09 14:04:34,592] {processor.py:163} INFO - Started process (PID=11278) to work on /opt/anaconda3/envs/af/lib/python3.7/site-packages/airflow/example_dags/example_complex.py
[2022-02-09 14:04:34,595] {processor.py:642} INFO - Processing file /opt/anaconda3/envs/af/lib/python3.7/site-packages/airflow/example_dags/example_complex.py for tasks to queue
[2022-02-09 14:04:34,597] {logging_mixin.py:109} INFO - [2022-02-09 14:04:34,596] {dagbag.py:500} INFO - Filling up the DagBag from /opt/anaconda3/envs/af/lib/python3.7/site-packages/airflow/example_dags/example_complex.py
[2022-02-09 14:04:34,657] {processor.py:654} INFO - DAG(s) dict_keys(['example_complex']) retrieved from /opt/anaconda3/envs/af/lib/python3.7/site-packages/airflow/example_dags/example_complex.py
[2022-02-09 14:04:34,683] {logging_mixin.py:109} INFO - [2022-02-09 14:04:34,682] {dag.py:2396} INFO - Sync 1 DAGs
[2022-02-09 14:04:34,705] {logging_mixin.py:109} INFO - [2022-02-09 14:04:34,704] {dag.py:2935} INFO - Setting next_dagrun for example_complex to None
[2022-02-09 14:04:34,720] {processor.py:171} INFO - Processing /opt/anaconda3/envs/af/lib/python3.7/site-packages/airflow/example_dags/example_complex.py took 0.133 seconds
[2022-02-09 14:05:19,375] {processor.py:163} INFO - Started process (PID=11337) to work on /opt/anaconda3/envs/af/lib/python3.7/site-packages/airflow/example_dags/example_complex.py
[2022-02-09 14:05:19,378] {processor.py:642} INFO - Processing file /opt/anaconda3/envs/af/lib/python3.7/site-packages/airflow/example_dags/example_complex.py for tasks to queue
[2022-02-09 14:05:19,380] {logging_mixin.py:109} INFO - [2022-02-09 14:05:19,379] {dagbag.py:500} INFO - Filling up the DagBag from /opt/anaconda3/envs/af/lib/python3.7/site-packages/airflow/example_dags/example_complex.py
[2022-02-09 14:05:19,447] {processor.py:654} INFO - DAG(s) dict_keys(['example_complex']) retrieved from /opt/anaconda3/envs/af/lib/python3.7/site-packages/airflow/example_dags/example_complex.py
[2022-02-09 14:05:19,567] {logging_mixin.py:109} INFO - [2022-02-09 14:05:19,567] {dag.py:2396} INFO - Sync 1 DAGs
[2022-02-09 14:05:19,644] {logging_mixin.py:109} INFO - [2022-02-09 14:05:19,643] {dag.py:2935} INFO - Setting next_dagrun for example_complex to None
[2022-02-09 14:05:19,729] {processor.py:171} INFO - Processing /opt/anaconda3/envs/af/lib/python3.7/site-packages/airflow/example_dags/example_complex.py took 0.362 seconds
[2022-02-09 14:06:07,566] {processor.py:163} INFO - Started process (PID=11391) to work on /opt/anaconda3/envs/af/lib/python3.7/site-packages/airflow/example_dags/example_complex.py
[2022-02-09 14:06:07,570] {processor.py:642} INFO - Processing file /opt/anaconda3/envs/af/lib/python3.7/site-packages/airflow/example_dags/example_complex.py for tasks to queue
[2022-02-09 14:06:07,572] {logging_mixin.py:109} INFO - [2022-02-09 14:06:07,572] {dagbag.py:500} INFO - Filling up the DagBag from /opt/anaconda3/envs/af/lib/python3.7/site-packages/airflow/example_dags/example_complex.py
[2022-02-09 14:06:07,622] {processor.py:654} INFO - DAG(s) dict_keys(['example_complex']) retrieved from /opt/anaconda3/envs/af/lib/python3.7/site-packages/airflow/example_dags/example_complex.py
[2022-02-09 14:06:07,646] {logging_mixin.py:109} INFO - [2022-02-09 14:06:07,646] {dag.py:2396} INFO - Sync 1 DAGs
[2022-02-09 14:06:07,666] {logging_mixin.py:109} INFO - [2022-02-09 14:06:07,666] {dag.py:2935} INFO - Setting next_dagrun for example_complex to None
[2022-02-09 14:06:07,679] {processor.py:171} INFO - Processing /opt/anaconda3/envs/af/lib/python3.7/site-packages/airflow/example_dags/example_complex.py took 0.118 seconds
[2022-02-09 14:06:50,815] {processor.py:163} INFO - Started process (PID=11438) to work on /opt/anaconda3/envs/af/lib/python3.7/site-packages/airflow/example_dags/example_complex.py
[2022-02-09 14:06:50,822] {processor.py:642} INFO - Processing file /opt/anaconda3/envs/af/lib/python3.7/site-packages/airflow/example_dags/example_complex.py for tasks to queue
[2022-02-09 14:06:50,823] {logging_mixin.py:109} INFO - [2022-02-09 14:06:50,823] {dagbag.py:500} INFO - Filling up the DagBag from /opt/anaconda3/envs/af/lib/python3.7/site-packages/airflow/example_dags/example_complex.py
[2022-02-09 14:06:50,868] {processor.py:654} INFO - DAG(s) dict_keys(['example_complex']) retrieved from /opt/anaconda3/envs/af/lib/python3.7/site-packages/airflow/example_dags/example_complex.py
[2022-02-09 14:06:50,890] {logging_mixin.py:109} INFO - [2022-02-09 14:06:50,890] {dag.py:2396} INFO - Sync 1 DAGs
[2022-02-09 14:06:50,910] {logging_mixin.py:109} INFO - [2022-02-09 14:06:50,910] {dag.py:2935} INFO - Setting next_dagrun for example_complex to None
[2022-02-09 14:06:50,926] {processor.py:171} INFO - Processing /opt/anaconda3/envs/af/lib/python3.7/site-packages/airflow/example_dags/example_complex.py took 0.116 seconds
[2022-02-09 14:07:32,887] {processor.py:163} INFO - Started process (PID=11488) to work on /opt/anaconda3/envs/af/lib/python3.7/site-packages/airflow/example_dags/example_complex.py
[2022-02-09 14:07:32,890] {processor.py:642} INFO - Processing file /opt/anaconda3/envs/af/lib/python3.7/site-packages/airflow/example_dags/example_complex.py for tasks to queue
[2022-02-09 14:07:32,892] {logging_mixin.py:109} INFO - [2022-02-09 14:07:32,891] {dagbag.py:500} INFO - Filling up the DagBag from /opt/anaconda3/envs/af/lib/python3.7/site-packages/airflow/example_dags/example_complex.py
[2022-02-09 14:07:32,939] {processor.py:654} INFO - DAG(s) dict_keys(['example_complex']) retrieved from /opt/anaconda3/envs/af/lib/python3.7/site-packages/airflow/example_dags/example_complex.py
[2022-02-09 14:07:32,960] {logging_mixin.py:109} INFO - [2022-02-09 14:07:32,959] {dag.py:2396} INFO - Sync 1 DAGs
[2022-02-09 14:07:32,979] {logging_mixin.py:109} INFO - [2022-02-09 14:07:32,978] {dag.py:2935} INFO - Setting next_dagrun for example_complex to None
[2022-02-09 14:07:32,992] {processor.py:171} INFO - Processing /opt/anaconda3/envs/af/lib/python3.7/site-packages/airflow/example_dags/example_complex.py took 0.110 seconds
[2022-02-09 14:08:12,630] {processor.py:163} INFO - Started process (PID=11536) to work on /opt/anaconda3/envs/af/lib/python3.7/site-packages/airflow/example_dags/example_complex.py
[2022-02-09 14:08:12,635] {processor.py:642} INFO - Processing file /opt/anaconda3/envs/af/lib/python3.7/site-packages/airflow/example_dags/example_complex.py for tasks to queue
[2022-02-09 14:08:12,639] {logging_mixin.py:109} INFO - [2022-02-09 14:08:12,638] {dagbag.py:500} INFO - Filling up the DagBag from /opt/anaconda3/envs/af/lib/python3.7/site-packages/airflow/example_dags/example_complex.py
[2022-02-09 14:08:12,685] {processor.py:654} INFO - DAG(s) dict_keys(['example_complex']) retrieved from /opt/anaconda3/envs/af/lib/python3.7/site-packages/airflow/example_dags/example_complex.py
[2022-02-09 14:08:12,706] {logging_mixin.py:109} INFO - [2022-02-09 14:08:12,705] {dag.py:2396} INFO - Sync 1 DAGs
[2022-02-09 14:08:12,721] {logging_mixin.py:109} INFO - [2022-02-09 14:08:12,721] {dag.py:2935} INFO - Setting next_dagrun for example_complex to None
[2022-02-09 14:08:12,734] {processor.py:171} INFO - Processing /opt/anaconda3/envs/af/lib/python3.7/site-packages/airflow/example_dags/example_complex.py took 0.109 seconds
[2022-02-09 15:27:16,545] {processor.py:163} INFO - Started process (PID=13919) to work on /opt/anaconda3/envs/af/lib/python3.7/site-packages/airflow/example_dags/example_complex.py
[2022-02-09 15:27:16,550] {processor.py:642} INFO - Processing file /opt/anaconda3/envs/af/lib/python3.7/site-packages/airflow/example_dags/example_complex.py for tasks to queue
[2022-02-09 15:27:16,553] {logging_mixin.py:109} INFO - [2022-02-09 15:27:16,552] {dagbag.py:500} INFO - Filling up the DagBag from /opt/anaconda3/envs/af/lib/python3.7/site-packages/airflow/example_dags/example_complex.py
[2022-02-09 15:27:16,623] {processor.py:654} INFO - DAG(s) dict_keys(['example_complex']) retrieved from /opt/anaconda3/envs/af/lib/python3.7/site-packages/airflow/example_dags/example_complex.py
[2022-02-09 15:27:16,671] {logging_mixin.py:109} INFO - [2022-02-09 15:27:16,670] {dag.py:2396} INFO - Sync 1 DAGs
[2022-02-09 15:27:16,709] {logging_mixin.py:109} INFO - [2022-02-09 15:27:16,708] {dag.py:2935} INFO - Setting next_dagrun for example_complex to None
[2022-02-09 15:27:16,727] {processor.py:171} INFO - Processing /opt/anaconda3/envs/af/lib/python3.7/site-packages/airflow/example_dags/example_complex.py took 0.192 seconds
[2022-02-09 15:27:59,074] {processor.py:163} INFO - Started process (PID=13972) to work on /opt/anaconda3/envs/af/lib/python3.7/site-packages/airflow/example_dags/example_complex.py
[2022-02-09 15:27:59,077] {processor.py:642} INFO - Processing file /opt/anaconda3/envs/af/lib/python3.7/site-packages/airflow/example_dags/example_complex.py for tasks to queue
[2022-02-09 15:27:59,078] {logging_mixin.py:109} INFO - [2022-02-09 15:27:59,078] {dagbag.py:500} INFO - Filling up the DagBag from /opt/anaconda3/envs/af/lib/python3.7/site-packages/airflow/example_dags/example_complex.py
[2022-02-09 15:27:59,137] {processor.py:654} INFO - DAG(s) dict_keys(['example_complex']) retrieved from /opt/anaconda3/envs/af/lib/python3.7/site-packages/airflow/example_dags/example_complex.py
[2022-02-09 15:27:59,163] {logging_mixin.py:109} INFO - [2022-02-09 15:27:59,163] {dag.py:2396} INFO - Sync 1 DAGs
[2022-02-09 15:27:59,182] {logging_mixin.py:109} INFO - [2022-02-09 15:27:59,182] {dag.py:2935} INFO - Setting next_dagrun for example_complex to None
[2022-02-09 15:27:59,195] {processor.py:171} INFO - Processing /opt/anaconda3/envs/af/lib/python3.7/site-packages/airflow/example_dags/example_complex.py took 0.127 seconds
[2022-02-09 15:29:11,423] {processor.py:163} INFO - Started process (PID=14091) to work on /opt/anaconda3/envs/af/lib/python3.7/site-packages/airflow/example_dags/example_complex.py
[2022-02-09 15:29:11,574] {processor.py:642} INFO - Processing file /opt/anaconda3/envs/af/lib/python3.7/site-packages/airflow/example_dags/example_complex.py for tasks to queue
[2022-02-09 15:29:11,579] {logging_mixin.py:109} INFO - [2022-02-09 15:29:11,576] {dagbag.py:500} INFO - Filling up the DagBag from /opt/anaconda3/envs/af/lib/python3.7/site-packages/airflow/example_dags/example_complex.py
[2022-02-09 15:29:11,723] {processor.py:654} INFO - DAG(s) dict_keys(['example_complex']) retrieved from /opt/anaconda3/envs/af/lib/python3.7/site-packages/airflow/example_dags/example_complex.py
[2022-02-09 15:29:11,850] {logging_mixin.py:109} INFO - [2022-02-09 15:29:11,847] {dag.py:2396} INFO - Sync 1 DAGs
[2022-02-09 15:29:11,893] {logging_mixin.py:109} INFO - [2022-02-09 15:29:11,891] {dag.py:2935} INFO - Setting next_dagrun for example_complex to None
[2022-02-09 15:29:11,924] {processor.py:171} INFO - Processing /opt/anaconda3/envs/af/lib/python3.7/site-packages/airflow/example_dags/example_complex.py took 0.533 seconds
[2022-02-09 15:31:08,907] {processor.py:163} INFO - Started process (PID=14222) to work on /opt/anaconda3/envs/af/lib/python3.7/site-packages/airflow/example_dags/example_complex.py
[2022-02-09 15:31:08,911] {processor.py:642} INFO - Processing file /opt/anaconda3/envs/af/lib/python3.7/site-packages/airflow/example_dags/example_complex.py for tasks to queue
[2022-02-09 15:31:08,912] {logging_mixin.py:109} INFO - [2022-02-09 15:31:08,912] {dagbag.py:500} INFO - Filling up the DagBag from /opt/anaconda3/envs/af/lib/python3.7/site-packages/airflow/example_dags/example_complex.py
[2022-02-09 15:31:08,953] {processor.py:654} INFO - DAG(s) dict_keys(['example_complex']) retrieved from /opt/anaconda3/envs/af/lib/python3.7/site-packages/airflow/example_dags/example_complex.py
[2022-02-09 15:31:08,974] {logging_mixin.py:109} INFO - [2022-02-09 15:31:08,973] {dag.py:2396} INFO - Sync 1 DAGs
[2022-02-09 15:31:08,991] {logging_mixin.py:109} INFO - [2022-02-09 15:31:08,990] {dag.py:2935} INFO - Setting next_dagrun for example_complex to None
[2022-02-09 15:31:09,005] {processor.py:171} INFO - Processing /opt/anaconda3/envs/af/lib/python3.7/site-packages/airflow/example_dags/example_complex.py took 0.103 seconds
