[2022-02-09 14:00:20,053] {processor.py:163} INFO - Started process (PID=10936) to work on /opt/anaconda3/envs/af/lib/python3.7/site-packages/airflow/example_dags/example_latest_only_with_trigger.py
[2022-02-09 14:00:20,056] {processor.py:642} INFO - Processing file /opt/anaconda3/envs/af/lib/python3.7/site-packages/airflow/example_dags/example_latest_only_with_trigger.py for tasks to queue
[2022-02-09 14:00:20,057] {logging_mixin.py:109} INFO - [2022-02-09 14:00:20,057] {dagbag.py:500} INFO - Filling up the DagBag from /opt/anaconda3/envs/af/lib/python3.7/site-packages/airflow/example_dags/example_latest_only_with_trigger.py
[2022-02-09 14:00:20,120] {processor.py:654} INFO - DAG(s) dict_keys(['latest_only_with_trigger']) retrieved from /opt/anaconda3/envs/af/lib/python3.7/site-packages/airflow/example_dags/example_latest_only_with_trigger.py
[2022-02-09 14:00:20,144] {logging_mixin.py:109} INFO - [2022-02-09 14:00:20,143] {dag.py:2396} INFO - Sync 1 DAGs
[2022-02-09 14:00:20,207] {logging_mixin.py:109} INFO - [2022-02-09 14:00:20,204] {dag.py:2935} INFO - Setting next_dagrun for latest_only_with_trigger to 2022-02-09T15:00:20.203701+00:00
[2022-02-09 14:00:20,246] {processor.py:171} INFO - Processing /opt/anaconda3/envs/af/lib/python3.7/site-packages/airflow/example_dags/example_latest_only_with_trigger.py took 0.199 seconds
[2022-02-09 14:01:00,560] {processor.py:163} INFO - Started process (PID=10992) to work on /opt/anaconda3/envs/af/lib/python3.7/site-packages/airflow/example_dags/example_latest_only_with_trigger.py
[2022-02-09 14:01:00,562] {processor.py:642} INFO - Processing file /opt/anaconda3/envs/af/lib/python3.7/site-packages/airflow/example_dags/example_latest_only_with_trigger.py for tasks to queue
[2022-02-09 14:01:00,563] {logging_mixin.py:109} INFO - [2022-02-09 14:01:00,563] {dagbag.py:500} INFO - Filling up the DagBag from /opt/anaconda3/envs/af/lib/python3.7/site-packages/airflow/example_dags/example_latest_only_with_trigger.py
[2022-02-09 14:01:00,606] {processor.py:654} INFO - DAG(s) dict_keys(['latest_only_with_trigger']) retrieved from /opt/anaconda3/envs/af/lib/python3.7/site-packages/airflow/example_dags/example_latest_only_with_trigger.py
[2022-02-09 14:01:00,621] {logging_mixin.py:109} INFO - [2022-02-09 14:01:00,620] {dag.py:2396} INFO - Sync 1 DAGs
[2022-02-09 14:01:00,640] {logging_mixin.py:109} INFO - [2022-02-09 14:01:00,639] {dag.py:2935} INFO - Setting next_dagrun for latest_only_with_trigger to 2022-02-09T15:01:00.639494+00:00
[2022-02-09 14:01:00,653] {processor.py:171} INFO - Processing /opt/anaconda3/envs/af/lib/python3.7/site-packages/airflow/example_dags/example_latest_only_with_trigger.py took 0.097 seconds
[2022-02-09 14:01:42,805] {processor.py:163} INFO - Started process (PID=11055) to work on /opt/anaconda3/envs/af/lib/python3.7/site-packages/airflow/example_dags/example_latest_only_with_trigger.py
[2022-02-09 14:01:42,808] {processor.py:642} INFO - Processing file /opt/anaconda3/envs/af/lib/python3.7/site-packages/airflow/example_dags/example_latest_only_with_trigger.py for tasks to queue
[2022-02-09 14:01:42,809] {logging_mixin.py:109} INFO - [2022-02-09 14:01:42,809] {dagbag.py:500} INFO - Filling up the DagBag from /opt/anaconda3/envs/af/lib/python3.7/site-packages/airflow/example_dags/example_latest_only_with_trigger.py
[2022-02-09 14:01:42,837] {processor.py:654} INFO - DAG(s) dict_keys(['latest_only_with_trigger']) retrieved from /opt/anaconda3/envs/af/lib/python3.7/site-packages/airflow/example_dags/example_latest_only_with_trigger.py
[2022-02-09 14:01:42,849] {logging_mixin.py:109} INFO - [2022-02-09 14:01:42,848] {dag.py:2396} INFO - Sync 1 DAGs
[2022-02-09 14:01:42,864] {logging_mixin.py:109} INFO - [2022-02-09 14:01:42,864] {dag.py:2935} INFO - Setting next_dagrun for latest_only_with_trigger to 2022-02-09T15:01:42.864036+00:00
[2022-02-09 14:01:42,875] {processor.py:171} INFO - Processing /opt/anaconda3/envs/af/lib/python3.7/site-packages/airflow/example_dags/example_latest_only_with_trigger.py took 0.075 seconds
[2022-02-09 14:03:22,006] {processor.py:163} INFO - Started process (PID=11176) to work on /opt/anaconda3/envs/af/lib/python3.7/site-packages/airflow/example_dags/example_latest_only_with_trigger.py
[2022-02-09 14:03:22,010] {processor.py:642} INFO - Processing file /opt/anaconda3/envs/af/lib/python3.7/site-packages/airflow/example_dags/example_latest_only_with_trigger.py for tasks to queue
[2022-02-09 14:03:22,011] {logging_mixin.py:109} INFO - [2022-02-09 14:03:22,011] {dagbag.py:500} INFO - Filling up the DagBag from /opt/anaconda3/envs/af/lib/python3.7/site-packages/airflow/example_dags/example_latest_only_with_trigger.py
[2022-02-09 14:03:22,041] {processor.py:654} INFO - DAG(s) dict_keys(['latest_only_with_trigger']) retrieved from /opt/anaconda3/envs/af/lib/python3.7/site-packages/airflow/example_dags/example_latest_only_with_trigger.py
[2022-02-09 14:03:22,055] {logging_mixin.py:109} INFO - [2022-02-09 14:03:22,054] {dag.py:2396} INFO - Sync 1 DAGs
[2022-02-09 14:03:22,084] {logging_mixin.py:109} INFO - [2022-02-09 14:03:22,084] {dag.py:2935} INFO - Setting next_dagrun for latest_only_with_trigger to 2022-02-09T15:03:22.083764+00:00
[2022-02-09 14:03:22,099] {processor.py:171} INFO - Processing /opt/anaconda3/envs/af/lib/python3.7/site-packages/airflow/example_dags/example_latest_only_with_trigger.py took 0.098 seconds
[2022-02-09 14:04:05,081] {processor.py:163} INFO - Started process (PID=11239) to work on /opt/anaconda3/envs/af/lib/python3.7/site-packages/airflow/example_dags/example_latest_only_with_trigger.py
[2022-02-09 14:04:05,082] {processor.py:642} INFO - Processing file /opt/anaconda3/envs/af/lib/python3.7/site-packages/airflow/example_dags/example_latest_only_with_trigger.py for tasks to queue
[2022-02-09 14:04:05,084] {logging_mixin.py:109} INFO - [2022-02-09 14:04:05,083] {dagbag.py:500} INFO - Filling up the DagBag from /opt/anaconda3/envs/af/lib/python3.7/site-packages/airflow/example_dags/example_latest_only_with_trigger.py
[2022-02-09 14:04:05,110] {processor.py:654} INFO - DAG(s) dict_keys(['latest_only_with_trigger']) retrieved from /opt/anaconda3/envs/af/lib/python3.7/site-packages/airflow/example_dags/example_latest_only_with_trigger.py
[2022-02-09 14:04:05,122] {logging_mixin.py:109} INFO - [2022-02-09 14:04:05,122] {dag.py:2396} INFO - Sync 1 DAGs
[2022-02-09 14:04:05,138] {logging_mixin.py:109} INFO - [2022-02-09 14:04:05,138] {dag.py:2935} INFO - Setting next_dagrun for latest_only_with_trigger to 2022-02-09T15:04:05.137657+00:00
[2022-02-09 14:04:05,149] {processor.py:171} INFO - Processing /opt/anaconda3/envs/af/lib/python3.7/site-packages/airflow/example_dags/example_latest_only_with_trigger.py took 0.072 seconds
[2022-02-09 14:04:42,428] {processor.py:163} INFO - Started process (PID=11292) to work on /opt/anaconda3/envs/af/lib/python3.7/site-packages/airflow/example_dags/example_latest_only_with_trigger.py
[2022-02-09 14:04:42,431] {processor.py:642} INFO - Processing file /opt/anaconda3/envs/af/lib/python3.7/site-packages/airflow/example_dags/example_latest_only_with_trigger.py for tasks to queue
[2022-02-09 14:04:42,433] {logging_mixin.py:109} INFO - [2022-02-09 14:04:42,432] {dagbag.py:500} INFO - Filling up the DagBag from /opt/anaconda3/envs/af/lib/python3.7/site-packages/airflow/example_dags/example_latest_only_with_trigger.py
[2022-02-09 14:04:42,468] {processor.py:654} INFO - DAG(s) dict_keys(['latest_only_with_trigger']) retrieved from /opt/anaconda3/envs/af/lib/python3.7/site-packages/airflow/example_dags/example_latest_only_with_trigger.py
[2022-02-09 14:04:42,484] {logging_mixin.py:109} INFO - [2022-02-09 14:04:42,483] {dag.py:2396} INFO - Sync 1 DAGs
[2022-02-09 14:04:42,501] {logging_mixin.py:109} INFO - [2022-02-09 14:04:42,500] {dag.py:2935} INFO - Setting next_dagrun for latest_only_with_trigger to 2022-02-09T15:04:42.500182+00:00
[2022-02-09 14:04:42,512] {processor.py:171} INFO - Processing /opt/anaconda3/envs/af/lib/python3.7/site-packages/airflow/example_dags/example_latest_only_with_trigger.py took 0.088 seconds
[2022-02-09 14:05:17,909] {processor.py:163} INFO - Started process (PID=11336) to work on /opt/anaconda3/envs/af/lib/python3.7/site-packages/airflow/example_dags/example_latest_only_with_trigger.py
[2022-02-09 14:05:17,940] {processor.py:642} INFO - Processing file /opt/anaconda3/envs/af/lib/python3.7/site-packages/airflow/example_dags/example_latest_only_with_trigger.py for tasks to queue
[2022-02-09 14:05:18,002] {logging_mixin.py:109} INFO - [2022-02-09 14:05:17,987] {dagbag.py:500} INFO - Filling up the DagBag from /opt/anaconda3/envs/af/lib/python3.7/site-packages/airflow/example_dags/example_latest_only_with_trigger.py
[2022-02-09 14:05:18,138] {processor.py:654} INFO - DAG(s) dict_keys(['latest_only_with_trigger']) retrieved from /opt/anaconda3/envs/af/lib/python3.7/site-packages/airflow/example_dags/example_latest_only_with_trigger.py
[2022-02-09 14:05:18,157] {logging_mixin.py:109} INFO - [2022-02-09 14:05:18,156] {dag.py:2396} INFO - Sync 1 DAGs
[2022-02-09 14:05:18,182] {logging_mixin.py:109} INFO - [2022-02-09 14:05:18,181] {dag.py:2935} INFO - Setting next_dagrun for latest_only_with_trigger to 2022-02-09T15:05:18.180887+00:00
[2022-02-09 14:05:18,200] {processor.py:171} INFO - Processing /opt/anaconda3/envs/af/lib/python3.7/site-packages/airflow/example_dags/example_latest_only_with_trigger.py took 0.346 seconds
[2022-02-09 14:05:59,964] {processor.py:163} INFO - Started process (PID=11382) to work on /opt/anaconda3/envs/af/lib/python3.7/site-packages/airflow/example_dags/example_latest_only_with_trigger.py
[2022-02-09 14:05:59,967] {processor.py:642} INFO - Processing file /opt/anaconda3/envs/af/lib/python3.7/site-packages/airflow/example_dags/example_latest_only_with_trigger.py for tasks to queue
[2022-02-09 14:05:59,969] {logging_mixin.py:109} INFO - [2022-02-09 14:05:59,968] {dagbag.py:500} INFO - Filling up the DagBag from /opt/anaconda3/envs/af/lib/python3.7/site-packages/airflow/example_dags/example_latest_only_with_trigger.py
[2022-02-09 14:06:00,009] {processor.py:654} INFO - DAG(s) dict_keys(['latest_only_with_trigger']) retrieved from /opt/anaconda3/envs/af/lib/python3.7/site-packages/airflow/example_dags/example_latest_only_with_trigger.py
[2022-02-09 14:06:00,029] {logging_mixin.py:109} INFO - [2022-02-09 14:06:00,029] {dag.py:2396} INFO - Sync 1 DAGs
[2022-02-09 14:06:00,054] {logging_mixin.py:109} INFO - [2022-02-09 14:06:00,053] {dag.py:2935} INFO - Setting next_dagrun for latest_only_with_trigger to 2022-02-09T15:06:00.053112+00:00
[2022-02-09 14:06:00,067] {processor.py:171} INFO - Processing /opt/anaconda3/envs/af/lib/python3.7/site-packages/airflow/example_dags/example_latest_only_with_trigger.py took 0.108 seconds
[2022-02-09 14:06:42,403] {processor.py:163} INFO - Started process (PID=11429) to work on /opt/anaconda3/envs/af/lib/python3.7/site-packages/airflow/example_dags/example_latest_only_with_trigger.py
[2022-02-09 14:06:42,406] {processor.py:642} INFO - Processing file /opt/anaconda3/envs/af/lib/python3.7/site-packages/airflow/example_dags/example_latest_only_with_trigger.py for tasks to queue
[2022-02-09 14:06:42,409] {logging_mixin.py:109} INFO - [2022-02-09 14:06:42,408] {dagbag.py:500} INFO - Filling up the DagBag from /opt/anaconda3/envs/af/lib/python3.7/site-packages/airflow/example_dags/example_latest_only_with_trigger.py
[2022-02-09 14:06:42,485] {processor.py:654} INFO - DAG(s) dict_keys(['latest_only_with_trigger']) retrieved from /opt/anaconda3/envs/af/lib/python3.7/site-packages/airflow/example_dags/example_latest_only_with_trigger.py
[2022-02-09 14:06:42,514] {logging_mixin.py:109} INFO - [2022-02-09 14:06:42,514] {dag.py:2396} INFO - Sync 1 DAGs
[2022-02-09 14:06:42,538] {logging_mixin.py:109} INFO - [2022-02-09 14:06:42,537] {dag.py:2935} INFO - Setting next_dagrun for latest_only_with_trigger to 2022-02-09T15:06:42.537068+00:00
[2022-02-09 14:06:42,553] {processor.py:171} INFO - Processing /opt/anaconda3/envs/af/lib/python3.7/site-packages/airflow/example_dags/example_latest_only_with_trigger.py took 0.158 seconds
[2022-02-09 14:07:29,185] {processor.py:163} INFO - Started process (PID=11485) to work on /opt/anaconda3/envs/af/lib/python3.7/site-packages/airflow/example_dags/example_latest_only_with_trigger.py
[2022-02-09 14:07:29,189] {processor.py:642} INFO - Processing file /opt/anaconda3/envs/af/lib/python3.7/site-packages/airflow/example_dags/example_latest_only_with_trigger.py for tasks to queue
[2022-02-09 14:07:29,191] {logging_mixin.py:109} INFO - [2022-02-09 14:07:29,190] {dagbag.py:500} INFO - Filling up the DagBag from /opt/anaconda3/envs/af/lib/python3.7/site-packages/airflow/example_dags/example_latest_only_with_trigger.py
[2022-02-09 14:07:29,241] {processor.py:654} INFO - DAG(s) dict_keys(['latest_only_with_trigger']) retrieved from /opt/anaconda3/envs/af/lib/python3.7/site-packages/airflow/example_dags/example_latest_only_with_trigger.py
[2022-02-09 14:07:29,262] {logging_mixin.py:109} INFO - [2022-02-09 14:07:29,261] {dag.py:2396} INFO - Sync 1 DAGs
[2022-02-09 14:07:29,286] {logging_mixin.py:109} INFO - [2022-02-09 14:07:29,285] {dag.py:2935} INFO - Setting next_dagrun for latest_only_with_trigger to 2022-02-09T15:07:29.285334+00:00
[2022-02-09 14:07:29,309] {processor.py:171} INFO - Processing /opt/anaconda3/envs/af/lib/python3.7/site-packages/airflow/example_dags/example_latest_only_with_trigger.py took 0.134 seconds
[2022-02-09 14:08:09,901] {processor.py:163} INFO - Started process (PID=11531) to work on /opt/anaconda3/envs/af/lib/python3.7/site-packages/airflow/example_dags/example_latest_only_with_trigger.py
[2022-02-09 14:08:09,904] {processor.py:642} INFO - Processing file /opt/anaconda3/envs/af/lib/python3.7/site-packages/airflow/example_dags/example_latest_only_with_trigger.py for tasks to queue
[2022-02-09 14:08:09,906] {logging_mixin.py:109} INFO - [2022-02-09 14:08:09,905] {dagbag.py:500} INFO - Filling up the DagBag from /opt/anaconda3/envs/af/lib/python3.7/site-packages/airflow/example_dags/example_latest_only_with_trigger.py
[2022-02-09 14:08:09,941] {processor.py:654} INFO - DAG(s) dict_keys(['latest_only_with_trigger']) retrieved from /opt/anaconda3/envs/af/lib/python3.7/site-packages/airflow/example_dags/example_latest_only_with_trigger.py
[2022-02-09 14:08:09,954] {logging_mixin.py:109} INFO - [2022-02-09 14:08:09,953] {dag.py:2396} INFO - Sync 1 DAGs
[2022-02-09 14:08:09,973] {logging_mixin.py:109} INFO - [2022-02-09 14:08:09,973] {dag.py:2935} INFO - Setting next_dagrun for latest_only_with_trigger to 2022-02-09T15:08:09.972666+00:00
[2022-02-09 14:08:09,986] {processor.py:171} INFO - Processing /opt/anaconda3/envs/af/lib/python3.7/site-packages/airflow/example_dags/example_latest_only_with_trigger.py took 0.091 seconds
[2022-02-09 15:27:10,167] {processor.py:163} INFO - Started process (PID=13911) to work on /opt/anaconda3/envs/af/lib/python3.7/site-packages/airflow/example_dags/example_latest_only_with_trigger.py
[2022-02-09 15:27:10,171] {processor.py:642} INFO - Processing file /opt/anaconda3/envs/af/lib/python3.7/site-packages/airflow/example_dags/example_latest_only_with_trigger.py for tasks to queue
[2022-02-09 15:27:10,174] {logging_mixin.py:109} INFO - [2022-02-09 15:27:10,172] {dagbag.py:500} INFO - Filling up the DagBag from /opt/anaconda3/envs/af/lib/python3.7/site-packages/airflow/example_dags/example_latest_only_with_trigger.py
[2022-02-09 15:27:10,225] {processor.py:654} INFO - DAG(s) dict_keys(['latest_only_with_trigger']) retrieved from /opt/anaconda3/envs/af/lib/python3.7/site-packages/airflow/example_dags/example_latest_only_with_trigger.py
[2022-02-09 15:27:10,249] {logging_mixin.py:109} INFO - [2022-02-09 15:27:10,248] {dag.py:2396} INFO - Sync 1 DAGs
[2022-02-09 15:27:10,273] {logging_mixin.py:109} INFO - [2022-02-09 15:27:10,273] {dag.py:2935} INFO - Setting next_dagrun for latest_only_with_trigger to 2022-02-09T16:27:10.273028+00:00
[2022-02-09 15:27:10,289] {processor.py:171} INFO - Processing /opt/anaconda3/envs/af/lib/python3.7/site-packages/airflow/example_dags/example_latest_only_with_trigger.py took 0.128 seconds
[2022-02-09 15:27:53,564] {processor.py:163} INFO - Started process (PID=13963) to work on /opt/anaconda3/envs/af/lib/python3.7/site-packages/airflow/example_dags/example_latest_only_with_trigger.py
[2022-02-09 15:27:53,568] {processor.py:642} INFO - Processing file /opt/anaconda3/envs/af/lib/python3.7/site-packages/airflow/example_dags/example_latest_only_with_trigger.py for tasks to queue
[2022-02-09 15:27:53,570] {logging_mixin.py:109} INFO - [2022-02-09 15:27:53,569] {dagbag.py:500} INFO - Filling up the DagBag from /opt/anaconda3/envs/af/lib/python3.7/site-packages/airflow/example_dags/example_latest_only_with_trigger.py
[2022-02-09 15:27:53,618] {processor.py:654} INFO - DAG(s) dict_keys(['latest_only_with_trigger']) retrieved from /opt/anaconda3/envs/af/lib/python3.7/site-packages/airflow/example_dags/example_latest_only_with_trigger.py
[2022-02-09 15:27:53,638] {logging_mixin.py:109} INFO - [2022-02-09 15:27:53,637] {dag.py:2396} INFO - Sync 1 DAGs
[2022-02-09 15:27:53,666] {logging_mixin.py:109} INFO - [2022-02-09 15:27:53,666] {dag.py:2935} INFO - Setting next_dagrun for latest_only_with_trigger to 2022-02-09T16:27:53.664749+00:00
[2022-02-09 15:27:53,682] {processor.py:171} INFO - Processing /opt/anaconda3/envs/af/lib/python3.7/site-packages/airflow/example_dags/example_latest_only_with_trigger.py took 0.124 seconds
[2022-02-09 15:29:03,724] {processor.py:163} INFO - Started process (PID=14079) to work on /opt/anaconda3/envs/af/lib/python3.7/site-packages/airflow/example_dags/example_latest_only_with_trigger.py
[2022-02-09 15:29:03,729] {processor.py:642} INFO - Processing file /opt/anaconda3/envs/af/lib/python3.7/site-packages/airflow/example_dags/example_latest_only_with_trigger.py for tasks to queue
[2022-02-09 15:29:03,733] {logging_mixin.py:109} INFO - [2022-02-09 15:29:03,732] {dagbag.py:500} INFO - Filling up the DagBag from /opt/anaconda3/envs/af/lib/python3.7/site-packages/airflow/example_dags/example_latest_only_with_trigger.py
[2022-02-09 15:29:03,799] {processor.py:654} INFO - DAG(s) dict_keys(['latest_only_with_trigger']) retrieved from /opt/anaconda3/envs/af/lib/python3.7/site-packages/airflow/example_dags/example_latest_only_with_trigger.py
[2022-02-09 15:29:03,867] {logging_mixin.py:109} INFO - [2022-02-09 15:29:03,867] {dag.py:2396} INFO - Sync 1 DAGs
[2022-02-09 15:29:03,937] {logging_mixin.py:109} INFO - [2022-02-09 15:29:03,936] {dag.py:2935} INFO - Setting next_dagrun for latest_only_with_trigger to 2022-02-09T16:29:03.935302+00:00
[2022-02-09 15:29:03,952] {processor.py:171} INFO - Processing /opt/anaconda3/envs/af/lib/python3.7/site-packages/airflow/example_dags/example_latest_only_with_trigger.py took 0.236 seconds
[2022-02-09 15:31:02,175] {processor.py:163} INFO - Started process (PID=14216) to work on /opt/anaconda3/envs/af/lib/python3.7/site-packages/airflow/example_dags/example_latest_only_with_trigger.py
[2022-02-09 15:31:02,177] {processor.py:642} INFO - Processing file /opt/anaconda3/envs/af/lib/python3.7/site-packages/airflow/example_dags/example_latest_only_with_trigger.py for tasks to queue
[2022-02-09 15:31:02,179] {logging_mixin.py:109} INFO - [2022-02-09 15:31:02,179] {dagbag.py:500} INFO - Filling up the DagBag from /opt/anaconda3/envs/af/lib/python3.7/site-packages/airflow/example_dags/example_latest_only_with_trigger.py
[2022-02-09 15:31:02,224] {processor.py:654} INFO - DAG(s) dict_keys(['latest_only_with_trigger']) retrieved from /opt/anaconda3/envs/af/lib/python3.7/site-packages/airflow/example_dags/example_latest_only_with_trigger.py
[2022-02-09 15:31:02,241] {logging_mixin.py:109} INFO - [2022-02-09 15:31:02,241] {dag.py:2396} INFO - Sync 1 DAGs
[2022-02-09 15:31:02,267] {logging_mixin.py:109} INFO - [2022-02-09 15:31:02,267] {dag.py:2935} INFO - Setting next_dagrun for latest_only_with_trigger to 2022-02-09T16:31:02.266209+00:00
[2022-02-09 15:31:02,286] {processor.py:171} INFO - Processing /opt/anaconda3/envs/af/lib/python3.7/site-packages/airflow/example_dags/example_latest_only_with_trigger.py took 0.118 seconds
