[2022-02-09 14:00:15,108] {processor.py:163} INFO - Started process (PID=10928) to work on /opt/anaconda3/envs/af/lib/python3.7/site-packages/airflow/example_dags/example_short_circuit_operator.py
[2022-02-09 14:00:15,112] {processor.py:642} INFO - Processing file /opt/anaconda3/envs/af/lib/python3.7/site-packages/airflow/example_dags/example_short_circuit_operator.py for tasks to queue
[2022-02-09 14:00:15,114] {logging_mixin.py:109} INFO - [2022-02-09 14:00:15,113] {dagbag.py:500} INFO - Filling up the DagBag from /opt/anaconda3/envs/af/lib/python3.7/site-packages/airflow/example_dags/example_short_circuit_operator.py
[2022-02-09 14:00:15,147] {processor.py:654} INFO - DAG(s) dict_keys(['example_short_circuit_operator']) retrieved from /opt/anaconda3/envs/af/lib/python3.7/site-packages/airflow/example_dags/example_short_circuit_operator.py
[2022-02-09 14:00:15,160] {logging_mixin.py:109} INFO - [2022-02-09 14:00:15,160] {dag.py:2396} INFO - Sync 1 DAGs
[2022-02-09 14:00:15,178] {logging_mixin.py:109} INFO - [2022-02-09 14:00:15,177] {dag.py:2935} INFO - Setting next_dagrun for example_short_circuit_operator to 2022-02-08T19:00:15.176878+00:00
[2022-02-09 14:00:15,191] {processor.py:171} INFO - Processing /opt/anaconda3/envs/af/lib/python3.7/site-packages/airflow/example_dags/example_short_circuit_operator.py took 0.087 seconds
[2022-02-09 14:00:56,558] {processor.py:163} INFO - Started process (PID=10986) to work on /opt/anaconda3/envs/af/lib/python3.7/site-packages/airflow/example_dags/example_short_circuit_operator.py
[2022-02-09 14:00:56,561] {processor.py:642} INFO - Processing file /opt/anaconda3/envs/af/lib/python3.7/site-packages/airflow/example_dags/example_short_circuit_operator.py for tasks to queue
[2022-02-09 14:00:56,563] {logging_mixin.py:109} INFO - [2022-02-09 14:00:56,562] {dagbag.py:500} INFO - Filling up the DagBag from /opt/anaconda3/envs/af/lib/python3.7/site-packages/airflow/example_dags/example_short_circuit_operator.py
[2022-02-09 14:00:56,605] {processor.py:654} INFO - DAG(s) dict_keys(['example_short_circuit_operator']) retrieved from /opt/anaconda3/envs/af/lib/python3.7/site-packages/airflow/example_dags/example_short_circuit_operator.py
[2022-02-09 14:00:56,623] {logging_mixin.py:109} INFO - [2022-02-09 14:00:56,622] {dag.py:2396} INFO - Sync 1 DAGs
[2022-02-09 14:00:56,641] {logging_mixin.py:109} INFO - [2022-02-09 14:00:56,641] {dag.py:2935} INFO - Setting next_dagrun for example_short_circuit_operator to 2022-02-08T19:00:56.640659+00:00
[2022-02-09 14:00:56,655] {processor.py:171} INFO - Processing /opt/anaconda3/envs/af/lib/python3.7/site-packages/airflow/example_dags/example_short_circuit_operator.py took 0.102 seconds
[2022-02-09 14:01:37,900] {processor.py:163} INFO - Started process (PID=11051) to work on /opt/anaconda3/envs/af/lib/python3.7/site-packages/airflow/example_dags/example_short_circuit_operator.py
[2022-02-09 14:01:37,904] {processor.py:642} INFO - Processing file /opt/anaconda3/envs/af/lib/python3.7/site-packages/airflow/example_dags/example_short_circuit_operator.py for tasks to queue
[2022-02-09 14:01:37,905] {logging_mixin.py:109} INFO - [2022-02-09 14:01:37,905] {dagbag.py:500} INFO - Filling up the DagBag from /opt/anaconda3/envs/af/lib/python3.7/site-packages/airflow/example_dags/example_short_circuit_operator.py
[2022-02-09 14:01:37,937] {processor.py:654} INFO - DAG(s) dict_keys(['example_short_circuit_operator']) retrieved from /opt/anaconda3/envs/af/lib/python3.7/site-packages/airflow/example_dags/example_short_circuit_operator.py
[2022-02-09 14:01:37,952] {logging_mixin.py:109} INFO - [2022-02-09 14:01:37,951] {dag.py:2396} INFO - Sync 1 DAGs
[2022-02-09 14:01:37,968] {logging_mixin.py:109} INFO - [2022-02-09 14:01:37,967] {dag.py:2935} INFO - Setting next_dagrun for example_short_circuit_operator to 2022-02-08T19:01:37.967267+00:00
[2022-02-09 14:01:37,979] {processor.py:171} INFO - Processing /opt/anaconda3/envs/af/lib/python3.7/site-packages/airflow/example_dags/example_short_circuit_operator.py took 0.083 seconds
[2022-02-09 14:02:14,887] {processor.py:163} INFO - Started process (PID=11098) to work on /opt/anaconda3/envs/af/lib/python3.7/site-packages/airflow/example_dags/example_short_circuit_operator.py
[2022-02-09 14:02:14,889] {processor.py:642} INFO - Processing file /opt/anaconda3/envs/af/lib/python3.7/site-packages/airflow/example_dags/example_short_circuit_operator.py for tasks to queue
[2022-02-09 14:02:14,891] {logging_mixin.py:109} INFO - [2022-02-09 14:02:14,891] {dagbag.py:500} INFO - Filling up the DagBag from /opt/anaconda3/envs/af/lib/python3.7/site-packages/airflow/example_dags/example_short_circuit_operator.py
[2022-02-09 14:02:14,925] {processor.py:654} INFO - DAG(s) dict_keys(['example_short_circuit_operator']) retrieved from /opt/anaconda3/envs/af/lib/python3.7/site-packages/airflow/example_dags/example_short_circuit_operator.py
[2022-02-09 14:02:14,937] {logging_mixin.py:109} INFO - [2022-02-09 14:02:14,936] {dag.py:2396} INFO - Sync 1 DAGs
[2022-02-09 14:02:14,953] {logging_mixin.py:109} INFO - [2022-02-09 14:02:14,953] {dag.py:2935} INFO - Setting next_dagrun for example_short_circuit_operator to 2022-02-08T19:02:14.953234+00:00
[2022-02-09 14:02:14,966] {processor.py:171} INFO - Processing /opt/anaconda3/envs/af/lib/python3.7/site-packages/airflow/example_dags/example_short_circuit_operator.py took 0.084 seconds
[2022-02-09 14:03:50,485] {processor.py:163} INFO - Started process (PID=11219) to work on /opt/anaconda3/envs/af/lib/python3.7/site-packages/airflow/example_dags/example_short_circuit_operator.py
[2022-02-09 14:03:50,488] {processor.py:642} INFO - Processing file /opt/anaconda3/envs/af/lib/python3.7/site-packages/airflow/example_dags/example_short_circuit_operator.py for tasks to queue
[2022-02-09 14:03:50,490] {logging_mixin.py:109} INFO - [2022-02-09 14:03:50,490] {dagbag.py:500} INFO - Filling up the DagBag from /opt/anaconda3/envs/af/lib/python3.7/site-packages/airflow/example_dags/example_short_circuit_operator.py
[2022-02-09 14:03:50,518] {processor.py:654} INFO - DAG(s) dict_keys(['example_short_circuit_operator']) retrieved from /opt/anaconda3/envs/af/lib/python3.7/site-packages/airflow/example_dags/example_short_circuit_operator.py
[2022-02-09 14:03:50,530] {logging_mixin.py:109} INFO - [2022-02-09 14:03:50,529] {dag.py:2396} INFO - Sync 1 DAGs
[2022-02-09 14:03:50,545] {logging_mixin.py:109} INFO - [2022-02-09 14:03:50,545] {dag.py:2935} INFO - Setting next_dagrun for example_short_circuit_operator to 2022-02-08T19:03:50.544916+00:00
[2022-02-09 14:03:50,555] {processor.py:171} INFO - Processing /opt/anaconda3/envs/af/lib/python3.7/site-packages/airflow/example_dags/example_short_circuit_operator.py took 0.074 seconds
[2022-02-09 14:04:29,510] {processor.py:163} INFO - Started process (PID=11274) to work on /opt/anaconda3/envs/af/lib/python3.7/site-packages/airflow/example_dags/example_short_circuit_operator.py
[2022-02-09 14:04:29,514] {processor.py:642} INFO - Processing file /opt/anaconda3/envs/af/lib/python3.7/site-packages/airflow/example_dags/example_short_circuit_operator.py for tasks to queue
[2022-02-09 14:04:29,518] {logging_mixin.py:109} INFO - [2022-02-09 14:04:29,517] {dagbag.py:500} INFO - Filling up the DagBag from /opt/anaconda3/envs/af/lib/python3.7/site-packages/airflow/example_dags/example_short_circuit_operator.py
[2022-02-09 14:04:29,583] {processor.py:654} INFO - DAG(s) dict_keys(['example_short_circuit_operator']) retrieved from /opt/anaconda3/envs/af/lib/python3.7/site-packages/airflow/example_dags/example_short_circuit_operator.py
[2022-02-09 14:04:29,611] {logging_mixin.py:109} INFO - [2022-02-09 14:04:29,610] {dag.py:2396} INFO - Sync 1 DAGs
[2022-02-09 14:04:29,636] {logging_mixin.py:109} INFO - [2022-02-09 14:04:29,635] {dag.py:2935} INFO - Setting next_dagrun for example_short_circuit_operator to 2022-02-08T19:04:29.634184+00:00
[2022-02-09 14:04:29,647] {processor.py:171} INFO - Processing /opt/anaconda3/envs/af/lib/python3.7/site-packages/airflow/example_dags/example_short_circuit_operator.py took 0.142 seconds
[2022-02-09 14:05:09,976] {processor.py:163} INFO - Started process (PID=11326) to work on /opt/anaconda3/envs/af/lib/python3.7/site-packages/airflow/example_dags/example_short_circuit_operator.py
[2022-02-09 14:05:09,980] {processor.py:642} INFO - Processing file /opt/anaconda3/envs/af/lib/python3.7/site-packages/airflow/example_dags/example_short_circuit_operator.py for tasks to queue
[2022-02-09 14:05:09,983] {logging_mixin.py:109} INFO - [2022-02-09 14:05:09,982] {dagbag.py:500} INFO - Filling up the DagBag from /opt/anaconda3/envs/af/lib/python3.7/site-packages/airflow/example_dags/example_short_circuit_operator.py
[2022-02-09 14:05:10,025] {processor.py:654} INFO - DAG(s) dict_keys(['example_short_circuit_operator']) retrieved from /opt/anaconda3/envs/af/lib/python3.7/site-packages/airflow/example_dags/example_short_circuit_operator.py
[2022-02-09 14:05:10,047] {logging_mixin.py:109} INFO - [2022-02-09 14:05:10,046] {dag.py:2396} INFO - Sync 1 DAGs
[2022-02-09 14:05:10,072] {logging_mixin.py:109} INFO - [2022-02-09 14:05:10,072] {dag.py:2935} INFO - Setting next_dagrun for example_short_circuit_operator to 2022-02-08T19:05:10.071873+00:00
[2022-02-09 14:05:10,092] {processor.py:171} INFO - Processing /opt/anaconda3/envs/af/lib/python3.7/site-packages/airflow/example_dags/example_short_circuit_operator.py took 0.123 seconds
[2022-02-09 14:05:55,439] {processor.py:163} INFO - Started process (PID=11375) to work on /opt/anaconda3/envs/af/lib/python3.7/site-packages/airflow/example_dags/example_short_circuit_operator.py
[2022-02-09 14:05:55,442] {processor.py:642} INFO - Processing file /opt/anaconda3/envs/af/lib/python3.7/site-packages/airflow/example_dags/example_short_circuit_operator.py for tasks to queue
[2022-02-09 14:05:55,448] {logging_mixin.py:109} INFO - [2022-02-09 14:05:55,447] {dagbag.py:500} INFO - Filling up the DagBag from /opt/anaconda3/envs/af/lib/python3.7/site-packages/airflow/example_dags/example_short_circuit_operator.py
[2022-02-09 14:05:55,501] {processor.py:654} INFO - DAG(s) dict_keys(['example_short_circuit_operator']) retrieved from /opt/anaconda3/envs/af/lib/python3.7/site-packages/airflow/example_dags/example_short_circuit_operator.py
[2022-02-09 14:05:55,515] {logging_mixin.py:109} INFO - [2022-02-09 14:05:55,514] {dag.py:2396} INFO - Sync 1 DAGs
[2022-02-09 14:05:55,536] {logging_mixin.py:109} INFO - [2022-02-09 14:05:55,535] {dag.py:2935} INFO - Setting next_dagrun for example_short_circuit_operator to 2022-02-08T19:05:55.535264+00:00
[2022-02-09 14:05:55,550] {processor.py:171} INFO - Processing /opt/anaconda3/envs/af/lib/python3.7/site-packages/airflow/example_dags/example_short_circuit_operator.py took 0.121 seconds
[2022-02-09 14:06:37,280] {processor.py:163} INFO - Started process (PID=11423) to work on /opt/anaconda3/envs/af/lib/python3.7/site-packages/airflow/example_dags/example_short_circuit_operator.py
[2022-02-09 14:06:37,282] {processor.py:642} INFO - Processing file /opt/anaconda3/envs/af/lib/python3.7/site-packages/airflow/example_dags/example_short_circuit_operator.py for tasks to queue
[2022-02-09 14:06:37,283] {logging_mixin.py:109} INFO - [2022-02-09 14:06:37,283] {dagbag.py:500} INFO - Filling up the DagBag from /opt/anaconda3/envs/af/lib/python3.7/site-packages/airflow/example_dags/example_short_circuit_operator.py
[2022-02-09 14:06:37,319] {processor.py:654} INFO - DAG(s) dict_keys(['example_short_circuit_operator']) retrieved from /opt/anaconda3/envs/af/lib/python3.7/site-packages/airflow/example_dags/example_short_circuit_operator.py
[2022-02-09 14:06:37,336] {logging_mixin.py:109} INFO - [2022-02-09 14:06:37,335] {dag.py:2396} INFO - Sync 1 DAGs
[2022-02-09 14:06:37,361] {logging_mixin.py:109} INFO - [2022-02-09 14:06:37,360] {dag.py:2935} INFO - Setting next_dagrun for example_short_circuit_operator to 2022-02-08T19:06:37.360349+00:00
[2022-02-09 14:06:37,372] {processor.py:171} INFO - Processing /opt/anaconda3/envs/af/lib/python3.7/site-packages/airflow/example_dags/example_short_circuit_operator.py took 0.098 seconds
[2022-02-09 14:07:19,857] {processor.py:163} INFO - Started process (PID=11474) to work on /opt/anaconda3/envs/af/lib/python3.7/site-packages/airflow/example_dags/example_short_circuit_operator.py
[2022-02-09 14:07:19,860] {processor.py:642} INFO - Processing file /opt/anaconda3/envs/af/lib/python3.7/site-packages/airflow/example_dags/example_short_circuit_operator.py for tasks to queue
[2022-02-09 14:07:19,863] {logging_mixin.py:109} INFO - [2022-02-09 14:07:19,862] {dagbag.py:500} INFO - Filling up the DagBag from /opt/anaconda3/envs/af/lib/python3.7/site-packages/airflow/example_dags/example_short_circuit_operator.py
[2022-02-09 14:07:19,901] {processor.py:654} INFO - DAG(s) dict_keys(['example_short_circuit_operator']) retrieved from /opt/anaconda3/envs/af/lib/python3.7/site-packages/airflow/example_dags/example_short_circuit_operator.py
[2022-02-09 14:07:19,919] {logging_mixin.py:109} INFO - [2022-02-09 14:07:19,918] {dag.py:2396} INFO - Sync 1 DAGs
[2022-02-09 14:07:19,942] {logging_mixin.py:109} INFO - [2022-02-09 14:07:19,942] {dag.py:2935} INFO - Setting next_dagrun for example_short_circuit_operator to 2022-02-08T19:07:19.941634+00:00
[2022-02-09 14:07:19,957] {processor.py:171} INFO - Processing /opt/anaconda3/envs/af/lib/python3.7/site-packages/airflow/example_dags/example_short_circuit_operator.py took 0.104 seconds
[2022-02-09 14:08:02,073] {processor.py:163} INFO - Started process (PID=11522) to work on /opt/anaconda3/envs/af/lib/python3.7/site-packages/airflow/example_dags/example_short_circuit_operator.py
[2022-02-09 14:08:02,076] {processor.py:642} INFO - Processing file /opt/anaconda3/envs/af/lib/python3.7/site-packages/airflow/example_dags/example_short_circuit_operator.py for tasks to queue
[2022-02-09 14:08:02,078] {logging_mixin.py:109} INFO - [2022-02-09 14:08:02,077] {dagbag.py:500} INFO - Filling up the DagBag from /opt/anaconda3/envs/af/lib/python3.7/site-packages/airflow/example_dags/example_short_circuit_operator.py
[2022-02-09 14:08:02,131] {processor.py:654} INFO - DAG(s) dict_keys(['example_short_circuit_operator']) retrieved from /opt/anaconda3/envs/af/lib/python3.7/site-packages/airflow/example_dags/example_short_circuit_operator.py
[2022-02-09 14:08:02,147] {logging_mixin.py:109} INFO - [2022-02-09 14:08:02,147] {dag.py:2396} INFO - Sync 1 DAGs
[2022-02-09 14:08:02,168] {logging_mixin.py:109} INFO - [2022-02-09 14:08:02,167] {dag.py:2935} INFO - Setting next_dagrun for example_short_circuit_operator to 2022-02-08T19:08:02.167155+00:00
[2022-02-09 14:08:02,183] {processor.py:171} INFO - Processing /opt/anaconda3/envs/af/lib/python3.7/site-packages/airflow/example_dags/example_short_circuit_operator.py took 0.116 seconds
[2022-02-09 14:08:41,465] {processor.py:163} INFO - Started process (PID=11567) to work on /opt/anaconda3/envs/af/lib/python3.7/site-packages/airflow/example_dags/example_short_circuit_operator.py
[2022-02-09 14:08:41,468] {processor.py:642} INFO - Processing file /opt/anaconda3/envs/af/lib/python3.7/site-packages/airflow/example_dags/example_short_circuit_operator.py for tasks to queue
[2022-02-09 14:08:41,470] {logging_mixin.py:109} INFO - [2022-02-09 14:08:41,469] {dagbag.py:500} INFO - Filling up the DagBag from /opt/anaconda3/envs/af/lib/python3.7/site-packages/airflow/example_dags/example_short_circuit_operator.py
[2022-02-09 14:08:41,512] {processor.py:654} INFO - DAG(s) dict_keys(['example_short_circuit_operator']) retrieved from /opt/anaconda3/envs/af/lib/python3.7/site-packages/airflow/example_dags/example_short_circuit_operator.py
[2022-02-09 14:08:41,530] {logging_mixin.py:109} INFO - [2022-02-09 14:08:41,529] {dag.py:2396} INFO - Sync 1 DAGs
[2022-02-09 14:08:41,557] {logging_mixin.py:109} INFO - [2022-02-09 14:08:41,555] {dag.py:2935} INFO - Setting next_dagrun for example_short_circuit_operator to 2022-02-08T19:08:41.555160+00:00
[2022-02-09 14:08:41,573] {processor.py:171} INFO - Processing /opt/anaconda3/envs/af/lib/python3.7/site-packages/airflow/example_dags/example_short_circuit_operator.py took 0.113 seconds
[2022-02-09 15:26:34,730] {processor.py:163} INFO - Started process (PID=13872) to work on /opt/anaconda3/envs/af/lib/python3.7/site-packages/airflow/example_dags/example_short_circuit_operator.py
[2022-02-09 15:26:34,734] {processor.py:642} INFO - Processing file /opt/anaconda3/envs/af/lib/python3.7/site-packages/airflow/example_dags/example_short_circuit_operator.py for tasks to queue
[2022-02-09 15:26:34,735] {logging_mixin.py:109} INFO - [2022-02-09 15:26:34,735] {dagbag.py:500} INFO - Filling up the DagBag from /opt/anaconda3/envs/af/lib/python3.7/site-packages/airflow/example_dags/example_short_circuit_operator.py
[2022-02-09 15:26:34,764] {processor.py:654} INFO - DAG(s) dict_keys(['example_short_circuit_operator']) retrieved from /opt/anaconda3/envs/af/lib/python3.7/site-packages/airflow/example_dags/example_short_circuit_operator.py
[2022-02-09 15:26:34,778] {logging_mixin.py:109} INFO - [2022-02-09 15:26:34,777] {dag.py:2396} INFO - Sync 1 DAGs
[2022-02-09 15:26:34,795] {logging_mixin.py:109} INFO - [2022-02-09 15:26:34,795] {dag.py:2935} INFO - Setting next_dagrun for example_short_circuit_operator to 2022-02-08T20:26:34.794668+00:00
[2022-02-09 15:26:34,807] {processor.py:171} INFO - Processing /opt/anaconda3/envs/af/lib/python3.7/site-packages/airflow/example_dags/example_short_circuit_operator.py took 0.081 seconds
[2022-02-09 15:27:48,514] {processor.py:163} INFO - Started process (PID=13957) to work on /opt/anaconda3/envs/af/lib/python3.7/site-packages/airflow/example_dags/example_short_circuit_operator.py
[2022-02-09 15:27:48,517] {processor.py:642} INFO - Processing file /opt/anaconda3/envs/af/lib/python3.7/site-packages/airflow/example_dags/example_short_circuit_operator.py for tasks to queue
[2022-02-09 15:27:48,518] {logging_mixin.py:109} INFO - [2022-02-09 15:27:48,518] {dagbag.py:500} INFO - Filling up the DagBag from /opt/anaconda3/envs/af/lib/python3.7/site-packages/airflow/example_dags/example_short_circuit_operator.py
[2022-02-09 15:27:48,573] {processor.py:654} INFO - DAG(s) dict_keys(['example_short_circuit_operator']) retrieved from /opt/anaconda3/envs/af/lib/python3.7/site-packages/airflow/example_dags/example_short_circuit_operator.py
[2022-02-09 15:27:48,593] {logging_mixin.py:109} INFO - [2022-02-09 15:27:48,593] {dag.py:2396} INFO - Sync 1 DAGs
[2022-02-09 15:27:48,621] {logging_mixin.py:109} INFO - [2022-02-09 15:27:48,620] {dag.py:2935} INFO - Setting next_dagrun for example_short_circuit_operator to 2022-02-08T20:27:48.620355+00:00
[2022-02-09 15:27:48,638] {processor.py:171} INFO - Processing /opt/anaconda3/envs/af/lib/python3.7/site-packages/airflow/example_dags/example_short_circuit_operator.py took 0.131 seconds
[2022-02-09 15:28:58,205] {processor.py:163} INFO - Started process (PID=14071) to work on /opt/anaconda3/envs/af/lib/python3.7/site-packages/airflow/example_dags/example_short_circuit_operator.py
[2022-02-09 15:28:58,209] {processor.py:642} INFO - Processing file /opt/anaconda3/envs/af/lib/python3.7/site-packages/airflow/example_dags/example_short_circuit_operator.py for tasks to queue
[2022-02-09 15:28:58,212] {logging_mixin.py:109} INFO - [2022-02-09 15:28:58,211] {dagbag.py:500} INFO - Filling up the DagBag from /opt/anaconda3/envs/af/lib/python3.7/site-packages/airflow/example_dags/example_short_circuit_operator.py
[2022-02-09 15:28:58,265] {processor.py:654} INFO - DAG(s) dict_keys(['example_short_circuit_operator']) retrieved from /opt/anaconda3/envs/af/lib/python3.7/site-packages/airflow/example_dags/example_short_circuit_operator.py
[2022-02-09 15:28:58,289] {logging_mixin.py:109} INFO - [2022-02-09 15:28:58,288] {dag.py:2396} INFO - Sync 1 DAGs
[2022-02-09 15:28:58,613] {logging_mixin.py:109} INFO - [2022-02-09 15:28:58,600] {dag.py:2935} INFO - Setting next_dagrun for example_short_circuit_operator to 2022-02-08T20:28:58.599639+00:00
[2022-02-09 15:28:58,644] {processor.py:171} INFO - Processing /opt/anaconda3/envs/af/lib/python3.7/site-packages/airflow/example_dags/example_short_circuit_operator.py took 0.447 seconds
[2022-02-09 15:30:58,184] {processor.py:163} INFO - Started process (PID=14208) to work on /opt/anaconda3/envs/af/lib/python3.7/site-packages/airflow/example_dags/example_short_circuit_operator.py
[2022-02-09 15:30:58,190] {processor.py:642} INFO - Processing file /opt/anaconda3/envs/af/lib/python3.7/site-packages/airflow/example_dags/example_short_circuit_operator.py for tasks to queue
[2022-02-09 15:30:58,193] {logging_mixin.py:109} INFO - [2022-02-09 15:30:58,193] {dagbag.py:500} INFO - Filling up the DagBag from /opt/anaconda3/envs/af/lib/python3.7/site-packages/airflow/example_dags/example_short_circuit_operator.py
[2022-02-09 15:30:58,245] {processor.py:654} INFO - DAG(s) dict_keys(['example_short_circuit_operator']) retrieved from /opt/anaconda3/envs/af/lib/python3.7/site-packages/airflow/example_dags/example_short_circuit_operator.py
[2022-02-09 15:30:58,279] {logging_mixin.py:109} INFO - [2022-02-09 15:30:58,278] {dag.py:2396} INFO - Sync 1 DAGs
[2022-02-09 15:30:58,304] {logging_mixin.py:109} INFO - [2022-02-09 15:30:58,303] {dag.py:2935} INFO - Setting next_dagrun for example_short_circuit_operator to 2022-02-08T20:30:58.303602+00:00
[2022-02-09 15:30:58,343] {processor.py:171} INFO - Processing /opt/anaconda3/envs/af/lib/python3.7/site-packages/airflow/example_dags/example_short_circuit_operator.py took 0.170 seconds
