[2022-02-09 14:00:08,575] {processor.py:163} INFO - Started process (PID=10922) to work on /opt/anaconda3/envs/af/lib/python3.7/site-packages/airflow/example_dags/example_task_group_decorator.py
[2022-02-09 14:00:08,577] {processor.py:642} INFO - Processing file /opt/anaconda3/envs/af/lib/python3.7/site-packages/airflow/example_dags/example_task_group_decorator.py for tasks to queue
[2022-02-09 14:00:08,578] {logging_mixin.py:109} INFO - [2022-02-09 14:00:08,578] {dagbag.py:500} INFO - Filling up the DagBag from /opt/anaconda3/envs/af/lib/python3.7/site-packages/airflow/example_dags/example_task_group_decorator.py
[2022-02-09 14:00:08,651] {processor.py:654} INFO - DAG(s) dict_keys(['example_task_group_decorator']) retrieved from /opt/anaconda3/envs/af/lib/python3.7/site-packages/airflow/example_dags/example_task_group_decorator.py
[2022-02-09 14:00:09,023] {logging_mixin.py:109} INFO - [2022-02-09 14:00:09,023] {dag.py:2396} INFO - Sync 1 DAGs
[2022-02-09 14:00:09,036] {logging_mixin.py:109} INFO - [2022-02-09 14:00:09,035] {dag.py:2935} INFO - Setting next_dagrun for example_task_group_decorator to 2022-02-08T19:00:09.035655+00:00
[2022-02-09 14:00:09,048] {processor.py:171} INFO - Processing /opt/anaconda3/envs/af/lib/python3.7/site-packages/airflow/example_dags/example_task_group_decorator.py took 0.478 seconds
[2022-02-09 14:00:50,452] {processor.py:163} INFO - Started process (PID=10978) to work on /opt/anaconda3/envs/af/lib/python3.7/site-packages/airflow/example_dags/example_task_group_decorator.py
[2022-02-09 14:00:50,456] {processor.py:642} INFO - Processing file /opt/anaconda3/envs/af/lib/python3.7/site-packages/airflow/example_dags/example_task_group_decorator.py for tasks to queue
[2022-02-09 14:00:50,457] {logging_mixin.py:109} INFO - [2022-02-09 14:00:50,457] {dagbag.py:500} INFO - Filling up the DagBag from /opt/anaconda3/envs/af/lib/python3.7/site-packages/airflow/example_dags/example_task_group_decorator.py
[2022-02-09 14:00:50,501] {processor.py:654} INFO - DAG(s) dict_keys(['example_task_group_decorator']) retrieved from /opt/anaconda3/envs/af/lib/python3.7/site-packages/airflow/example_dags/example_task_group_decorator.py
[2022-02-09 14:00:51,025] {logging_mixin.py:109} INFO - [2022-02-09 14:00:51,025] {dag.py:2396} INFO - Sync 1 DAGs
[2022-02-09 14:00:51,051] {logging_mixin.py:109} INFO - [2022-02-09 14:00:51,050] {dag.py:2935} INFO - Setting next_dagrun for example_task_group_decorator to 2022-02-08T19:00:51.050656+00:00
[2022-02-09 14:00:51,078] {processor.py:171} INFO - Processing /opt/anaconda3/envs/af/lib/python3.7/site-packages/airflow/example_dags/example_task_group_decorator.py took 0.630 seconds
[2022-02-09 14:01:31,157] {processor.py:163} INFO - Started process (PID=11042) to work on /opt/anaconda3/envs/af/lib/python3.7/site-packages/airflow/example_dags/example_task_group_decorator.py
[2022-02-09 14:01:31,161] {processor.py:642} INFO - Processing file /opt/anaconda3/envs/af/lib/python3.7/site-packages/airflow/example_dags/example_task_group_decorator.py for tasks to queue
[2022-02-09 14:01:31,162] {logging_mixin.py:109} INFO - [2022-02-09 14:01:31,162] {dagbag.py:500} INFO - Filling up the DagBag from /opt/anaconda3/envs/af/lib/python3.7/site-packages/airflow/example_dags/example_task_group_decorator.py
[2022-02-09 14:01:31,212] {processor.py:654} INFO - DAG(s) dict_keys(['example_task_group_decorator']) retrieved from /opt/anaconda3/envs/af/lib/python3.7/site-packages/airflow/example_dags/example_task_group_decorator.py
[2022-02-09 14:01:31,584] {logging_mixin.py:109} INFO - [2022-02-09 14:01:31,583] {dag.py:2396} INFO - Sync 1 DAGs
[2022-02-09 14:01:31,600] {logging_mixin.py:109} INFO - [2022-02-09 14:01:31,599] {dag.py:2935} INFO - Setting next_dagrun for example_task_group_decorator to 2022-02-08T19:01:31.599319+00:00
[2022-02-09 14:01:31,614] {processor.py:171} INFO - Processing /opt/anaconda3/envs/af/lib/python3.7/site-packages/airflow/example_dags/example_task_group_decorator.py took 0.461 seconds
[2022-02-09 14:02:09,304] {processor.py:163} INFO - Started process (PID=11091) to work on /opt/anaconda3/envs/af/lib/python3.7/site-packages/airflow/example_dags/example_task_group_decorator.py
[2022-02-09 14:02:09,308] {processor.py:642} INFO - Processing file /opt/anaconda3/envs/af/lib/python3.7/site-packages/airflow/example_dags/example_task_group_decorator.py for tasks to queue
[2022-02-09 14:02:09,309] {logging_mixin.py:109} INFO - [2022-02-09 14:02:09,309] {dagbag.py:500} INFO - Filling up the DagBag from /opt/anaconda3/envs/af/lib/python3.7/site-packages/airflow/example_dags/example_task_group_decorator.py
[2022-02-09 14:02:09,363] {processor.py:654} INFO - DAG(s) dict_keys(['example_task_group_decorator']) retrieved from /opt/anaconda3/envs/af/lib/python3.7/site-packages/airflow/example_dags/example_task_group_decorator.py
[2022-02-09 14:02:09,754] {logging_mixin.py:109} INFO - [2022-02-09 14:02:09,753] {dag.py:2396} INFO - Sync 1 DAGs
[2022-02-09 14:02:09,769] {logging_mixin.py:109} INFO - [2022-02-09 14:02:09,768] {dag.py:2935} INFO - Setting next_dagrun for example_task_group_decorator to 2022-02-08T19:02:09.768471+00:00
[2022-02-09 14:02:09,781] {processor.py:171} INFO - Processing /opt/anaconda3/envs/af/lib/python3.7/site-packages/airflow/example_dags/example_task_group_decorator.py took 0.482 seconds
[2022-02-09 14:03:43,606] {processor.py:163} INFO - Started process (PID=11207) to work on /opt/anaconda3/envs/af/lib/python3.7/site-packages/airflow/example_dags/example_task_group_decorator.py
[2022-02-09 14:03:43,609] {processor.py:642} INFO - Processing file /opt/anaconda3/envs/af/lib/python3.7/site-packages/airflow/example_dags/example_task_group_decorator.py for tasks to queue
[2022-02-09 14:03:43,610] {logging_mixin.py:109} INFO - [2022-02-09 14:03:43,610] {dagbag.py:500} INFO - Filling up the DagBag from /opt/anaconda3/envs/af/lib/python3.7/site-packages/airflow/example_dags/example_task_group_decorator.py
[2022-02-09 14:03:43,656] {processor.py:654} INFO - DAG(s) dict_keys(['example_task_group_decorator']) retrieved from /opt/anaconda3/envs/af/lib/python3.7/site-packages/airflow/example_dags/example_task_group_decorator.py
[2022-02-09 14:03:44,044] {logging_mixin.py:109} INFO - [2022-02-09 14:03:44,044] {dag.py:2396} INFO - Sync 1 DAGs
[2022-02-09 14:03:44,060] {logging_mixin.py:109} INFO - [2022-02-09 14:03:44,059] {dag.py:2935} INFO - Setting next_dagrun for example_task_group_decorator to 2022-02-08T19:03:44.059667+00:00
[2022-02-09 14:03:44,072] {processor.py:171} INFO - Processing /opt/anaconda3/envs/af/lib/python3.7/site-packages/airflow/example_dags/example_task_group_decorator.py took 0.469 seconds
[2022-02-09 14:04:22,902] {processor.py:163} INFO - Started process (PID=11263) to work on /opt/anaconda3/envs/af/lib/python3.7/site-packages/airflow/example_dags/example_task_group_decorator.py
[2022-02-09 14:04:22,904] {processor.py:642} INFO - Processing file /opt/anaconda3/envs/af/lib/python3.7/site-packages/airflow/example_dags/example_task_group_decorator.py for tasks to queue
[2022-02-09 14:04:22,906] {logging_mixin.py:109} INFO - [2022-02-09 14:04:22,905] {dagbag.py:500} INFO - Filling up the DagBag from /opt/anaconda3/envs/af/lib/python3.7/site-packages/airflow/example_dags/example_task_group_decorator.py
[2022-02-09 14:04:22,984] {processor.py:654} INFO - DAG(s) dict_keys(['example_task_group_decorator']) retrieved from /opt/anaconda3/envs/af/lib/python3.7/site-packages/airflow/example_dags/example_task_group_decorator.py
[2022-02-09 14:04:23,931] {logging_mixin.py:109} INFO - [2022-02-09 14:04:23,931] {dag.py:2396} INFO - Sync 1 DAGs
[2022-02-09 14:04:23,954] {logging_mixin.py:109} INFO - [2022-02-09 14:04:23,954] {dag.py:2935} INFO - Setting next_dagrun for example_task_group_decorator to 2022-02-08T19:04:23.953716+00:00
[2022-02-09 14:04:23,976] {processor.py:171} INFO - Processing /opt/anaconda3/envs/af/lib/python3.7/site-packages/airflow/example_dags/example_task_group_decorator.py took 1.082 seconds
[2022-02-09 14:05:03,598] {processor.py:163} INFO - Started process (PID=11318) to work on /opt/anaconda3/envs/af/lib/python3.7/site-packages/airflow/example_dags/example_task_group_decorator.py
[2022-02-09 14:05:03,603] {processor.py:642} INFO - Processing file /opt/anaconda3/envs/af/lib/python3.7/site-packages/airflow/example_dags/example_task_group_decorator.py for tasks to queue
[2022-02-09 14:05:03,608] {logging_mixin.py:109} INFO - [2022-02-09 14:05:03,607] {dagbag.py:500} INFO - Filling up the DagBag from /opt/anaconda3/envs/af/lib/python3.7/site-packages/airflow/example_dags/example_task_group_decorator.py
[2022-02-09 14:05:04,028] {processor.py:654} INFO - DAG(s) dict_keys(['example_task_group_decorator']) retrieved from /opt/anaconda3/envs/af/lib/python3.7/site-packages/airflow/example_dags/example_task_group_decorator.py
[2022-02-09 14:05:04,772] {logging_mixin.py:109} INFO - [2022-02-09 14:05:04,771] {dag.py:2396} INFO - Sync 1 DAGs
[2022-02-09 14:05:04,791] {logging_mixin.py:109} INFO - [2022-02-09 14:05:04,791] {dag.py:2935} INFO - Setting next_dagrun for example_task_group_decorator to 2022-02-08T19:05:04.791048+00:00
[2022-02-09 14:05:04,809] {processor.py:171} INFO - Processing /opt/anaconda3/envs/af/lib/python3.7/site-packages/airflow/example_dags/example_task_group_decorator.py took 1.220 seconds
[2022-02-09 14:05:44,863] {processor.py:163} INFO - Started process (PID=11363) to work on /opt/anaconda3/envs/af/lib/python3.7/site-packages/airflow/example_dags/example_task_group_decorator.py
[2022-02-09 14:05:44,867] {processor.py:642} INFO - Processing file /opt/anaconda3/envs/af/lib/python3.7/site-packages/airflow/example_dags/example_task_group_decorator.py for tasks to queue
[2022-02-09 14:05:44,870] {logging_mixin.py:109} INFO - [2022-02-09 14:05:44,869] {dagbag.py:500} INFO - Filling up the DagBag from /opt/anaconda3/envs/af/lib/python3.7/site-packages/airflow/example_dags/example_task_group_decorator.py
[2022-02-09 14:05:44,960] {processor.py:654} INFO - DAG(s) dict_keys(['example_task_group_decorator']) retrieved from /opt/anaconda3/envs/af/lib/python3.7/site-packages/airflow/example_dags/example_task_group_decorator.py
[2022-02-09 14:05:45,553] {logging_mixin.py:109} INFO - [2022-02-09 14:05:45,553] {dag.py:2396} INFO - Sync 1 DAGs
[2022-02-09 14:05:45,570] {logging_mixin.py:109} INFO - [2022-02-09 14:05:45,569] {dag.py:2935} INFO - Setting next_dagrun for example_task_group_decorator to 2022-02-08T19:05:45.569491+00:00
[2022-02-09 14:05:45,584] {processor.py:171} INFO - Processing /opt/anaconda3/envs/af/lib/python3.7/site-packages/airflow/example_dags/example_task_group_decorator.py took 0.727 seconds
[2022-02-09 14:06:28,256] {processor.py:163} INFO - Started process (PID=11415) to work on /opt/anaconda3/envs/af/lib/python3.7/site-packages/airflow/example_dags/example_task_group_decorator.py
[2022-02-09 14:06:28,260] {processor.py:642} INFO - Processing file /opt/anaconda3/envs/af/lib/python3.7/site-packages/airflow/example_dags/example_task_group_decorator.py for tasks to queue
[2022-02-09 14:06:28,261] {logging_mixin.py:109} INFO - [2022-02-09 14:06:28,261] {dagbag.py:500} INFO - Filling up the DagBag from /opt/anaconda3/envs/af/lib/python3.7/site-packages/airflow/example_dags/example_task_group_decorator.py
[2022-02-09 14:06:28,335] {processor.py:654} INFO - DAG(s) dict_keys(['example_task_group_decorator']) retrieved from /opt/anaconda3/envs/af/lib/python3.7/site-packages/airflow/example_dags/example_task_group_decorator.py
[2022-02-09 14:06:28,788] {logging_mixin.py:109} INFO - [2022-02-09 14:06:28,787] {dag.py:2396} INFO - Sync 1 DAGs
[2022-02-09 14:06:28,803] {logging_mixin.py:109} INFO - [2022-02-09 14:06:28,803] {dag.py:2935} INFO - Setting next_dagrun for example_task_group_decorator to 2022-02-08T19:06:28.803075+00:00
[2022-02-09 14:06:28,819] {processor.py:171} INFO - Processing /opt/anaconda3/envs/af/lib/python3.7/site-packages/airflow/example_dags/example_task_group_decorator.py took 0.567 seconds
[2022-02-09 14:07:11,642] {processor.py:163} INFO - Started process (PID=11465) to work on /opt/anaconda3/envs/af/lib/python3.7/site-packages/airflow/example_dags/example_task_group_decorator.py
[2022-02-09 14:07:11,646] {processor.py:642} INFO - Processing file /opt/anaconda3/envs/af/lib/python3.7/site-packages/airflow/example_dags/example_task_group_decorator.py for tasks to queue
[2022-02-09 14:07:11,650] {logging_mixin.py:109} INFO - [2022-02-09 14:07:11,649] {dagbag.py:500} INFO - Filling up the DagBag from /opt/anaconda3/envs/af/lib/python3.7/site-packages/airflow/example_dags/example_task_group_decorator.py
[2022-02-09 14:07:11,900] {processor.py:654} INFO - DAG(s) dict_keys(['example_task_group_decorator']) retrieved from /opt/anaconda3/envs/af/lib/python3.7/site-packages/airflow/example_dags/example_task_group_decorator.py
[2022-02-09 14:07:13,166] {logging_mixin.py:109} INFO - [2022-02-09 14:07:13,165] {dag.py:2396} INFO - Sync 1 DAGs
[2022-02-09 14:07:13,315] {logging_mixin.py:109} INFO - [2022-02-09 14:07:13,312] {dag.py:2935} INFO - Setting next_dagrun for example_task_group_decorator to 2022-02-08T19:07:13.312591+00:00
[2022-02-09 14:07:13,425] {processor.py:171} INFO - Processing /opt/anaconda3/envs/af/lib/python3.7/site-packages/airflow/example_dags/example_task_group_decorator.py took 1.789 seconds
[2022-02-09 14:07:50,691] {processor.py:163} INFO - Started process (PID=11509) to work on /opt/anaconda3/envs/af/lib/python3.7/site-packages/airflow/example_dags/example_task_group_decorator.py
[2022-02-09 14:07:50,701] {processor.py:642} INFO - Processing file /opt/anaconda3/envs/af/lib/python3.7/site-packages/airflow/example_dags/example_task_group_decorator.py for tasks to queue
[2022-02-09 14:07:50,704] {logging_mixin.py:109} INFO - [2022-02-09 14:07:50,703] {dagbag.py:500} INFO - Filling up the DagBag from /opt/anaconda3/envs/af/lib/python3.7/site-packages/airflow/example_dags/example_task_group_decorator.py
[2022-02-09 14:07:50,754] {processor.py:654} INFO - DAG(s) dict_keys(['example_task_group_decorator']) retrieved from /opt/anaconda3/envs/af/lib/python3.7/site-packages/airflow/example_dags/example_task_group_decorator.py
[2022-02-09 14:07:51,140] {logging_mixin.py:109} INFO - [2022-02-09 14:07:51,139] {dag.py:2396} INFO - Sync 1 DAGs
[2022-02-09 14:07:51,153] {logging_mixin.py:109} INFO - [2022-02-09 14:07:51,153] {dag.py:2935} INFO - Setting next_dagrun for example_task_group_decorator to 2022-02-08T19:07:51.153161+00:00
[2022-02-09 14:07:51,165] {processor.py:171} INFO - Processing /opt/anaconda3/envs/af/lib/python3.7/site-packages/airflow/example_dags/example_task_group_decorator.py took 0.480 seconds
[2022-02-09 14:08:28,092] {processor.py:163} INFO - Started process (PID=11554) to work on /opt/anaconda3/envs/af/lib/python3.7/site-packages/airflow/example_dags/example_task_group_decorator.py
[2022-02-09 14:08:28,095] {processor.py:642} INFO - Processing file /opt/anaconda3/envs/af/lib/python3.7/site-packages/airflow/example_dags/example_task_group_decorator.py for tasks to queue
[2022-02-09 14:08:28,097] {logging_mixin.py:109} INFO - [2022-02-09 14:08:28,096] {dagbag.py:500} INFO - Filling up the DagBag from /opt/anaconda3/envs/af/lib/python3.7/site-packages/airflow/example_dags/example_task_group_decorator.py
[2022-02-09 14:08:28,158] {processor.py:654} INFO - DAG(s) dict_keys(['example_task_group_decorator']) retrieved from /opt/anaconda3/envs/af/lib/python3.7/site-packages/airflow/example_dags/example_task_group_decorator.py
[2022-02-09 14:08:28,590] {logging_mixin.py:109} INFO - [2022-02-09 14:08:28,589] {dag.py:2396} INFO - Sync 1 DAGs
[2022-02-09 14:08:28,604] {logging_mixin.py:109} INFO - [2022-02-09 14:08:28,603] {dag.py:2935} INFO - Setting next_dagrun for example_task_group_decorator to 2022-02-08T19:08:28.603294+00:00
[2022-02-09 14:08:28,618] {processor.py:171} INFO - Processing /opt/anaconda3/envs/af/lib/python3.7/site-packages/airflow/example_dags/example_task_group_decorator.py took 0.532 seconds
[2022-02-09 15:25:54,631] {processor.py:163} INFO - Started process (PID=13825) to work on /opt/anaconda3/envs/af/lib/python3.7/site-packages/airflow/example_dags/example_task_group_decorator.py
[2022-02-09 15:25:54,636] {processor.py:642} INFO - Processing file /opt/anaconda3/envs/af/lib/python3.7/site-packages/airflow/example_dags/example_task_group_decorator.py for tasks to queue
[2022-02-09 15:25:54,638] {logging_mixin.py:109} INFO - [2022-02-09 15:25:54,637] {dagbag.py:500} INFO - Filling up the DagBag from /opt/anaconda3/envs/af/lib/python3.7/site-packages/airflow/example_dags/example_task_group_decorator.py
[2022-02-09 15:25:54,984] {processor.py:654} INFO - DAG(s) dict_keys(['example_task_group_decorator']) retrieved from /opt/anaconda3/envs/af/lib/python3.7/site-packages/airflow/example_dags/example_task_group_decorator.py
[2022-02-09 15:25:56,338] {logging_mixin.py:109} INFO - [2022-02-09 15:25:56,338] {dag.py:2396} INFO - Sync 1 DAGs
[2022-02-09 15:25:56,375] {logging_mixin.py:109} INFO - [2022-02-09 15:25:56,375] {dag.py:2935} INFO - Setting next_dagrun for example_task_group_decorator to 2022-02-08T20:25:56.374921+00:00
[2022-02-09 15:25:56,391] {processor.py:171} INFO - Processing /opt/anaconda3/envs/af/lib/python3.7/site-packages/airflow/example_dags/example_task_group_decorator.py took 1.773 seconds
[2022-02-09 15:27:41,505] {processor.py:163} INFO - Started process (PID=13947) to work on /opt/anaconda3/envs/af/lib/python3.7/site-packages/airflow/example_dags/example_task_group_decorator.py
[2022-02-09 15:27:41,508] {processor.py:642} INFO - Processing file /opt/anaconda3/envs/af/lib/python3.7/site-packages/airflow/example_dags/example_task_group_decorator.py for tasks to queue
[2022-02-09 15:27:41,510] {logging_mixin.py:109} INFO - [2022-02-09 15:27:41,510] {dagbag.py:500} INFO - Filling up the DagBag from /opt/anaconda3/envs/af/lib/python3.7/site-packages/airflow/example_dags/example_task_group_decorator.py
[2022-02-09 15:27:41,559] {processor.py:654} INFO - DAG(s) dict_keys(['example_task_group_decorator']) retrieved from /opt/anaconda3/envs/af/lib/python3.7/site-packages/airflow/example_dags/example_task_group_decorator.py
[2022-02-09 15:27:41,947] {logging_mixin.py:109} INFO - [2022-02-09 15:27:41,947] {dag.py:2396} INFO - Sync 1 DAGs
[2022-02-09 15:27:41,962] {logging_mixin.py:109} INFO - [2022-02-09 15:27:41,962] {dag.py:2935} INFO - Setting next_dagrun for example_task_group_decorator to 2022-02-08T20:27:41.961906+00:00
[2022-02-09 15:27:41,976] {processor.py:171} INFO - Processing /opt/anaconda3/envs/af/lib/python3.7/site-packages/airflow/example_dags/example_task_group_decorator.py took 0.476 seconds
[2022-02-09 15:28:49,897] {processor.py:163} INFO - Started process (PID=14061) to work on /opt/anaconda3/envs/af/lib/python3.7/site-packages/airflow/example_dags/example_task_group_decorator.py
[2022-02-09 15:28:49,900] {processor.py:642} INFO - Processing file /opt/anaconda3/envs/af/lib/python3.7/site-packages/airflow/example_dags/example_task_group_decorator.py for tasks to queue
[2022-02-09 15:28:49,904] {logging_mixin.py:109} INFO - [2022-02-09 15:28:49,903] {dagbag.py:500} INFO - Filling up the DagBag from /opt/anaconda3/envs/af/lib/python3.7/site-packages/airflow/example_dags/example_task_group_decorator.py
[2022-02-09 15:28:49,977] {processor.py:654} INFO - DAG(s) dict_keys(['example_task_group_decorator']) retrieved from /opt/anaconda3/envs/af/lib/python3.7/site-packages/airflow/example_dags/example_task_group_decorator.py
[2022-02-09 15:28:51,754] {logging_mixin.py:109} INFO - [2022-02-09 15:28:51,753] {dag.py:2396} INFO - Sync 1 DAGs
[2022-02-09 15:28:51,804] {logging_mixin.py:109} INFO - [2022-02-09 15:28:51,804] {dag.py:2935} INFO - Setting next_dagrun for example_task_group_decorator to 2022-02-08T20:28:51.803626+00:00
[2022-02-09 15:28:51,867] {processor.py:171} INFO - Processing /opt/anaconda3/envs/af/lib/python3.7/site-packages/airflow/example_dags/example_task_group_decorator.py took 1.976 seconds
[2022-02-09 15:30:50,891] {processor.py:163} INFO - Started process (PID=14199) to work on /opt/anaconda3/envs/af/lib/python3.7/site-packages/airflow/example_dags/example_task_group_decorator.py
[2022-02-09 15:30:50,895] {processor.py:642} INFO - Processing file /opt/anaconda3/envs/af/lib/python3.7/site-packages/airflow/example_dags/example_task_group_decorator.py for tasks to queue
[2022-02-09 15:30:50,897] {logging_mixin.py:109} INFO - [2022-02-09 15:30:50,896] {dagbag.py:500} INFO - Filling up the DagBag from /opt/anaconda3/envs/af/lib/python3.7/site-packages/airflow/example_dags/example_task_group_decorator.py
[2022-02-09 15:30:50,969] {processor.py:654} INFO - DAG(s) dict_keys(['example_task_group_decorator']) retrieved from /opt/anaconda3/envs/af/lib/python3.7/site-packages/airflow/example_dags/example_task_group_decorator.py
[2022-02-09 15:30:51,579] {logging_mixin.py:109} INFO - [2022-02-09 15:30:51,578] {dag.py:2396} INFO - Sync 1 DAGs
[2022-02-09 15:30:51,613] {logging_mixin.py:109} INFO - [2022-02-09 15:30:51,612] {dag.py:2935} INFO - Setting next_dagrun for example_task_group_decorator to 2022-02-08T20:30:51.611763+00:00
[2022-02-09 15:30:51,675] {processor.py:171} INFO - Processing /opt/anaconda3/envs/af/lib/python3.7/site-packages/airflow/example_dags/example_task_group_decorator.py took 0.790 seconds
