[2022-02-09 14:00:33,334] {processor.py:163} INFO - Started process (PID=10955) to work on /opt/anaconda3/envs/af/lib/python3.7/site-packages/airflow/example_dags/example_bash_operator.py
[2022-02-09 14:00:33,338] {processor.py:642} INFO - Processing file /opt/anaconda3/envs/af/lib/python3.7/site-packages/airflow/example_dags/example_bash_operator.py for tasks to queue
[2022-02-09 14:00:33,343] {logging_mixin.py:109} INFO - [2022-02-09 14:00:33,342] {dagbag.py:500} INFO - Filling up the DagBag from /opt/anaconda3/envs/af/lib/python3.7/site-packages/airflow/example_dags/example_bash_operator.py
[2022-02-09 14:00:33,421] {processor.py:654} INFO - DAG(s) dict_keys(['example_bash_operator']) retrieved from /opt/anaconda3/envs/af/lib/python3.7/site-packages/airflow/example_dags/example_bash_operator.py
[2022-02-09 14:00:33,467] {logging_mixin.py:109} INFO - [2022-02-09 14:00:33,466] {dag.py:2396} INFO - Sync 1 DAGs
[2022-02-09 14:00:33,707] {logging_mixin.py:109} INFO - [2022-02-09 14:00:33,706] {dag.py:2935} INFO - Setting next_dagrun for example_bash_operator to 2022-02-08 00:00:00+00:00
[2022-02-09 14:00:33,748] {processor.py:171} INFO - Processing /opt/anaconda3/envs/af/lib/python3.7/site-packages/airflow/example_dags/example_bash_operator.py took 0.422 seconds
[2022-02-09 14:01:21,346] {processor.py:163} INFO - Started process (PID=11028) to work on /opt/anaconda3/envs/af/lib/python3.7/site-packages/airflow/example_dags/example_bash_operator.py
[2022-02-09 14:01:21,350] {processor.py:642} INFO - Processing file /opt/anaconda3/envs/af/lib/python3.7/site-packages/airflow/example_dags/example_bash_operator.py for tasks to queue
[2022-02-09 14:01:21,352] {logging_mixin.py:109} INFO - [2022-02-09 14:01:21,351] {dagbag.py:500} INFO - Filling up the DagBag from /opt/anaconda3/envs/af/lib/python3.7/site-packages/airflow/example_dags/example_bash_operator.py
[2022-02-09 14:01:21,397] {processor.py:654} INFO - DAG(s) dict_keys(['example_bash_operator']) retrieved from /opt/anaconda3/envs/af/lib/python3.7/site-packages/airflow/example_dags/example_bash_operator.py
[2022-02-09 14:01:21,413] {logging_mixin.py:109} INFO - [2022-02-09 14:01:21,413] {dag.py:2396} INFO - Sync 1 DAGs
[2022-02-09 14:01:21,438] {logging_mixin.py:109} INFO - [2022-02-09 14:01:21,437] {dag.py:2935} INFO - Setting next_dagrun for example_bash_operator to 2022-02-08 00:00:00+00:00
[2022-02-09 14:01:21,453] {processor.py:171} INFO - Processing /opt/anaconda3/envs/af/lib/python3.7/site-packages/airflow/example_dags/example_bash_operator.py took 0.113 seconds
[2022-02-09 14:02:03,182] {processor.py:163} INFO - Started process (PID=11081) to work on /opt/anaconda3/envs/af/lib/python3.7/site-packages/airflow/example_dags/example_bash_operator.py
[2022-02-09 14:02:03,185] {processor.py:642} INFO - Processing file /opt/anaconda3/envs/af/lib/python3.7/site-packages/airflow/example_dags/example_bash_operator.py for tasks to queue
[2022-02-09 14:02:03,186] {logging_mixin.py:109} INFO - [2022-02-09 14:02:03,186] {dagbag.py:500} INFO - Filling up the DagBag from /opt/anaconda3/envs/af/lib/python3.7/site-packages/airflow/example_dags/example_bash_operator.py
[2022-02-09 14:02:03,218] {processor.py:654} INFO - DAG(s) dict_keys(['example_bash_operator']) retrieved from /opt/anaconda3/envs/af/lib/python3.7/site-packages/airflow/example_dags/example_bash_operator.py
[2022-02-09 14:02:03,232] {logging_mixin.py:109} INFO - [2022-02-09 14:02:03,231] {dag.py:2396} INFO - Sync 1 DAGs
[2022-02-09 14:02:03,250] {logging_mixin.py:109} INFO - [2022-02-09 14:02:03,249] {dag.py:2935} INFO - Setting next_dagrun for example_bash_operator to 2022-02-08 00:00:00+00:00
[2022-02-09 14:02:03,264] {processor.py:171} INFO - Processing /opt/anaconda3/envs/af/lib/python3.7/site-packages/airflow/example_dags/example_bash_operator.py took 0.086 seconds
[2022-02-09 14:04:01,081] {processor.py:163} INFO - Started process (PID=11234) to work on /opt/anaconda3/envs/af/lib/python3.7/site-packages/airflow/example_dags/example_bash_operator.py
[2022-02-09 14:04:01,083] {processor.py:642} INFO - Processing file /opt/anaconda3/envs/af/lib/python3.7/site-packages/airflow/example_dags/example_bash_operator.py for tasks to queue
[2022-02-09 14:04:01,085] {logging_mixin.py:109} INFO - [2022-02-09 14:04:01,084] {dagbag.py:500} INFO - Filling up the DagBag from /opt/anaconda3/envs/af/lib/python3.7/site-packages/airflow/example_dags/example_bash_operator.py
[2022-02-09 14:04:01,116] {processor.py:654} INFO - DAG(s) dict_keys(['example_bash_operator']) retrieved from /opt/anaconda3/envs/af/lib/python3.7/site-packages/airflow/example_dags/example_bash_operator.py
[2022-02-09 14:04:01,129] {logging_mixin.py:109} INFO - [2022-02-09 14:04:01,129] {dag.py:2396} INFO - Sync 1 DAGs
[2022-02-09 14:04:01,260] {logging_mixin.py:109} INFO - [2022-02-09 14:04:01,259] {dag.py:2935} INFO - Setting next_dagrun for example_bash_operator to 2022-02-08 00:00:00+00:00
[2022-02-09 14:04:01,295] {processor.py:171} INFO - Processing /opt/anaconda3/envs/af/lib/python3.7/site-packages/airflow/example_dags/example_bash_operator.py took 0.218 seconds
[2022-02-09 14:04:48,879] {processor.py:163} INFO - Started process (PID=11302) to work on /opt/anaconda3/envs/af/lib/python3.7/site-packages/airflow/example_dags/example_bash_operator.py
[2022-02-09 14:04:48,883] {processor.py:642} INFO - Processing file /opt/anaconda3/envs/af/lib/python3.7/site-packages/airflow/example_dags/example_bash_operator.py for tasks to queue
[2022-02-09 14:04:48,885] {logging_mixin.py:109} INFO - [2022-02-09 14:04:48,884] {dagbag.py:500} INFO - Filling up the DagBag from /opt/anaconda3/envs/af/lib/python3.7/site-packages/airflow/example_dags/example_bash_operator.py
[2022-02-09 14:04:48,951] {processor.py:654} INFO - DAG(s) dict_keys(['example_bash_operator']) retrieved from /opt/anaconda3/envs/af/lib/python3.7/site-packages/airflow/example_dags/example_bash_operator.py
[2022-02-09 14:04:48,978] {logging_mixin.py:109} INFO - [2022-02-09 14:04:48,978] {dag.py:2396} INFO - Sync 1 DAGs
[2022-02-09 14:04:49,052] {logging_mixin.py:109} INFO - [2022-02-09 14:04:49,049] {dag.py:2935} INFO - Setting next_dagrun for example_bash_operator to 2022-02-08 00:00:00+00:00
[2022-02-09 14:04:49,070] {processor.py:171} INFO - Processing /opt/anaconda3/envs/af/lib/python3.7/site-packages/airflow/example_dags/example_bash_operator.py took 0.195 seconds
[2022-02-09 14:05:35,529] {processor.py:163} INFO - Started process (PID=11352) to work on /opt/anaconda3/envs/af/lib/python3.7/site-packages/airflow/example_dags/example_bash_operator.py
[2022-02-09 14:05:35,533] {processor.py:642} INFO - Processing file /opt/anaconda3/envs/af/lib/python3.7/site-packages/airflow/example_dags/example_bash_operator.py for tasks to queue
[2022-02-09 14:05:35,541] {logging_mixin.py:109} INFO - [2022-02-09 14:05:35,539] {dagbag.py:500} INFO - Filling up the DagBag from /opt/anaconda3/envs/af/lib/python3.7/site-packages/airflow/example_dags/example_bash_operator.py
[2022-02-09 14:05:35,629] {processor.py:654} INFO - DAG(s) dict_keys(['example_bash_operator']) retrieved from /opt/anaconda3/envs/af/lib/python3.7/site-packages/airflow/example_dags/example_bash_operator.py
[2022-02-09 14:05:35,687] {logging_mixin.py:109} INFO - [2022-02-09 14:05:35,686] {dag.py:2396} INFO - Sync 1 DAGs
[2022-02-09 14:05:35,787] {logging_mixin.py:109} INFO - [2022-02-09 14:05:35,786] {dag.py:2935} INFO - Setting next_dagrun for example_bash_operator to 2022-02-08 00:00:00+00:00
[2022-02-09 14:05:35,891] {processor.py:171} INFO - Processing /opt/anaconda3/envs/af/lib/python3.7/site-packages/airflow/example_dags/example_bash_operator.py took 0.367 seconds
[2022-02-09 14:06:21,178] {processor.py:163} INFO - Started process (PID=11406) to work on /opt/anaconda3/envs/af/lib/python3.7/site-packages/airflow/example_dags/example_bash_operator.py
[2022-02-09 14:06:21,181] {processor.py:642} INFO - Processing file /opt/anaconda3/envs/af/lib/python3.7/site-packages/airflow/example_dags/example_bash_operator.py for tasks to queue
[2022-02-09 14:06:21,185] {logging_mixin.py:109} INFO - [2022-02-09 14:06:21,184] {dagbag.py:500} INFO - Filling up the DagBag from /opt/anaconda3/envs/af/lib/python3.7/site-packages/airflow/example_dags/example_bash_operator.py
[2022-02-09 14:06:21,230] {processor.py:654} INFO - DAG(s) dict_keys(['example_bash_operator']) retrieved from /opt/anaconda3/envs/af/lib/python3.7/site-packages/airflow/example_dags/example_bash_operator.py
[2022-02-09 14:06:21,246] {logging_mixin.py:109} INFO - [2022-02-09 14:06:21,246] {dag.py:2396} INFO - Sync 1 DAGs
[2022-02-09 14:06:21,269] {logging_mixin.py:109} INFO - [2022-02-09 14:06:21,269] {dag.py:2935} INFO - Setting next_dagrun for example_bash_operator to 2022-02-08 00:00:00+00:00
[2022-02-09 14:06:21,282] {processor.py:171} INFO - Processing /opt/anaconda3/envs/af/lib/python3.7/site-packages/airflow/example_dags/example_bash_operator.py took 0.109 seconds
[2022-02-09 14:07:06,509] {processor.py:163} INFO - Started process (PID=11454) to work on /opt/anaconda3/envs/af/lib/python3.7/site-packages/airflow/example_dags/example_bash_operator.py
[2022-02-09 14:07:06,512] {processor.py:642} INFO - Processing file /opt/anaconda3/envs/af/lib/python3.7/site-packages/airflow/example_dags/example_bash_operator.py for tasks to queue
[2022-02-09 14:07:06,514] {logging_mixin.py:109} INFO - [2022-02-09 14:07:06,513] {dagbag.py:500} INFO - Filling up the DagBag from /opt/anaconda3/envs/af/lib/python3.7/site-packages/airflow/example_dags/example_bash_operator.py
[2022-02-09 14:07:06,561] {processor.py:654} INFO - DAG(s) dict_keys(['example_bash_operator']) retrieved from /opt/anaconda3/envs/af/lib/python3.7/site-packages/airflow/example_dags/example_bash_operator.py
[2022-02-09 14:07:06,577] {logging_mixin.py:109} INFO - [2022-02-09 14:07:06,577] {dag.py:2396} INFO - Sync 1 DAGs
[2022-02-09 14:07:06,604] {logging_mixin.py:109} INFO - [2022-02-09 14:07:06,604] {dag.py:2935} INFO - Setting next_dagrun for example_bash_operator to 2022-02-08 00:00:00+00:00
[2022-02-09 14:07:06,619] {processor.py:171} INFO - Processing /opt/anaconda3/envs/af/lib/python3.7/site-packages/airflow/example_dags/example_bash_operator.py took 0.115 seconds
[2022-02-09 14:07:55,943] {processor.py:163} INFO - Started process (PID=11513) to work on /opt/anaconda3/envs/af/lib/python3.7/site-packages/airflow/example_dags/example_bash_operator.py
[2022-02-09 14:07:55,946] {processor.py:642} INFO - Processing file /opt/anaconda3/envs/af/lib/python3.7/site-packages/airflow/example_dags/example_bash_operator.py for tasks to queue
[2022-02-09 14:07:55,947] {logging_mixin.py:109} INFO - [2022-02-09 14:07:55,947] {dagbag.py:500} INFO - Filling up the DagBag from /opt/anaconda3/envs/af/lib/python3.7/site-packages/airflow/example_dags/example_bash_operator.py
[2022-02-09 14:07:55,987] {processor.py:654} INFO - DAG(s) dict_keys(['example_bash_operator']) retrieved from /opt/anaconda3/envs/af/lib/python3.7/site-packages/airflow/example_dags/example_bash_operator.py
[2022-02-09 14:07:56,002] {logging_mixin.py:109} INFO - [2022-02-09 14:07:56,002] {dag.py:2396} INFO - Sync 1 DAGs
[2022-02-09 14:07:56,019] {logging_mixin.py:109} INFO - [2022-02-09 14:07:56,019] {dag.py:2935} INFO - Setting next_dagrun for example_bash_operator to 2022-02-08 00:00:00+00:00
[2022-02-09 14:07:56,031] {processor.py:171} INFO - Processing /opt/anaconda3/envs/af/lib/python3.7/site-packages/airflow/example_dags/example_bash_operator.py took 0.093 seconds
[2022-02-09 14:08:44,006] {processor.py:163} INFO - Started process (PID=11569) to work on /opt/anaconda3/envs/af/lib/python3.7/site-packages/airflow/example_dags/example_bash_operator.py
[2022-02-09 14:08:44,011] {processor.py:642} INFO - Processing file /opt/anaconda3/envs/af/lib/python3.7/site-packages/airflow/example_dags/example_bash_operator.py for tasks to queue
[2022-02-09 14:08:44,013] {logging_mixin.py:109} INFO - [2022-02-09 14:08:44,012] {dagbag.py:500} INFO - Filling up the DagBag from /opt/anaconda3/envs/af/lib/python3.7/site-packages/airflow/example_dags/example_bash_operator.py
[2022-02-09 14:08:44,058] {processor.py:654} INFO - DAG(s) dict_keys(['example_bash_operator']) retrieved from /opt/anaconda3/envs/af/lib/python3.7/site-packages/airflow/example_dags/example_bash_operator.py
[2022-02-09 14:08:44,072] {logging_mixin.py:109} INFO - [2022-02-09 14:08:44,072] {dag.py:2396} INFO - Sync 1 DAGs
[2022-02-09 14:08:44,095] {logging_mixin.py:109} INFO - [2022-02-09 14:08:44,094] {dag.py:2935} INFO - Setting next_dagrun for example_bash_operator to 2022-02-08 00:00:00+00:00
[2022-02-09 14:08:44,111] {processor.py:171} INFO - Processing /opt/anaconda3/envs/af/lib/python3.7/site-packages/airflow/example_dags/example_bash_operator.py took 0.109 seconds
[2022-02-09 15:27:23,184] {processor.py:163} INFO - Started process (PID=13927) to work on /opt/anaconda3/envs/af/lib/python3.7/site-packages/airflow/example_dags/example_bash_operator.py
[2022-02-09 15:27:23,187] {processor.py:642} INFO - Processing file /opt/anaconda3/envs/af/lib/python3.7/site-packages/airflow/example_dags/example_bash_operator.py for tasks to queue
[2022-02-09 15:27:23,190] {logging_mixin.py:109} INFO - [2022-02-09 15:27:23,189] {dagbag.py:500} INFO - Filling up the DagBag from /opt/anaconda3/envs/af/lib/python3.7/site-packages/airflow/example_dags/example_bash_operator.py
[2022-02-09 15:27:23,236] {processor.py:654} INFO - DAG(s) dict_keys(['example_bash_operator']) retrieved from /opt/anaconda3/envs/af/lib/python3.7/site-packages/airflow/example_dags/example_bash_operator.py
[2022-02-09 15:27:23,256] {logging_mixin.py:109} INFO - [2022-02-09 15:27:23,255] {dag.py:2396} INFO - Sync 1 DAGs
[2022-02-09 15:27:23,282] {logging_mixin.py:109} INFO - [2022-02-09 15:27:23,281] {dag.py:2935} INFO - Setting next_dagrun for example_bash_operator to 2022-02-08 00:00:00+00:00
[2022-02-09 15:27:23,296] {processor.py:171} INFO - Processing /opt/anaconda3/envs/af/lib/python3.7/site-packages/airflow/example_dags/example_bash_operator.py took 0.119 seconds
[2022-02-09 15:30:31,035] {processor.py:163} INFO - Started process (PID=14177) to work on /opt/anaconda3/envs/af/lib/python3.7/site-packages/airflow/example_dags/example_bash_operator.py
[2022-02-09 15:30:31,038] {processor.py:642} INFO - Processing file /opt/anaconda3/envs/af/lib/python3.7/site-packages/airflow/example_dags/example_bash_operator.py for tasks to queue
[2022-02-09 15:30:31,040] {logging_mixin.py:109} INFO - [2022-02-09 15:30:31,039] {dagbag.py:500} INFO - Filling up the DagBag from /opt/anaconda3/envs/af/lib/python3.7/site-packages/airflow/example_dags/example_bash_operator.py
[2022-02-09 15:30:31,123] {processor.py:654} INFO - DAG(s) dict_keys(['example_bash_operator']) retrieved from /opt/anaconda3/envs/af/lib/python3.7/site-packages/airflow/example_dags/example_bash_operator.py
[2022-02-09 15:30:31,138] {logging_mixin.py:109} INFO - [2022-02-09 15:30:31,138] {dag.py:2396} INFO - Sync 1 DAGs
[2022-02-09 15:30:31,157] {logging_mixin.py:109} INFO - [2022-02-09 15:30:31,156] {dag.py:2935} INFO - Setting next_dagrun for example_bash_operator to 2022-02-08 00:00:00+00:00
[2022-02-09 15:30:31,168] {processor.py:171} INFO - Processing /opt/anaconda3/envs/af/lib/python3.7/site-packages/airflow/example_dags/example_bash_operator.py took 0.139 seconds
