[2022-02-09 14:00:31,906] {processor.py:163} INFO - Started process (PID=10954) to work on /opt/anaconda3/envs/af/lib/python3.7/site-packages/airflow/example_dags/example_branch_datetime_operator.py
[2022-02-09 14:00:31,910] {processor.py:642} INFO - Processing file /opt/anaconda3/envs/af/lib/python3.7/site-packages/airflow/example_dags/example_branch_datetime_operator.py for tasks to queue
[2022-02-09 14:00:31,917] {logging_mixin.py:109} INFO - [2022-02-09 14:00:31,915] {dagbag.py:500} INFO - Filling up the DagBag from /opt/anaconda3/envs/af/lib/python3.7/site-packages/airflow/example_dags/example_branch_datetime_operator.py
[2022-02-09 14:00:32,044] {processor.py:654} INFO - DAG(s) dict_keys(['example_branch_datetime_operator_2']) retrieved from /opt/anaconda3/envs/af/lib/python3.7/site-packages/airflow/example_dags/example_branch_datetime_operator.py
[2022-02-09 14:00:32,171] {logging_mixin.py:109} INFO - [2022-02-09 14:00:32,074] {dag.py:2396} INFO - Sync 1 DAGs
[2022-02-09 14:00:32,274] {logging_mixin.py:109} INFO - [2022-02-09 14:00:32,270] {dag.py:2935} INFO - Setting next_dagrun for example_branch_datetime_operator_2 to 2022-02-08 00:00:00+00:00
[2022-02-09 14:00:32,303] {processor.py:171} INFO - Processing /opt/anaconda3/envs/af/lib/python3.7/site-packages/airflow/example_dags/example_branch_datetime_operator.py took 0.407 seconds
[2022-02-09 14:01:20,665] {processor.py:163} INFO - Started process (PID=11027) to work on /opt/anaconda3/envs/af/lib/python3.7/site-packages/airflow/example_dags/example_branch_datetime_operator.py
[2022-02-09 14:01:20,667] {processor.py:642} INFO - Processing file /opt/anaconda3/envs/af/lib/python3.7/site-packages/airflow/example_dags/example_branch_datetime_operator.py for tasks to queue
[2022-02-09 14:01:20,669] {logging_mixin.py:109} INFO - [2022-02-09 14:01:20,669] {dagbag.py:500} INFO - Filling up the DagBag from /opt/anaconda3/envs/af/lib/python3.7/site-packages/airflow/example_dags/example_branch_datetime_operator.py
[2022-02-09 14:01:20,743] {processor.py:654} INFO - DAG(s) dict_keys(['example_branch_datetime_operator_2']) retrieved from /opt/anaconda3/envs/af/lib/python3.7/site-packages/airflow/example_dags/example_branch_datetime_operator.py
[2022-02-09 14:01:20,761] {logging_mixin.py:109} INFO - [2022-02-09 14:01:20,760] {dag.py:2396} INFO - Sync 1 DAGs
[2022-02-09 14:01:20,789] {logging_mixin.py:109} INFO - [2022-02-09 14:01:20,789] {dag.py:2935} INFO - Setting next_dagrun for example_branch_datetime_operator_2 to 2022-02-08 00:00:00+00:00
[2022-02-09 14:01:20,803] {processor.py:171} INFO - Processing /opt/anaconda3/envs/af/lib/python3.7/site-packages/airflow/example_dags/example_branch_datetime_operator.py took 0.143 seconds
[2022-02-09 14:02:02,031] {processor.py:163} INFO - Started process (PID=11080) to work on /opt/anaconda3/envs/af/lib/python3.7/site-packages/airflow/example_dags/example_branch_datetime_operator.py
[2022-02-09 14:02:02,034] {processor.py:642} INFO - Processing file /opt/anaconda3/envs/af/lib/python3.7/site-packages/airflow/example_dags/example_branch_datetime_operator.py for tasks to queue
[2022-02-09 14:02:02,035] {logging_mixin.py:109} INFO - [2022-02-09 14:02:02,035] {dagbag.py:500} INFO - Filling up the DagBag from /opt/anaconda3/envs/af/lib/python3.7/site-packages/airflow/example_dags/example_branch_datetime_operator.py
[2022-02-09 14:02:02,068] {processor.py:654} INFO - DAG(s) dict_keys(['example_branch_datetime_operator_2']) retrieved from /opt/anaconda3/envs/af/lib/python3.7/site-packages/airflow/example_dags/example_branch_datetime_operator.py
[2022-02-09 14:02:02,080] {logging_mixin.py:109} INFO - [2022-02-09 14:02:02,080] {dag.py:2396} INFO - Sync 1 DAGs
[2022-02-09 14:02:02,098] {logging_mixin.py:109} INFO - [2022-02-09 14:02:02,098] {dag.py:2935} INFO - Setting next_dagrun for example_branch_datetime_operator_2 to 2022-02-08 00:00:00+00:00
[2022-02-09 14:02:02,111] {processor.py:171} INFO - Processing /opt/anaconda3/envs/af/lib/python3.7/site-packages/airflow/example_dags/example_branch_datetime_operator.py took 0.084 seconds
[2022-02-09 14:03:59,780] {processor.py:163} INFO - Started process (PID=11233) to work on /opt/anaconda3/envs/af/lib/python3.7/site-packages/airflow/example_dags/example_branch_datetime_operator.py
[2022-02-09 14:03:59,783] {processor.py:642} INFO - Processing file /opt/anaconda3/envs/af/lib/python3.7/site-packages/airflow/example_dags/example_branch_datetime_operator.py for tasks to queue
[2022-02-09 14:03:59,785] {logging_mixin.py:109} INFO - [2022-02-09 14:03:59,785] {dagbag.py:500} INFO - Filling up the DagBag from /opt/anaconda3/envs/af/lib/python3.7/site-packages/airflow/example_dags/example_branch_datetime_operator.py
[2022-02-09 14:03:59,825] {processor.py:654} INFO - DAG(s) dict_keys(['example_branch_datetime_operator_2']) retrieved from /opt/anaconda3/envs/af/lib/python3.7/site-packages/airflow/example_dags/example_branch_datetime_operator.py
[2022-02-09 14:03:59,840] {logging_mixin.py:109} INFO - [2022-02-09 14:03:59,840] {dag.py:2396} INFO - Sync 1 DAGs
[2022-02-09 14:03:59,864] {logging_mixin.py:109} INFO - [2022-02-09 14:03:59,863] {dag.py:2935} INFO - Setting next_dagrun for example_branch_datetime_operator_2 to 2022-02-08 00:00:00+00:00
[2022-02-09 14:03:59,879] {processor.py:171} INFO - Processing /opt/anaconda3/envs/af/lib/python3.7/site-packages/airflow/example_dags/example_branch_datetime_operator.py took 0.104 seconds
[2022-02-09 14:04:47,606] {processor.py:163} INFO - Started process (PID=11300) to work on /opt/anaconda3/envs/af/lib/python3.7/site-packages/airflow/example_dags/example_branch_datetime_operator.py
[2022-02-09 14:04:47,609] {processor.py:642} INFO - Processing file /opt/anaconda3/envs/af/lib/python3.7/site-packages/airflow/example_dags/example_branch_datetime_operator.py for tasks to queue
[2022-02-09 14:04:47,611] {logging_mixin.py:109} INFO - [2022-02-09 14:04:47,610] {dagbag.py:500} INFO - Filling up the DagBag from /opt/anaconda3/envs/af/lib/python3.7/site-packages/airflow/example_dags/example_branch_datetime_operator.py
[2022-02-09 14:04:47,650] {processor.py:654} INFO - DAG(s) dict_keys(['example_branch_datetime_operator_2']) retrieved from /opt/anaconda3/envs/af/lib/python3.7/site-packages/airflow/example_dags/example_branch_datetime_operator.py
[2022-02-09 14:04:47,667] {logging_mixin.py:109} INFO - [2022-02-09 14:04:47,666] {dag.py:2396} INFO - Sync 1 DAGs
[2022-02-09 14:04:47,690] {logging_mixin.py:109} INFO - [2022-02-09 14:04:47,689] {dag.py:2935} INFO - Setting next_dagrun for example_branch_datetime_operator_2 to 2022-02-08 00:00:00+00:00
[2022-02-09 14:04:47,703] {processor.py:171} INFO - Processing /opt/anaconda3/envs/af/lib/python3.7/site-packages/airflow/example_dags/example_branch_datetime_operator.py took 0.103 seconds
[2022-02-09 14:05:34,266] {processor.py:163} INFO - Started process (PID=11351) to work on /opt/anaconda3/envs/af/lib/python3.7/site-packages/airflow/example_dags/example_branch_datetime_operator.py
[2022-02-09 14:05:34,269] {processor.py:642} INFO - Processing file /opt/anaconda3/envs/af/lib/python3.7/site-packages/airflow/example_dags/example_branch_datetime_operator.py for tasks to queue
[2022-02-09 14:05:34,271] {logging_mixin.py:109} INFO - [2022-02-09 14:05:34,270] {dagbag.py:500} INFO - Filling up the DagBag from /opt/anaconda3/envs/af/lib/python3.7/site-packages/airflow/example_dags/example_branch_datetime_operator.py
[2022-02-09 14:05:34,324] {processor.py:654} INFO - DAG(s) dict_keys(['example_branch_datetime_operator_2']) retrieved from /opt/anaconda3/envs/af/lib/python3.7/site-packages/airflow/example_dags/example_branch_datetime_operator.py
[2022-02-09 14:05:34,345] {logging_mixin.py:109} INFO - [2022-02-09 14:05:34,344] {dag.py:2396} INFO - Sync 1 DAGs
[2022-02-09 14:05:34,372] {logging_mixin.py:109} INFO - [2022-02-09 14:05:34,371] {dag.py:2935} INFO - Setting next_dagrun for example_branch_datetime_operator_2 to 2022-02-08 00:00:00+00:00
[2022-02-09 14:05:34,392] {processor.py:171} INFO - Processing /opt/anaconda3/envs/af/lib/python3.7/site-packages/airflow/example_dags/example_branch_datetime_operator.py took 0.134 seconds
[2022-02-09 14:06:19,897] {processor.py:163} INFO - Started process (PID=11405) to work on /opt/anaconda3/envs/af/lib/python3.7/site-packages/airflow/example_dags/example_branch_datetime_operator.py
[2022-02-09 14:06:19,906] {processor.py:642} INFO - Processing file /opt/anaconda3/envs/af/lib/python3.7/site-packages/airflow/example_dags/example_branch_datetime_operator.py for tasks to queue
[2022-02-09 14:06:19,908] {logging_mixin.py:109} INFO - [2022-02-09 14:06:19,907] {dagbag.py:500} INFO - Filling up the DagBag from /opt/anaconda3/envs/af/lib/python3.7/site-packages/airflow/example_dags/example_branch_datetime_operator.py
[2022-02-09 14:06:19,964] {processor.py:654} INFO - DAG(s) dict_keys(['example_branch_datetime_operator_2']) retrieved from /opt/anaconda3/envs/af/lib/python3.7/site-packages/airflow/example_dags/example_branch_datetime_operator.py
[2022-02-09 14:06:19,983] {logging_mixin.py:109} INFO - [2022-02-09 14:06:19,982] {dag.py:2396} INFO - Sync 1 DAGs
[2022-02-09 14:06:20,015] {logging_mixin.py:109} INFO - [2022-02-09 14:06:20,013] {dag.py:2935} INFO - Setting next_dagrun for example_branch_datetime_operator_2 to 2022-02-08 00:00:00+00:00
[2022-02-09 14:06:20,031] {processor.py:171} INFO - Processing /opt/anaconda3/envs/af/lib/python3.7/site-packages/airflow/example_dags/example_branch_datetime_operator.py took 0.143 seconds
[2022-02-09 14:07:05,229] {processor.py:163} INFO - Started process (PID=11453) to work on /opt/anaconda3/envs/af/lib/python3.7/site-packages/airflow/example_dags/example_branch_datetime_operator.py
[2022-02-09 14:07:05,232] {processor.py:642} INFO - Processing file /opt/anaconda3/envs/af/lib/python3.7/site-packages/airflow/example_dags/example_branch_datetime_operator.py for tasks to queue
[2022-02-09 14:07:05,234] {logging_mixin.py:109} INFO - [2022-02-09 14:07:05,233] {dagbag.py:500} INFO - Filling up the DagBag from /opt/anaconda3/envs/af/lib/python3.7/site-packages/airflow/example_dags/example_branch_datetime_operator.py
[2022-02-09 14:07:05,270] {processor.py:654} INFO - DAG(s) dict_keys(['example_branch_datetime_operator_2']) retrieved from /opt/anaconda3/envs/af/lib/python3.7/site-packages/airflow/example_dags/example_branch_datetime_operator.py
[2022-02-09 14:07:05,283] {logging_mixin.py:109} INFO - [2022-02-09 14:07:05,283] {dag.py:2396} INFO - Sync 1 DAGs
[2022-02-09 14:07:05,306] {logging_mixin.py:109} INFO - [2022-02-09 14:07:05,305] {dag.py:2935} INFO - Setting next_dagrun for example_branch_datetime_operator_2 to 2022-02-08 00:00:00+00:00
[2022-02-09 14:07:05,323] {processor.py:171} INFO - Processing /opt/anaconda3/envs/af/lib/python3.7/site-packages/airflow/example_dags/example_branch_datetime_operator.py took 0.099 seconds
[2022-02-09 14:07:54,790] {processor.py:163} INFO - Started process (PID=11512) to work on /opt/anaconda3/envs/af/lib/python3.7/site-packages/airflow/example_dags/example_branch_datetime_operator.py
[2022-02-09 14:07:54,793] {processor.py:642} INFO - Processing file /opt/anaconda3/envs/af/lib/python3.7/site-packages/airflow/example_dags/example_branch_datetime_operator.py for tasks to queue
[2022-02-09 14:07:54,795] {logging_mixin.py:109} INFO - [2022-02-09 14:07:54,794] {dagbag.py:500} INFO - Filling up the DagBag from /opt/anaconda3/envs/af/lib/python3.7/site-packages/airflow/example_dags/example_branch_datetime_operator.py
[2022-02-09 14:07:54,828] {processor.py:654} INFO - DAG(s) dict_keys(['example_branch_datetime_operator_2']) retrieved from /opt/anaconda3/envs/af/lib/python3.7/site-packages/airflow/example_dags/example_branch_datetime_operator.py
[2022-02-09 14:07:54,843] {logging_mixin.py:109} INFO - [2022-02-09 14:07:54,843] {dag.py:2396} INFO - Sync 1 DAGs
[2022-02-09 14:07:54,861] {logging_mixin.py:109} INFO - [2022-02-09 14:07:54,861] {dag.py:2935} INFO - Setting next_dagrun for example_branch_datetime_operator_2 to 2022-02-08 00:00:00+00:00
[2022-02-09 14:07:54,874] {processor.py:171} INFO - Processing /opt/anaconda3/envs/af/lib/python3.7/site-packages/airflow/example_dags/example_branch_datetime_operator.py took 0.088 seconds
[2022-02-09 14:08:42,729] {processor.py:163} INFO - Started process (PID=11568) to work on /opt/anaconda3/envs/af/lib/python3.7/site-packages/airflow/example_dags/example_branch_datetime_operator.py
[2022-02-09 14:08:42,732] {processor.py:642} INFO - Processing file /opt/anaconda3/envs/af/lib/python3.7/site-packages/airflow/example_dags/example_branch_datetime_operator.py for tasks to queue
[2022-02-09 14:08:42,734] {logging_mixin.py:109} INFO - [2022-02-09 14:08:42,733] {dagbag.py:500} INFO - Filling up the DagBag from /opt/anaconda3/envs/af/lib/python3.7/site-packages/airflow/example_dags/example_branch_datetime_operator.py
[2022-02-09 14:08:42,773] {processor.py:654} INFO - DAG(s) dict_keys(['example_branch_datetime_operator_2']) retrieved from /opt/anaconda3/envs/af/lib/python3.7/site-packages/airflow/example_dags/example_branch_datetime_operator.py
[2022-02-09 14:08:42,789] {logging_mixin.py:109} INFO - [2022-02-09 14:08:42,788] {dag.py:2396} INFO - Sync 1 DAGs
[2022-02-09 14:08:42,809] {logging_mixin.py:109} INFO - [2022-02-09 14:08:42,808] {dag.py:2935} INFO - Setting next_dagrun for example_branch_datetime_operator_2 to 2022-02-08 00:00:00+00:00
[2022-02-09 14:08:42,824] {processor.py:171} INFO - Processing /opt/anaconda3/envs/af/lib/python3.7/site-packages/airflow/example_dags/example_branch_datetime_operator.py took 0.099 seconds
[2022-02-09 15:27:21,907] {processor.py:163} INFO - Started process (PID=13926) to work on /opt/anaconda3/envs/af/lib/python3.7/site-packages/airflow/example_dags/example_branch_datetime_operator.py
[2022-02-09 15:27:21,911] {processor.py:642} INFO - Processing file /opt/anaconda3/envs/af/lib/python3.7/site-packages/airflow/example_dags/example_branch_datetime_operator.py for tasks to queue
[2022-02-09 15:27:21,914] {logging_mixin.py:109} INFO - [2022-02-09 15:27:21,914] {dagbag.py:500} INFO - Filling up the DagBag from /opt/anaconda3/envs/af/lib/python3.7/site-packages/airflow/example_dags/example_branch_datetime_operator.py
[2022-02-09 15:27:21,953] {processor.py:654} INFO - DAG(s) dict_keys(['example_branch_datetime_operator_2']) retrieved from /opt/anaconda3/envs/af/lib/python3.7/site-packages/airflow/example_dags/example_branch_datetime_operator.py
[2022-02-09 15:27:21,967] {logging_mixin.py:109} INFO - [2022-02-09 15:27:21,967] {dag.py:2396} INFO - Sync 1 DAGs
[2022-02-09 15:27:21,994] {logging_mixin.py:109} INFO - [2022-02-09 15:27:21,993] {dag.py:2935} INFO - Setting next_dagrun for example_branch_datetime_operator_2 to 2022-02-08 00:00:00+00:00
[2022-02-09 15:27:22,009] {processor.py:171} INFO - Processing /opt/anaconda3/envs/af/lib/python3.7/site-packages/airflow/example_dags/example_branch_datetime_operator.py took 0.108 seconds
[2022-02-09 15:30:29,727] {processor.py:163} INFO - Started process (PID=14174) to work on /opt/anaconda3/envs/af/lib/python3.7/site-packages/airflow/example_dags/example_branch_datetime_operator.py
[2022-02-09 15:30:29,735] {processor.py:642} INFO - Processing file /opt/anaconda3/envs/af/lib/python3.7/site-packages/airflow/example_dags/example_branch_datetime_operator.py for tasks to queue
[2022-02-09 15:30:29,738] {logging_mixin.py:109} INFO - [2022-02-09 15:30:29,738] {dagbag.py:500} INFO - Filling up the DagBag from /opt/anaconda3/envs/af/lib/python3.7/site-packages/airflow/example_dags/example_branch_datetime_operator.py
[2022-02-09 15:30:29,791] {processor.py:654} INFO - DAG(s) dict_keys(['example_branch_datetime_operator_2']) retrieved from /opt/anaconda3/envs/af/lib/python3.7/site-packages/airflow/example_dags/example_branch_datetime_operator.py
[2022-02-09 15:30:29,805] {logging_mixin.py:109} INFO - [2022-02-09 15:30:29,804] {dag.py:2396} INFO - Sync 1 DAGs
[2022-02-09 15:30:29,827] {logging_mixin.py:109} INFO - [2022-02-09 15:30:29,827] {dag.py:2935} INFO - Setting next_dagrun for example_branch_datetime_operator_2 to 2022-02-08 00:00:00+00:00
[2022-02-09 15:30:29,841] {processor.py:171} INFO - Processing /opt/anaconda3/envs/af/lib/python3.7/site-packages/airflow/example_dags/example_branch_datetime_operator.py took 0.124 seconds
