[2022-02-09 14:00:30,596] {processor.py:163} INFO - Started process (PID=10951) to work on /opt/anaconda3/envs/af/lib/python3.7/site-packages/airflow/example_dags/example_branch_day_of_week_operator.py
[2022-02-09 14:00:30,597] {processor.py:642} INFO - Processing file /opt/anaconda3/envs/af/lib/python3.7/site-packages/airflow/example_dags/example_branch_day_of_week_operator.py for tasks to queue
[2022-02-09 14:00:30,599] {logging_mixin.py:109} INFO - [2022-02-09 14:00:30,598] {dagbag.py:500} INFO - Filling up the DagBag from /opt/anaconda3/envs/af/lib/python3.7/site-packages/airflow/example_dags/example_branch_day_of_week_operator.py
[2022-02-09 14:00:30,636] {processor.py:654} INFO - DAG(s) dict_keys(['example_weekday_branch_operator']) retrieved from /opt/anaconda3/envs/af/lib/python3.7/site-packages/airflow/example_dags/example_branch_day_of_week_operator.py
[2022-02-09 14:00:30,652] {logging_mixin.py:109} INFO - [2022-02-09 14:00:30,651] {dag.py:2396} INFO - Sync 1 DAGs
[2022-02-09 14:00:30,676] {logging_mixin.py:109} INFO - [2022-02-09 14:00:30,675] {dag.py:2935} INFO - Setting next_dagrun for example_weekday_branch_operator to 2022-02-08 00:00:00+00:00
[2022-02-09 14:00:30,690] {processor.py:171} INFO - Processing /opt/anaconda3/envs/af/lib/python3.7/site-packages/airflow/example_dags/example_branch_day_of_week_operator.py took 0.099 seconds
[2022-02-09 14:01:19,404] {processor.py:163} INFO - Started process (PID=11024) to work on /opt/anaconda3/envs/af/lib/python3.7/site-packages/airflow/example_dags/example_branch_day_of_week_operator.py
[2022-02-09 14:01:19,407] {processor.py:642} INFO - Processing file /opt/anaconda3/envs/af/lib/python3.7/site-packages/airflow/example_dags/example_branch_day_of_week_operator.py for tasks to queue
[2022-02-09 14:01:19,409] {logging_mixin.py:109} INFO - [2022-02-09 14:01:19,408] {dagbag.py:500} INFO - Filling up the DagBag from /opt/anaconda3/envs/af/lib/python3.7/site-packages/airflow/example_dags/example_branch_day_of_week_operator.py
[2022-02-09 14:01:19,457] {processor.py:654} INFO - DAG(s) dict_keys(['example_weekday_branch_operator']) retrieved from /opt/anaconda3/envs/af/lib/python3.7/site-packages/airflow/example_dags/example_branch_day_of_week_operator.py
[2022-02-09 14:01:19,475] {logging_mixin.py:109} INFO - [2022-02-09 14:01:19,474] {dag.py:2396} INFO - Sync 1 DAGs
[2022-02-09 14:01:19,508] {logging_mixin.py:109} INFO - [2022-02-09 14:01:19,507] {dag.py:2935} INFO - Setting next_dagrun for example_weekday_branch_operator to 2022-02-08 00:00:00+00:00
[2022-02-09 14:01:19,520] {processor.py:171} INFO - Processing /opt/anaconda3/envs/af/lib/python3.7/site-packages/airflow/example_dags/example_branch_day_of_week_operator.py took 0.123 seconds
[2022-02-09 14:02:00,766] {processor.py:163} INFO - Started process (PID=11079) to work on /opt/anaconda3/envs/af/lib/python3.7/site-packages/airflow/example_dags/example_branch_day_of_week_operator.py
[2022-02-09 14:02:00,769] {processor.py:642} INFO - Processing file /opt/anaconda3/envs/af/lib/python3.7/site-packages/airflow/example_dags/example_branch_day_of_week_operator.py for tasks to queue
[2022-02-09 14:02:00,771] {logging_mixin.py:109} INFO - [2022-02-09 14:02:00,770] {dagbag.py:500} INFO - Filling up the DagBag from /opt/anaconda3/envs/af/lib/python3.7/site-packages/airflow/example_dags/example_branch_day_of_week_operator.py
[2022-02-09 14:02:00,811] {processor.py:654} INFO - DAG(s) dict_keys(['example_weekday_branch_operator']) retrieved from /opt/anaconda3/envs/af/lib/python3.7/site-packages/airflow/example_dags/example_branch_day_of_week_operator.py
[2022-02-09 14:02:00,825] {logging_mixin.py:109} INFO - [2022-02-09 14:02:00,825] {dag.py:2396} INFO - Sync 1 DAGs
[2022-02-09 14:02:00,851] {logging_mixin.py:109} INFO - [2022-02-09 14:02:00,851] {dag.py:2935} INFO - Setting next_dagrun for example_weekday_branch_operator to 2022-02-08 00:00:00+00:00
[2022-02-09 14:02:00,868] {processor.py:171} INFO - Processing /opt/anaconda3/envs/af/lib/python3.7/site-packages/airflow/example_dags/example_branch_day_of_week_operator.py took 0.107 seconds
[2022-02-09 14:03:59,357] {processor.py:163} INFO - Started process (PID=11232) to work on /opt/anaconda3/envs/af/lib/python3.7/site-packages/airflow/example_dags/example_branch_day_of_week_operator.py
[2022-02-09 14:03:59,360] {processor.py:642} INFO - Processing file /opt/anaconda3/envs/af/lib/python3.7/site-packages/airflow/example_dags/example_branch_day_of_week_operator.py for tasks to queue
[2022-02-09 14:03:59,361] {logging_mixin.py:109} INFO - [2022-02-09 14:03:59,361] {dagbag.py:500} INFO - Filling up the DagBag from /opt/anaconda3/envs/af/lib/python3.7/site-packages/airflow/example_dags/example_branch_day_of_week_operator.py
[2022-02-09 14:03:59,398] {processor.py:654} INFO - DAG(s) dict_keys(['example_weekday_branch_operator']) retrieved from /opt/anaconda3/envs/af/lib/python3.7/site-packages/airflow/example_dags/example_branch_day_of_week_operator.py
[2022-02-09 14:03:59,414] {logging_mixin.py:109} INFO - [2022-02-09 14:03:59,414] {dag.py:2396} INFO - Sync 1 DAGs
[2022-02-09 14:03:59,435] {logging_mixin.py:109} INFO - [2022-02-09 14:03:59,434] {dag.py:2935} INFO - Setting next_dagrun for example_weekday_branch_operator to 2022-02-08 00:00:00+00:00
[2022-02-09 14:03:59,447] {processor.py:171} INFO - Processing /opt/anaconda3/envs/af/lib/python3.7/site-packages/airflow/example_dags/example_branch_day_of_week_operator.py took 0.095 seconds
[2022-02-09 14:04:47,333] {processor.py:163} INFO - Started process (PID=11297) to work on /opt/anaconda3/envs/af/lib/python3.7/site-packages/airflow/example_dags/example_branch_day_of_week_operator.py
[2022-02-09 14:04:47,336] {processor.py:642} INFO - Processing file /opt/anaconda3/envs/af/lib/python3.7/site-packages/airflow/example_dags/example_branch_day_of_week_operator.py for tasks to queue
[2022-02-09 14:04:47,337] {logging_mixin.py:109} INFO - [2022-02-09 14:04:47,337] {dagbag.py:500} INFO - Filling up the DagBag from /opt/anaconda3/envs/af/lib/python3.7/site-packages/airflow/example_dags/example_branch_day_of_week_operator.py
[2022-02-09 14:04:47,402] {processor.py:654} INFO - DAG(s) dict_keys(['example_weekday_branch_operator']) retrieved from /opt/anaconda3/envs/af/lib/python3.7/site-packages/airflow/example_dags/example_branch_day_of_week_operator.py
[2022-02-09 14:04:47,425] {logging_mixin.py:109} INFO - [2022-02-09 14:04:47,424] {dag.py:2396} INFO - Sync 1 DAGs
[2022-02-09 14:04:47,456] {logging_mixin.py:109} INFO - [2022-02-09 14:04:47,455] {dag.py:2935} INFO - Setting next_dagrun for example_weekday_branch_operator to 2022-02-08 00:00:00+00:00
[2022-02-09 14:04:47,471] {processor.py:171} INFO - Processing /opt/anaconda3/envs/af/lib/python3.7/site-packages/airflow/example_dags/example_branch_day_of_week_operator.py took 0.144 seconds
[2022-02-09 14:05:32,986] {processor.py:163} INFO - Started process (PID=11350) to work on /opt/anaconda3/envs/af/lib/python3.7/site-packages/airflow/example_dags/example_branch_day_of_week_operator.py
[2022-02-09 14:05:32,989] {processor.py:642} INFO - Processing file /opt/anaconda3/envs/af/lib/python3.7/site-packages/airflow/example_dags/example_branch_day_of_week_operator.py for tasks to queue
[2022-02-09 14:05:32,991] {logging_mixin.py:109} INFO - [2022-02-09 14:05:32,990] {dagbag.py:500} INFO - Filling up the DagBag from /opt/anaconda3/envs/af/lib/python3.7/site-packages/airflow/example_dags/example_branch_day_of_week_operator.py
[2022-02-09 14:05:33,034] {processor.py:654} INFO - DAG(s) dict_keys(['example_weekday_branch_operator']) retrieved from /opt/anaconda3/envs/af/lib/python3.7/site-packages/airflow/example_dags/example_branch_day_of_week_operator.py
[2022-02-09 14:05:33,049] {logging_mixin.py:109} INFO - [2022-02-09 14:05:33,049] {dag.py:2396} INFO - Sync 1 DAGs
[2022-02-09 14:05:33,085] {logging_mixin.py:109} INFO - [2022-02-09 14:05:33,083] {dag.py:2935} INFO - Setting next_dagrun for example_weekday_branch_operator to 2022-02-08 00:00:00+00:00
[2022-02-09 14:05:33,106] {processor.py:171} INFO - Processing /opt/anaconda3/envs/af/lib/python3.7/site-packages/airflow/example_dags/example_branch_day_of_week_operator.py took 0.125 seconds
[2022-02-09 14:06:18,644] {processor.py:163} INFO - Started process (PID=11404) to work on /opt/anaconda3/envs/af/lib/python3.7/site-packages/airflow/example_dags/example_branch_day_of_week_operator.py
[2022-02-09 14:06:18,648] {processor.py:642} INFO - Processing file /opt/anaconda3/envs/af/lib/python3.7/site-packages/airflow/example_dags/example_branch_day_of_week_operator.py for tasks to queue
[2022-02-09 14:06:18,650] {logging_mixin.py:109} INFO - [2022-02-09 14:06:18,649] {dagbag.py:500} INFO - Filling up the DagBag from /opt/anaconda3/envs/af/lib/python3.7/site-packages/airflow/example_dags/example_branch_day_of_week_operator.py
[2022-02-09 14:06:18,690] {processor.py:654} INFO - DAG(s) dict_keys(['example_weekday_branch_operator']) retrieved from /opt/anaconda3/envs/af/lib/python3.7/site-packages/airflow/example_dags/example_branch_day_of_week_operator.py
[2022-02-09 14:06:18,733] {logging_mixin.py:109} INFO - [2022-02-09 14:06:18,731] {dag.py:2396} INFO - Sync 1 DAGs
[2022-02-09 14:06:18,767] {logging_mixin.py:109} INFO - [2022-02-09 14:06:18,767] {dag.py:2935} INFO - Setting next_dagrun for example_weekday_branch_operator to 2022-02-08 00:00:00+00:00
[2022-02-09 14:06:18,780] {processor.py:171} INFO - Processing /opt/anaconda3/envs/af/lib/python3.7/site-packages/airflow/example_dags/example_branch_day_of_week_operator.py took 0.150 seconds
[2022-02-09 14:07:03,962] {processor.py:163} INFO - Started process (PID=11452) to work on /opt/anaconda3/envs/af/lib/python3.7/site-packages/airflow/example_dags/example_branch_day_of_week_operator.py
[2022-02-09 14:07:03,965] {processor.py:642} INFO - Processing file /opt/anaconda3/envs/af/lib/python3.7/site-packages/airflow/example_dags/example_branch_day_of_week_operator.py for tasks to queue
[2022-02-09 14:07:03,967] {logging_mixin.py:109} INFO - [2022-02-09 14:07:03,966] {dagbag.py:500} INFO - Filling up the DagBag from /opt/anaconda3/envs/af/lib/python3.7/site-packages/airflow/example_dags/example_branch_day_of_week_operator.py
[2022-02-09 14:07:04,007] {processor.py:654} INFO - DAG(s) dict_keys(['example_weekday_branch_operator']) retrieved from /opt/anaconda3/envs/af/lib/python3.7/site-packages/airflow/example_dags/example_branch_day_of_week_operator.py
[2022-02-09 14:07:04,022] {logging_mixin.py:109} INFO - [2022-02-09 14:07:04,021] {dag.py:2396} INFO - Sync 1 DAGs
[2022-02-09 14:07:04,042] {logging_mixin.py:109} INFO - [2022-02-09 14:07:04,042] {dag.py:2935} INFO - Setting next_dagrun for example_weekday_branch_operator to 2022-02-08 00:00:00+00:00
[2022-02-09 14:07:04,056] {processor.py:171} INFO - Processing /opt/anaconda3/envs/af/lib/python3.7/site-packages/airflow/example_dags/example_branch_day_of_week_operator.py took 0.100 seconds
[2022-02-09 14:07:45,395] {processor.py:163} INFO - Started process (PID=11502) to work on /opt/anaconda3/envs/af/lib/python3.7/site-packages/airflow/example_dags/example_branch_day_of_week_operator.py
[2022-02-09 14:07:45,398] {processor.py:642} INFO - Processing file /opt/anaconda3/envs/af/lib/python3.7/site-packages/airflow/example_dags/example_branch_day_of_week_operator.py for tasks to queue
[2022-02-09 14:07:45,399] {logging_mixin.py:109} INFO - [2022-02-09 14:07:45,399] {dagbag.py:500} INFO - Filling up the DagBag from /opt/anaconda3/envs/af/lib/python3.7/site-packages/airflow/example_dags/example_branch_day_of_week_operator.py
[2022-02-09 14:07:45,440] {processor.py:654} INFO - DAG(s) dict_keys(['example_weekday_branch_operator']) retrieved from /opt/anaconda3/envs/af/lib/python3.7/site-packages/airflow/example_dags/example_branch_day_of_week_operator.py
[2022-02-09 14:07:45,455] {logging_mixin.py:109} INFO - [2022-02-09 14:07:45,454] {dag.py:2396} INFO - Sync 1 DAGs
[2022-02-09 14:07:45,476] {logging_mixin.py:109} INFO - [2022-02-09 14:07:45,475] {dag.py:2935} INFO - Setting next_dagrun for example_weekday_branch_operator to 2022-02-08 00:00:00+00:00
[2022-02-09 14:07:45,488] {processor.py:171} INFO - Processing /opt/anaconda3/envs/af/lib/python3.7/site-packages/airflow/example_dags/example_branch_day_of_week_operator.py took 0.098 seconds
[2022-02-09 14:08:32,492] {processor.py:163} INFO - Started process (PID=11557) to work on /opt/anaconda3/envs/af/lib/python3.7/site-packages/airflow/example_dags/example_branch_day_of_week_operator.py
[2022-02-09 14:08:32,495] {processor.py:642} INFO - Processing file /opt/anaconda3/envs/af/lib/python3.7/site-packages/airflow/example_dags/example_branch_day_of_week_operator.py for tasks to queue
[2022-02-09 14:08:32,497] {logging_mixin.py:109} INFO - [2022-02-09 14:08:32,497] {dagbag.py:500} INFO - Filling up the DagBag from /opt/anaconda3/envs/af/lib/python3.7/site-packages/airflow/example_dags/example_branch_day_of_week_operator.py
[2022-02-09 14:08:32,543] {processor.py:654} INFO - DAG(s) dict_keys(['example_weekday_branch_operator']) retrieved from /opt/anaconda3/envs/af/lib/python3.7/site-packages/airflow/example_dags/example_branch_day_of_week_operator.py
[2022-02-09 14:08:32,559] {logging_mixin.py:109} INFO - [2022-02-09 14:08:32,559] {dag.py:2396} INFO - Sync 1 DAGs
[2022-02-09 14:08:32,583] {logging_mixin.py:109} INFO - [2022-02-09 14:08:32,582] {dag.py:2935} INFO - Setting next_dagrun for example_weekday_branch_operator to 2022-02-08 00:00:00+00:00
[2022-02-09 14:08:32,597] {processor.py:171} INFO - Processing /opt/anaconda3/envs/af/lib/python3.7/site-packages/airflow/example_dags/example_branch_day_of_week_operator.py took 0.112 seconds
[2022-02-09 15:27:21,340] {processor.py:163} INFO - Started process (PID=13925) to work on /opt/anaconda3/envs/af/lib/python3.7/site-packages/airflow/example_dags/example_branch_day_of_week_operator.py
[2022-02-09 15:27:21,345] {processor.py:642} INFO - Processing file /opt/anaconda3/envs/af/lib/python3.7/site-packages/airflow/example_dags/example_branch_day_of_week_operator.py for tasks to queue
[2022-02-09 15:27:21,347] {logging_mixin.py:109} INFO - [2022-02-09 15:27:21,347] {dagbag.py:500} INFO - Filling up the DagBag from /opt/anaconda3/envs/af/lib/python3.7/site-packages/airflow/example_dags/example_branch_day_of_week_operator.py
[2022-02-09 15:27:21,387] {processor.py:654} INFO - DAG(s) dict_keys(['example_weekday_branch_operator']) retrieved from /opt/anaconda3/envs/af/lib/python3.7/site-packages/airflow/example_dags/example_branch_day_of_week_operator.py
[2022-02-09 15:27:21,403] {logging_mixin.py:109} INFO - [2022-02-09 15:27:21,402] {dag.py:2396} INFO - Sync 1 DAGs
[2022-02-09 15:27:21,426] {logging_mixin.py:109} INFO - [2022-02-09 15:27:21,426] {dag.py:2935} INFO - Setting next_dagrun for example_weekday_branch_operator to 2022-02-08 00:00:00+00:00
[2022-02-09 15:27:21,452] {processor.py:171} INFO - Processing /opt/anaconda3/envs/af/lib/python3.7/site-packages/airflow/example_dags/example_branch_day_of_week_operator.py took 0.117 seconds
[2022-02-09 15:29:55,812] {processor.py:163} INFO - Started process (PID=14142) to work on /opt/anaconda3/envs/af/lib/python3.7/site-packages/airflow/example_dags/example_branch_day_of_week_operator.py
[2022-02-09 15:29:55,815] {processor.py:642} INFO - Processing file /opt/anaconda3/envs/af/lib/python3.7/site-packages/airflow/example_dags/example_branch_day_of_week_operator.py for tasks to queue
[2022-02-09 15:29:55,817] {logging_mixin.py:109} INFO - [2022-02-09 15:29:55,817] {dagbag.py:500} INFO - Filling up the DagBag from /opt/anaconda3/envs/af/lib/python3.7/site-packages/airflow/example_dags/example_branch_day_of_week_operator.py
[2022-02-09 15:29:55,881] {processor.py:654} INFO - DAG(s) dict_keys(['example_weekday_branch_operator']) retrieved from /opt/anaconda3/envs/af/lib/python3.7/site-packages/airflow/example_dags/example_branch_day_of_week_operator.py
[2022-02-09 15:29:55,897] {logging_mixin.py:109} INFO - [2022-02-09 15:29:55,896] {dag.py:2396} INFO - Sync 1 DAGs
[2022-02-09 15:29:55,922] {logging_mixin.py:109} INFO - [2022-02-09 15:29:55,922] {dag.py:2935} INFO - Setting next_dagrun for example_weekday_branch_operator to 2022-02-08 00:00:00+00:00
[2022-02-09 15:29:55,937] {processor.py:171} INFO - Processing /opt/anaconda3/envs/af/lib/python3.7/site-packages/airflow/example_dags/example_branch_day_of_week_operator.py took 0.132 seconds
