[2022-02-09 14:00:11,305] {processor.py:163} INFO - Started process (PID=10924) to work on /opt/anaconda3/envs/af/lib/python3.7/site-packages/airflow/example_dags/example_subdag_operator.py
[2022-02-09 14:00:11,306] {processor.py:642} INFO - Processing file /opt/anaconda3/envs/af/lib/python3.7/site-packages/airflow/example_dags/example_subdag_operator.py for tasks to queue
[2022-02-09 14:00:11,310] {logging_mixin.py:109} INFO - [2022-02-09 14:00:11,307] {dagbag.py:500} INFO - Filling up the DagBag from /opt/anaconda3/envs/af/lib/python3.7/site-packages/airflow/example_dags/example_subdag_operator.py
[2022-02-09 14:00:11,377] {processor.py:654} INFO - DAG(s) dict_keys(['example_subdag_operator.section-1', 'example_subdag_operator.section-2', 'example_subdag_operator']) retrieved from /opt/anaconda3/envs/af/lib/python3.7/site-packages/airflow/example_dags/example_subdag_operator.py
[2022-02-09 14:00:11,402] {logging_mixin.py:109} INFO - [2022-02-09 14:00:11,402] {dag.py:2396} INFO - Sync 3 DAGs
[2022-02-09 14:00:11,425] {logging_mixin.py:109} INFO - [2022-02-09 14:00:11,425] {dag.py:2935} INFO - Setting next_dagrun for example_subdag_operator to 2022-02-07T00:00:00+00:00
[2022-02-09 14:00:11,426] {logging_mixin.py:109} INFO - [2022-02-09 14:00:11,426] {dag.py:2935} INFO - Setting next_dagrun for example_subdag_operator.section-1 to None
[2022-02-09 14:00:11,427] {logging_mixin.py:109} INFO - [2022-02-09 14:00:11,426] {dag.py:2935} INFO - Setting next_dagrun for example_subdag_operator.section-2 to None
[2022-02-09 14:00:11,433] {logging_mixin.py:109} INFO - [2022-02-09 14:00:11,432] {dag.py:2396} INFO - Sync 2 DAGs
[2022-02-09 14:00:11,442] {logging_mixin.py:109} INFO - [2022-02-09 14:00:11,441] {dag.py:2935} INFO - Setting next_dagrun for example_subdag_operator.section-1 to None
[2022-02-09 14:00:11,443] {logging_mixin.py:109} INFO - [2022-02-09 14:00:11,442] {dag.py:2935} INFO - Setting next_dagrun for example_subdag_operator.section-2 to None
[2022-02-09 14:00:11,451] {processor.py:171} INFO - Processing /opt/anaconda3/envs/af/lib/python3.7/site-packages/airflow/example_dags/example_subdag_operator.py took 0.151 seconds
[2022-02-09 14:00:53,455] {processor.py:163} INFO - Started process (PID=10980) to work on /opt/anaconda3/envs/af/lib/python3.7/site-packages/airflow/example_dags/example_subdag_operator.py
[2022-02-09 14:00:53,458] {processor.py:642} INFO - Processing file /opt/anaconda3/envs/af/lib/python3.7/site-packages/airflow/example_dags/example_subdag_operator.py for tasks to queue
[2022-02-09 14:00:53,460] {logging_mixin.py:109} INFO - [2022-02-09 14:00:53,460] {dagbag.py:500} INFO - Filling up the DagBag from /opt/anaconda3/envs/af/lib/python3.7/site-packages/airflow/example_dags/example_subdag_operator.py
[2022-02-09 14:00:53,509] {processor.py:654} INFO - DAG(s) dict_keys(['example_subdag_operator.section-1', 'example_subdag_operator.section-2', 'example_subdag_operator']) retrieved from /opt/anaconda3/envs/af/lib/python3.7/site-packages/airflow/example_dags/example_subdag_operator.py
[2022-02-09 14:00:53,526] {logging_mixin.py:109} INFO - [2022-02-09 14:00:53,525] {dag.py:2396} INFO - Sync 3 DAGs
[2022-02-09 14:00:53,542] {logging_mixin.py:109} INFO - [2022-02-09 14:00:53,542] {dag.py:2935} INFO - Setting next_dagrun for example_subdag_operator to 2022-02-07T00:00:00+00:00
[2022-02-09 14:00:53,543] {logging_mixin.py:109} INFO - [2022-02-09 14:00:53,543] {dag.py:2935} INFO - Setting next_dagrun for example_subdag_operator.section-1 to None
[2022-02-09 14:00:53,544] {logging_mixin.py:109} INFO - [2022-02-09 14:00:53,543] {dag.py:2935} INFO - Setting next_dagrun for example_subdag_operator.section-2 to None
[2022-02-09 14:00:53,550] {logging_mixin.py:109} INFO - [2022-02-09 14:00:53,550] {dag.py:2396} INFO - Sync 2 DAGs
[2022-02-09 14:00:53,558] {logging_mixin.py:109} INFO - [2022-02-09 14:00:53,557] {dag.py:2935} INFO - Setting next_dagrun for example_subdag_operator.section-1 to None
[2022-02-09 14:00:53,558] {logging_mixin.py:109} INFO - [2022-02-09 14:00:53,558] {dag.py:2935} INFO - Setting next_dagrun for example_subdag_operator.section-2 to None
[2022-02-09 14:00:53,567] {processor.py:171} INFO - Processing /opt/anaconda3/envs/af/lib/python3.7/site-packages/airflow/example_dags/example_subdag_operator.py took 0.116 seconds
[2022-02-09 14:01:34,011] {processor.py:163} INFO - Started process (PID=11045) to work on /opt/anaconda3/envs/af/lib/python3.7/site-packages/airflow/example_dags/example_subdag_operator.py
[2022-02-09 14:01:34,015] {processor.py:642} INFO - Processing file /opt/anaconda3/envs/af/lib/python3.7/site-packages/airflow/example_dags/example_subdag_operator.py for tasks to queue
[2022-02-09 14:01:34,017] {logging_mixin.py:109} INFO - [2022-02-09 14:01:34,016] {dagbag.py:500} INFO - Filling up the DagBag from /opt/anaconda3/envs/af/lib/python3.7/site-packages/airflow/example_dags/example_subdag_operator.py
[2022-02-09 14:01:34,146] {processor.py:654} INFO - DAG(s) dict_keys(['example_subdag_operator.section-1', 'example_subdag_operator.section-2', 'example_subdag_operator']) retrieved from /opt/anaconda3/envs/af/lib/python3.7/site-packages/airflow/example_dags/example_subdag_operator.py
[2022-02-09 14:01:34,216] {logging_mixin.py:109} INFO - [2022-02-09 14:01:34,215] {dag.py:2396} INFO - Sync 3 DAGs
[2022-02-09 14:01:34,275] {logging_mixin.py:109} INFO - [2022-02-09 14:01:34,273] {dag.py:2935} INFO - Setting next_dagrun for example_subdag_operator to 2022-02-07T00:00:00+00:00
[2022-02-09 14:01:34,276] {logging_mixin.py:109} INFO - [2022-02-09 14:01:34,276] {dag.py:2935} INFO - Setting next_dagrun for example_subdag_operator.section-1 to None
[2022-02-09 14:01:34,277] {logging_mixin.py:109} INFO - [2022-02-09 14:01:34,277] {dag.py:2935} INFO - Setting next_dagrun for example_subdag_operator.section-2 to None
[2022-02-09 14:01:34,291] {logging_mixin.py:109} INFO - [2022-02-09 14:01:34,291] {dag.py:2396} INFO - Sync 2 DAGs
[2022-02-09 14:01:34,307] {logging_mixin.py:109} INFO - [2022-02-09 14:01:34,306] {dag.py:2935} INFO - Setting next_dagrun for example_subdag_operator.section-1 to None
[2022-02-09 14:01:34,309] {logging_mixin.py:109} INFO - [2022-02-09 14:01:34,308] {dag.py:2935} INFO - Setting next_dagrun for example_subdag_operator.section-2 to None
[2022-02-09 14:01:34,321] {processor.py:171} INFO - Processing /opt/anaconda3/envs/af/lib/python3.7/site-packages/airflow/example_dags/example_subdag_operator.py took 0.315 seconds
[2022-02-09 14:02:12,058] {processor.py:163} INFO - Started process (PID=11095) to work on /opt/anaconda3/envs/af/lib/python3.7/site-packages/airflow/example_dags/example_subdag_operator.py
[2022-02-09 14:02:12,061] {processor.py:642} INFO - Processing file /opt/anaconda3/envs/af/lib/python3.7/site-packages/airflow/example_dags/example_subdag_operator.py for tasks to queue
[2022-02-09 14:02:12,064] {logging_mixin.py:109} INFO - [2022-02-09 14:02:12,063] {dagbag.py:500} INFO - Filling up the DagBag from /opt/anaconda3/envs/af/lib/python3.7/site-packages/airflow/example_dags/example_subdag_operator.py
[2022-02-09 14:02:12,112] {processor.py:654} INFO - DAG(s) dict_keys(['example_subdag_operator.section-1', 'example_subdag_operator.section-2', 'example_subdag_operator']) retrieved from /opt/anaconda3/envs/af/lib/python3.7/site-packages/airflow/example_dags/example_subdag_operator.py
[2022-02-09 14:02:12,126] {logging_mixin.py:109} INFO - [2022-02-09 14:02:12,126] {dag.py:2396} INFO - Sync 3 DAGs
[2022-02-09 14:02:12,144] {logging_mixin.py:109} INFO - [2022-02-09 14:02:12,144] {dag.py:2935} INFO - Setting next_dagrun for example_subdag_operator to 2022-02-07T00:00:00+00:00
[2022-02-09 14:02:12,145] {logging_mixin.py:109} INFO - [2022-02-09 14:02:12,145] {dag.py:2935} INFO - Setting next_dagrun for example_subdag_operator.section-1 to None
[2022-02-09 14:02:12,146] {logging_mixin.py:109} INFO - [2022-02-09 14:02:12,145] {dag.py:2935} INFO - Setting next_dagrun for example_subdag_operator.section-2 to None
[2022-02-09 14:02:12,151] {logging_mixin.py:109} INFO - [2022-02-09 14:02:12,151] {dag.py:2396} INFO - Sync 2 DAGs
[2022-02-09 14:02:12,160] {logging_mixin.py:109} INFO - [2022-02-09 14:02:12,160] {dag.py:2935} INFO - Setting next_dagrun for example_subdag_operator.section-1 to None
[2022-02-09 14:02:12,161] {logging_mixin.py:109} INFO - [2022-02-09 14:02:12,160] {dag.py:2935} INFO - Setting next_dagrun for example_subdag_operator.section-2 to None
[2022-02-09 14:02:12,171] {processor.py:171} INFO - Processing /opt/anaconda3/envs/af/lib/python3.7/site-packages/airflow/example_dags/example_subdag_operator.py took 0.120 seconds
[2022-02-09 14:03:46,506] {processor.py:163} INFO - Started process (PID=11210) to work on /opt/anaconda3/envs/af/lib/python3.7/site-packages/airflow/example_dags/example_subdag_operator.py
[2022-02-09 14:03:46,516] {processor.py:642} INFO - Processing file /opt/anaconda3/envs/af/lib/python3.7/site-packages/airflow/example_dags/example_subdag_operator.py for tasks to queue
[2022-02-09 14:03:46,519] {logging_mixin.py:109} INFO - [2022-02-09 14:03:46,518] {dagbag.py:500} INFO - Filling up the DagBag from /opt/anaconda3/envs/af/lib/python3.7/site-packages/airflow/example_dags/example_subdag_operator.py
[2022-02-09 14:03:46,870] {processor.py:654} INFO - DAG(s) dict_keys(['example_subdag_operator.section-1', 'example_subdag_operator.section-2', 'example_subdag_operator']) retrieved from /opt/anaconda3/envs/af/lib/python3.7/site-packages/airflow/example_dags/example_subdag_operator.py
[2022-02-09 14:03:46,897] {logging_mixin.py:109} INFO - [2022-02-09 14:03:46,896] {dag.py:2396} INFO - Sync 3 DAGs
[2022-02-09 14:03:46,948] {logging_mixin.py:109} INFO - [2022-02-09 14:03:46,948] {dag.py:2935} INFO - Setting next_dagrun for example_subdag_operator to 2022-02-07T00:00:00+00:00
[2022-02-09 14:03:46,958] {logging_mixin.py:109} INFO - [2022-02-09 14:03:46,949] {dag.py:2935} INFO - Setting next_dagrun for example_subdag_operator.section-1 to None
[2022-02-09 14:03:46,959] {logging_mixin.py:109} INFO - [2022-02-09 14:03:46,959] {dag.py:2935} INFO - Setting next_dagrun for example_subdag_operator.section-2 to None
[2022-02-09 14:03:46,968] {logging_mixin.py:109} INFO - [2022-02-09 14:03:46,967] {dag.py:2396} INFO - Sync 2 DAGs
[2022-02-09 14:03:46,990] {logging_mixin.py:109} INFO - [2022-02-09 14:03:46,989] {dag.py:2935} INFO - Setting next_dagrun for example_subdag_operator.section-1 to None
[2022-02-09 14:03:46,991] {logging_mixin.py:109} INFO - [2022-02-09 14:03:46,991] {dag.py:2935} INFO - Setting next_dagrun for example_subdag_operator.section-2 to None
[2022-02-09 14:03:47,045] {processor.py:171} INFO - Processing /opt/anaconda3/envs/af/lib/python3.7/site-packages/airflow/example_dags/example_subdag_operator.py took 0.551 seconds
[2022-02-09 14:04:26,403] {processor.py:163} INFO - Started process (PID=11269) to work on /opt/anaconda3/envs/af/lib/python3.7/site-packages/airflow/example_dags/example_subdag_operator.py
[2022-02-09 14:04:26,406] {processor.py:642} INFO - Processing file /opt/anaconda3/envs/af/lib/python3.7/site-packages/airflow/example_dags/example_subdag_operator.py for tasks to queue
[2022-02-09 14:04:26,408] {logging_mixin.py:109} INFO - [2022-02-09 14:04:26,407] {dagbag.py:500} INFO - Filling up the DagBag from /opt/anaconda3/envs/af/lib/python3.7/site-packages/airflow/example_dags/example_subdag_operator.py
[2022-02-09 14:04:26,487] {processor.py:654} INFO - DAG(s) dict_keys(['example_subdag_operator.section-1', 'example_subdag_operator.section-2', 'example_subdag_operator']) retrieved from /opt/anaconda3/envs/af/lib/python3.7/site-packages/airflow/example_dags/example_subdag_operator.py
[2022-02-09 14:04:26,523] {logging_mixin.py:109} INFO - [2022-02-09 14:04:26,509] {dag.py:2396} INFO - Sync 3 DAGs
[2022-02-09 14:04:26,584] {logging_mixin.py:109} INFO - [2022-02-09 14:04:26,583] {dag.py:2935} INFO - Setting next_dagrun for example_subdag_operator to 2022-02-07T00:00:00+00:00
[2022-02-09 14:04:26,585] {logging_mixin.py:109} INFO - [2022-02-09 14:04:26,584] {dag.py:2935} INFO - Setting next_dagrun for example_subdag_operator.section-1 to None
[2022-02-09 14:04:26,588] {logging_mixin.py:109} INFO - [2022-02-09 14:04:26,587] {dag.py:2935} INFO - Setting next_dagrun for example_subdag_operator.section-2 to None
[2022-02-09 14:04:26,598] {logging_mixin.py:109} INFO - [2022-02-09 14:04:26,597] {dag.py:2396} INFO - Sync 2 DAGs
[2022-02-09 14:04:26,618] {logging_mixin.py:109} INFO - [2022-02-09 14:04:26,618] {dag.py:2935} INFO - Setting next_dagrun for example_subdag_operator.section-1 to None
[2022-02-09 14:04:26,619] {logging_mixin.py:109} INFO - [2022-02-09 14:04:26,618] {dag.py:2935} INFO - Setting next_dagrun for example_subdag_operator.section-2 to None
[2022-02-09 14:04:26,630] {processor.py:171} INFO - Processing /opt/anaconda3/envs/af/lib/python3.7/site-packages/airflow/example_dags/example_subdag_operator.py took 0.243 seconds
[2022-02-09 14:05:07,341] {processor.py:163} INFO - Started process (PID=11321) to work on /opt/anaconda3/envs/af/lib/python3.7/site-packages/airflow/example_dags/example_subdag_operator.py
[2022-02-09 14:05:07,343] {processor.py:642} INFO - Processing file /opt/anaconda3/envs/af/lib/python3.7/site-packages/airflow/example_dags/example_subdag_operator.py for tasks to queue
[2022-02-09 14:05:07,344] {logging_mixin.py:109} INFO - [2022-02-09 14:05:07,344] {dagbag.py:500} INFO - Filling up the DagBag from /opt/anaconda3/envs/af/lib/python3.7/site-packages/airflow/example_dags/example_subdag_operator.py
[2022-02-09 14:05:07,392] {processor.py:654} INFO - DAG(s) dict_keys(['example_subdag_operator.section-1', 'example_subdag_operator.section-2', 'example_subdag_operator']) retrieved from /opt/anaconda3/envs/af/lib/python3.7/site-packages/airflow/example_dags/example_subdag_operator.py
[2022-02-09 14:05:07,417] {logging_mixin.py:109} INFO - [2022-02-09 14:05:07,416] {dag.py:2396} INFO - Sync 3 DAGs
[2022-02-09 14:05:07,439] {logging_mixin.py:109} INFO - [2022-02-09 14:05:07,439] {dag.py:2935} INFO - Setting next_dagrun for example_subdag_operator to 2022-02-07T00:00:00+00:00
[2022-02-09 14:05:07,440] {logging_mixin.py:109} INFO - [2022-02-09 14:05:07,440] {dag.py:2935} INFO - Setting next_dagrun for example_subdag_operator.section-1 to None
[2022-02-09 14:05:07,441] {logging_mixin.py:109} INFO - [2022-02-09 14:05:07,441] {dag.py:2935} INFO - Setting next_dagrun for example_subdag_operator.section-2 to None
[2022-02-09 14:05:07,448] {logging_mixin.py:109} INFO - [2022-02-09 14:05:07,448] {dag.py:2396} INFO - Sync 2 DAGs
[2022-02-09 14:05:07,461] {logging_mixin.py:109} INFO - [2022-02-09 14:05:07,461] {dag.py:2935} INFO - Setting next_dagrun for example_subdag_operator.section-1 to None
[2022-02-09 14:05:07,462] {logging_mixin.py:109} INFO - [2022-02-09 14:05:07,462] {dag.py:2935} INFO - Setting next_dagrun for example_subdag_operator.section-2 to None
[2022-02-09 14:05:07,472] {processor.py:171} INFO - Processing /opt/anaconda3/envs/af/lib/python3.7/site-packages/airflow/example_dags/example_subdag_operator.py took 0.136 seconds
[2022-02-09 14:05:53,001] {processor.py:163} INFO - Started process (PID=11372) to work on /opt/anaconda3/envs/af/lib/python3.7/site-packages/airflow/example_dags/example_subdag_operator.py
[2022-02-09 14:05:53,005] {processor.py:642} INFO - Processing file /opt/anaconda3/envs/af/lib/python3.7/site-packages/airflow/example_dags/example_subdag_operator.py for tasks to queue
[2022-02-09 14:05:53,006] {logging_mixin.py:109} INFO - [2022-02-09 14:05:53,006] {dagbag.py:500} INFO - Filling up the DagBag from /opt/anaconda3/envs/af/lib/python3.7/site-packages/airflow/example_dags/example_subdag_operator.py
[2022-02-09 14:05:53,056] {processor.py:654} INFO - DAG(s) dict_keys(['example_subdag_operator.section-1', 'example_subdag_operator.section-2', 'example_subdag_operator']) retrieved from /opt/anaconda3/envs/af/lib/python3.7/site-packages/airflow/example_dags/example_subdag_operator.py
[2022-02-09 14:05:53,070] {logging_mixin.py:109} INFO - [2022-02-09 14:05:53,070] {dag.py:2396} INFO - Sync 3 DAGs
[2022-02-09 14:05:53,091] {logging_mixin.py:109} INFO - [2022-02-09 14:05:53,091] {dag.py:2935} INFO - Setting next_dagrun for example_subdag_operator to 2022-02-07T00:00:00+00:00
[2022-02-09 14:05:53,092] {logging_mixin.py:109} INFO - [2022-02-09 14:05:53,092] {dag.py:2935} INFO - Setting next_dagrun for example_subdag_operator.section-1 to None
[2022-02-09 14:05:53,093] {logging_mixin.py:109} INFO - [2022-02-09 14:05:53,092] {dag.py:2935} INFO - Setting next_dagrun for example_subdag_operator.section-2 to None
[2022-02-09 14:05:53,100] {logging_mixin.py:109} INFO - [2022-02-09 14:05:53,099] {dag.py:2396} INFO - Sync 2 DAGs
[2022-02-09 14:05:53,112] {logging_mixin.py:109} INFO - [2022-02-09 14:05:53,110] {dag.py:2935} INFO - Setting next_dagrun for example_subdag_operator.section-1 to None
[2022-02-09 14:05:53,113] {logging_mixin.py:109} INFO - [2022-02-09 14:05:53,113] {dag.py:2935} INFO - Setting next_dagrun for example_subdag_operator.section-2 to None
[2022-02-09 14:05:53,123] {processor.py:171} INFO - Processing /opt/anaconda3/envs/af/lib/python3.7/site-packages/airflow/example_dags/example_subdag_operator.py took 0.129 seconds
[2022-02-09 14:06:33,567] {processor.py:163} INFO - Started process (PID=11419) to work on /opt/anaconda3/envs/af/lib/python3.7/site-packages/airflow/example_dags/example_subdag_operator.py
[2022-02-09 14:06:33,569] {processor.py:642} INFO - Processing file /opt/anaconda3/envs/af/lib/python3.7/site-packages/airflow/example_dags/example_subdag_operator.py for tasks to queue
[2022-02-09 14:06:33,570] {logging_mixin.py:109} INFO - [2022-02-09 14:06:33,570] {dagbag.py:500} INFO - Filling up the DagBag from /opt/anaconda3/envs/af/lib/python3.7/site-packages/airflow/example_dags/example_subdag_operator.py
[2022-02-09 14:06:33,609] {processor.py:654} INFO - DAG(s) dict_keys(['example_subdag_operator.section-1', 'example_subdag_operator.section-2', 'example_subdag_operator']) retrieved from /opt/anaconda3/envs/af/lib/python3.7/site-packages/airflow/example_dags/example_subdag_operator.py
[2022-02-09 14:06:33,622] {logging_mixin.py:109} INFO - [2022-02-09 14:06:33,622] {dag.py:2396} INFO - Sync 3 DAGs
[2022-02-09 14:06:33,639] {logging_mixin.py:109} INFO - [2022-02-09 14:06:33,638] {dag.py:2935} INFO - Setting next_dagrun for example_subdag_operator to 2022-02-07T00:00:00+00:00
[2022-02-09 14:06:33,640] {logging_mixin.py:109} INFO - [2022-02-09 14:06:33,639] {dag.py:2935} INFO - Setting next_dagrun for example_subdag_operator.section-1 to None
[2022-02-09 14:06:33,640] {logging_mixin.py:109} INFO - [2022-02-09 14:06:33,640] {dag.py:2935} INFO - Setting next_dagrun for example_subdag_operator.section-2 to None
[2022-02-09 14:06:33,646] {logging_mixin.py:109} INFO - [2022-02-09 14:06:33,646] {dag.py:2396} INFO - Sync 2 DAGs
[2022-02-09 14:06:33,654] {logging_mixin.py:109} INFO - [2022-02-09 14:06:33,653] {dag.py:2935} INFO - Setting next_dagrun for example_subdag_operator.section-1 to None
[2022-02-09 14:06:33,654] {logging_mixin.py:109} INFO - [2022-02-09 14:06:33,654] {dag.py:2935} INFO - Setting next_dagrun for example_subdag_operator.section-2 to None
[2022-02-09 14:06:33,665] {processor.py:171} INFO - Processing /opt/anaconda3/envs/af/lib/python3.7/site-packages/airflow/example_dags/example_subdag_operator.py took 0.101 seconds
[2022-02-09 14:07:15,840] {processor.py:163} INFO - Started process (PID=11468) to work on /opt/anaconda3/envs/af/lib/python3.7/site-packages/airflow/example_dags/example_subdag_operator.py
[2022-02-09 14:07:15,843] {processor.py:642} INFO - Processing file /opt/anaconda3/envs/af/lib/python3.7/site-packages/airflow/example_dags/example_subdag_operator.py for tasks to queue
[2022-02-09 14:07:15,848] {logging_mixin.py:109} INFO - [2022-02-09 14:07:15,848] {dagbag.py:500} INFO - Filling up the DagBag from /opt/anaconda3/envs/af/lib/python3.7/site-packages/airflow/example_dags/example_subdag_operator.py
[2022-02-09 14:07:15,924] {processor.py:654} INFO - DAG(s) dict_keys(['example_subdag_operator.section-1', 'example_subdag_operator.section-2', 'example_subdag_operator']) retrieved from /opt/anaconda3/envs/af/lib/python3.7/site-packages/airflow/example_dags/example_subdag_operator.py
[2022-02-09 14:07:15,965] {logging_mixin.py:109} INFO - [2022-02-09 14:07:15,965] {dag.py:2396} INFO - Sync 3 DAGs
[2022-02-09 14:07:16,005] {logging_mixin.py:109} INFO - [2022-02-09 14:07:16,002] {dag.py:2935} INFO - Setting next_dagrun for example_subdag_operator to 2022-02-07T00:00:00+00:00
[2022-02-09 14:07:16,007] {logging_mixin.py:109} INFO - [2022-02-09 14:07:16,007] {dag.py:2935} INFO - Setting next_dagrun for example_subdag_operator.section-1 to None
[2022-02-09 14:07:16,009] {logging_mixin.py:109} INFO - [2022-02-09 14:07:16,008] {dag.py:2935} INFO - Setting next_dagrun for example_subdag_operator.section-2 to None
[2022-02-09 14:07:16,018] {logging_mixin.py:109} INFO - [2022-02-09 14:07:16,018] {dag.py:2396} INFO - Sync 2 DAGs
[2022-02-09 14:07:16,033] {logging_mixin.py:109} INFO - [2022-02-09 14:07:16,032] {dag.py:2935} INFO - Setting next_dagrun for example_subdag_operator.section-1 to None
[2022-02-09 14:07:16,034] {logging_mixin.py:109} INFO - [2022-02-09 14:07:16,033] {dag.py:2935} INFO - Setting next_dagrun for example_subdag_operator.section-2 to None
[2022-02-09 14:07:16,054] {processor.py:171} INFO - Processing /opt/anaconda3/envs/af/lib/python3.7/site-packages/airflow/example_dags/example_subdag_operator.py took 0.221 seconds
[2022-02-09 14:07:53,529] {processor.py:163} INFO - Started process (PID=11511) to work on /opt/anaconda3/envs/af/lib/python3.7/site-packages/airflow/example_dags/example_subdag_operator.py
[2022-02-09 14:07:53,532] {processor.py:642} INFO - Processing file /opt/anaconda3/envs/af/lib/python3.7/site-packages/airflow/example_dags/example_subdag_operator.py for tasks to queue
[2022-02-09 14:07:53,534] {logging_mixin.py:109} INFO - [2022-02-09 14:07:53,533] {dagbag.py:500} INFO - Filling up the DagBag from /opt/anaconda3/envs/af/lib/python3.7/site-packages/airflow/example_dags/example_subdag_operator.py
[2022-02-09 14:07:53,582] {processor.py:654} INFO - DAG(s) dict_keys(['example_subdag_operator.section-1', 'example_subdag_operator.section-2', 'example_subdag_operator']) retrieved from /opt/anaconda3/envs/af/lib/python3.7/site-packages/airflow/example_dags/example_subdag_operator.py
[2022-02-09 14:07:53,595] {logging_mixin.py:109} INFO - [2022-02-09 14:07:53,595] {dag.py:2396} INFO - Sync 3 DAGs
[2022-02-09 14:07:53,614] {logging_mixin.py:109} INFO - [2022-02-09 14:07:53,613] {dag.py:2935} INFO - Setting next_dagrun for example_subdag_operator to 2022-02-07T00:00:00+00:00
[2022-02-09 14:07:53,615] {logging_mixin.py:109} INFO - [2022-02-09 14:07:53,614] {dag.py:2935} INFO - Setting next_dagrun for example_subdag_operator.section-1 to None
[2022-02-09 14:07:53,616] {logging_mixin.py:109} INFO - [2022-02-09 14:07:53,616] {dag.py:2935} INFO - Setting next_dagrun for example_subdag_operator.section-2 to None
[2022-02-09 14:07:53,624] {logging_mixin.py:109} INFO - [2022-02-09 14:07:53,623] {dag.py:2396} INFO - Sync 2 DAGs
[2022-02-09 14:07:53,632] {logging_mixin.py:109} INFO - [2022-02-09 14:07:53,631] {dag.py:2935} INFO - Setting next_dagrun for example_subdag_operator.section-1 to None
[2022-02-09 14:07:53,633] {logging_mixin.py:109} INFO - [2022-02-09 14:07:53,632] {dag.py:2935} INFO - Setting next_dagrun for example_subdag_operator.section-2 to None
[2022-02-09 14:07:53,643] {processor.py:171} INFO - Processing /opt/anaconda3/envs/af/lib/python3.7/site-packages/airflow/example_dags/example_subdag_operator.py took 0.119 seconds
[2022-02-09 14:08:37,620] {processor.py:163} INFO - Started process (PID=11562) to work on /opt/anaconda3/envs/af/lib/python3.7/site-packages/airflow/example_dags/example_subdag_operator.py
[2022-02-09 14:08:37,624] {processor.py:642} INFO - Processing file /opt/anaconda3/envs/af/lib/python3.7/site-packages/airflow/example_dags/example_subdag_operator.py for tasks to queue
[2022-02-09 14:08:37,626] {logging_mixin.py:109} INFO - [2022-02-09 14:08:37,625] {dagbag.py:500} INFO - Filling up the DagBag from /opt/anaconda3/envs/af/lib/python3.7/site-packages/airflow/example_dags/example_subdag_operator.py
[2022-02-09 14:08:37,679] {processor.py:654} INFO - DAG(s) dict_keys(['example_subdag_operator.section-1', 'example_subdag_operator.section-2', 'example_subdag_operator']) retrieved from /opt/anaconda3/envs/af/lib/python3.7/site-packages/airflow/example_dags/example_subdag_operator.py
[2022-02-09 14:08:37,704] {logging_mixin.py:109} INFO - [2022-02-09 14:08:37,700] {dag.py:2396} INFO - Sync 3 DAGs
[2022-02-09 14:08:37,733] {logging_mixin.py:109} INFO - [2022-02-09 14:08:37,732] {dag.py:2935} INFO - Setting next_dagrun for example_subdag_operator to 2022-02-07T00:00:00+00:00
[2022-02-09 14:08:37,734] {logging_mixin.py:109} INFO - [2022-02-09 14:08:37,734] {dag.py:2935} INFO - Setting next_dagrun for example_subdag_operator.section-1 to None
[2022-02-09 14:08:37,736] {logging_mixin.py:109} INFO - [2022-02-09 14:08:37,735] {dag.py:2935} INFO - Setting next_dagrun for example_subdag_operator.section-2 to None
[2022-02-09 14:08:37,746] {logging_mixin.py:109} INFO - [2022-02-09 14:08:37,745] {dag.py:2396} INFO - Sync 2 DAGs
[2022-02-09 14:08:37,755] {logging_mixin.py:109} INFO - [2022-02-09 14:08:37,754] {dag.py:2935} INFO - Setting next_dagrun for example_subdag_operator.section-1 to None
[2022-02-09 14:08:37,756] {logging_mixin.py:109} INFO - [2022-02-09 14:08:37,756] {dag.py:2935} INFO - Setting next_dagrun for example_subdag_operator.section-2 to None
[2022-02-09 14:08:37,765] {processor.py:171} INFO - Processing /opt/anaconda3/envs/af/lib/python3.7/site-packages/airflow/example_dags/example_subdag_operator.py took 0.151 seconds
[2022-02-09 15:25:58,958] {processor.py:163} INFO - Started process (PID=13832) to work on /opt/anaconda3/envs/af/lib/python3.7/site-packages/airflow/example_dags/example_subdag_operator.py
[2022-02-09 15:25:58,962] {processor.py:642} INFO - Processing file /opt/anaconda3/envs/af/lib/python3.7/site-packages/airflow/example_dags/example_subdag_operator.py for tasks to queue
[2022-02-09 15:25:58,964] {logging_mixin.py:109} INFO - [2022-02-09 15:25:58,964] {dagbag.py:500} INFO - Filling up the DagBag from /opt/anaconda3/envs/af/lib/python3.7/site-packages/airflow/example_dags/example_subdag_operator.py
[2022-02-09 15:25:59,027] {processor.py:654} INFO - DAG(s) dict_keys(['example_subdag_operator.section-1', 'example_subdag_operator.section-2', 'example_subdag_operator']) retrieved from /opt/anaconda3/envs/af/lib/python3.7/site-packages/airflow/example_dags/example_subdag_operator.py
[2022-02-09 15:25:59,054] {logging_mixin.py:109} INFO - [2022-02-09 15:25:59,053] {dag.py:2396} INFO - Sync 3 DAGs
[2022-02-09 15:25:59,079] {logging_mixin.py:109} INFO - [2022-02-09 15:25:59,078] {dag.py:2935} INFO - Setting next_dagrun for example_subdag_operator to 2022-02-07T00:00:00+00:00
[2022-02-09 15:25:59,081] {logging_mixin.py:109} INFO - [2022-02-09 15:25:59,080] {dag.py:2935} INFO - Setting next_dagrun for example_subdag_operator.section-1 to None
[2022-02-09 15:25:59,082] {logging_mixin.py:109} INFO - [2022-02-09 15:25:59,082] {dag.py:2935} INFO - Setting next_dagrun for example_subdag_operator.section-2 to None
[2022-02-09 15:25:59,090] {logging_mixin.py:109} INFO - [2022-02-09 15:25:59,090] {dag.py:2396} INFO - Sync 2 DAGs
[2022-02-09 15:25:59,105] {logging_mixin.py:109} INFO - [2022-02-09 15:25:59,104] {dag.py:2935} INFO - Setting next_dagrun for example_subdag_operator.section-1 to None
[2022-02-09 15:25:59,106] {logging_mixin.py:109} INFO - [2022-02-09 15:25:59,105] {dag.py:2935} INFO - Setting next_dagrun for example_subdag_operator.section-2 to None
[2022-02-09 15:25:59,118] {processor.py:171} INFO - Processing /opt/anaconda3/envs/af/lib/python3.7/site-packages/airflow/example_dags/example_subdag_operator.py took 0.165 seconds
[2022-02-09 15:27:44,495] {processor.py:163} INFO - Started process (PID=13949) to work on /opt/anaconda3/envs/af/lib/python3.7/site-packages/airflow/example_dags/example_subdag_operator.py
[2022-02-09 15:27:44,498] {processor.py:642} INFO - Processing file /opt/anaconda3/envs/af/lib/python3.7/site-packages/airflow/example_dags/example_subdag_operator.py for tasks to queue
[2022-02-09 15:27:44,501] {logging_mixin.py:109} INFO - [2022-02-09 15:27:44,500] {dagbag.py:500} INFO - Filling up the DagBag from /opt/anaconda3/envs/af/lib/python3.7/site-packages/airflow/example_dags/example_subdag_operator.py
[2022-02-09 15:27:44,631] {processor.py:654} INFO - DAG(s) dict_keys(['example_subdag_operator.section-1', 'example_subdag_operator.section-2', 'example_subdag_operator']) retrieved from /opt/anaconda3/envs/af/lib/python3.7/site-packages/airflow/example_dags/example_subdag_operator.py
[2022-02-09 15:27:44,782] {logging_mixin.py:109} INFO - [2022-02-09 15:27:44,781] {dag.py:2396} INFO - Sync 3 DAGs
[2022-02-09 15:27:44,813] {logging_mixin.py:109} INFO - [2022-02-09 15:27:44,812] {dag.py:2935} INFO - Setting next_dagrun for example_subdag_operator to 2022-02-07T00:00:00+00:00
[2022-02-09 15:27:44,814] {logging_mixin.py:109} INFO - [2022-02-09 15:27:44,813] {dag.py:2935} INFO - Setting next_dagrun for example_subdag_operator.section-1 to None
[2022-02-09 15:27:44,814] {logging_mixin.py:109} INFO - [2022-02-09 15:27:44,814] {dag.py:2935} INFO - Setting next_dagrun for example_subdag_operator.section-2 to None
[2022-02-09 15:27:44,947] {logging_mixin.py:109} INFO - [2022-02-09 15:27:44,895] {dag.py:2396} INFO - Sync 2 DAGs
[2022-02-09 15:27:44,970] {logging_mixin.py:109} INFO - [2022-02-09 15:27:44,968] {dag.py:2935} INFO - Setting next_dagrun for example_subdag_operator.section-1 to None
[2022-02-09 15:27:44,972] {logging_mixin.py:109} INFO - [2022-02-09 15:27:44,971] {dag.py:2935} INFO - Setting next_dagrun for example_subdag_operator.section-2 to None
[2022-02-09 15:27:44,985] {processor.py:171} INFO - Processing /opt/anaconda3/envs/af/lib/python3.7/site-packages/airflow/example_dags/example_subdag_operator.py took 0.497 seconds
[2022-02-09 15:28:54,593] {processor.py:163} INFO - Started process (PID=14065) to work on /opt/anaconda3/envs/af/lib/python3.7/site-packages/airflow/example_dags/example_subdag_operator.py
[2022-02-09 15:28:54,602] {processor.py:642} INFO - Processing file /opt/anaconda3/envs/af/lib/python3.7/site-packages/airflow/example_dags/example_subdag_operator.py for tasks to queue
[2022-02-09 15:28:54,607] {logging_mixin.py:109} INFO - [2022-02-09 15:28:54,604] {dagbag.py:500} INFO - Filling up the DagBag from /opt/anaconda3/envs/af/lib/python3.7/site-packages/airflow/example_dags/example_subdag_operator.py
[2022-02-09 15:28:54,707] {processor.py:654} INFO - DAG(s) dict_keys(['example_subdag_operator.section-1', 'example_subdag_operator.section-2', 'example_subdag_operator']) retrieved from /opt/anaconda3/envs/af/lib/python3.7/site-packages/airflow/example_dags/example_subdag_operator.py
[2022-02-09 15:28:54,773] {logging_mixin.py:109} INFO - [2022-02-09 15:28:54,772] {dag.py:2396} INFO - Sync 3 DAGs
[2022-02-09 15:28:54,860] {logging_mixin.py:109} INFO - [2022-02-09 15:28:54,860] {dag.py:2935} INFO - Setting next_dagrun for example_subdag_operator to 2022-02-07T00:00:00+00:00
[2022-02-09 15:28:54,861] {logging_mixin.py:109} INFO - [2022-02-09 15:28:54,861] {dag.py:2935} INFO - Setting next_dagrun for example_subdag_operator.section-1 to None
[2022-02-09 15:28:54,862] {logging_mixin.py:109} INFO - [2022-02-09 15:28:54,862] {dag.py:2935} INFO - Setting next_dagrun for example_subdag_operator.section-2 to None
[2022-02-09 15:28:54,875] {logging_mixin.py:109} INFO - [2022-02-09 15:28:54,874] {dag.py:2396} INFO - Sync 2 DAGs
[2022-02-09 15:28:54,902] {logging_mixin.py:109} INFO - [2022-02-09 15:28:54,901] {dag.py:2935} INFO - Setting next_dagrun for example_subdag_operator.section-1 to None
[2022-02-09 15:28:54,907] {logging_mixin.py:109} INFO - [2022-02-09 15:28:54,906] {dag.py:2935} INFO - Setting next_dagrun for example_subdag_operator.section-2 to None
[2022-02-09 15:28:54,971] {processor.py:171} INFO - Processing /opt/anaconda3/envs/af/lib/python3.7/site-packages/airflow/example_dags/example_subdag_operator.py took 0.407 seconds
[2022-02-09 15:30:54,052] {processor.py:163} INFO - Started process (PID=14201) to work on /opt/anaconda3/envs/af/lib/python3.7/site-packages/airflow/example_dags/example_subdag_operator.py
[2022-02-09 15:30:54,056] {processor.py:642} INFO - Processing file /opt/anaconda3/envs/af/lib/python3.7/site-packages/airflow/example_dags/example_subdag_operator.py for tasks to queue
[2022-02-09 15:30:54,059] {logging_mixin.py:109} INFO - [2022-02-09 15:30:54,058] {dagbag.py:500} INFO - Filling up the DagBag from /opt/anaconda3/envs/af/lib/python3.7/site-packages/airflow/example_dags/example_subdag_operator.py
[2022-02-09 15:30:54,115] {processor.py:654} INFO - DAG(s) dict_keys(['example_subdag_operator.section-1', 'example_subdag_operator.section-2', 'example_subdag_operator']) retrieved from /opt/anaconda3/envs/af/lib/python3.7/site-packages/airflow/example_dags/example_subdag_operator.py
[2022-02-09 15:30:54,137] {logging_mixin.py:109} INFO - [2022-02-09 15:30:54,137] {dag.py:2396} INFO - Sync 3 DAGs
[2022-02-09 15:30:54,168] {logging_mixin.py:109} INFO - [2022-02-09 15:30:54,167] {dag.py:2935} INFO - Setting next_dagrun for example_subdag_operator to 2022-02-07T00:00:00+00:00
[2022-02-09 15:30:54,170] {logging_mixin.py:109} INFO - [2022-02-09 15:30:54,169] {dag.py:2935} INFO - Setting next_dagrun for example_subdag_operator.section-1 to None
[2022-02-09 15:30:54,172] {logging_mixin.py:109} INFO - [2022-02-09 15:30:54,171] {dag.py:2935} INFO - Setting next_dagrun for example_subdag_operator.section-2 to None
[2022-02-09 15:30:54,180] {logging_mixin.py:109} INFO - [2022-02-09 15:30:54,179] {dag.py:2396} INFO - Sync 2 DAGs
[2022-02-09 15:30:54,191] {logging_mixin.py:109} INFO - [2022-02-09 15:30:54,190] {dag.py:2935} INFO - Setting next_dagrun for example_subdag_operator.section-1 to None
[2022-02-09 15:30:54,193] {logging_mixin.py:109} INFO - [2022-02-09 15:30:54,192] {dag.py:2935} INFO - Setting next_dagrun for example_subdag_operator.section-2 to None
[2022-02-09 15:30:54,204] {processor.py:171} INFO - Processing /opt/anaconda3/envs/af/lib/python3.7/site-packages/airflow/example_dags/example_subdag_operator.py took 0.158 seconds
