[2022-02-09 14:00:12,569] {processor.py:163} INFO - Started process (PID=10925) to work on /opt/anaconda3/envs/af/lib/python3.7/site-packages/airflow/example_dags/example_sla_dag.py
[2022-02-09 14:00:12,571] {processor.py:642} INFO - Processing file /opt/anaconda3/envs/af/lib/python3.7/site-packages/airflow/example_dags/example_sla_dag.py for tasks to queue
[2022-02-09 14:00:12,573] {logging_mixin.py:109} INFO - [2022-02-09 14:00:12,572] {dagbag.py:500} INFO - Filling up the DagBag from /opt/anaconda3/envs/af/lib/python3.7/site-packages/airflow/example_dags/example_sla_dag.py
[2022-02-09 14:00:12,608] {processor.py:654} INFO - DAG(s) dict_keys(['example_sla_dag']) retrieved from /opt/anaconda3/envs/af/lib/python3.7/site-packages/airflow/example_dags/example_sla_dag.py
[2022-02-09 14:00:12,624] {logging_mixin.py:109} INFO - [2022-02-09 14:00:12,624] {dag.py:2396} INFO - Sync 1 DAGs
[2022-02-09 14:00:12,649] {logging_mixin.py:109} INFO - [2022-02-09 14:00:12,648] {dag.py:2935} INFO - Setting next_dagrun for example_sla_dag to 2022-02-09T18:58:00+00:00
[2022-02-09 14:00:12,660] {processor.py:171} INFO - Processing /opt/anaconda3/envs/af/lib/python3.7/site-packages/airflow/example_dags/example_sla_dag.py took 0.096 seconds
[2022-02-09 14:00:54,728] {processor.py:163} INFO - Started process (PID=10981) to work on /opt/anaconda3/envs/af/lib/python3.7/site-packages/airflow/example_dags/example_sla_dag.py
[2022-02-09 14:00:54,731] {processor.py:642} INFO - Processing file /opt/anaconda3/envs/af/lib/python3.7/site-packages/airflow/example_dags/example_sla_dag.py for tasks to queue
[2022-02-09 14:00:54,733] {logging_mixin.py:109} INFO - [2022-02-09 14:00:54,733] {dagbag.py:500} INFO - Filling up the DagBag from /opt/anaconda3/envs/af/lib/python3.7/site-packages/airflow/example_dags/example_sla_dag.py
[2022-02-09 14:00:54,770] {processor.py:654} INFO - DAG(s) dict_keys(['example_sla_dag']) retrieved from /opt/anaconda3/envs/af/lib/python3.7/site-packages/airflow/example_dags/example_sla_dag.py
[2022-02-09 14:00:54,781] {logging_mixin.py:109} INFO - [2022-02-09 14:00:54,781] {dag.py:2396} INFO - Sync 1 DAGs
[2022-02-09 14:00:54,801] {logging_mixin.py:109} INFO - [2022-02-09 14:00:54,800] {dag.py:2935} INFO - Setting next_dagrun for example_sla_dag to 2022-02-09T18:58:00+00:00
[2022-02-09 14:00:54,811] {processor.py:171} INFO - Processing /opt/anaconda3/envs/af/lib/python3.7/site-packages/airflow/example_dags/example_sla_dag.py took 0.092 seconds
[2022-02-09 14:01:35,484] {processor.py:163} INFO - Started process (PID=11046) to work on /opt/anaconda3/envs/af/lib/python3.7/site-packages/airflow/example_dags/example_sla_dag.py
[2022-02-09 14:01:35,488] {processor.py:642} INFO - Processing file /opt/anaconda3/envs/af/lib/python3.7/site-packages/airflow/example_dags/example_sla_dag.py for tasks to queue
[2022-02-09 14:01:35,489] {logging_mixin.py:109} INFO - [2022-02-09 14:01:35,488] {dagbag.py:500} INFO - Filling up the DagBag from /opt/anaconda3/envs/af/lib/python3.7/site-packages/airflow/example_dags/example_sla_dag.py
[2022-02-09 14:01:35,533] {processor.py:654} INFO - DAG(s) dict_keys(['example_sla_dag']) retrieved from /opt/anaconda3/envs/af/lib/python3.7/site-packages/airflow/example_dags/example_sla_dag.py
[2022-02-09 14:01:35,547] {logging_mixin.py:109} INFO - [2022-02-09 14:01:35,547] {dag.py:2396} INFO - Sync 1 DAGs
[2022-02-09 14:01:35,571] {logging_mixin.py:109} INFO - [2022-02-09 14:01:35,571] {dag.py:2935} INFO - Setting next_dagrun for example_sla_dag to 2022-02-09T18:58:00+00:00
[2022-02-09 14:01:35,582] {processor.py:171} INFO - Processing /opt/anaconda3/envs/af/lib/python3.7/site-packages/airflow/example_dags/example_sla_dag.py took 0.103 seconds
[2022-02-09 14:02:13,311] {processor.py:163} INFO - Started process (PID=11096) to work on /opt/anaconda3/envs/af/lib/python3.7/site-packages/airflow/example_dags/example_sla_dag.py
[2022-02-09 14:02:13,315] {processor.py:642} INFO - Processing file /opt/anaconda3/envs/af/lib/python3.7/site-packages/airflow/example_dags/example_sla_dag.py for tasks to queue
[2022-02-09 14:02:13,316] {logging_mixin.py:109} INFO - [2022-02-09 14:02:13,316] {dagbag.py:500} INFO - Filling up the DagBag from /opt/anaconda3/envs/af/lib/python3.7/site-packages/airflow/example_dags/example_sla_dag.py
[2022-02-09 14:02:13,353] {processor.py:654} INFO - DAG(s) dict_keys(['example_sla_dag']) retrieved from /opt/anaconda3/envs/af/lib/python3.7/site-packages/airflow/example_dags/example_sla_dag.py
[2022-02-09 14:02:13,366] {logging_mixin.py:109} INFO - [2022-02-09 14:02:13,366] {dag.py:2396} INFO - Sync 1 DAGs
[2022-02-09 14:02:13,391] {logging_mixin.py:109} INFO - [2022-02-09 14:02:13,390] {dag.py:2935} INFO - Setting next_dagrun for example_sla_dag to 2022-02-09T19:00:00+00:00
[2022-02-09 14:02:13,402] {processor.py:171} INFO - Processing /opt/anaconda3/envs/af/lib/python3.7/site-packages/airflow/example_dags/example_sla_dag.py took 0.095 seconds
[2022-02-09 14:03:48,170] {processor.py:163} INFO - Started process (PID=11215) to work on /opt/anaconda3/envs/af/lib/python3.7/site-packages/airflow/example_dags/example_sla_dag.py
[2022-02-09 14:03:48,175] {processor.py:642} INFO - Processing file /opt/anaconda3/envs/af/lib/python3.7/site-packages/airflow/example_dags/example_sla_dag.py for tasks to queue
[2022-02-09 14:03:48,177] {logging_mixin.py:109} INFO - [2022-02-09 14:03:48,176] {dagbag.py:500} INFO - Filling up the DagBag from /opt/anaconda3/envs/af/lib/python3.7/site-packages/airflow/example_dags/example_sla_dag.py
[2022-02-09 14:03:48,264] {processor.py:654} INFO - DAG(s) dict_keys(['example_sla_dag']) retrieved from /opt/anaconda3/envs/af/lib/python3.7/site-packages/airflow/example_dags/example_sla_dag.py
[2022-02-09 14:03:48,285] {logging_mixin.py:109} INFO - [2022-02-09 14:03:48,285] {dag.py:2396} INFO - Sync 1 DAGs
[2022-02-09 14:03:48,362] {logging_mixin.py:109} INFO - [2022-02-09 14:03:48,360] {dag.py:2935} INFO - Setting next_dagrun for example_sla_dag to 2022-02-09T19:00:00+00:00
[2022-02-09 14:03:48,430] {processor.py:171} INFO - Processing /opt/anaconda3/envs/af/lib/python3.7/site-packages/airflow/example_dags/example_sla_dag.py took 0.266 seconds
[2022-02-09 14:04:26,904] {processor.py:163} INFO - Started process (PID=11270) to work on /opt/anaconda3/envs/af/lib/python3.7/site-packages/airflow/example_dags/example_sla_dag.py
[2022-02-09 14:04:26,908] {processor.py:642} INFO - Processing file /opt/anaconda3/envs/af/lib/python3.7/site-packages/airflow/example_dags/example_sla_dag.py for tasks to queue
[2022-02-09 14:04:26,910] {logging_mixin.py:109} INFO - [2022-02-09 14:04:26,909] {dagbag.py:500} INFO - Filling up the DagBag from /opt/anaconda3/envs/af/lib/python3.7/site-packages/airflow/example_dags/example_sla_dag.py
[2022-02-09 14:04:26,956] {processor.py:654} INFO - DAG(s) dict_keys(['example_sla_dag']) retrieved from /opt/anaconda3/envs/af/lib/python3.7/site-packages/airflow/example_dags/example_sla_dag.py
[2022-02-09 14:04:26,971] {logging_mixin.py:109} INFO - [2022-02-09 14:04:26,970] {dag.py:2396} INFO - Sync 1 DAGs
[2022-02-09 14:04:27,023] {logging_mixin.py:109} INFO - [2022-02-09 14:04:27,022] {dag.py:2935} INFO - Setting next_dagrun for example_sla_dag to 2022-02-09T19:02:00+00:00
[2022-02-09 14:04:27,046] {processor.py:171} INFO - Processing /opt/anaconda3/envs/af/lib/python3.7/site-packages/airflow/example_dags/example_sla_dag.py took 0.148 seconds
[2022-02-09 14:05:08,620] {processor.py:163} INFO - Started process (PID=11324) to work on /opt/anaconda3/envs/af/lib/python3.7/site-packages/airflow/example_dags/example_sla_dag.py
[2022-02-09 14:05:08,624] {processor.py:642} INFO - Processing file /opt/anaconda3/envs/af/lib/python3.7/site-packages/airflow/example_dags/example_sla_dag.py for tasks to queue
[2022-02-09 14:05:08,625] {logging_mixin.py:109} INFO - [2022-02-09 14:05:08,625] {dagbag.py:500} INFO - Filling up the DagBag from /opt/anaconda3/envs/af/lib/python3.7/site-packages/airflow/example_dags/example_sla_dag.py
[2022-02-09 14:05:08,664] {processor.py:654} INFO - DAG(s) dict_keys(['example_sla_dag']) retrieved from /opt/anaconda3/envs/af/lib/python3.7/site-packages/airflow/example_dags/example_sla_dag.py
[2022-02-09 14:05:08,680] {logging_mixin.py:109} INFO - [2022-02-09 14:05:08,679] {dag.py:2396} INFO - Sync 1 DAGs
[2022-02-09 14:05:08,710] {logging_mixin.py:109} INFO - [2022-02-09 14:05:08,709] {dag.py:2935} INFO - Setting next_dagrun for example_sla_dag to 2022-02-09T19:02:00+00:00
[2022-02-09 14:05:08,724] {processor.py:171} INFO - Processing /opt/anaconda3/envs/af/lib/python3.7/site-packages/airflow/example_dags/example_sla_dag.py took 0.110 seconds
[2022-02-09 14:05:53,372] {processor.py:163} INFO - Started process (PID=11373) to work on /opt/anaconda3/envs/af/lib/python3.7/site-packages/airflow/example_dags/example_sla_dag.py
[2022-02-09 14:05:53,376] {processor.py:642} INFO - Processing file /opt/anaconda3/envs/af/lib/python3.7/site-packages/airflow/example_dags/example_sla_dag.py for tasks to queue
[2022-02-09 14:05:53,378] {logging_mixin.py:109} INFO - [2022-02-09 14:05:53,377] {dagbag.py:500} INFO - Filling up the DagBag from /opt/anaconda3/envs/af/lib/python3.7/site-packages/airflow/example_dags/example_sla_dag.py
[2022-02-09 14:05:53,418] {processor.py:654} INFO - DAG(s) dict_keys(['example_sla_dag']) retrieved from /opt/anaconda3/envs/af/lib/python3.7/site-packages/airflow/example_dags/example_sla_dag.py
[2022-02-09 14:05:53,431] {logging_mixin.py:109} INFO - [2022-02-09 14:05:53,430] {dag.py:2396} INFO - Sync 1 DAGs
[2022-02-09 14:05:53,455] {logging_mixin.py:109} INFO - [2022-02-09 14:05:53,454] {dag.py:2935} INFO - Setting next_dagrun for example_sla_dag to 2022-02-09T19:02:00+00:00
[2022-02-09 14:05:53,468] {processor.py:171} INFO - Processing /opt/anaconda3/envs/af/lib/python3.7/site-packages/airflow/example_dags/example_sla_dag.py took 0.103 seconds
[2022-02-09 14:06:34,838] {processor.py:163} INFO - Started process (PID=11420) to work on /opt/anaconda3/envs/af/lib/python3.7/site-packages/airflow/example_dags/example_sla_dag.py
[2022-02-09 14:06:34,839] {processor.py:642} INFO - Processing file /opt/anaconda3/envs/af/lib/python3.7/site-packages/airflow/example_dags/example_sla_dag.py for tasks to queue
[2022-02-09 14:06:34,841] {logging_mixin.py:109} INFO - [2022-02-09 14:06:34,840] {dagbag.py:500} INFO - Filling up the DagBag from /opt/anaconda3/envs/af/lib/python3.7/site-packages/airflow/example_dags/example_sla_dag.py
[2022-02-09 14:06:34,872] {processor.py:654} INFO - DAG(s) dict_keys(['example_sla_dag']) retrieved from /opt/anaconda3/envs/af/lib/python3.7/site-packages/airflow/example_dags/example_sla_dag.py
[2022-02-09 14:06:34,885] {logging_mixin.py:109} INFO - [2022-02-09 14:06:34,884] {dag.py:2396} INFO - Sync 1 DAGs
[2022-02-09 14:06:34,909] {logging_mixin.py:109} INFO - [2022-02-09 14:06:34,908] {dag.py:2935} INFO - Setting next_dagrun for example_sla_dag to 2022-02-09T19:04:00+00:00
[2022-02-09 14:06:34,924] {processor.py:171} INFO - Processing /opt/anaconda3/envs/af/lib/python3.7/site-packages/airflow/example_dags/example_sla_dag.py took 0.091 seconds
[2022-02-09 14:07:17,234] {processor.py:163} INFO - Started process (PID=11470) to work on /opt/anaconda3/envs/af/lib/python3.7/site-packages/airflow/example_dags/example_sla_dag.py
[2022-02-09 14:07:17,239] {processor.py:642} INFO - Processing file /opt/anaconda3/envs/af/lib/python3.7/site-packages/airflow/example_dags/example_sla_dag.py for tasks to queue
[2022-02-09 14:07:17,241] {logging_mixin.py:109} INFO - [2022-02-09 14:07:17,240] {dagbag.py:500} INFO - Filling up the DagBag from /opt/anaconda3/envs/af/lib/python3.7/site-packages/airflow/example_dags/example_sla_dag.py
[2022-02-09 14:07:17,305] {processor.py:654} INFO - DAG(s) dict_keys(['example_sla_dag']) retrieved from /opt/anaconda3/envs/af/lib/python3.7/site-packages/airflow/example_dags/example_sla_dag.py
[2022-02-09 14:07:17,331] {logging_mixin.py:109} INFO - [2022-02-09 14:07:17,330] {dag.py:2396} INFO - Sync 1 DAGs
[2022-02-09 14:07:17,389] {logging_mixin.py:109} INFO - [2022-02-09 14:07:17,389] {dag.py:2935} INFO - Setting next_dagrun for example_sla_dag to 2022-02-09T19:04:00+00:00
[2022-02-09 14:07:17,408] {processor.py:171} INFO - Processing /opt/anaconda3/envs/af/lib/python3.7/site-packages/airflow/example_dags/example_sla_dag.py took 0.182 seconds
[2022-02-09 14:08:00,385] {processor.py:163} INFO - Started process (PID=11520) to work on /opt/anaconda3/envs/af/lib/python3.7/site-packages/airflow/example_dags/example_sla_dag.py
[2022-02-09 14:08:00,388] {processor.py:642} INFO - Processing file /opt/anaconda3/envs/af/lib/python3.7/site-packages/airflow/example_dags/example_sla_dag.py for tasks to queue
[2022-02-09 14:08:00,390] {logging_mixin.py:109} INFO - [2022-02-09 14:08:00,390] {dagbag.py:500} INFO - Filling up the DagBag from /opt/anaconda3/envs/af/lib/python3.7/site-packages/airflow/example_dags/example_sla_dag.py
[2022-02-09 14:08:00,431] {processor.py:654} INFO - DAG(s) dict_keys(['example_sla_dag']) retrieved from /opt/anaconda3/envs/af/lib/python3.7/site-packages/airflow/example_dags/example_sla_dag.py
[2022-02-09 14:08:00,443] {logging_mixin.py:109} INFO - [2022-02-09 14:08:00,443] {dag.py:2396} INFO - Sync 1 DAGs
[2022-02-09 14:08:00,465] {logging_mixin.py:109} INFO - [2022-02-09 14:08:00,464] {dag.py:2935} INFO - Setting next_dagrun for example_sla_dag to 2022-02-09T19:06:00+00:00
[2022-02-09 14:08:00,476] {processor.py:171} INFO - Processing /opt/anaconda3/envs/af/lib/python3.7/site-packages/airflow/example_dags/example_sla_dag.py took 0.097 seconds
[2022-02-09 14:08:38,879] {processor.py:163} INFO - Started process (PID=11565) to work on /opt/anaconda3/envs/af/lib/python3.7/site-packages/airflow/example_dags/example_sla_dag.py
[2022-02-09 14:08:38,882] {processor.py:642} INFO - Processing file /opt/anaconda3/envs/af/lib/python3.7/site-packages/airflow/example_dags/example_sla_dag.py for tasks to queue
[2022-02-09 14:08:38,883] {logging_mixin.py:109} INFO - [2022-02-09 14:08:38,883] {dagbag.py:500} INFO - Filling up the DagBag from /opt/anaconda3/envs/af/lib/python3.7/site-packages/airflow/example_dags/example_sla_dag.py
[2022-02-09 14:08:38,929] {processor.py:654} INFO - DAG(s) dict_keys(['example_sla_dag']) retrieved from /opt/anaconda3/envs/af/lib/python3.7/site-packages/airflow/example_dags/example_sla_dag.py
[2022-02-09 14:08:38,944] {logging_mixin.py:109} INFO - [2022-02-09 14:08:38,943] {dag.py:2396} INFO - Sync 1 DAGs
[2022-02-09 14:08:38,973] {logging_mixin.py:109} INFO - [2022-02-09 14:08:38,973] {dag.py:2935} INFO - Setting next_dagrun for example_sla_dag to 2022-02-09T19:06:00+00:00
[2022-02-09 14:08:38,987] {processor.py:171} INFO - Processing /opt/anaconda3/envs/af/lib/python3.7/site-packages/airflow/example_dags/example_sla_dag.py took 0.113 seconds
[2022-02-09 15:26:00,352] {processor.py:163} INFO - Started process (PID=13835) to work on /opt/anaconda3/envs/af/lib/python3.7/site-packages/airflow/example_dags/example_sla_dag.py
[2022-02-09 15:26:00,356] {processor.py:642} INFO - Processing file /opt/anaconda3/envs/af/lib/python3.7/site-packages/airflow/example_dags/example_sla_dag.py for tasks to queue
[2022-02-09 15:26:00,358] {logging_mixin.py:109} INFO - [2022-02-09 15:26:00,357] {dagbag.py:500} INFO - Filling up the DagBag from /opt/anaconda3/envs/af/lib/python3.7/site-packages/airflow/example_dags/example_sla_dag.py
[2022-02-09 15:26:00,410] {processor.py:654} INFO - DAG(s) dict_keys(['example_sla_dag']) retrieved from /opt/anaconda3/envs/af/lib/python3.7/site-packages/airflow/example_dags/example_sla_dag.py
[2022-02-09 15:26:00,456] {logging_mixin.py:109} INFO - [2022-02-09 15:26:00,455] {dag.py:2396} INFO - Sync 1 DAGs
[2022-02-09 15:26:00,487] {logging_mixin.py:109} INFO - [2022-02-09 15:26:00,486] {dag.py:2935} INFO - Setting next_dagrun for example_sla_dag to 2022-02-09T20:24:00+00:00
[2022-02-09 15:26:00,501] {processor.py:171} INFO - Processing /opt/anaconda3/envs/af/lib/python3.7/site-packages/airflow/example_dags/example_sla_dag.py took 0.154 seconds
[2022-02-09 15:27:46,084] {processor.py:163} INFO - Started process (PID=13953) to work on /opt/anaconda3/envs/af/lib/python3.7/site-packages/airflow/example_dags/example_sla_dag.py
[2022-02-09 15:27:46,088] {processor.py:642} INFO - Processing file /opt/anaconda3/envs/af/lib/python3.7/site-packages/airflow/example_dags/example_sla_dag.py for tasks to queue
[2022-02-09 15:27:46,091] {logging_mixin.py:109} INFO - [2022-02-09 15:27:46,090] {dagbag.py:500} INFO - Filling up the DagBag from /opt/anaconda3/envs/af/lib/python3.7/site-packages/airflow/example_dags/example_sla_dag.py
[2022-02-09 15:27:46,142] {processor.py:654} INFO - DAG(s) dict_keys(['example_sla_dag']) retrieved from /opt/anaconda3/envs/af/lib/python3.7/site-packages/airflow/example_dags/example_sla_dag.py
[2022-02-09 15:27:46,159] {logging_mixin.py:109} INFO - [2022-02-09 15:27:46,158] {dag.py:2396} INFO - Sync 1 DAGs
[2022-02-09 15:27:46,189] {logging_mixin.py:109} INFO - [2022-02-09 15:27:46,189] {dag.py:2935} INFO - Setting next_dagrun for example_sla_dag to 2022-02-09T20:24:00+00:00
[2022-02-09 15:27:46,211] {processor.py:171} INFO - Processing /opt/anaconda3/envs/af/lib/python3.7/site-packages/airflow/example_dags/example_sla_dag.py took 0.133 seconds
[2022-02-09 15:28:56,144] {processor.py:163} INFO - Started process (PID=14068) to work on /opt/anaconda3/envs/af/lib/python3.7/site-packages/airflow/example_dags/example_sla_dag.py
[2022-02-09 15:28:56,150] {processor.py:642} INFO - Processing file /opt/anaconda3/envs/af/lib/python3.7/site-packages/airflow/example_dags/example_sla_dag.py for tasks to queue
[2022-02-09 15:28:56,153] {logging_mixin.py:109} INFO - [2022-02-09 15:28:56,152] {dagbag.py:500} INFO - Filling up the DagBag from /opt/anaconda3/envs/af/lib/python3.7/site-packages/airflow/example_dags/example_sla_dag.py
[2022-02-09 15:28:56,218] {processor.py:654} INFO - DAG(s) dict_keys(['example_sla_dag']) retrieved from /opt/anaconda3/envs/af/lib/python3.7/site-packages/airflow/example_dags/example_sla_dag.py
[2022-02-09 15:28:56,240] {logging_mixin.py:109} INFO - [2022-02-09 15:28:56,239] {dag.py:2396} INFO - Sync 1 DAGs
[2022-02-09 15:28:56,308] {logging_mixin.py:109} INFO - [2022-02-09 15:28:56,307] {dag.py:2935} INFO - Setting next_dagrun for example_sla_dag to 2022-02-09T20:26:00+00:00
[2022-02-09 15:28:56,335] {processor.py:171} INFO - Processing /opt/anaconda3/envs/af/lib/python3.7/site-packages/airflow/example_dags/example_sla_dag.py took 0.198 seconds
[2022-02-09 15:30:55,323] {processor.py:163} INFO - Started process (PID=14202) to work on /opt/anaconda3/envs/af/lib/python3.7/site-packages/airflow/example_dags/example_sla_dag.py
[2022-02-09 15:30:55,327] {processor.py:642} INFO - Processing file /opt/anaconda3/envs/af/lib/python3.7/site-packages/airflow/example_dags/example_sla_dag.py for tasks to queue
[2022-02-09 15:30:55,329] {logging_mixin.py:109} INFO - [2022-02-09 15:30:55,329] {dagbag.py:500} INFO - Filling up the DagBag from /opt/anaconda3/envs/af/lib/python3.7/site-packages/airflow/example_dags/example_sla_dag.py
[2022-02-09 15:30:55,541] {processor.py:654} INFO - DAG(s) dict_keys(['example_sla_dag']) retrieved from /opt/anaconda3/envs/af/lib/python3.7/site-packages/airflow/example_dags/example_sla_dag.py
[2022-02-09 15:30:55,562] {logging_mixin.py:109} INFO - [2022-02-09 15:30:55,561] {dag.py:2396} INFO - Sync 1 DAGs
[2022-02-09 15:30:55,639] {logging_mixin.py:109} INFO - [2022-02-09 15:30:55,638] {dag.py:2935} INFO - Setting next_dagrun for example_sla_dag to 2022-02-09T20:28:00+00:00
[2022-02-09 15:30:55,670] {processor.py:171} INFO - Processing /opt/anaconda3/envs/af/lib/python3.7/site-packages/airflow/example_dags/example_sla_dag.py took 0.358 seconds
