[2022-02-09 14:00:28,162] {processor.py:163} INFO - Started process (PID=10949) to work on /opt/anaconda3/envs/af/lib/python3.7/site-packages/airflow/example_dags/example_branch_operator.py
[2022-02-09 14:00:28,163] {processor.py:642} INFO - Processing file /opt/anaconda3/envs/af/lib/python3.7/site-packages/airflow/example_dags/example_branch_operator.py for tasks to queue
[2022-02-09 14:00:28,165] {logging_mixin.py:109} INFO - [2022-02-09 14:00:28,164] {dagbag.py:500} INFO - Filling up the DagBag from /opt/anaconda3/envs/af/lib/python3.7/site-packages/airflow/example_dags/example_branch_operator.py
[2022-02-09 14:00:28,201] {processor.py:654} INFO - DAG(s) dict_keys(['example_branch_operator']) retrieved from /opt/anaconda3/envs/af/lib/python3.7/site-packages/airflow/example_dags/example_branch_operator.py
[2022-02-09 14:00:28,216] {logging_mixin.py:109} INFO - [2022-02-09 14:00:28,215] {dag.py:2396} INFO - Sync 1 DAGs
[2022-02-09 14:00:28,233] {logging_mixin.py:109} INFO - [2022-02-09 14:00:28,232] {dag.py:2935} INFO - Setting next_dagrun for example_branch_operator to 2022-02-08 00:00:00+00:00
[2022-02-09 14:00:28,245] {processor.py:171} INFO - Processing /opt/anaconda3/envs/af/lib/python3.7/site-packages/airflow/example_dags/example_branch_operator.py took 0.088 seconds
[2022-02-09 14:01:09,972] {processor.py:163} INFO - Started process (PID=11010) to work on /opt/anaconda3/envs/af/lib/python3.7/site-packages/airflow/example_dags/example_branch_operator.py
[2022-02-09 14:01:09,975] {processor.py:642} INFO - Processing file /opt/anaconda3/envs/af/lib/python3.7/site-packages/airflow/example_dags/example_branch_operator.py for tasks to queue
[2022-02-09 14:01:09,983] {logging_mixin.py:109} INFO - [2022-02-09 14:01:09,982] {dagbag.py:500} INFO - Filling up the DagBag from /opt/anaconda3/envs/af/lib/python3.7/site-packages/airflow/example_dags/example_branch_operator.py
[2022-02-09 14:01:10,031] {processor.py:654} INFO - DAG(s) dict_keys(['example_branch_operator']) retrieved from /opt/anaconda3/envs/af/lib/python3.7/site-packages/airflow/example_dags/example_branch_operator.py
[2022-02-09 14:01:10,048] {logging_mixin.py:109} INFO - [2022-02-09 14:01:10,047] {dag.py:2396} INFO - Sync 1 DAGs
[2022-02-09 14:01:10,068] {logging_mixin.py:109} INFO - [2022-02-09 14:01:10,068] {dag.py:2935} INFO - Setting next_dagrun for example_branch_operator to 2022-02-08 00:00:00+00:00
[2022-02-09 14:01:10,085] {processor.py:171} INFO - Processing /opt/anaconda3/envs/af/lib/python3.7/site-packages/airflow/example_dags/example_branch_operator.py took 0.117 seconds
[2022-02-09 14:01:53,161] {processor.py:163} INFO - Started process (PID=11070) to work on /opt/anaconda3/envs/af/lib/python3.7/site-packages/airflow/example_dags/example_branch_operator.py
[2022-02-09 14:01:53,164] {processor.py:642} INFO - Processing file /opt/anaconda3/envs/af/lib/python3.7/site-packages/airflow/example_dags/example_branch_operator.py for tasks to queue
[2022-02-09 14:01:53,166] {logging_mixin.py:109} INFO - [2022-02-09 14:01:53,166] {dagbag.py:500} INFO - Filling up the DagBag from /opt/anaconda3/envs/af/lib/python3.7/site-packages/airflow/example_dags/example_branch_operator.py
[2022-02-09 14:01:53,214] {processor.py:654} INFO - DAG(s) dict_keys(['example_branch_operator']) retrieved from /opt/anaconda3/envs/af/lib/python3.7/site-packages/airflow/example_dags/example_branch_operator.py
[2022-02-09 14:01:53,235] {logging_mixin.py:109} INFO - [2022-02-09 14:01:53,234] {dag.py:2396} INFO - Sync 1 DAGs
[2022-02-09 14:01:53,264] {logging_mixin.py:109} INFO - [2022-02-09 14:01:53,263] {dag.py:2935} INFO - Setting next_dagrun for example_branch_operator to 2022-02-08 00:00:00+00:00
[2022-02-09 14:01:53,278] {processor.py:171} INFO - Processing /opt/anaconda3/envs/af/lib/python3.7/site-packages/airflow/example_dags/example_branch_operator.py took 0.123 seconds
[2022-02-09 14:03:57,039] {processor.py:163} INFO - Started process (PID=11228) to work on /opt/anaconda3/envs/af/lib/python3.7/site-packages/airflow/example_dags/example_branch_operator.py
[2022-02-09 14:03:57,043] {processor.py:642} INFO - Processing file /opt/anaconda3/envs/af/lib/python3.7/site-packages/airflow/example_dags/example_branch_operator.py for tasks to queue
[2022-02-09 14:03:57,044] {logging_mixin.py:109} INFO - [2022-02-09 14:03:57,044] {dagbag.py:500} INFO - Filling up the DagBag from /opt/anaconda3/envs/af/lib/python3.7/site-packages/airflow/example_dags/example_branch_operator.py
[2022-02-09 14:03:57,072] {processor.py:654} INFO - DAG(s) dict_keys(['example_branch_operator']) retrieved from /opt/anaconda3/envs/af/lib/python3.7/site-packages/airflow/example_dags/example_branch_operator.py
[2022-02-09 14:03:57,085] {logging_mixin.py:109} INFO - [2022-02-09 14:03:57,084] {dag.py:2396} INFO - Sync 1 DAGs
[2022-02-09 14:03:57,108] {logging_mixin.py:109} INFO - [2022-02-09 14:03:57,107] {dag.py:2935} INFO - Setting next_dagrun for example_branch_operator to 2022-02-08 00:00:00+00:00
[2022-02-09 14:03:57,121] {processor.py:171} INFO - Processing /opt/anaconda3/envs/af/lib/python3.7/site-packages/airflow/example_dags/example_branch_operator.py took 0.086 seconds
[2022-02-09 14:04:37,142] {processor.py:163} INFO - Started process (PID=11283) to work on /opt/anaconda3/envs/af/lib/python3.7/site-packages/airflow/example_dags/example_branch_operator.py
[2022-02-09 14:04:37,145] {processor.py:642} INFO - Processing file /opt/anaconda3/envs/af/lib/python3.7/site-packages/airflow/example_dags/example_branch_operator.py for tasks to queue
[2022-02-09 14:04:37,147] {logging_mixin.py:109} INFO - [2022-02-09 14:04:37,146] {dagbag.py:500} INFO - Filling up the DagBag from /opt/anaconda3/envs/af/lib/python3.7/site-packages/airflow/example_dags/example_branch_operator.py
[2022-02-09 14:04:37,195] {processor.py:654} INFO - DAG(s) dict_keys(['example_branch_operator']) retrieved from /opt/anaconda3/envs/af/lib/python3.7/site-packages/airflow/example_dags/example_branch_operator.py
[2022-02-09 14:04:37,213] {logging_mixin.py:109} INFO - [2022-02-09 14:04:37,212] {dag.py:2396} INFO - Sync 1 DAGs
[2022-02-09 14:04:37,240] {logging_mixin.py:109} INFO - [2022-02-09 14:04:37,240] {dag.py:2935} INFO - Setting next_dagrun for example_branch_operator to 2022-02-08 00:00:00+00:00
[2022-02-09 14:04:37,255] {processor.py:171} INFO - Processing /opt/anaconda3/envs/af/lib/python3.7/site-packages/airflow/example_dags/example_branch_operator.py took 0.119 seconds
[2022-02-09 14:05:21,860] {processor.py:163} INFO - Started process (PID=11339) to work on /opt/anaconda3/envs/af/lib/python3.7/site-packages/airflow/example_dags/example_branch_operator.py
[2022-02-09 14:05:21,863] {processor.py:642} INFO - Processing file /opt/anaconda3/envs/af/lib/python3.7/site-packages/airflow/example_dags/example_branch_operator.py for tasks to queue
[2022-02-09 14:05:21,864] {logging_mixin.py:109} INFO - [2022-02-09 14:05:21,864] {dagbag.py:500} INFO - Filling up the DagBag from /opt/anaconda3/envs/af/lib/python3.7/site-packages/airflow/example_dags/example_branch_operator.py
[2022-02-09 14:05:21,906] {processor.py:654} INFO - DAG(s) dict_keys(['example_branch_operator']) retrieved from /opt/anaconda3/envs/af/lib/python3.7/site-packages/airflow/example_dags/example_branch_operator.py
[2022-02-09 14:05:21,921] {logging_mixin.py:109} INFO - [2022-02-09 14:05:21,921] {dag.py:2396} INFO - Sync 1 DAGs
[2022-02-09 14:05:21,943] {logging_mixin.py:109} INFO - [2022-02-09 14:05:21,942] {dag.py:2935} INFO - Setting next_dagrun for example_branch_operator to 2022-02-08 00:00:00+00:00
[2022-02-09 14:05:21,956] {processor.py:171} INFO - Processing /opt/anaconda3/envs/af/lib/python3.7/site-packages/airflow/example_dags/example_branch_operator.py took 0.104 seconds
[2022-02-09 14:06:09,240] {processor.py:163} INFO - Started process (PID=11393) to work on /opt/anaconda3/envs/af/lib/python3.7/site-packages/airflow/example_dags/example_branch_operator.py
[2022-02-09 14:06:09,244] {processor.py:642} INFO - Processing file /opt/anaconda3/envs/af/lib/python3.7/site-packages/airflow/example_dags/example_branch_operator.py for tasks to queue
[2022-02-09 14:06:09,245] {logging_mixin.py:109} INFO - [2022-02-09 14:06:09,245] {dagbag.py:500} INFO - Filling up the DagBag from /opt/anaconda3/envs/af/lib/python3.7/site-packages/airflow/example_dags/example_branch_operator.py
[2022-02-09 14:06:09,283] {processor.py:654} INFO - DAG(s) dict_keys(['example_branch_operator']) retrieved from /opt/anaconda3/envs/af/lib/python3.7/site-packages/airflow/example_dags/example_branch_operator.py
[2022-02-09 14:06:09,310] {logging_mixin.py:109} INFO - [2022-02-09 14:06:09,309] {dag.py:2396} INFO - Sync 1 DAGs
[2022-02-09 14:06:09,341] {logging_mixin.py:109} INFO - [2022-02-09 14:06:09,340] {dag.py:2935} INFO - Setting next_dagrun for example_branch_operator to 2022-02-08 00:00:00+00:00
[2022-02-09 14:06:09,357] {processor.py:171} INFO - Processing /opt/anaconda3/envs/af/lib/python3.7/site-packages/airflow/example_dags/example_branch_operator.py took 0.122 seconds
[2022-02-09 14:06:53,367] {processor.py:163} INFO - Started process (PID=11440) to work on /opt/anaconda3/envs/af/lib/python3.7/site-packages/airflow/example_dags/example_branch_operator.py
[2022-02-09 14:06:53,372] {processor.py:642} INFO - Processing file /opt/anaconda3/envs/af/lib/python3.7/site-packages/airflow/example_dags/example_branch_operator.py for tasks to queue
[2022-02-09 14:06:53,374] {logging_mixin.py:109} INFO - [2022-02-09 14:06:53,374] {dagbag.py:500} INFO - Filling up the DagBag from /opt/anaconda3/envs/af/lib/python3.7/site-packages/airflow/example_dags/example_branch_operator.py
[2022-02-09 14:06:53,440] {processor.py:654} INFO - DAG(s) dict_keys(['example_branch_operator']) retrieved from /opt/anaconda3/envs/af/lib/python3.7/site-packages/airflow/example_dags/example_branch_operator.py
[2022-02-09 14:06:53,463] {logging_mixin.py:109} INFO - [2022-02-09 14:06:53,463] {dag.py:2396} INFO - Sync 1 DAGs
[2022-02-09 14:06:53,493] {logging_mixin.py:109} INFO - [2022-02-09 14:06:53,493] {dag.py:2935} INFO - Setting next_dagrun for example_branch_operator to 2022-02-08 00:00:00+00:00
[2022-02-09 14:06:53,506] {processor.py:171} INFO - Processing /opt/anaconda3/envs/af/lib/python3.7/site-packages/airflow/example_dags/example_branch_operator.py took 0.147 seconds
[2022-02-09 14:07:43,847] {processor.py:163} INFO - Started process (PID=11500) to work on /opt/anaconda3/envs/af/lib/python3.7/site-packages/airflow/example_dags/example_branch_operator.py
[2022-02-09 14:07:43,851] {processor.py:642} INFO - Processing file /opt/anaconda3/envs/af/lib/python3.7/site-packages/airflow/example_dags/example_branch_operator.py for tasks to queue
[2022-02-09 14:07:43,853] {logging_mixin.py:109} INFO - [2022-02-09 14:07:43,852] {dagbag.py:500} INFO - Filling up the DagBag from /opt/anaconda3/envs/af/lib/python3.7/site-packages/airflow/example_dags/example_branch_operator.py
[2022-02-09 14:07:43,924] {processor.py:654} INFO - DAG(s) dict_keys(['example_branch_operator']) retrieved from /opt/anaconda3/envs/af/lib/python3.7/site-packages/airflow/example_dags/example_branch_operator.py
[2022-02-09 14:07:43,948] {logging_mixin.py:109} INFO - [2022-02-09 14:07:43,947] {dag.py:2396} INFO - Sync 1 DAGs
[2022-02-09 14:07:43,978] {logging_mixin.py:109} INFO - [2022-02-09 14:07:43,977] {dag.py:2935} INFO - Setting next_dagrun for example_branch_operator to 2022-02-08 00:00:00+00:00
[2022-02-09 14:07:43,996] {processor.py:171} INFO - Processing /opt/anaconda3/envs/af/lib/python3.7/site-packages/airflow/example_dags/example_branch_operator.py took 0.164 seconds
[2022-02-09 14:08:22,249] {processor.py:163} INFO - Started process (PID=11547) to work on /opt/anaconda3/envs/af/lib/python3.7/site-packages/airflow/example_dags/example_branch_operator.py
[2022-02-09 14:08:22,254] {processor.py:642} INFO - Processing file /opt/anaconda3/envs/af/lib/python3.7/site-packages/airflow/example_dags/example_branch_operator.py for tasks to queue
[2022-02-09 14:08:22,257] {logging_mixin.py:109} INFO - [2022-02-09 14:08:22,256] {dagbag.py:500} INFO - Filling up the DagBag from /opt/anaconda3/envs/af/lib/python3.7/site-packages/airflow/example_dags/example_branch_operator.py
[2022-02-09 14:08:22,302] {processor.py:654} INFO - DAG(s) dict_keys(['example_branch_operator']) retrieved from /opt/anaconda3/envs/af/lib/python3.7/site-packages/airflow/example_dags/example_branch_operator.py
[2022-02-09 14:08:22,324] {logging_mixin.py:109} INFO - [2022-02-09 14:08:22,323] {dag.py:2396} INFO - Sync 1 DAGs
[2022-02-09 14:08:22,356] {logging_mixin.py:109} INFO - [2022-02-09 14:08:22,356] {dag.py:2935} INFO - Setting next_dagrun for example_branch_operator to 2022-02-08 00:00:00+00:00
[2022-02-09 14:08:22,375] {processor.py:171} INFO - Processing /opt/anaconda3/envs/af/lib/python3.7/site-packages/airflow/example_dags/example_branch_operator.py took 0.133 seconds
[2022-02-09 15:27:19,159] {processor.py:163} INFO - Started process (PID=13923) to work on /opt/anaconda3/envs/af/lib/python3.7/site-packages/airflow/example_dags/example_branch_operator.py
[2022-02-09 15:27:19,163] {processor.py:642} INFO - Processing file /opt/anaconda3/envs/af/lib/python3.7/site-packages/airflow/example_dags/example_branch_operator.py for tasks to queue
[2022-02-09 15:27:19,164] {logging_mixin.py:109} INFO - [2022-02-09 15:27:19,164] {dagbag.py:500} INFO - Filling up the DagBag from /opt/anaconda3/envs/af/lib/python3.7/site-packages/airflow/example_dags/example_branch_operator.py
[2022-02-09 15:27:19,198] {processor.py:654} INFO - DAG(s) dict_keys(['example_branch_operator']) retrieved from /opt/anaconda3/envs/af/lib/python3.7/site-packages/airflow/example_dags/example_branch_operator.py
[2022-02-09 15:27:19,213] {logging_mixin.py:109} INFO - [2022-02-09 15:27:19,212] {dag.py:2396} INFO - Sync 1 DAGs
[2022-02-09 15:27:19,230] {logging_mixin.py:109} INFO - [2022-02-09 15:27:19,230] {dag.py:2935} INFO - Setting next_dagrun for example_branch_operator to 2022-02-08 00:00:00+00:00
[2022-02-09 15:27:19,241] {processor.py:171} INFO - Processing /opt/anaconda3/envs/af/lib/python3.7/site-packages/airflow/example_dags/example_branch_operator.py took 0.086 seconds
[2022-02-09 15:28:01,636] {processor.py:163} INFO - Started process (PID=13974) to work on /opt/anaconda3/envs/af/lib/python3.7/site-packages/airflow/example_dags/example_branch_operator.py
[2022-02-09 15:28:01,639] {processor.py:642} INFO - Processing file /opt/anaconda3/envs/af/lib/python3.7/site-packages/airflow/example_dags/example_branch_operator.py for tasks to queue
[2022-02-09 15:28:01,643] {logging_mixin.py:109} INFO - [2022-02-09 15:28:01,642] {dagbag.py:500} INFO - Filling up the DagBag from /opt/anaconda3/envs/af/lib/python3.7/site-packages/airflow/example_dags/example_branch_operator.py
[2022-02-09 15:28:01,689] {processor.py:654} INFO - DAG(s) dict_keys(['example_branch_operator']) retrieved from /opt/anaconda3/envs/af/lib/python3.7/site-packages/airflow/example_dags/example_branch_operator.py
[2022-02-09 15:28:01,708] {logging_mixin.py:109} INFO - [2022-02-09 15:28:01,707] {dag.py:2396} INFO - Sync 1 DAGs
[2022-02-09 15:28:01,730] {logging_mixin.py:109} INFO - [2022-02-09 15:28:01,730] {dag.py:2935} INFO - Setting next_dagrun for example_branch_operator to 2022-02-08 00:00:00+00:00
[2022-02-09 15:28:01,747] {processor.py:171} INFO - Processing /opt/anaconda3/envs/af/lib/python3.7/site-packages/airflow/example_dags/example_branch_operator.py took 0.117 seconds
[2022-02-09 15:29:14,907] {processor.py:163} INFO - Started process (PID=14093) to work on /opt/anaconda3/envs/af/lib/python3.7/site-packages/airflow/example_dags/example_branch_operator.py
[2022-02-09 15:29:14,912] {processor.py:642} INFO - Processing file /opt/anaconda3/envs/af/lib/python3.7/site-packages/airflow/example_dags/example_branch_operator.py for tasks to queue
[2022-02-09 15:29:14,914] {logging_mixin.py:109} INFO - [2022-02-09 15:29:14,914] {dagbag.py:500} INFO - Filling up the DagBag from /opt/anaconda3/envs/af/lib/python3.7/site-packages/airflow/example_dags/example_branch_operator.py
[2022-02-09 15:29:14,976] {processor.py:654} INFO - DAG(s) dict_keys(['example_branch_operator']) retrieved from /opt/anaconda3/envs/af/lib/python3.7/site-packages/airflow/example_dags/example_branch_operator.py
[2022-02-09 15:29:15,004] {logging_mixin.py:109} INFO - [2022-02-09 15:29:15,004] {dag.py:2396} INFO - Sync 1 DAGs
[2022-02-09 15:29:15,043] {logging_mixin.py:109} INFO - [2022-02-09 15:29:15,043] {dag.py:2935} INFO - Setting next_dagrun for example_branch_operator to 2022-02-08 00:00:00+00:00
[2022-02-09 15:29:15,067] {processor.py:171} INFO - Processing /opt/anaconda3/envs/af/lib/python3.7/site-packages/airflow/example_dags/example_branch_operator.py took 0.167 seconds
