[2022-02-09 14:00:24,163] {processor.py:163} INFO - Started process (PID=10942) to work on /opt/anaconda3/envs/af/lib/python3.7/site-packages/airflow/example_dags/example_dag_decorator.py
[2022-02-09 14:00:24,165] {processor.py:642} INFO - Processing file /opt/anaconda3/envs/af/lib/python3.7/site-packages/airflow/example_dags/example_dag_decorator.py for tasks to queue
[2022-02-09 14:00:24,166] {logging_mixin.py:109} INFO - [2022-02-09 14:00:24,166] {dagbag.py:500} INFO - Filling up the DagBag from /opt/anaconda3/envs/af/lib/python3.7/site-packages/airflow/example_dags/example_dag_decorator.py
[2022-02-09 14:00:24,215] {processor.py:654} INFO - DAG(s) dict_keys(['example_dag_decorator']) retrieved from /opt/anaconda3/envs/af/lib/python3.7/site-packages/airflow/example_dags/example_dag_decorator.py
[2022-02-09 14:00:24,579] {logging_mixin.py:109} INFO - [2022-02-09 14:00:24,579] {dag.py:2396} INFO - Sync 1 DAGs
[2022-02-09 14:00:24,592] {logging_mixin.py:109} INFO - [2022-02-09 14:00:24,591] {dag.py:2935} INFO - Setting next_dagrun for example_dag_decorator to None
[2022-02-09 14:00:24,603] {processor.py:171} INFO - Processing /opt/anaconda3/envs/af/lib/python3.7/site-packages/airflow/example_dags/example_dag_decorator.py took 0.446 seconds
[2022-02-09 14:01:05,568] {processor.py:163} INFO - Started process (PID=11001) to work on /opt/anaconda3/envs/af/lib/python3.7/site-packages/airflow/example_dags/example_dag_decorator.py
[2022-02-09 14:01:05,570] {processor.py:642} INFO - Processing file /opt/anaconda3/envs/af/lib/python3.7/site-packages/airflow/example_dags/example_dag_decorator.py for tasks to queue
[2022-02-09 14:01:05,571] {logging_mixin.py:109} INFO - [2022-02-09 14:01:05,570] {dagbag.py:500} INFO - Filling up the DagBag from /opt/anaconda3/envs/af/lib/python3.7/site-packages/airflow/example_dags/example_dag_decorator.py
[2022-02-09 14:01:05,613] {processor.py:654} INFO - DAG(s) dict_keys(['example_dag_decorator']) retrieved from /opt/anaconda3/envs/af/lib/python3.7/site-packages/airflow/example_dags/example_dag_decorator.py
[2022-02-09 14:01:06,136] {logging_mixin.py:109} INFO - [2022-02-09 14:01:06,135] {dag.py:2396} INFO - Sync 1 DAGs
[2022-02-09 14:01:06,151] {logging_mixin.py:109} INFO - [2022-02-09 14:01:06,150] {dag.py:2935} INFO - Setting next_dagrun for example_dag_decorator to None
[2022-02-09 14:01:06,163] {processor.py:171} INFO - Processing /opt/anaconda3/envs/af/lib/python3.7/site-packages/airflow/example_dags/example_dag_decorator.py took 0.599 seconds
[2022-02-09 14:01:49,420] {processor.py:163} INFO - Started process (PID=11066) to work on /opt/anaconda3/envs/af/lib/python3.7/site-packages/airflow/example_dags/example_dag_decorator.py
[2022-02-09 14:01:49,423] {processor.py:642} INFO - Processing file /opt/anaconda3/envs/af/lib/python3.7/site-packages/airflow/example_dags/example_dag_decorator.py for tasks to queue
[2022-02-09 14:01:49,425] {logging_mixin.py:109} INFO - [2022-02-09 14:01:49,424] {dagbag.py:500} INFO - Filling up the DagBag from /opt/anaconda3/envs/af/lib/python3.7/site-packages/airflow/example_dags/example_dag_decorator.py
[2022-02-09 14:01:49,465] {processor.py:654} INFO - DAG(s) dict_keys(['example_dag_decorator']) retrieved from /opt/anaconda3/envs/af/lib/python3.7/site-packages/airflow/example_dags/example_dag_decorator.py
[2022-02-09 14:01:49,806] {logging_mixin.py:109} INFO - [2022-02-09 14:01:49,806] {dag.py:2396} INFO - Sync 1 DAGs
[2022-02-09 14:01:49,818] {logging_mixin.py:109} INFO - [2022-02-09 14:01:49,818] {dag.py:2935} INFO - Setting next_dagrun for example_dag_decorator to None
[2022-02-09 14:01:49,830] {processor.py:171} INFO - Processing /opt/anaconda3/envs/af/lib/python3.7/site-packages/airflow/example_dags/example_dag_decorator.py took 0.414 seconds
[2022-02-09 14:03:26,770] {processor.py:163} INFO - Started process (PID=11185) to work on /opt/anaconda3/envs/af/lib/python3.7/site-packages/airflow/example_dags/example_dag_decorator.py
[2022-02-09 14:03:26,774] {processor.py:642} INFO - Processing file /opt/anaconda3/envs/af/lib/python3.7/site-packages/airflow/example_dags/example_dag_decorator.py for tasks to queue
[2022-02-09 14:03:26,776] {logging_mixin.py:109} INFO - [2022-02-09 14:03:26,775] {dagbag.py:500} INFO - Filling up the DagBag from /opt/anaconda3/envs/af/lib/python3.7/site-packages/airflow/example_dags/example_dag_decorator.py
[2022-02-09 14:03:26,823] {processor.py:654} INFO - DAG(s) dict_keys(['example_dag_decorator']) retrieved from /opt/anaconda3/envs/af/lib/python3.7/site-packages/airflow/example_dags/example_dag_decorator.py
[2022-02-09 14:03:27,506] {logging_mixin.py:109} INFO - [2022-02-09 14:03:27,505] {dag.py:2396} INFO - Sync 1 DAGs
[2022-02-09 14:03:27,518] {logging_mixin.py:109} INFO - [2022-02-09 14:03:27,518] {dag.py:2935} INFO - Setting next_dagrun for example_dag_decorator to None
[2022-02-09 14:03:27,529] {processor.py:171} INFO - Processing /opt/anaconda3/envs/af/lib/python3.7/site-packages/airflow/example_dags/example_dag_decorator.py took 0.764 seconds
[2022-02-09 14:04:08,949] {processor.py:163} INFO - Started process (PID=11248) to work on /opt/anaconda3/envs/af/lib/python3.7/site-packages/airflow/example_dags/example_dag_decorator.py
[2022-02-09 14:04:08,950] {processor.py:642} INFO - Processing file /opt/anaconda3/envs/af/lib/python3.7/site-packages/airflow/example_dags/example_dag_decorator.py for tasks to queue
[2022-02-09 14:04:08,951] {logging_mixin.py:109} INFO - [2022-02-09 14:04:08,951] {dagbag.py:500} INFO - Filling up the DagBag from /opt/anaconda3/envs/af/lib/python3.7/site-packages/airflow/example_dags/example_dag_decorator.py
[2022-02-09 14:04:08,989] {processor.py:654} INFO - DAG(s) dict_keys(['example_dag_decorator']) retrieved from /opt/anaconda3/envs/af/lib/python3.7/site-packages/airflow/example_dags/example_dag_decorator.py
[2022-02-09 14:04:09,327] {logging_mixin.py:109} INFO - [2022-02-09 14:04:09,326] {dag.py:2396} INFO - Sync 1 DAGs
[2022-02-09 14:04:09,339] {logging_mixin.py:109} INFO - [2022-02-09 14:04:09,338] {dag.py:2935} INFO - Setting next_dagrun for example_dag_decorator to None
[2022-02-09 14:04:09,350] {processor.py:171} INFO - Processing /opt/anaconda3/envs/af/lib/python3.7/site-packages/airflow/example_dags/example_dag_decorator.py took 0.405 seconds
[2022-02-09 14:04:59,580] {processor.py:163} INFO - Started process (PID=11315) to work on /opt/anaconda3/envs/af/lib/python3.7/site-packages/airflow/example_dags/example_dag_decorator.py
[2022-02-09 14:04:59,584] {processor.py:642} INFO - Processing file /opt/anaconda3/envs/af/lib/python3.7/site-packages/airflow/example_dags/example_dag_decorator.py for tasks to queue
[2022-02-09 14:04:59,586] {logging_mixin.py:109} INFO - [2022-02-09 14:04:59,585] {dagbag.py:500} INFO - Filling up the DagBag from /opt/anaconda3/envs/af/lib/python3.7/site-packages/airflow/example_dags/example_dag_decorator.py
[2022-02-09 14:04:59,638] {processor.py:654} INFO - DAG(s) dict_keys(['example_dag_decorator']) retrieved from /opt/anaconda3/envs/af/lib/python3.7/site-packages/airflow/example_dags/example_dag_decorator.py
[2022-02-09 14:05:00,067] {logging_mixin.py:109} INFO - [2022-02-09 14:05:00,067] {dag.py:2396} INFO - Sync 1 DAGs
[2022-02-09 14:05:00,082] {logging_mixin.py:109} INFO - [2022-02-09 14:05:00,082] {dag.py:2935} INFO - Setting next_dagrun for example_dag_decorator to None
[2022-02-09 14:05:00,093] {processor.py:171} INFO - Processing /opt/anaconda3/envs/af/lib/python3.7/site-packages/airflow/example_dags/example_dag_decorator.py took 0.520 seconds
[2022-02-09 14:05:47,594] {processor.py:163} INFO - Started process (PID=11368) to work on /opt/anaconda3/envs/af/lib/python3.7/site-packages/airflow/example_dags/example_dag_decorator.py
[2022-02-09 14:05:47,598] {processor.py:642} INFO - Processing file /opt/anaconda3/envs/af/lib/python3.7/site-packages/airflow/example_dags/example_dag_decorator.py for tasks to queue
[2022-02-09 14:05:47,600] {logging_mixin.py:109} INFO - [2022-02-09 14:05:47,600] {dagbag.py:500} INFO - Filling up the DagBag from /opt/anaconda3/envs/af/lib/python3.7/site-packages/airflow/example_dags/example_dag_decorator.py
[2022-02-09 14:05:47,664] {processor.py:654} INFO - DAG(s) dict_keys(['example_dag_decorator']) retrieved from /opt/anaconda3/envs/af/lib/python3.7/site-packages/airflow/example_dags/example_dag_decorator.py
[2022-02-09 14:05:48,232] {logging_mixin.py:109} INFO - [2022-02-09 14:05:48,231] {dag.py:2396} INFO - Sync 1 DAGs
[2022-02-09 14:05:48,247] {logging_mixin.py:109} INFO - [2022-02-09 14:05:48,247] {dag.py:2935} INFO - Setting next_dagrun for example_dag_decorator to None
[2022-02-09 14:05:48,260] {processor.py:171} INFO - Processing /opt/anaconda3/envs/af/lib/python3.7/site-packages/airflow/example_dags/example_dag_decorator.py took 0.671 seconds
[2022-02-09 14:06:30,188] {processor.py:163} INFO - Started process (PID=11417) to work on /opt/anaconda3/envs/af/lib/python3.7/site-packages/airflow/example_dags/example_dag_decorator.py
[2022-02-09 14:06:30,190] {processor.py:642} INFO - Processing file /opt/anaconda3/envs/af/lib/python3.7/site-packages/airflow/example_dags/example_dag_decorator.py for tasks to queue
[2022-02-09 14:06:30,192] {logging_mixin.py:109} INFO - [2022-02-09 14:06:30,191] {dagbag.py:500} INFO - Filling up the DagBag from /opt/anaconda3/envs/af/lib/python3.7/site-packages/airflow/example_dags/example_dag_decorator.py
[2022-02-09 14:06:30,240] {processor.py:654} INFO - DAG(s) dict_keys(['example_dag_decorator']) retrieved from /opt/anaconda3/envs/af/lib/python3.7/site-packages/airflow/example_dags/example_dag_decorator.py
[2022-02-09 14:06:30,771] {logging_mixin.py:109} INFO - [2022-02-09 14:06:30,771] {dag.py:2396} INFO - Sync 1 DAGs
[2022-02-09 14:06:30,804] {logging_mixin.py:109} INFO - [2022-02-09 14:06:30,804] {dag.py:2935} INFO - Setting next_dagrun for example_dag_decorator to None
[2022-02-09 14:06:30,820] {processor.py:171} INFO - Processing /opt/anaconda3/envs/af/lib/python3.7/site-packages/airflow/example_dags/example_dag_decorator.py took 0.636 seconds
[2022-02-09 14:07:21,156] {processor.py:163} INFO - Started process (PID=11475) to work on /opt/anaconda3/envs/af/lib/python3.7/site-packages/airflow/example_dags/example_dag_decorator.py
[2022-02-09 14:07:21,159] {processor.py:642} INFO - Processing file /opt/anaconda3/envs/af/lib/python3.7/site-packages/airflow/example_dags/example_dag_decorator.py for tasks to queue
[2022-02-09 14:07:21,161] {logging_mixin.py:109} INFO - [2022-02-09 14:07:21,160] {dagbag.py:500} INFO - Filling up the DagBag from /opt/anaconda3/envs/af/lib/python3.7/site-packages/airflow/example_dags/example_dag_decorator.py
[2022-02-09 14:07:21,214] {processor.py:654} INFO - DAG(s) dict_keys(['example_dag_decorator']) retrieved from /opt/anaconda3/envs/af/lib/python3.7/site-packages/airflow/example_dags/example_dag_decorator.py
[2022-02-09 14:07:21,621] {logging_mixin.py:109} INFO - [2022-02-09 14:07:21,621] {dag.py:2396} INFO - Sync 1 DAGs
[2022-02-09 14:07:21,634] {logging_mixin.py:109} INFO - [2022-02-09 14:07:21,634] {dag.py:2935} INFO - Setting next_dagrun for example_dag_decorator to None
[2022-02-09 14:07:21,651] {processor.py:171} INFO - Processing /opt/anaconda3/envs/af/lib/python3.7/site-packages/airflow/example_dags/example_dag_decorator.py took 0.500 seconds
[2022-02-09 14:08:03,352] {processor.py:163} INFO - Started process (PID=11523) to work on /opt/anaconda3/envs/af/lib/python3.7/site-packages/airflow/example_dags/example_dag_decorator.py
[2022-02-09 14:08:03,355] {processor.py:642} INFO - Processing file /opt/anaconda3/envs/af/lib/python3.7/site-packages/airflow/example_dags/example_dag_decorator.py for tasks to queue
[2022-02-09 14:08:03,357] {logging_mixin.py:109} INFO - [2022-02-09 14:08:03,356] {dagbag.py:500} INFO - Filling up the DagBag from /opt/anaconda3/envs/af/lib/python3.7/site-packages/airflow/example_dags/example_dag_decorator.py
[2022-02-09 14:08:03,404] {processor.py:654} INFO - DAG(s) dict_keys(['example_dag_decorator']) retrieved from /opt/anaconda3/envs/af/lib/python3.7/site-packages/airflow/example_dags/example_dag_decorator.py
[2022-02-09 14:08:03,765] {logging_mixin.py:109} INFO - [2022-02-09 14:08:03,764] {dag.py:2396} INFO - Sync 1 DAGs
[2022-02-09 14:08:03,779] {logging_mixin.py:109} INFO - [2022-02-09 14:08:03,778] {dag.py:2935} INFO - Setting next_dagrun for example_dag_decorator to None
[2022-02-09 14:08:03,792] {processor.py:171} INFO - Processing /opt/anaconda3/envs/af/lib/python3.7/site-packages/airflow/example_dags/example_dag_decorator.py took 0.445 seconds
[2022-02-09 15:27:14,929] {processor.py:163} INFO - Started process (PID=13917) to work on /opt/anaconda3/envs/af/lib/python3.7/site-packages/airflow/example_dags/example_dag_decorator.py
[2022-02-09 15:27:14,932] {processor.py:642} INFO - Processing file /opt/anaconda3/envs/af/lib/python3.7/site-packages/airflow/example_dags/example_dag_decorator.py for tasks to queue
[2022-02-09 15:27:14,934] {logging_mixin.py:109} INFO - [2022-02-09 15:27:14,933] {dagbag.py:500} INFO - Filling up the DagBag from /opt/anaconda3/envs/af/lib/python3.7/site-packages/airflow/example_dags/example_dag_decorator.py
[2022-02-09 15:27:14,981] {processor.py:654} INFO - DAG(s) dict_keys(['example_dag_decorator']) retrieved from /opt/anaconda3/envs/af/lib/python3.7/site-packages/airflow/example_dags/example_dag_decorator.py
[2022-02-09 15:27:15,800] {logging_mixin.py:109} INFO - [2022-02-09 15:27:15,800] {dag.py:2396} INFO - Sync 1 DAGs
[2022-02-09 15:27:15,813] {logging_mixin.py:109} INFO - [2022-02-09 15:27:15,813] {dag.py:2935} INFO - Setting next_dagrun for example_dag_decorator to None
[2022-02-09 15:27:15,824] {processor.py:171} INFO - Processing /opt/anaconda3/envs/af/lib/python3.7/site-packages/airflow/example_dags/example_dag_decorator.py took 0.900 seconds
[2022-02-09 15:27:57,539] {processor.py:163} INFO - Started process (PID=13968) to work on /opt/anaconda3/envs/af/lib/python3.7/site-packages/airflow/example_dags/example_dag_decorator.py
[2022-02-09 15:27:57,542] {processor.py:642} INFO - Processing file /opt/anaconda3/envs/af/lib/python3.7/site-packages/airflow/example_dags/example_dag_decorator.py for tasks to queue
[2022-02-09 15:27:57,545] {logging_mixin.py:109} INFO - [2022-02-09 15:27:57,545] {dagbag.py:500} INFO - Filling up the DagBag from /opt/anaconda3/envs/af/lib/python3.7/site-packages/airflow/example_dags/example_dag_decorator.py
[2022-02-09 15:27:57,650] {processor.py:654} INFO - DAG(s) dict_keys(['example_dag_decorator']) retrieved from /opt/anaconda3/envs/af/lib/python3.7/site-packages/airflow/example_dags/example_dag_decorator.py
[2022-02-09 15:27:58,668] {logging_mixin.py:109} INFO - [2022-02-09 15:27:58,667] {dag.py:2396} INFO - Sync 1 DAGs
[2022-02-09 15:27:58,680] {logging_mixin.py:109} INFO - [2022-02-09 15:27:58,680] {dag.py:2935} INFO - Setting next_dagrun for example_dag_decorator to None
[2022-02-09 15:27:58,693] {processor.py:171} INFO - Processing /opt/anaconda3/envs/af/lib/python3.7/site-packages/airflow/example_dags/example_dag_decorator.py took 1.161 seconds
[2022-02-09 15:29:09,028] {processor.py:163} INFO - Started process (PID=14088) to work on /opt/anaconda3/envs/af/lib/python3.7/site-packages/airflow/example_dags/example_dag_decorator.py
[2022-02-09 15:29:09,033] {processor.py:642} INFO - Processing file /opt/anaconda3/envs/af/lib/python3.7/site-packages/airflow/example_dags/example_dag_decorator.py for tasks to queue
[2022-02-09 15:29:09,036] {logging_mixin.py:109} INFO - [2022-02-09 15:29:09,035] {dagbag.py:500} INFO - Filling up the DagBag from /opt/anaconda3/envs/af/lib/python3.7/site-packages/airflow/example_dags/example_dag_decorator.py
[2022-02-09 15:29:09,104] {processor.py:654} INFO - DAG(s) dict_keys(['example_dag_decorator']) retrieved from /opt/anaconda3/envs/af/lib/python3.7/site-packages/airflow/example_dags/example_dag_decorator.py
[2022-02-09 15:29:10,143] {logging_mixin.py:109} INFO - [2022-02-09 15:29:10,143] {dag.py:2396} INFO - Sync 1 DAGs
[2022-02-09 15:29:10,162] {logging_mixin.py:109} INFO - [2022-02-09 15:29:10,162] {dag.py:2935} INFO - Setting next_dagrun for example_dag_decorator to None
[2022-02-09 15:29:10,177] {processor.py:171} INFO - Processing /opt/anaconda3/envs/af/lib/python3.7/site-packages/airflow/example_dags/example_dag_decorator.py took 1.157 seconds
[2022-02-09 15:31:07,049] {processor.py:163} INFO - Started process (PID=14221) to work on /opt/anaconda3/envs/af/lib/python3.7/site-packages/airflow/example_dags/example_dag_decorator.py
[2022-02-09 15:31:07,055] {processor.py:642} INFO - Processing file /opt/anaconda3/envs/af/lib/python3.7/site-packages/airflow/example_dags/example_dag_decorator.py for tasks to queue
[2022-02-09 15:31:07,058] {logging_mixin.py:109} INFO - [2022-02-09 15:31:07,057] {dagbag.py:500} INFO - Filling up the DagBag from /opt/anaconda3/envs/af/lib/python3.7/site-packages/airflow/example_dags/example_dag_decorator.py
[2022-02-09 15:31:07,139] {processor.py:654} INFO - DAG(s) dict_keys(['example_dag_decorator']) retrieved from /opt/anaconda3/envs/af/lib/python3.7/site-packages/airflow/example_dags/example_dag_decorator.py
[2022-02-09 15:31:07,727] {logging_mixin.py:109} INFO - [2022-02-09 15:31:07,727] {dag.py:2396} INFO - Sync 1 DAGs
[2022-02-09 15:31:07,742] {logging_mixin.py:109} INFO - [2022-02-09 15:31:07,741] {dag.py:2935} INFO - Setting next_dagrun for example_dag_decorator to None
[2022-02-09 15:31:07,753] {processor.py:171} INFO - Processing /opt/anaconda3/envs/af/lib/python3.7/site-packages/airflow/example_dags/example_dag_decorator.py took 0.712 seconds
