[2022-02-09 14:00:01,870] {processor.py:163} INFO - Started process (PID=10912) to work on /opt/anaconda3/envs/af/lib/python3.7/site-packages/airflow/example_dags/example_xcomargs.py
[2022-02-09 14:00:01,871] {processor.py:642} INFO - Processing file /opt/anaconda3/envs/af/lib/python3.7/site-packages/airflow/example_dags/example_xcomargs.py for tasks to queue
[2022-02-09 14:00:01,873] {logging_mixin.py:109} INFO - [2022-02-09 14:00:01,872] {dagbag.py:500} INFO - Filling up the DagBag from /opt/anaconda3/envs/af/lib/python3.7/site-packages/airflow/example_dags/example_xcomargs.py
[2022-02-09 14:00:01,912] {processor.py:654} INFO - DAG(s) dict_keys(['example_xcom_args', 'example_xcom_args_with_operators']) retrieved from /opt/anaconda3/envs/af/lib/python3.7/site-packages/airflow/example_dags/example_xcomargs.py
[2022-02-09 14:00:02,235] {logging_mixin.py:109} INFO - [2022-02-09 14:00:02,234] {dag.py:2396} INFO - Sync 2 DAGs
[2022-02-09 14:00:02,331] {logging_mixin.py:109} INFO - [2022-02-09 14:00:02,330] {dag.py:2935} INFO - Setting next_dagrun for example_xcom_args to None
[2022-02-09 14:00:02,331] {logging_mixin.py:109} INFO - [2022-02-09 14:00:02,331] {dag.py:2935} INFO - Setting next_dagrun for example_xcom_args_with_operators to None
[2022-02-09 14:00:02,342] {processor.py:171} INFO - Processing /opt/anaconda3/envs/af/lib/python3.7/site-packages/airflow/example_dags/example_xcomargs.py took 0.477 seconds
[2022-02-09 14:00:44,420] {processor.py:163} INFO - Started process (PID=10968) to work on /opt/anaconda3/envs/af/lib/python3.7/site-packages/airflow/example_dags/example_xcomargs.py
[2022-02-09 14:00:44,423] {processor.py:642} INFO - Processing file /opt/anaconda3/envs/af/lib/python3.7/site-packages/airflow/example_dags/example_xcomargs.py for tasks to queue
[2022-02-09 14:00:44,425] {logging_mixin.py:109} INFO - [2022-02-09 14:00:44,424] {dagbag.py:500} INFO - Filling up the DagBag from /opt/anaconda3/envs/af/lib/python3.7/site-packages/airflow/example_dags/example_xcomargs.py
[2022-02-09 14:00:44,473] {processor.py:654} INFO - DAG(s) dict_keys(['example_xcom_args', 'example_xcom_args_with_operators']) retrieved from /opt/anaconda3/envs/af/lib/python3.7/site-packages/airflow/example_dags/example_xcomargs.py
[2022-02-09 14:00:44,831] {logging_mixin.py:109} INFO - [2022-02-09 14:00:44,830] {dag.py:2396} INFO - Sync 2 DAGs
[2022-02-09 14:00:44,845] {logging_mixin.py:109} INFO - [2022-02-09 14:00:44,845] {dag.py:2935} INFO - Setting next_dagrun for example_xcom_args to None
[2022-02-09 14:00:44,846] {logging_mixin.py:109} INFO - [2022-02-09 14:00:44,846] {dag.py:2935} INFO - Setting next_dagrun for example_xcom_args_with_operators to None
[2022-02-09 14:00:44,857] {processor.py:171} INFO - Processing /opt/anaconda3/envs/af/lib/python3.7/site-packages/airflow/example_dags/example_xcomargs.py took 0.442 seconds
[2022-02-09 14:01:24,829] {processor.py:163} INFO - Started process (PID=11034) to work on /opt/anaconda3/envs/af/lib/python3.7/site-packages/airflow/example_dags/example_xcomargs.py
[2022-02-09 14:01:24,832] {processor.py:642} INFO - Processing file /opt/anaconda3/envs/af/lib/python3.7/site-packages/airflow/example_dags/example_xcomargs.py for tasks to queue
[2022-02-09 14:01:24,834] {logging_mixin.py:109} INFO - [2022-02-09 14:01:24,834] {dagbag.py:500} INFO - Filling up the DagBag from /opt/anaconda3/envs/af/lib/python3.7/site-packages/airflow/example_dags/example_xcomargs.py
[2022-02-09 14:01:24,915] {processor.py:654} INFO - DAG(s) dict_keys(['example_xcom_args', 'example_xcom_args_with_operators']) retrieved from /opt/anaconda3/envs/af/lib/python3.7/site-packages/airflow/example_dags/example_xcomargs.py
[2022-02-09 14:01:25,340] {logging_mixin.py:109} INFO - [2022-02-09 14:01:25,339] {dag.py:2396} INFO - Sync 2 DAGs
[2022-02-09 14:01:25,355] {logging_mixin.py:109} INFO - [2022-02-09 14:01:25,354] {dag.py:2935} INFO - Setting next_dagrun for example_xcom_args to None
[2022-02-09 14:01:25,356] {logging_mixin.py:109} INFO - [2022-02-09 14:01:25,355] {dag.py:2935} INFO - Setting next_dagrun for example_xcom_args_with_operators to None
[2022-02-09 14:01:25,370] {processor.py:171} INFO - Processing /opt/anaconda3/envs/af/lib/python3.7/site-packages/airflow/example_dags/example_xcomargs.py took 0.547 seconds
[2022-02-09 14:02:03,627] {processor.py:163} INFO - Started process (PID=11082) to work on /opt/anaconda3/envs/af/lib/python3.7/site-packages/airflow/example_dags/example_xcomargs.py
[2022-02-09 14:02:03,629] {processor.py:642} INFO - Processing file /opt/anaconda3/envs/af/lib/python3.7/site-packages/airflow/example_dags/example_xcomargs.py for tasks to queue
[2022-02-09 14:02:03,631] {logging_mixin.py:109} INFO - [2022-02-09 14:02:03,631] {dagbag.py:500} INFO - Filling up the DagBag from /opt/anaconda3/envs/af/lib/python3.7/site-packages/airflow/example_dags/example_xcomargs.py
[2022-02-09 14:02:03,680] {processor.py:654} INFO - DAG(s) dict_keys(['example_xcom_args', 'example_xcom_args_with_operators']) retrieved from /opt/anaconda3/envs/af/lib/python3.7/site-packages/airflow/example_dags/example_xcomargs.py
[2022-02-09 14:02:04,157] {logging_mixin.py:109} INFO - [2022-02-09 14:02:04,157] {dag.py:2396} INFO - Sync 2 DAGs
[2022-02-09 14:02:04,170] {logging_mixin.py:109} INFO - [2022-02-09 14:02:04,170] {dag.py:2935} INFO - Setting next_dagrun for example_xcom_args to None
[2022-02-09 14:02:04,171] {logging_mixin.py:109} INFO - [2022-02-09 14:02:04,171] {dag.py:2935} INFO - Setting next_dagrun for example_xcom_args_with_operators to None
[2022-02-09 14:02:04,182] {processor.py:171} INFO - Processing /opt/anaconda3/envs/af/lib/python3.7/site-packages/airflow/example_dags/example_xcomargs.py took 0.560 seconds
[2022-02-09 14:03:36,639] {processor.py:163} INFO - Started process (PID=11200) to work on /opt/anaconda3/envs/af/lib/python3.7/site-packages/airflow/example_dags/example_xcomargs.py
[2022-02-09 14:03:36,644] {processor.py:642} INFO - Processing file /opt/anaconda3/envs/af/lib/python3.7/site-packages/airflow/example_dags/example_xcomargs.py for tasks to queue
[2022-02-09 14:03:36,646] {logging_mixin.py:109} INFO - [2022-02-09 14:03:36,645] {dagbag.py:500} INFO - Filling up the DagBag from /opt/anaconda3/envs/af/lib/python3.7/site-packages/airflow/example_dags/example_xcomargs.py
[2022-02-09 14:03:36,699] {processor.py:654} INFO - DAG(s) dict_keys(['example_xcom_args', 'example_xcom_args_with_operators']) retrieved from /opt/anaconda3/envs/af/lib/python3.7/site-packages/airflow/example_dags/example_xcomargs.py
[2022-02-09 14:03:37,442] {logging_mixin.py:109} INFO - [2022-02-09 14:03:37,441] {dag.py:2396} INFO - Sync 2 DAGs
[2022-02-09 14:03:37,461] {logging_mixin.py:109} INFO - [2022-02-09 14:03:37,461] {dag.py:2935} INFO - Setting next_dagrun for example_xcom_args to None
[2022-02-09 14:03:37,463] {logging_mixin.py:109} INFO - [2022-02-09 14:03:37,462] {dag.py:2935} INFO - Setting next_dagrun for example_xcom_args_with_operators to None
[2022-02-09 14:03:37,477] {processor.py:171} INFO - Processing /opt/anaconda3/envs/af/lib/python3.7/site-packages/airflow/example_dags/example_xcomargs.py took 0.843 seconds
[2022-02-09 14:04:15,830] {processor.py:163} INFO - Started process (PID=11253) to work on /opt/anaconda3/envs/af/lib/python3.7/site-packages/airflow/example_dags/example_xcomargs.py
[2022-02-09 14:04:15,832] {processor.py:642} INFO - Processing file /opt/anaconda3/envs/af/lib/python3.7/site-packages/airflow/example_dags/example_xcomargs.py for tasks to queue
[2022-02-09 14:04:15,835] {logging_mixin.py:109} INFO - [2022-02-09 14:04:15,834] {dagbag.py:500} INFO - Filling up the DagBag from /opt/anaconda3/envs/af/lib/python3.7/site-packages/airflow/example_dags/example_xcomargs.py
[2022-02-09 14:04:15,874] {processor.py:654} INFO - DAG(s) dict_keys(['example_xcom_args', 'example_xcom_args_with_operators']) retrieved from /opt/anaconda3/envs/af/lib/python3.7/site-packages/airflow/example_dags/example_xcomargs.py
[2022-02-09 14:04:16,267] {logging_mixin.py:109} INFO - [2022-02-09 14:04:16,267] {dag.py:2396} INFO - Sync 2 DAGs
[2022-02-09 14:04:16,280] {logging_mixin.py:109} INFO - [2022-02-09 14:04:16,280] {dag.py:2935} INFO - Setting next_dagrun for example_xcom_args to None
[2022-02-09 14:04:16,281] {logging_mixin.py:109} INFO - [2022-02-09 14:04:16,281] {dag.py:2935} INFO - Setting next_dagrun for example_xcom_args_with_operators to None
[2022-02-09 14:04:16,292] {processor.py:171} INFO - Processing /opt/anaconda3/envs/af/lib/python3.7/site-packages/airflow/example_dags/example_xcomargs.py took 0.466 seconds
[2022-02-09 14:04:55,668] {processor.py:163} INFO - Started process (PID=11309) to work on /opt/anaconda3/envs/af/lib/python3.7/site-packages/airflow/example_dags/example_xcomargs.py
[2022-02-09 14:04:55,671] {processor.py:642} INFO - Processing file /opt/anaconda3/envs/af/lib/python3.7/site-packages/airflow/example_dags/example_xcomargs.py for tasks to queue
[2022-02-09 14:04:55,673] {logging_mixin.py:109} INFO - [2022-02-09 14:04:55,672] {dagbag.py:500} INFO - Filling up the DagBag from /opt/anaconda3/envs/af/lib/python3.7/site-packages/airflow/example_dags/example_xcomargs.py
[2022-02-09 14:04:55,712] {processor.py:654} INFO - DAG(s) dict_keys(['example_xcom_args', 'example_xcom_args_with_operators']) retrieved from /opt/anaconda3/envs/af/lib/python3.7/site-packages/airflow/example_dags/example_xcomargs.py
[2022-02-09 14:04:56,267] {logging_mixin.py:109} INFO - [2022-02-09 14:04:56,267] {dag.py:2396} INFO - Sync 2 DAGs
[2022-02-09 14:04:56,284] {logging_mixin.py:109} INFO - [2022-02-09 14:04:56,283] {dag.py:2935} INFO - Setting next_dagrun for example_xcom_args to None
[2022-02-09 14:04:56,284] {logging_mixin.py:109} INFO - [2022-02-09 14:04:56,284] {dag.py:2935} INFO - Setting next_dagrun for example_xcom_args_with_operators to None
[2022-02-09 14:04:56,296] {processor.py:171} INFO - Processing /opt/anaconda3/envs/af/lib/python3.7/site-packages/airflow/example_dags/example_xcomargs.py took 0.634 seconds
[2022-02-09 14:05:38,314] {processor.py:163} INFO - Started process (PID=11358) to work on /opt/anaconda3/envs/af/lib/python3.7/site-packages/airflow/example_dags/example_xcomargs.py
[2022-02-09 14:05:38,320] {processor.py:642} INFO - Processing file /opt/anaconda3/envs/af/lib/python3.7/site-packages/airflow/example_dags/example_xcomargs.py for tasks to queue
[2022-02-09 14:05:38,321] {logging_mixin.py:109} INFO - [2022-02-09 14:05:38,321] {dagbag.py:500} INFO - Filling up the DagBag from /opt/anaconda3/envs/af/lib/python3.7/site-packages/airflow/example_dags/example_xcomargs.py
[2022-02-09 14:05:38,429] {processor.py:654} INFO - DAG(s) dict_keys(['example_xcom_args', 'example_xcom_args_with_operators']) retrieved from /opt/anaconda3/envs/af/lib/python3.7/site-packages/airflow/example_dags/example_xcomargs.py
[2022-02-09 14:05:38,459] {logging_mixin.py:109} INFO - [2022-02-09 14:05:38,458] {dag.py:2396} INFO - Sync 2 DAGs
[2022-02-09 14:05:38,494] {logging_mixin.py:109} INFO - [2022-02-09 14:05:38,493] {dag.py:2935} INFO - Setting next_dagrun for example_xcom_args to None
[2022-02-09 14:05:38,496] {logging_mixin.py:109} INFO - [2022-02-09 14:05:38,495] {dag.py:2935} INFO - Setting next_dagrun for example_xcom_args_with_operators to None
[2022-02-09 14:05:38,513] {processor.py:171} INFO - Processing /opt/anaconda3/envs/af/lib/python3.7/site-packages/airflow/example_dags/example_xcomargs.py took 0.209 seconds
[2022-02-09 14:06:13,103] {processor.py:163} INFO - Started process (PID=11397) to work on /opt/anaconda3/envs/af/lib/python3.7/site-packages/airflow/example_dags/example_xcomargs.py
[2022-02-09 14:06:13,107] {processor.py:642} INFO - Processing file /opt/anaconda3/envs/af/lib/python3.7/site-packages/airflow/example_dags/example_xcomargs.py for tasks to queue
[2022-02-09 14:06:13,109] {logging_mixin.py:109} INFO - [2022-02-09 14:06:13,109] {dagbag.py:500} INFO - Filling up the DagBag from /opt/anaconda3/envs/af/lib/python3.7/site-packages/airflow/example_dags/example_xcomargs.py
[2022-02-09 14:06:13,159] {processor.py:654} INFO - DAG(s) dict_keys(['example_xcom_args', 'example_xcom_args_with_operators']) retrieved from /opt/anaconda3/envs/af/lib/python3.7/site-packages/airflow/example_dags/example_xcomargs.py
[2022-02-09 14:06:13,567] {logging_mixin.py:109} INFO - [2022-02-09 14:06:13,566] {dag.py:2396} INFO - Sync 2 DAGs
[2022-02-09 14:06:13,585] {logging_mixin.py:109} INFO - [2022-02-09 14:06:13,584] {dag.py:2935} INFO - Setting next_dagrun for example_xcom_args to None
[2022-02-09 14:06:13,585] {logging_mixin.py:109} INFO - [2022-02-09 14:06:13,585] {dag.py:2935} INFO - Setting next_dagrun for example_xcom_args_with_operators to None
[2022-02-09 14:06:13,599] {processor.py:171} INFO - Processing /opt/anaconda3/envs/af/lib/python3.7/site-packages/airflow/example_dags/example_xcomargs.py took 0.503 seconds
[2022-02-09 14:06:58,540] {processor.py:163} INFO - Started process (PID=11448) to work on /opt/anaconda3/envs/af/lib/python3.7/site-packages/airflow/example_dags/example_xcomargs.py
[2022-02-09 14:06:58,543] {processor.py:642} INFO - Processing file /opt/anaconda3/envs/af/lib/python3.7/site-packages/airflow/example_dags/example_xcomargs.py for tasks to queue
[2022-02-09 14:06:58,544] {logging_mixin.py:109} INFO - [2022-02-09 14:06:58,544] {dagbag.py:500} INFO - Filling up the DagBag from /opt/anaconda3/envs/af/lib/python3.7/site-packages/airflow/example_dags/example_xcomargs.py
[2022-02-09 14:06:58,593] {processor.py:654} INFO - DAG(s) dict_keys(['example_xcom_args', 'example_xcom_args_with_operators']) retrieved from /opt/anaconda3/envs/af/lib/python3.7/site-packages/airflow/example_dags/example_xcomargs.py
[2022-02-09 14:06:59,193] {logging_mixin.py:109} INFO - [2022-02-09 14:06:59,192] {dag.py:2396} INFO - Sync 2 DAGs
[2022-02-09 14:06:59,211] {logging_mixin.py:109} INFO - [2022-02-09 14:06:59,211] {dag.py:2935} INFO - Setting next_dagrun for example_xcom_args to None
[2022-02-09 14:06:59,214] {logging_mixin.py:109} INFO - [2022-02-09 14:06:59,212] {dag.py:2935} INFO - Setting next_dagrun for example_xcom_args_with_operators to None
[2022-02-09 14:06:59,229] {processor.py:171} INFO - Processing /opt/anaconda3/envs/af/lib/python3.7/site-packages/airflow/example_dags/example_xcomargs.py took 0.693 seconds
[2022-02-09 14:07:38,145] {processor.py:163} INFO - Started process (PID=11496) to work on /opt/anaconda3/envs/af/lib/python3.7/site-packages/airflow/example_dags/example_xcomargs.py
[2022-02-09 14:07:38,149] {processor.py:642} INFO - Processing file /opt/anaconda3/envs/af/lib/python3.7/site-packages/airflow/example_dags/example_xcomargs.py for tasks to queue
[2022-02-09 14:07:38,150] {logging_mixin.py:109} INFO - [2022-02-09 14:07:38,150] {dagbag.py:500} INFO - Filling up the DagBag from /opt/anaconda3/envs/af/lib/python3.7/site-packages/airflow/example_dags/example_xcomargs.py
[2022-02-09 14:07:38,197] {processor.py:654} INFO - DAG(s) dict_keys(['example_xcom_args', 'example_xcom_args_with_operators']) retrieved from /opt/anaconda3/envs/af/lib/python3.7/site-packages/airflow/example_dags/example_xcomargs.py
[2022-02-09 14:07:38,595] {logging_mixin.py:109} INFO - [2022-02-09 14:07:38,594] {dag.py:2396} INFO - Sync 2 DAGs
[2022-02-09 14:07:38,612] {logging_mixin.py:109} INFO - [2022-02-09 14:07:38,611] {dag.py:2935} INFO - Setting next_dagrun for example_xcom_args to None
[2022-02-09 14:07:38,613] {logging_mixin.py:109} INFO - [2022-02-09 14:07:38,612] {dag.py:2935} INFO - Setting next_dagrun for example_xcom_args_with_operators to None
[2022-02-09 14:07:38,627] {processor.py:171} INFO - Processing /opt/anaconda3/envs/af/lib/python3.7/site-packages/airflow/example_dags/example_xcomargs.py took 0.486 seconds
[2022-02-09 14:08:16,851] {processor.py:163} INFO - Started process (PID=11541) to work on /opt/anaconda3/envs/af/lib/python3.7/site-packages/airflow/example_dags/example_xcomargs.py
[2022-02-09 14:08:16,855] {processor.py:642} INFO - Processing file /opt/anaconda3/envs/af/lib/python3.7/site-packages/airflow/example_dags/example_xcomargs.py for tasks to queue
[2022-02-09 14:08:16,856] {logging_mixin.py:109} INFO - [2022-02-09 14:08:16,856] {dagbag.py:500} INFO - Filling up the DagBag from /opt/anaconda3/envs/af/lib/python3.7/site-packages/airflow/example_dags/example_xcomargs.py
[2022-02-09 14:08:16,901] {processor.py:654} INFO - DAG(s) dict_keys(['example_xcom_args', 'example_xcom_args_with_operators']) retrieved from /opt/anaconda3/envs/af/lib/python3.7/site-packages/airflow/example_dags/example_xcomargs.py
[2022-02-09 14:08:17,323] {logging_mixin.py:109} INFO - [2022-02-09 14:08:17,322] {dag.py:2396} INFO - Sync 2 DAGs
[2022-02-09 14:08:17,340] {logging_mixin.py:109} INFO - [2022-02-09 14:08:17,340] {dag.py:2935} INFO - Setting next_dagrun for example_xcom_args to None
[2022-02-09 14:08:17,341] {logging_mixin.py:109} INFO - [2022-02-09 14:08:17,341] {dag.py:2935} INFO - Setting next_dagrun for example_xcom_args_with_operators to None
[2022-02-09 14:08:17,355] {processor.py:171} INFO - Processing /opt/anaconda3/envs/af/lib/python3.7/site-packages/airflow/example_dags/example_xcomargs.py took 0.509 seconds
[2022-02-09 15:25:42,172] {processor.py:163} INFO - Started process (PID=13807) to work on /opt/anaconda3/envs/af/lib/python3.7/site-packages/airflow/example_dags/example_xcomargs.py
[2022-02-09 15:25:42,179] {processor.py:642} INFO - Processing file /opt/anaconda3/envs/af/lib/python3.7/site-packages/airflow/example_dags/example_xcomargs.py for tasks to queue
[2022-02-09 15:25:42,181] {logging_mixin.py:109} INFO - [2022-02-09 15:25:42,181] {dagbag.py:500} INFO - Filling up the DagBag from /opt/anaconda3/envs/af/lib/python3.7/site-packages/airflow/example_dags/example_xcomargs.py
[2022-02-09 15:25:42,246] {processor.py:654} INFO - DAG(s) dict_keys(['example_xcom_args', 'example_xcom_args_with_operators']) retrieved from /opt/anaconda3/envs/af/lib/python3.7/site-packages/airflow/example_dags/example_xcomargs.py
[2022-02-09 15:25:44,089] {logging_mixin.py:109} INFO - [2022-02-09 15:25:44,087] {dag.py:2396} INFO - Sync 2 DAGs
[2022-02-09 15:25:44,211] {logging_mixin.py:109} INFO - [2022-02-09 15:25:44,210] {dag.py:2935} INFO - Setting next_dagrun for example_xcom_args to None
[2022-02-09 15:25:44,212] {logging_mixin.py:109} INFO - [2022-02-09 15:25:44,211] {dag.py:2935} INFO - Setting next_dagrun for example_xcom_args_with_operators to None
[2022-02-09 15:25:44,247] {processor.py:171} INFO - Processing /opt/anaconda3/envs/af/lib/python3.7/site-packages/airflow/example_dags/example_xcomargs.py took 2.081 seconds
[2022-02-09 15:27:34,929] {processor.py:163} INFO - Started process (PID=13939) to work on /opt/anaconda3/envs/af/lib/python3.7/site-packages/airflow/example_dags/example_xcomargs.py
[2022-02-09 15:27:34,933] {processor.py:642} INFO - Processing file /opt/anaconda3/envs/af/lib/python3.7/site-packages/airflow/example_dags/example_xcomargs.py for tasks to queue
[2022-02-09 15:27:34,935] {logging_mixin.py:109} INFO - [2022-02-09 15:27:34,934] {dagbag.py:500} INFO - Filling up the DagBag from /opt/anaconda3/envs/af/lib/python3.7/site-packages/airflow/example_dags/example_xcomargs.py
[2022-02-09 15:27:34,980] {processor.py:654} INFO - DAG(s) dict_keys(['example_xcom_args', 'example_xcom_args_with_operators']) retrieved from /opt/anaconda3/envs/af/lib/python3.7/site-packages/airflow/example_dags/example_xcomargs.py
[2022-02-09 15:27:35,453] {logging_mixin.py:109} INFO - [2022-02-09 15:27:35,452] {dag.py:2396} INFO - Sync 2 DAGs
[2022-02-09 15:27:35,473] {logging_mixin.py:109} INFO - [2022-02-09 15:27:35,473] {dag.py:2935} INFO - Setting next_dagrun for example_xcom_args to None
[2022-02-09 15:27:35,475] {logging_mixin.py:109} INFO - [2022-02-09 15:27:35,474] {dag.py:2935} INFO - Setting next_dagrun for example_xcom_args_with_operators to None
[2022-02-09 15:27:35,492] {processor.py:171} INFO - Processing /opt/anaconda3/envs/af/lib/python3.7/site-packages/airflow/example_dags/example_xcomargs.py took 0.567 seconds
[2022-02-09 15:28:42,636] {processor.py:163} INFO - Started process (PID=14050) to work on /opt/anaconda3/envs/af/lib/python3.7/site-packages/airflow/example_dags/example_xcomargs.py
[2022-02-09 15:28:42,640] {processor.py:642} INFO - Processing file /opt/anaconda3/envs/af/lib/python3.7/site-packages/airflow/example_dags/example_xcomargs.py for tasks to queue
[2022-02-09 15:28:42,642] {logging_mixin.py:109} INFO - [2022-02-09 15:28:42,641] {dagbag.py:500} INFO - Filling up the DagBag from /opt/anaconda3/envs/af/lib/python3.7/site-packages/airflow/example_dags/example_xcomargs.py
[2022-02-09 15:28:42,692] {processor.py:654} INFO - DAG(s) dict_keys(['example_xcom_args', 'example_xcom_args_with_operators']) retrieved from /opt/anaconda3/envs/af/lib/python3.7/site-packages/airflow/example_dags/example_xcomargs.py
[2022-02-09 15:28:43,072] {logging_mixin.py:109} INFO - [2022-02-09 15:28:43,072] {dag.py:2396} INFO - Sync 2 DAGs
[2022-02-09 15:28:43,090] {logging_mixin.py:109} INFO - [2022-02-09 15:28:43,089] {dag.py:2935} INFO - Setting next_dagrun for example_xcom_args to None
[2022-02-09 15:28:43,090] {logging_mixin.py:109} INFO - [2022-02-09 15:28:43,090] {dag.py:2935} INFO - Setting next_dagrun for example_xcom_args_with_operators to None
[2022-02-09 15:28:43,105] {processor.py:171} INFO - Processing /opt/anaconda3/envs/af/lib/python3.7/site-packages/airflow/example_dags/example_xcomargs.py took 0.474 seconds
[2022-02-09 15:30:44,154] {processor.py:163} INFO - Started process (PID=14191) to work on /opt/anaconda3/envs/af/lib/python3.7/site-packages/airflow/example_dags/example_xcomargs.py
[2022-02-09 15:30:44,157] {processor.py:642} INFO - Processing file /opt/anaconda3/envs/af/lib/python3.7/site-packages/airflow/example_dags/example_xcomargs.py for tasks to queue
[2022-02-09 15:30:44,158] {logging_mixin.py:109} INFO - [2022-02-09 15:30:44,158] {dagbag.py:500} INFO - Filling up the DagBag from /opt/anaconda3/envs/af/lib/python3.7/site-packages/airflow/example_dags/example_xcomargs.py
[2022-02-09 15:30:44,199] {processor.py:654} INFO - DAG(s) dict_keys(['example_xcom_args', 'example_xcom_args_with_operators']) retrieved from /opt/anaconda3/envs/af/lib/python3.7/site-packages/airflow/example_dags/example_xcomargs.py
[2022-02-09 15:30:44,594] {logging_mixin.py:109} INFO - [2022-02-09 15:30:44,594] {dag.py:2396} INFO - Sync 2 DAGs
[2022-02-09 15:30:44,611] {logging_mixin.py:109} INFO - [2022-02-09 15:30:44,610] {dag.py:2935} INFO - Setting next_dagrun for example_xcom_args to None
[2022-02-09 15:30:44,612] {logging_mixin.py:109} INFO - [2022-02-09 15:30:44,611] {dag.py:2935} INFO - Setting next_dagrun for example_xcom_args_with_operators to None
[2022-02-09 15:30:44,624] {processor.py:171} INFO - Processing /opt/anaconda3/envs/af/lib/python3.7/site-packages/airflow/example_dags/example_xcomargs.py took 0.475 seconds
