[2022-02-09 14:00:22,598] {processor.py:163} INFO - Started process (PID=10939) to work on /opt/anaconda3/envs/af/lib/python3.7/site-packages/airflow/example_dags/example_kubernetes_executor.py
[2022-02-09 14:00:22,601] {processor.py:642} INFO - Processing file /opt/anaconda3/envs/af/lib/python3.7/site-packages/airflow/example_dags/example_kubernetes_executor.py for tasks to queue
[2022-02-09 14:00:22,603] {logging_mixin.py:109} INFO - [2022-02-09 14:00:22,602] {dagbag.py:500} INFO - Filling up the DagBag from /opt/anaconda3/envs/af/lib/python3.7/site-packages/airflow/example_dags/example_kubernetes_executor.py
[2022-02-09 14:00:22,624] {logging_mixin.py:109} INFO - [2022-02-09 14:00:22,624] {example_kubernetes_executor.py:39} WARNING - The example_kubernetes_executor example DAG requires the kubernetes provider. Please install it with: pip install apache-airflow[cncf.kubernetes]
[2022-02-09 14:00:22,638] {processor.py:656} WARNING - No viable dags retrieved from /opt/anaconda3/envs/af/lib/python3.7/site-packages/airflow/example_dags/example_kubernetes_executor.py
[2022-02-09 14:00:22,641] {processor.py:171} INFO - Processing /opt/anaconda3/envs/af/lib/python3.7/site-packages/airflow/example_dags/example_kubernetes_executor.py took 0.051 seconds
[2022-02-09 14:01:03,123] {processor.py:163} INFO - Started process (PID=10998) to work on /opt/anaconda3/envs/af/lib/python3.7/site-packages/airflow/example_dags/example_kubernetes_executor.py
[2022-02-09 14:01:03,125] {processor.py:642} INFO - Processing file /opt/anaconda3/envs/af/lib/python3.7/site-packages/airflow/example_dags/example_kubernetes_executor.py for tasks to queue
[2022-02-09 14:01:03,126] {logging_mixin.py:109} INFO - [2022-02-09 14:01:03,126] {dagbag.py:500} INFO - Filling up the DagBag from /opt/anaconda3/envs/af/lib/python3.7/site-packages/airflow/example_dags/example_kubernetes_executor.py
[2022-02-09 14:01:03,145] {logging_mixin.py:109} INFO - [2022-02-09 14:01:03,144] {example_kubernetes_executor.py:39} WARNING - The example_kubernetes_executor example DAG requires the kubernetes provider. Please install it with: pip install apache-airflow[cncf.kubernetes]
[2022-02-09 14:01:03,156] {processor.py:656} WARNING - No viable dags retrieved from /opt/anaconda3/envs/af/lib/python3.7/site-packages/airflow/example_dags/example_kubernetes_executor.py
[2022-02-09 14:01:03,159] {processor.py:171} INFO - Processing /opt/anaconda3/envs/af/lib/python3.7/site-packages/airflow/example_dags/example_kubernetes_executor.py took 0.041 seconds
[2022-02-09 14:01:47,850] {processor.py:163} INFO - Started process (PID=11064) to work on /opt/anaconda3/envs/af/lib/python3.7/site-packages/airflow/example_dags/example_kubernetes_executor.py
[2022-02-09 14:01:47,853] {processor.py:642} INFO - Processing file /opt/anaconda3/envs/af/lib/python3.7/site-packages/airflow/example_dags/example_kubernetes_executor.py for tasks to queue
[2022-02-09 14:01:47,855] {logging_mixin.py:109} INFO - [2022-02-09 14:01:47,854] {dagbag.py:500} INFO - Filling up the DagBag from /opt/anaconda3/envs/af/lib/python3.7/site-packages/airflow/example_dags/example_kubernetes_executor.py
[2022-02-09 14:01:47,873] {logging_mixin.py:109} INFO - [2022-02-09 14:01:47,872] {example_kubernetes_executor.py:39} WARNING - The example_kubernetes_executor example DAG requires the kubernetes provider. Please install it with: pip install apache-airflow[cncf.kubernetes]
[2022-02-09 14:01:47,884] {processor.py:656} WARNING - No viable dags retrieved from /opt/anaconda3/envs/af/lib/python3.7/site-packages/airflow/example_dags/example_kubernetes_executor.py
[2022-02-09 14:01:47,887] {processor.py:171} INFO - Processing /opt/anaconda3/envs/af/lib/python3.7/site-packages/airflow/example_dags/example_kubernetes_executor.py took 0.042 seconds
[2022-02-09 14:03:24,452] {processor.py:163} INFO - Started process (PID=11182) to work on /opt/anaconda3/envs/af/lib/python3.7/site-packages/airflow/example_dags/example_kubernetes_executor.py
[2022-02-09 14:03:24,455] {processor.py:642} INFO - Processing file /opt/anaconda3/envs/af/lib/python3.7/site-packages/airflow/example_dags/example_kubernetes_executor.py for tasks to queue
[2022-02-09 14:03:24,456] {logging_mixin.py:109} INFO - [2022-02-09 14:03:24,456] {dagbag.py:500} INFO - Filling up the DagBag from /opt/anaconda3/envs/af/lib/python3.7/site-packages/airflow/example_dags/example_kubernetes_executor.py
[2022-02-09 14:03:24,470] {logging_mixin.py:109} INFO - [2022-02-09 14:03:24,469] {example_kubernetes_executor.py:39} WARNING - The example_kubernetes_executor example DAG requires the kubernetes provider. Please install it with: pip install apache-airflow[cncf.kubernetes]
[2022-02-09 14:03:24,479] {processor.py:656} WARNING - No viable dags retrieved from /opt/anaconda3/envs/af/lib/python3.7/site-packages/airflow/example_dags/example_kubernetes_executor.py
[2022-02-09 14:03:24,482] {processor.py:171} INFO - Processing /opt/anaconda3/envs/af/lib/python3.7/site-packages/airflow/example_dags/example_kubernetes_executor.py took 0.035 seconds
[2022-02-09 14:04:07,413] {processor.py:163} INFO - Started process (PID=11246) to work on /opt/anaconda3/envs/af/lib/python3.7/site-packages/airflow/example_dags/example_kubernetes_executor.py
[2022-02-09 14:04:07,415] {processor.py:642} INFO - Processing file /opt/anaconda3/envs/af/lib/python3.7/site-packages/airflow/example_dags/example_kubernetes_executor.py for tasks to queue
[2022-02-09 14:04:07,417] {logging_mixin.py:109} INFO - [2022-02-09 14:04:07,416] {dagbag.py:500} INFO - Filling up the DagBag from /opt/anaconda3/envs/af/lib/python3.7/site-packages/airflow/example_dags/example_kubernetes_executor.py
[2022-02-09 14:04:07,434] {logging_mixin.py:109} INFO - [2022-02-09 14:04:07,433] {example_kubernetes_executor.py:39} WARNING - The example_kubernetes_executor example DAG requires the kubernetes provider. Please install it with: pip install apache-airflow[cncf.kubernetes]
[2022-02-09 14:04:07,445] {processor.py:656} WARNING - No viable dags retrieved from /opt/anaconda3/envs/af/lib/python3.7/site-packages/airflow/example_dags/example_kubernetes_executor.py
[2022-02-09 14:04:07,449] {processor.py:171} INFO - Processing /opt/anaconda3/envs/af/lib/python3.7/site-packages/airflow/example_dags/example_kubernetes_executor.py took 0.041 seconds
[2022-02-09 14:04:44,877] {processor.py:163} INFO - Started process (PID=11294) to work on /opt/anaconda3/envs/af/lib/python3.7/site-packages/airflow/example_dags/example_kubernetes_executor.py
[2022-02-09 14:04:44,880] {processor.py:642} INFO - Processing file /opt/anaconda3/envs/af/lib/python3.7/site-packages/airflow/example_dags/example_kubernetes_executor.py for tasks to queue
[2022-02-09 14:04:44,883] {logging_mixin.py:109} INFO - [2022-02-09 14:04:44,882] {dagbag.py:500} INFO - Filling up the DagBag from /opt/anaconda3/envs/af/lib/python3.7/site-packages/airflow/example_dags/example_kubernetes_executor.py
[2022-02-09 14:04:44,907] {logging_mixin.py:109} INFO - [2022-02-09 14:04:44,906] {example_kubernetes_executor.py:39} WARNING - The example_kubernetes_executor example DAG requires the kubernetes provider. Please install it with: pip install apache-airflow[cncf.kubernetes]
[2022-02-09 14:04:44,924] {processor.py:656} WARNING - No viable dags retrieved from /opt/anaconda3/envs/af/lib/python3.7/site-packages/airflow/example_dags/example_kubernetes_executor.py
[2022-02-09 14:04:44,927] {processor.py:171} INFO - Processing /opt/anaconda3/envs/af/lib/python3.7/site-packages/airflow/example_dags/example_kubernetes_executor.py took 0.056 seconds
[2022-02-09 14:05:30,513] {processor.py:163} INFO - Started process (PID=11348) to work on /opt/anaconda3/envs/af/lib/python3.7/site-packages/airflow/example_dags/example_kubernetes_executor.py
[2022-02-09 14:05:30,517] {processor.py:642} INFO - Processing file /opt/anaconda3/envs/af/lib/python3.7/site-packages/airflow/example_dags/example_kubernetes_executor.py for tasks to queue
[2022-02-09 14:05:30,519] {logging_mixin.py:109} INFO - [2022-02-09 14:05:30,518] {dagbag.py:500} INFO - Filling up the DagBag from /opt/anaconda3/envs/af/lib/python3.7/site-packages/airflow/example_dags/example_kubernetes_executor.py
[2022-02-09 14:05:30,542] {logging_mixin.py:109} INFO - [2022-02-09 14:05:30,542] {example_kubernetes_executor.py:39} WARNING - The example_kubernetes_executor example DAG requires the kubernetes provider. Please install it with: pip install apache-airflow[cncf.kubernetes]
[2022-02-09 14:05:30,554] {processor.py:656} WARNING - No viable dags retrieved from /opt/anaconda3/envs/af/lib/python3.7/site-packages/airflow/example_dags/example_kubernetes_executor.py
[2022-02-09 14:05:30,558] {processor.py:171} INFO - Processing /opt/anaconda3/envs/af/lib/python3.7/site-packages/airflow/example_dags/example_kubernetes_executor.py took 0.050 seconds
[2022-02-09 14:06:06,409] {processor.py:163} INFO - Started process (PID=11387) to work on /opt/anaconda3/envs/af/lib/python3.7/site-packages/airflow/example_dags/example_kubernetes_executor.py
[2022-02-09 14:06:06,414] {processor.py:642} INFO - Processing file /opt/anaconda3/envs/af/lib/python3.7/site-packages/airflow/example_dags/example_kubernetes_executor.py for tasks to queue
[2022-02-09 14:06:06,417] {logging_mixin.py:109} INFO - [2022-02-09 14:06:06,416] {dagbag.py:500} INFO - Filling up the DagBag from /opt/anaconda3/envs/af/lib/python3.7/site-packages/airflow/example_dags/example_kubernetes_executor.py
[2022-02-09 14:06:06,449] {logging_mixin.py:109} INFO - [2022-02-09 14:06:06,448] {example_kubernetes_executor.py:39} WARNING - The example_kubernetes_executor example DAG requires the kubernetes provider. Please install it with: pip install apache-airflow[cncf.kubernetes]
[2022-02-09 14:06:06,465] {processor.py:656} WARNING - No viable dags retrieved from /opt/anaconda3/envs/af/lib/python3.7/site-packages/airflow/example_dags/example_kubernetes_executor.py
[2022-02-09 14:06:06,469] {processor.py:171} INFO - Processing /opt/anaconda3/envs/af/lib/python3.7/site-packages/airflow/example_dags/example_kubernetes_executor.py took 0.066 seconds
[2022-02-09 14:06:49,644] {processor.py:163} INFO - Started process (PID=11437) to work on /opt/anaconda3/envs/af/lib/python3.7/site-packages/airflow/example_dags/example_kubernetes_executor.py
[2022-02-09 14:06:49,648] {processor.py:642} INFO - Processing file /opt/anaconda3/envs/af/lib/python3.7/site-packages/airflow/example_dags/example_kubernetes_executor.py for tasks to queue
[2022-02-09 14:06:49,649] {logging_mixin.py:109} INFO - [2022-02-09 14:06:49,649] {dagbag.py:500} INFO - Filling up the DagBag from /opt/anaconda3/envs/af/lib/python3.7/site-packages/airflow/example_dags/example_kubernetes_executor.py
[2022-02-09 14:06:49,669] {logging_mixin.py:109} INFO - [2022-02-09 14:06:49,668] {example_kubernetes_executor.py:39} WARNING - The example_kubernetes_executor example DAG requires the kubernetes provider. Please install it with: pip install apache-airflow[cncf.kubernetes]
[2022-02-09 14:06:49,680] {processor.py:656} WARNING - No viable dags retrieved from /opt/anaconda3/envs/af/lib/python3.7/site-packages/airflow/example_dags/example_kubernetes_executor.py
[2022-02-09 14:06:49,684] {processor.py:171} INFO - Processing /opt/anaconda3/envs/af/lib/python3.7/site-packages/airflow/example_dags/example_kubernetes_executor.py took 0.045 seconds
[2022-02-09 14:07:31,727] {processor.py:163} INFO - Started process (PID=11487) to work on /opt/anaconda3/envs/af/lib/python3.7/site-packages/airflow/example_dags/example_kubernetes_executor.py
[2022-02-09 14:07:31,730] {processor.py:642} INFO - Processing file /opt/anaconda3/envs/af/lib/python3.7/site-packages/airflow/example_dags/example_kubernetes_executor.py for tasks to queue
[2022-02-09 14:07:31,732] {logging_mixin.py:109} INFO - [2022-02-09 14:07:31,731] {dagbag.py:500} INFO - Filling up the DagBag from /opt/anaconda3/envs/af/lib/python3.7/site-packages/airflow/example_dags/example_kubernetes_executor.py
[2022-02-09 14:07:31,757] {logging_mixin.py:109} INFO - [2022-02-09 14:07:31,757] {example_kubernetes_executor.py:39} WARNING - The example_kubernetes_executor example DAG requires the kubernetes provider. Please install it with: pip install apache-airflow[cncf.kubernetes]
[2022-02-09 14:07:31,770] {processor.py:656} WARNING - No viable dags retrieved from /opt/anaconda3/envs/af/lib/python3.7/site-packages/airflow/example_dags/example_kubernetes_executor.py
[2022-02-09 14:07:31,774] {processor.py:171} INFO - Processing /opt/anaconda3/envs/af/lib/python3.7/site-packages/airflow/example_dags/example_kubernetes_executor.py took 0.051 seconds
[2022-02-09 14:08:12,318] {processor.py:163} INFO - Started process (PID=11535) to work on /opt/anaconda3/envs/af/lib/python3.7/site-packages/airflow/example_dags/example_kubernetes_executor.py
[2022-02-09 14:08:12,322] {processor.py:642} INFO - Processing file /opt/anaconda3/envs/af/lib/python3.7/site-packages/airflow/example_dags/example_kubernetes_executor.py for tasks to queue
[2022-02-09 14:08:12,324] {logging_mixin.py:109} INFO - [2022-02-09 14:08:12,323] {dagbag.py:500} INFO - Filling up the DagBag from /opt/anaconda3/envs/af/lib/python3.7/site-packages/airflow/example_dags/example_kubernetes_executor.py
[2022-02-09 14:08:12,351] {logging_mixin.py:109} INFO - [2022-02-09 14:08:12,350] {example_kubernetes_executor.py:39} WARNING - The example_kubernetes_executor example DAG requires the kubernetes provider. Please install it with: pip install apache-airflow[cncf.kubernetes]
[2022-02-09 14:08:12,364] {processor.py:656} WARNING - No viable dags retrieved from /opt/anaconda3/envs/af/lib/python3.7/site-packages/airflow/example_dags/example_kubernetes_executor.py
[2022-02-09 14:08:12,367] {processor.py:171} INFO - Processing /opt/anaconda3/envs/af/lib/python3.7/site-packages/airflow/example_dags/example_kubernetes_executor.py took 0.054 seconds
[2022-02-09 15:27:12,516] {processor.py:163} INFO - Started process (PID=13915) to work on /opt/anaconda3/envs/af/lib/python3.7/site-packages/airflow/example_dags/example_kubernetes_executor.py
[2022-02-09 15:27:12,520] {processor.py:642} INFO - Processing file /opt/anaconda3/envs/af/lib/python3.7/site-packages/airflow/example_dags/example_kubernetes_executor.py for tasks to queue
[2022-02-09 15:27:12,522] {logging_mixin.py:109} INFO - [2022-02-09 15:27:12,521] {dagbag.py:500} INFO - Filling up the DagBag from /opt/anaconda3/envs/af/lib/python3.7/site-packages/airflow/example_dags/example_kubernetes_executor.py
[2022-02-09 15:27:12,550] {logging_mixin.py:109} INFO - [2022-02-09 15:27:12,549] {example_kubernetes_executor.py:39} WARNING - The example_kubernetes_executor example DAG requires the kubernetes provider. Please install it with: pip install apache-airflow[cncf.kubernetes]
[2022-02-09 15:27:12,565] {processor.py:656} WARNING - No viable dags retrieved from /opt/anaconda3/envs/af/lib/python3.7/site-packages/airflow/example_dags/example_kubernetes_executor.py
[2022-02-09 15:27:12,569] {processor.py:171} INFO - Processing /opt/anaconda3/envs/af/lib/python3.7/site-packages/airflow/example_dags/example_kubernetes_executor.py took 0.059 seconds
[2022-02-09 15:27:55,063] {processor.py:163} INFO - Started process (PID=13965) to work on /opt/anaconda3/envs/af/lib/python3.7/site-packages/airflow/example_dags/example_kubernetes_executor.py
[2022-02-09 15:27:55,065] {processor.py:642} INFO - Processing file /opt/anaconda3/envs/af/lib/python3.7/site-packages/airflow/example_dags/example_kubernetes_executor.py for tasks to queue
[2022-02-09 15:27:55,067] {logging_mixin.py:109} INFO - [2022-02-09 15:27:55,066] {dagbag.py:500} INFO - Filling up the DagBag from /opt/anaconda3/envs/af/lib/python3.7/site-packages/airflow/example_dags/example_kubernetes_executor.py
[2022-02-09 15:27:55,093] {logging_mixin.py:109} INFO - [2022-02-09 15:27:55,092] {example_kubernetes_executor.py:39} WARNING - The example_kubernetes_executor example DAG requires the kubernetes provider. Please install it with: pip install apache-airflow[cncf.kubernetes]
[2022-02-09 15:27:55,118] {processor.py:656} WARNING - No viable dags retrieved from /opt/anaconda3/envs/af/lib/python3.7/site-packages/airflow/example_dags/example_kubernetes_executor.py
[2022-02-09 15:27:55,121] {processor.py:171} INFO - Processing /opt/anaconda3/envs/af/lib/python3.7/site-packages/airflow/example_dags/example_kubernetes_executor.py took 0.064 seconds
[2022-02-09 15:29:06,413] {processor.py:163} INFO - Started process (PID=14083) to work on /opt/anaconda3/envs/af/lib/python3.7/site-packages/airflow/example_dags/example_kubernetes_executor.py
[2022-02-09 15:29:06,419] {processor.py:642} INFO - Processing file /opt/anaconda3/envs/af/lib/python3.7/site-packages/airflow/example_dags/example_kubernetes_executor.py for tasks to queue
[2022-02-09 15:29:06,424] {logging_mixin.py:109} INFO - [2022-02-09 15:29:06,423] {dagbag.py:500} INFO - Filling up the DagBag from /opt/anaconda3/envs/af/lib/python3.7/site-packages/airflow/example_dags/example_kubernetes_executor.py
[2022-02-09 15:29:06,465] {logging_mixin.py:109} INFO - [2022-02-09 15:29:06,464] {example_kubernetes_executor.py:39} WARNING - The example_kubernetes_executor example DAG requires the kubernetes provider. Please install it with: pip install apache-airflow[cncf.kubernetes]
[2022-02-09 15:29:06,487] {processor.py:656} WARNING - No viable dags retrieved from /opt/anaconda3/envs/af/lib/python3.7/site-packages/airflow/example_dags/example_kubernetes_executor.py
[2022-02-09 15:29:06,495] {processor.py:171} INFO - Processing /opt/anaconda3/envs/af/lib/python3.7/site-packages/airflow/example_dags/example_kubernetes_executor.py took 0.092 seconds
[2022-02-09 15:31:04,729] {processor.py:163} INFO - Started process (PID=14218) to work on /opt/anaconda3/envs/af/lib/python3.7/site-packages/airflow/example_dags/example_kubernetes_executor.py
[2022-02-09 15:31:04,733] {processor.py:642} INFO - Processing file /opt/anaconda3/envs/af/lib/python3.7/site-packages/airflow/example_dags/example_kubernetes_executor.py for tasks to queue
[2022-02-09 15:31:04,735] {logging_mixin.py:109} INFO - [2022-02-09 15:31:04,734] {dagbag.py:500} INFO - Filling up the DagBag from /opt/anaconda3/envs/af/lib/python3.7/site-packages/airflow/example_dags/example_kubernetes_executor.py
[2022-02-09 15:31:04,757] {logging_mixin.py:109} INFO - [2022-02-09 15:31:04,757] {example_kubernetes_executor.py:39} WARNING - The example_kubernetes_executor example DAG requires the kubernetes provider. Please install it with: pip install apache-airflow[cncf.kubernetes]
[2022-02-09 15:31:04,769] {processor.py:656} WARNING - No viable dags retrieved from /opt/anaconda3/envs/af/lib/python3.7/site-packages/airflow/example_dags/example_kubernetes_executor.py
[2022-02-09 15:31:04,772] {processor.py:171} INFO - Processing /opt/anaconda3/envs/af/lib/python3.7/site-packages/airflow/example_dags/example_kubernetes_executor.py took 0.049 seconds
