[2022-02-09 14:00:18,875] {processor.py:163} INFO - Started process (PID=10935) to work on /opt/anaconda3/envs/af/lib/python3.7/site-packages/airflow/example_dags/example_nested_branch_dag.py
[2022-02-09 14:00:18,877] {processor.py:642} INFO - Processing file /opt/anaconda3/envs/af/lib/python3.7/site-packages/airflow/example_dags/example_nested_branch_dag.py for tasks to queue
[2022-02-09 14:00:18,879] {logging_mixin.py:109} INFO - [2022-02-09 14:00:18,878] {dagbag.py:500} INFO - Filling up the DagBag from /opt/anaconda3/envs/af/lib/python3.7/site-packages/airflow/example_dags/example_nested_branch_dag.py
[2022-02-09 14:00:18,910] {processor.py:654} INFO - DAG(s) dict_keys(['example_nested_branch_dag']) retrieved from /opt/anaconda3/envs/af/lib/python3.7/site-packages/airflow/example_dags/example_nested_branch_dag.py
[2022-02-09 14:00:18,925] {logging_mixin.py:109} INFO - [2022-02-09 14:00:18,925] {dag.py:2396} INFO - Sync 1 DAGs
[2022-02-09 14:00:18,943] {logging_mixin.py:109} INFO - [2022-02-09 14:00:18,942] {dag.py:2935} INFO - Setting next_dagrun for example_nested_branch_dag to 2022-02-08 00:00:00+00:00
[2022-02-09 14:00:18,954] {processor.py:171} INFO - Processing /opt/anaconda3/envs/af/lib/python3.7/site-packages/airflow/example_dags/example_nested_branch_dag.py took 0.083 seconds
[2022-02-09 14:01:00,245] {processor.py:163} INFO - Started process (PID=10991) to work on /opt/anaconda3/envs/af/lib/python3.7/site-packages/airflow/example_dags/example_nested_branch_dag.py
[2022-02-09 14:01:00,247] {processor.py:642} INFO - Processing file /opt/anaconda3/envs/af/lib/python3.7/site-packages/airflow/example_dags/example_nested_branch_dag.py for tasks to queue
[2022-02-09 14:01:00,250] {logging_mixin.py:109} INFO - [2022-02-09 14:01:00,249] {dagbag.py:500} INFO - Filling up the DagBag from /opt/anaconda3/envs/af/lib/python3.7/site-packages/airflow/example_dags/example_nested_branch_dag.py
[2022-02-09 14:01:00,309] {processor.py:654} INFO - DAG(s) dict_keys(['example_nested_branch_dag']) retrieved from /opt/anaconda3/envs/af/lib/python3.7/site-packages/airflow/example_dags/example_nested_branch_dag.py
[2022-02-09 14:01:00,329] {logging_mixin.py:109} INFO - [2022-02-09 14:01:00,328] {dag.py:2396} INFO - Sync 1 DAGs
[2022-02-09 14:01:00,370] {logging_mixin.py:109} INFO - [2022-02-09 14:01:00,369] {dag.py:2935} INFO - Setting next_dagrun for example_nested_branch_dag to 2022-02-08 00:00:00+00:00
[2022-02-09 14:01:00,387] {processor.py:171} INFO - Processing /opt/anaconda3/envs/af/lib/python3.7/site-packages/airflow/example_dags/example_nested_branch_dag.py took 0.149 seconds
[2022-02-09 14:01:41,654] {processor.py:163} INFO - Started process (PID=11054) to work on /opt/anaconda3/envs/af/lib/python3.7/site-packages/airflow/example_dags/example_nested_branch_dag.py
[2022-02-09 14:01:41,657] {processor.py:642} INFO - Processing file /opt/anaconda3/envs/af/lib/python3.7/site-packages/airflow/example_dags/example_nested_branch_dag.py for tasks to queue
[2022-02-09 14:01:41,658] {logging_mixin.py:109} INFO - [2022-02-09 14:01:41,658] {dagbag.py:500} INFO - Filling up the DagBag from /opt/anaconda3/envs/af/lib/python3.7/site-packages/airflow/example_dags/example_nested_branch_dag.py
[2022-02-09 14:01:41,690] {processor.py:654} INFO - DAG(s) dict_keys(['example_nested_branch_dag']) retrieved from /opt/anaconda3/envs/af/lib/python3.7/site-packages/airflow/example_dags/example_nested_branch_dag.py
[2022-02-09 14:01:41,703] {logging_mixin.py:109} INFO - [2022-02-09 14:01:41,703] {dag.py:2396} INFO - Sync 1 DAGs
[2022-02-09 14:01:41,720] {logging_mixin.py:109} INFO - [2022-02-09 14:01:41,719] {dag.py:2935} INFO - Setting next_dagrun for example_nested_branch_dag to 2022-02-08 00:00:00+00:00
[2022-02-09 14:01:41,731] {processor.py:171} INFO - Processing /opt/anaconda3/envs/af/lib/python3.7/site-packages/airflow/example_dags/example_nested_branch_dag.py took 0.081 seconds
[2022-02-09 14:02:18,616] {processor.py:163} INFO - Started process (PID=11104) to work on /opt/anaconda3/envs/af/lib/python3.7/site-packages/airflow/example_dags/example_nested_branch_dag.py
[2022-02-09 14:02:18,620] {processor.py:642} INFO - Processing file /opt/anaconda3/envs/af/lib/python3.7/site-packages/airflow/example_dags/example_nested_branch_dag.py for tasks to queue
[2022-02-09 14:02:18,626] {logging_mixin.py:109} INFO - [2022-02-09 14:02:18,625] {dagbag.py:500} INFO - Filling up the DagBag from /opt/anaconda3/envs/af/lib/python3.7/site-packages/airflow/example_dags/example_nested_branch_dag.py
[2022-02-09 14:02:18,692] {processor.py:654} INFO - DAG(s) dict_keys(['example_nested_branch_dag']) retrieved from /opt/anaconda3/envs/af/lib/python3.7/site-packages/airflow/example_dags/example_nested_branch_dag.py
[2022-02-09 14:02:18,710] {logging_mixin.py:109} INFO - [2022-02-09 14:02:18,709] {dag.py:2396} INFO - Sync 1 DAGs
[2022-02-09 14:02:18,733] {logging_mixin.py:109} INFO - [2022-02-09 14:02:18,732] {dag.py:2935} INFO - Setting next_dagrun for example_nested_branch_dag to 2022-02-08 00:00:00+00:00
[2022-02-09 14:02:18,753] {processor.py:171} INFO - Processing /opt/anaconda3/envs/af/lib/python3.7/site-packages/airflow/example_dags/example_nested_branch_dag.py took 0.145 seconds
[2022-02-09 14:03:53,794] {processor.py:163} INFO - Started process (PID=11224) to work on /opt/anaconda3/envs/af/lib/python3.7/site-packages/airflow/example_dags/example_nested_branch_dag.py
[2022-02-09 14:03:53,797] {processor.py:642} INFO - Processing file /opt/anaconda3/envs/af/lib/python3.7/site-packages/airflow/example_dags/example_nested_branch_dag.py for tasks to queue
[2022-02-09 14:03:53,799] {logging_mixin.py:109} INFO - [2022-02-09 14:03:53,798] {dagbag.py:500} INFO - Filling up the DagBag from /opt/anaconda3/envs/af/lib/python3.7/site-packages/airflow/example_dags/example_nested_branch_dag.py
[2022-02-09 14:03:53,842] {processor.py:654} INFO - DAG(s) dict_keys(['example_nested_branch_dag']) retrieved from /opt/anaconda3/envs/af/lib/python3.7/site-packages/airflow/example_dags/example_nested_branch_dag.py
[2022-02-09 14:03:53,860] {logging_mixin.py:109} INFO - [2022-02-09 14:03:53,859] {dag.py:2396} INFO - Sync 1 DAGs
[2022-02-09 14:03:53,880] {logging_mixin.py:109} INFO - [2022-02-09 14:03:53,879] {dag.py:2935} INFO - Setting next_dagrun for example_nested_branch_dag to 2022-02-08 00:00:00+00:00
[2022-02-09 14:03:53,899] {processor.py:171} INFO - Processing /opt/anaconda3/envs/af/lib/python3.7/site-packages/airflow/example_dags/example_nested_branch_dag.py took 0.111 seconds
[2022-02-09 14:04:33,338] {processor.py:163} INFO - Started process (PID=11277) to work on /opt/anaconda3/envs/af/lib/python3.7/site-packages/airflow/example_dags/example_nested_branch_dag.py
[2022-02-09 14:04:33,342] {processor.py:642} INFO - Processing file /opt/anaconda3/envs/af/lib/python3.7/site-packages/airflow/example_dags/example_nested_branch_dag.py for tasks to queue
[2022-02-09 14:04:33,343] {logging_mixin.py:109} INFO - [2022-02-09 14:04:33,343] {dagbag.py:500} INFO - Filling up the DagBag from /opt/anaconda3/envs/af/lib/python3.7/site-packages/airflow/example_dags/example_nested_branch_dag.py
[2022-02-09 14:04:33,385] {processor.py:654} INFO - DAG(s) dict_keys(['example_nested_branch_dag']) retrieved from /opt/anaconda3/envs/af/lib/python3.7/site-packages/airflow/example_dags/example_nested_branch_dag.py
[2022-02-09 14:04:33,400] {logging_mixin.py:109} INFO - [2022-02-09 14:04:33,399] {dag.py:2396} INFO - Sync 1 DAGs
[2022-02-09 14:04:33,418] {logging_mixin.py:109} INFO - [2022-02-09 14:04:33,418] {dag.py:2935} INFO - Setting next_dagrun for example_nested_branch_dag to 2022-02-08 00:00:00+00:00
[2022-02-09 14:04:33,430] {processor.py:171} INFO - Processing /opt/anaconda3/envs/af/lib/python3.7/site-packages/airflow/example_dags/example_nested_branch_dag.py took 0.098 seconds
[2022-02-09 14:05:16,590] {processor.py:163} INFO - Started process (PID=11333) to work on /opt/anaconda3/envs/af/lib/python3.7/site-packages/airflow/example_dags/example_nested_branch_dag.py
[2022-02-09 14:05:16,592] {processor.py:642} INFO - Processing file /opt/anaconda3/envs/af/lib/python3.7/site-packages/airflow/example_dags/example_nested_branch_dag.py for tasks to queue
[2022-02-09 14:05:16,596] {logging_mixin.py:109} INFO - [2022-02-09 14:05:16,595] {dagbag.py:500} INFO - Filling up the DagBag from /opt/anaconda3/envs/af/lib/python3.7/site-packages/airflow/example_dags/example_nested_branch_dag.py
[2022-02-09 14:05:16,637] {processor.py:654} INFO - DAG(s) dict_keys(['example_nested_branch_dag']) retrieved from /opt/anaconda3/envs/af/lib/python3.7/site-packages/airflow/example_dags/example_nested_branch_dag.py
[2022-02-09 14:05:16,653] {logging_mixin.py:109} INFO - [2022-02-09 14:05:16,653] {dag.py:2396} INFO - Sync 1 DAGs
[2022-02-09 14:05:16,673] {logging_mixin.py:109} INFO - [2022-02-09 14:05:16,672] {dag.py:2935} INFO - Setting next_dagrun for example_nested_branch_dag to 2022-02-08 00:00:00+00:00
[2022-02-09 14:05:16,688] {processor.py:171} INFO - Processing /opt/anaconda3/envs/af/lib/python3.7/site-packages/airflow/example_dags/example_nested_branch_dag.py took 0.104 seconds
[2022-02-09 14:05:58,659] {processor.py:163} INFO - Started process (PID=11381) to work on /opt/anaconda3/envs/af/lib/python3.7/site-packages/airflow/example_dags/example_nested_branch_dag.py
[2022-02-09 14:05:58,662] {processor.py:642} INFO - Processing file /opt/anaconda3/envs/af/lib/python3.7/site-packages/airflow/example_dags/example_nested_branch_dag.py for tasks to queue
[2022-02-09 14:05:58,663] {logging_mixin.py:109} INFO - [2022-02-09 14:05:58,663] {dagbag.py:500} INFO - Filling up the DagBag from /opt/anaconda3/envs/af/lib/python3.7/site-packages/airflow/example_dags/example_nested_branch_dag.py
[2022-02-09 14:05:58,720] {processor.py:654} INFO - DAG(s) dict_keys(['example_nested_branch_dag']) retrieved from /opt/anaconda3/envs/af/lib/python3.7/site-packages/airflow/example_dags/example_nested_branch_dag.py
[2022-02-09 14:05:58,741] {logging_mixin.py:109} INFO - [2022-02-09 14:05:58,740] {dag.py:2396} INFO - Sync 1 DAGs
[2022-02-09 14:05:58,796] {logging_mixin.py:109} INFO - [2022-02-09 14:05:58,795] {dag.py:2935} INFO - Setting next_dagrun for example_nested_branch_dag to 2022-02-08 00:00:00+00:00
[2022-02-09 14:05:58,818] {processor.py:171} INFO - Processing /opt/anaconda3/envs/af/lib/python3.7/site-packages/airflow/example_dags/example_nested_branch_dag.py took 0.165 seconds
[2022-02-09 14:06:41,101] {processor.py:163} INFO - Started process (PID=11428) to work on /opt/anaconda3/envs/af/lib/python3.7/site-packages/airflow/example_dags/example_nested_branch_dag.py
[2022-02-09 14:06:41,103] {processor.py:642} INFO - Processing file /opt/anaconda3/envs/af/lib/python3.7/site-packages/airflow/example_dags/example_nested_branch_dag.py for tasks to queue
[2022-02-09 14:06:41,104] {logging_mixin.py:109} INFO - [2022-02-09 14:06:41,104] {dagbag.py:500} INFO - Filling up the DagBag from /opt/anaconda3/envs/af/lib/python3.7/site-packages/airflow/example_dags/example_nested_branch_dag.py
[2022-02-09 14:06:41,157] {processor.py:654} INFO - DAG(s) dict_keys(['example_nested_branch_dag']) retrieved from /opt/anaconda3/envs/af/lib/python3.7/site-packages/airflow/example_dags/example_nested_branch_dag.py
[2022-02-09 14:06:41,188] {logging_mixin.py:109} INFO - [2022-02-09 14:06:41,186] {dag.py:2396} INFO - Sync 1 DAGs
[2022-02-09 14:06:41,230] {logging_mixin.py:109} INFO - [2022-02-09 14:06:41,229] {dag.py:2935} INFO - Setting next_dagrun for example_nested_branch_dag to 2022-02-08 00:00:00+00:00
[2022-02-09 14:06:41,260] {processor.py:171} INFO - Processing /opt/anaconda3/envs/af/lib/python3.7/site-packages/airflow/example_dags/example_nested_branch_dag.py took 0.165 seconds
[2022-02-09 14:07:28,560] {processor.py:163} INFO - Started process (PID=11484) to work on /opt/anaconda3/envs/af/lib/python3.7/site-packages/airflow/example_dags/example_nested_branch_dag.py
[2022-02-09 14:07:28,564] {processor.py:642} INFO - Processing file /opt/anaconda3/envs/af/lib/python3.7/site-packages/airflow/example_dags/example_nested_branch_dag.py for tasks to queue
[2022-02-09 14:07:28,566] {logging_mixin.py:109} INFO - [2022-02-09 14:07:28,565] {dagbag.py:500} INFO - Filling up the DagBag from /opt/anaconda3/envs/af/lib/python3.7/site-packages/airflow/example_dags/example_nested_branch_dag.py
[2022-02-09 14:07:28,609] {processor.py:654} INFO - DAG(s) dict_keys(['example_nested_branch_dag']) retrieved from /opt/anaconda3/envs/af/lib/python3.7/site-packages/airflow/example_dags/example_nested_branch_dag.py
[2022-02-09 14:07:28,625] {logging_mixin.py:109} INFO - [2022-02-09 14:07:28,625] {dag.py:2396} INFO - Sync 1 DAGs
[2022-02-09 14:07:28,646] {logging_mixin.py:109} INFO - [2022-02-09 14:07:28,646] {dag.py:2935} INFO - Setting next_dagrun for example_nested_branch_dag to 2022-02-08 00:00:00+00:00
[2022-02-09 14:07:28,661] {processor.py:171} INFO - Processing /opt/anaconda3/envs/af/lib/python3.7/site-packages/airflow/example_dags/example_nested_branch_dag.py took 0.108 seconds
[2022-02-09 14:08:08,631] {processor.py:163} INFO - Started process (PID=11530) to work on /opt/anaconda3/envs/af/lib/python3.7/site-packages/airflow/example_dags/example_nested_branch_dag.py
[2022-02-09 14:08:08,633] {processor.py:642} INFO - Processing file /opt/anaconda3/envs/af/lib/python3.7/site-packages/airflow/example_dags/example_nested_branch_dag.py for tasks to queue
[2022-02-09 14:08:08,635] {logging_mixin.py:109} INFO - [2022-02-09 14:08:08,635] {dagbag.py:500} INFO - Filling up the DagBag from /opt/anaconda3/envs/af/lib/python3.7/site-packages/airflow/example_dags/example_nested_branch_dag.py
[2022-02-09 14:08:08,676] {processor.py:654} INFO - DAG(s) dict_keys(['example_nested_branch_dag']) retrieved from /opt/anaconda3/envs/af/lib/python3.7/site-packages/airflow/example_dags/example_nested_branch_dag.py
[2022-02-09 14:08:08,689] {logging_mixin.py:109} INFO - [2022-02-09 14:08:08,689] {dag.py:2396} INFO - Sync 1 DAGs
[2022-02-09 14:08:08,711] {logging_mixin.py:109} INFO - [2022-02-09 14:08:08,710] {dag.py:2935} INFO - Setting next_dagrun for example_nested_branch_dag to 2022-02-08 00:00:00+00:00
[2022-02-09 14:08:08,723] {processor.py:171} INFO - Processing /opt/anaconda3/envs/af/lib/python3.7/site-packages/airflow/example_dags/example_nested_branch_dag.py took 0.097 seconds
[2022-02-09 15:27:08,908] {processor.py:163} INFO - Started process (PID=13910) to work on /opt/anaconda3/envs/af/lib/python3.7/site-packages/airflow/example_dags/example_nested_branch_dag.py
[2022-02-09 15:27:08,911] {processor.py:642} INFO - Processing file /opt/anaconda3/envs/af/lib/python3.7/site-packages/airflow/example_dags/example_nested_branch_dag.py for tasks to queue
[2022-02-09 15:27:08,914] {logging_mixin.py:109} INFO - [2022-02-09 15:27:08,913] {dagbag.py:500} INFO - Filling up the DagBag from /opt/anaconda3/envs/af/lib/python3.7/site-packages/airflow/example_dags/example_nested_branch_dag.py
[2022-02-09 15:27:08,963] {processor.py:654} INFO - DAG(s) dict_keys(['example_nested_branch_dag']) retrieved from /opt/anaconda3/envs/af/lib/python3.7/site-packages/airflow/example_dags/example_nested_branch_dag.py
[2022-02-09 15:27:08,985] {logging_mixin.py:109} INFO - [2022-02-09 15:27:08,985] {dag.py:2396} INFO - Sync 1 DAGs
[2022-02-09 15:27:09,005] {logging_mixin.py:109} INFO - [2022-02-09 15:27:09,005] {dag.py:2935} INFO - Setting next_dagrun for example_nested_branch_dag to 2022-02-08 00:00:00+00:00
[2022-02-09 15:27:09,017] {processor.py:171} INFO - Processing /opt/anaconda3/envs/af/lib/python3.7/site-packages/airflow/example_dags/example_nested_branch_dag.py took 0.114 seconds
[2022-02-09 15:27:52,303] {processor.py:163} INFO - Started process (PID=13962) to work on /opt/anaconda3/envs/af/lib/python3.7/site-packages/airflow/example_dags/example_nested_branch_dag.py
[2022-02-09 15:27:52,308] {processor.py:642} INFO - Processing file /opt/anaconda3/envs/af/lib/python3.7/site-packages/airflow/example_dags/example_nested_branch_dag.py for tasks to queue
[2022-02-09 15:27:52,310] {logging_mixin.py:109} INFO - [2022-02-09 15:27:52,310] {dagbag.py:500} INFO - Filling up the DagBag from /opt/anaconda3/envs/af/lib/python3.7/site-packages/airflow/example_dags/example_nested_branch_dag.py
[2022-02-09 15:27:52,364] {processor.py:654} INFO - DAG(s) dict_keys(['example_nested_branch_dag']) retrieved from /opt/anaconda3/envs/af/lib/python3.7/site-packages/airflow/example_dags/example_nested_branch_dag.py
[2022-02-09 15:27:52,387] {logging_mixin.py:109} INFO - [2022-02-09 15:27:52,386] {dag.py:2396} INFO - Sync 1 DAGs
[2022-02-09 15:27:52,420] {logging_mixin.py:109} INFO - [2022-02-09 15:27:52,420] {dag.py:2935} INFO - Setting next_dagrun for example_nested_branch_dag to 2022-02-08 00:00:00+00:00
[2022-02-09 15:27:52,436] {processor.py:171} INFO - Processing /opt/anaconda3/envs/af/lib/python3.7/site-packages/airflow/example_dags/example_nested_branch_dag.py took 0.140 seconds
[2022-02-09 15:29:02,392] {processor.py:163} INFO - Started process (PID=14078) to work on /opt/anaconda3/envs/af/lib/python3.7/site-packages/airflow/example_dags/example_nested_branch_dag.py
[2022-02-09 15:29:02,396] {processor.py:642} INFO - Processing file /opt/anaconda3/envs/af/lib/python3.7/site-packages/airflow/example_dags/example_nested_branch_dag.py for tasks to queue
[2022-02-09 15:29:02,398] {logging_mixin.py:109} INFO - [2022-02-09 15:29:02,397] {dagbag.py:500} INFO - Filling up the DagBag from /opt/anaconda3/envs/af/lib/python3.7/site-packages/airflow/example_dags/example_nested_branch_dag.py
[2022-02-09 15:29:02,439] {processor.py:654} INFO - DAG(s) dict_keys(['example_nested_branch_dag']) retrieved from /opt/anaconda3/envs/af/lib/python3.7/site-packages/airflow/example_dags/example_nested_branch_dag.py
[2022-02-09 15:29:02,469] {logging_mixin.py:109} INFO - [2022-02-09 15:29:02,469] {dag.py:2396} INFO - Sync 1 DAGs
[2022-02-09 15:29:02,494] {logging_mixin.py:109} INFO - [2022-02-09 15:29:02,494] {dag.py:2935} INFO - Setting next_dagrun for example_nested_branch_dag to 2022-02-08 00:00:00+00:00
[2022-02-09 15:29:02,509] {processor.py:171} INFO - Processing /opt/anaconda3/envs/af/lib/python3.7/site-packages/airflow/example_dags/example_nested_branch_dag.py took 0.121 seconds
[2022-02-09 15:31:00,994] {processor.py:163} INFO - Started process (PID=14215) to work on /opt/anaconda3/envs/af/lib/python3.7/site-packages/airflow/example_dags/example_nested_branch_dag.py
[2022-02-09 15:31:00,999] {processor.py:642} INFO - Processing file /opt/anaconda3/envs/af/lib/python3.7/site-packages/airflow/example_dags/example_nested_branch_dag.py for tasks to queue
[2022-02-09 15:31:01,001] {logging_mixin.py:109} INFO - [2022-02-09 15:31:01,000] {dagbag.py:500} INFO - Filling up the DagBag from /opt/anaconda3/envs/af/lib/python3.7/site-packages/airflow/example_dags/example_nested_branch_dag.py
[2022-02-09 15:31:01,044] {processor.py:654} INFO - DAG(s) dict_keys(['example_nested_branch_dag']) retrieved from /opt/anaconda3/envs/af/lib/python3.7/site-packages/airflow/example_dags/example_nested_branch_dag.py
[2022-02-09 15:31:01,066] {logging_mixin.py:109} INFO - [2022-02-09 15:31:01,066] {dag.py:2396} INFO - Sync 1 DAGs
[2022-02-09 15:31:01,095] {logging_mixin.py:109} INFO - [2022-02-09 15:31:01,094] {dag.py:2935} INFO - Setting next_dagrun for example_nested_branch_dag to 2022-02-08 00:00:00+00:00
[2022-02-09 15:31:01,115] {processor.py:171} INFO - Processing /opt/anaconda3/envs/af/lib/python3.7/site-packages/airflow/example_dags/example_nested_branch_dag.py took 0.127 seconds
