[2022-02-09 14:00:29,357] {processor.py:163} INFO - Started process (PID=10950) to work on /opt/anaconda3/envs/af/lib/python3.7/site-packages/airflow/example_dags/example_branch_labels.py
[2022-02-09 14:00:29,360] {processor.py:642} INFO - Processing file /opt/anaconda3/envs/af/lib/python3.7/site-packages/airflow/example_dags/example_branch_labels.py for tasks to queue
[2022-02-09 14:00:29,362] {logging_mixin.py:109} INFO - [2022-02-09 14:00:29,362] {dagbag.py:500} INFO - Filling up the DagBag from /opt/anaconda3/envs/af/lib/python3.7/site-packages/airflow/example_dags/example_branch_labels.py
[2022-02-09 14:00:29,470] {processor.py:654} INFO - DAG(s) dict_keys(['example_branch_labels']) retrieved from /opt/anaconda3/envs/af/lib/python3.7/site-packages/airflow/example_dags/example_branch_labels.py
[2022-02-09 14:00:29,484] {logging_mixin.py:109} INFO - [2022-02-09 14:00:29,483] {dag.py:2396} INFO - Sync 1 DAGs
[2022-02-09 14:00:29,504] {logging_mixin.py:109} INFO - [2022-02-09 14:00:29,503] {dag.py:2935} INFO - Setting next_dagrun for example_branch_labels to 2022-02-08 00:00:00+00:00
[2022-02-09 14:00:29,515] {processor.py:171} INFO - Processing /opt/anaconda3/envs/af/lib/python3.7/site-packages/airflow/example_dags/example_branch_labels.py took 0.168 seconds
[2022-02-09 14:01:18,120] {processor.py:163} INFO - Started process (PID=11023) to work on /opt/anaconda3/envs/af/lib/python3.7/site-packages/airflow/example_dags/example_branch_labels.py
[2022-02-09 14:01:18,123] {processor.py:642} INFO - Processing file /opt/anaconda3/envs/af/lib/python3.7/site-packages/airflow/example_dags/example_branch_labels.py for tasks to queue
[2022-02-09 14:01:18,125] {logging_mixin.py:109} INFO - [2022-02-09 14:01:18,124] {dagbag.py:500} INFO - Filling up the DagBag from /opt/anaconda3/envs/af/lib/python3.7/site-packages/airflow/example_dags/example_branch_labels.py
[2022-02-09 14:01:18,174] {processor.py:654} INFO - DAG(s) dict_keys(['example_branch_labels']) retrieved from /opt/anaconda3/envs/af/lib/python3.7/site-packages/airflow/example_dags/example_branch_labels.py
[2022-02-09 14:01:18,194] {logging_mixin.py:109} INFO - [2022-02-09 14:01:18,193] {dag.py:2396} INFO - Sync 1 DAGs
[2022-02-09 14:01:18,226] {logging_mixin.py:109} INFO - [2022-02-09 14:01:18,225] {dag.py:2935} INFO - Setting next_dagrun for example_branch_labels to 2022-02-08 00:00:00+00:00
[2022-02-09 14:01:18,246] {processor.py:171} INFO - Processing /opt/anaconda3/envs/af/lib/python3.7/site-packages/airflow/example_dags/example_branch_labels.py took 0.134 seconds
[2022-02-09 14:01:59,618] {processor.py:163} INFO - Started process (PID=11078) to work on /opt/anaconda3/envs/af/lib/python3.7/site-packages/airflow/example_dags/example_branch_labels.py
[2022-02-09 14:01:59,620] {processor.py:642} INFO - Processing file /opt/anaconda3/envs/af/lib/python3.7/site-packages/airflow/example_dags/example_branch_labels.py for tasks to queue
[2022-02-09 14:01:59,623] {logging_mixin.py:109} INFO - [2022-02-09 14:01:59,622] {dagbag.py:500} INFO - Filling up the DagBag from /opt/anaconda3/envs/af/lib/python3.7/site-packages/airflow/example_dags/example_branch_labels.py
[2022-02-09 14:01:59,651] {processor.py:654} INFO - DAG(s) dict_keys(['example_branch_labels']) retrieved from /opt/anaconda3/envs/af/lib/python3.7/site-packages/airflow/example_dags/example_branch_labels.py
[2022-02-09 14:01:59,663] {logging_mixin.py:109} INFO - [2022-02-09 14:01:59,663] {dag.py:2396} INFO - Sync 1 DAGs
[2022-02-09 14:01:59,680] {logging_mixin.py:109} INFO - [2022-02-09 14:01:59,679] {dag.py:2935} INFO - Setting next_dagrun for example_branch_labels to 2022-02-08 00:00:00+00:00
[2022-02-09 14:01:59,691] {processor.py:171} INFO - Processing /opt/anaconda3/envs/af/lib/python3.7/site-packages/airflow/example_dags/example_branch_labels.py took 0.078 seconds
[2022-02-09 14:03:58,211] {processor.py:163} INFO - Started process (PID=11231) to work on /opt/anaconda3/envs/af/lib/python3.7/site-packages/airflow/example_dags/example_branch_labels.py
[2022-02-09 14:03:58,213] {processor.py:642} INFO - Processing file /opt/anaconda3/envs/af/lib/python3.7/site-packages/airflow/example_dags/example_branch_labels.py for tasks to queue
[2022-02-09 14:03:58,215] {logging_mixin.py:109} INFO - [2022-02-09 14:03:58,214] {dagbag.py:500} INFO - Filling up the DagBag from /opt/anaconda3/envs/af/lib/python3.7/site-packages/airflow/example_dags/example_branch_labels.py
[2022-02-09 14:03:58,241] {processor.py:654} INFO - DAG(s) dict_keys(['example_branch_labels']) retrieved from /opt/anaconda3/envs/af/lib/python3.7/site-packages/airflow/example_dags/example_branch_labels.py
[2022-02-09 14:03:58,254] {logging_mixin.py:109} INFO - [2022-02-09 14:03:58,253] {dag.py:2396} INFO - Sync 1 DAGs
[2022-02-09 14:03:58,271] {logging_mixin.py:109} INFO - [2022-02-09 14:03:58,271] {dag.py:2935} INFO - Setting next_dagrun for example_branch_labels to 2022-02-08 00:00:00+00:00
[2022-02-09 14:03:58,282] {processor.py:171} INFO - Processing /opt/anaconda3/envs/af/lib/python3.7/site-packages/airflow/example_dags/example_branch_labels.py took 0.076 seconds
[2022-02-09 14:04:38,429] {processor.py:163} INFO - Started process (PID=11286) to work on /opt/anaconda3/envs/af/lib/python3.7/site-packages/airflow/example_dags/example_branch_labels.py
[2022-02-09 14:04:38,432] {processor.py:642} INFO - Processing file /opt/anaconda3/envs/af/lib/python3.7/site-packages/airflow/example_dags/example_branch_labels.py for tasks to queue
[2022-02-09 14:04:38,434] {logging_mixin.py:109} INFO - [2022-02-09 14:04:38,434] {dagbag.py:500} INFO - Filling up the DagBag from /opt/anaconda3/envs/af/lib/python3.7/site-packages/airflow/example_dags/example_branch_labels.py
[2022-02-09 14:04:38,475] {processor.py:654} INFO - DAG(s) dict_keys(['example_branch_labels']) retrieved from /opt/anaconda3/envs/af/lib/python3.7/site-packages/airflow/example_dags/example_branch_labels.py
[2022-02-09 14:04:38,493] {logging_mixin.py:109} INFO - [2022-02-09 14:04:38,492] {dag.py:2396} INFO - Sync 1 DAGs
[2022-02-09 14:04:38,516] {logging_mixin.py:109} INFO - [2022-02-09 14:04:38,516] {dag.py:2935} INFO - Setting next_dagrun for example_branch_labels to 2022-02-08 00:00:00+00:00
[2022-02-09 14:04:38,530] {processor.py:171} INFO - Processing /opt/anaconda3/envs/af/lib/python3.7/site-packages/airflow/example_dags/example_branch_labels.py took 0.106 seconds
[2022-02-09 14:05:23,120] {processor.py:163} INFO - Started process (PID=11340) to work on /opt/anaconda3/envs/af/lib/python3.7/site-packages/airflow/example_dags/example_branch_labels.py
[2022-02-09 14:05:23,123] {processor.py:642} INFO - Processing file /opt/anaconda3/envs/af/lib/python3.7/site-packages/airflow/example_dags/example_branch_labels.py for tasks to queue
[2022-02-09 14:05:23,124] {logging_mixin.py:109} INFO - [2022-02-09 14:05:23,124] {dagbag.py:500} INFO - Filling up the DagBag from /opt/anaconda3/envs/af/lib/python3.7/site-packages/airflow/example_dags/example_branch_labels.py
[2022-02-09 14:05:23,158] {processor.py:654} INFO - DAG(s) dict_keys(['example_branch_labels']) retrieved from /opt/anaconda3/envs/af/lib/python3.7/site-packages/airflow/example_dags/example_branch_labels.py
[2022-02-09 14:05:23,171] {logging_mixin.py:109} INFO - [2022-02-09 14:05:23,170] {dag.py:2396} INFO - Sync 1 DAGs
[2022-02-09 14:05:23,190] {logging_mixin.py:109} INFO - [2022-02-09 14:05:23,190] {dag.py:2935} INFO - Setting next_dagrun for example_branch_labels to 2022-02-08 00:00:00+00:00
[2022-02-09 14:05:23,204] {processor.py:171} INFO - Processing /opt/anaconda3/envs/af/lib/python3.7/site-packages/airflow/example_dags/example_branch_labels.py took 0.090 seconds
[2022-02-09 14:06:10,531] {processor.py:163} INFO - Started process (PID=11394) to work on /opt/anaconda3/envs/af/lib/python3.7/site-packages/airflow/example_dags/example_branch_labels.py
[2022-02-09 14:06:10,535] {processor.py:642} INFO - Processing file /opt/anaconda3/envs/af/lib/python3.7/site-packages/airflow/example_dags/example_branch_labels.py for tasks to queue
[2022-02-09 14:06:10,536] {logging_mixin.py:109} INFO - [2022-02-09 14:06:10,536] {dagbag.py:500} INFO - Filling up the DagBag from /opt/anaconda3/envs/af/lib/python3.7/site-packages/airflow/example_dags/example_branch_labels.py
[2022-02-09 14:06:10,570] {processor.py:654} INFO - DAG(s) dict_keys(['example_branch_labels']) retrieved from /opt/anaconda3/envs/af/lib/python3.7/site-packages/airflow/example_dags/example_branch_labels.py
[2022-02-09 14:06:10,587] {logging_mixin.py:109} INFO - [2022-02-09 14:06:10,586] {dag.py:2396} INFO - Sync 1 DAGs
[2022-02-09 14:06:10,610] {logging_mixin.py:109} INFO - [2022-02-09 14:06:10,609] {dag.py:2935} INFO - Setting next_dagrun for example_branch_labels to 2022-02-08 00:00:00+00:00
[2022-02-09 14:06:10,623] {processor.py:171} INFO - Processing /opt/anaconda3/envs/af/lib/python3.7/site-packages/airflow/example_dags/example_branch_labels.py took 0.096 seconds
[2022-02-09 14:06:54,624] {processor.py:163} INFO - Started process (PID=11441) to work on /opt/anaconda3/envs/af/lib/python3.7/site-packages/airflow/example_dags/example_branch_labels.py
[2022-02-09 14:06:54,628] {processor.py:642} INFO - Processing file /opt/anaconda3/envs/af/lib/python3.7/site-packages/airflow/example_dags/example_branch_labels.py for tasks to queue
[2022-02-09 14:06:54,630] {logging_mixin.py:109} INFO - [2022-02-09 14:06:54,629] {dagbag.py:500} INFO - Filling up the DagBag from /opt/anaconda3/envs/af/lib/python3.7/site-packages/airflow/example_dags/example_branch_labels.py
[2022-02-09 14:06:54,675] {processor.py:654} INFO - DAG(s) dict_keys(['example_branch_labels']) retrieved from /opt/anaconda3/envs/af/lib/python3.7/site-packages/airflow/example_dags/example_branch_labels.py
[2022-02-09 14:06:54,689] {logging_mixin.py:109} INFO - [2022-02-09 14:06:54,688] {dag.py:2396} INFO - Sync 1 DAGs
[2022-02-09 14:06:54,712] {logging_mixin.py:109} INFO - [2022-02-09 14:06:54,712] {dag.py:2935} INFO - Setting next_dagrun for example_branch_labels to 2022-02-08 00:00:00+00:00
[2022-02-09 14:06:54,726] {processor.py:171} INFO - Processing /opt/anaconda3/envs/af/lib/python3.7/site-packages/airflow/example_dags/example_branch_labels.py took 0.110 seconds
[2022-02-09 14:07:45,105] {processor.py:163} INFO - Started process (PID=11501) to work on /opt/anaconda3/envs/af/lib/python3.7/site-packages/airflow/example_dags/example_branch_labels.py
[2022-02-09 14:07:45,109] {processor.py:642} INFO - Processing file /opt/anaconda3/envs/af/lib/python3.7/site-packages/airflow/example_dags/example_branch_labels.py for tasks to queue
[2022-02-09 14:07:45,111] {logging_mixin.py:109} INFO - [2022-02-09 14:07:45,110] {dagbag.py:500} INFO - Filling up the DagBag from /opt/anaconda3/envs/af/lib/python3.7/site-packages/airflow/example_dags/example_branch_labels.py
[2022-02-09 14:07:45,145] {processor.py:654} INFO - DAG(s) dict_keys(['example_branch_labels']) retrieved from /opt/anaconda3/envs/af/lib/python3.7/site-packages/airflow/example_dags/example_branch_labels.py
[2022-02-09 14:07:45,158] {logging_mixin.py:109} INFO - [2022-02-09 14:07:45,158] {dag.py:2396} INFO - Sync 1 DAGs
[2022-02-09 14:07:45,177] {logging_mixin.py:109} INFO - [2022-02-09 14:07:45,176] {dag.py:2935} INFO - Setting next_dagrun for example_branch_labels to 2022-02-08 00:00:00+00:00
[2022-02-09 14:07:45,189] {processor.py:171} INFO - Processing /opt/anaconda3/envs/af/lib/python3.7/site-packages/airflow/example_dags/example_branch_labels.py took 0.089 seconds
[2022-02-09 14:08:31,088] {processor.py:163} INFO - Started process (PID=11556) to work on /opt/anaconda3/envs/af/lib/python3.7/site-packages/airflow/example_dags/example_branch_labels.py
[2022-02-09 14:08:31,092] {processor.py:642} INFO - Processing file /opt/anaconda3/envs/af/lib/python3.7/site-packages/airflow/example_dags/example_branch_labels.py for tasks to queue
[2022-02-09 14:08:31,094] {logging_mixin.py:109} INFO - [2022-02-09 14:08:31,093] {dagbag.py:500} INFO - Filling up the DagBag from /opt/anaconda3/envs/af/lib/python3.7/site-packages/airflow/example_dags/example_branch_labels.py
[2022-02-09 14:08:31,143] {processor.py:654} INFO - DAG(s) dict_keys(['example_branch_labels']) retrieved from /opt/anaconda3/envs/af/lib/python3.7/site-packages/airflow/example_dags/example_branch_labels.py
[2022-02-09 14:08:31,213] {logging_mixin.py:109} INFO - [2022-02-09 14:08:31,212] {dag.py:2396} INFO - Sync 1 DAGs
[2022-02-09 14:08:31,348] {logging_mixin.py:109} INFO - [2022-02-09 14:08:31,347] {dag.py:2935} INFO - Setting next_dagrun for example_branch_labels to 2022-02-08 00:00:00+00:00
[2022-02-09 14:08:31,365] {processor.py:171} INFO - Processing /opt/anaconda3/envs/af/lib/python3.7/site-packages/airflow/example_dags/example_branch_labels.py took 0.285 seconds
[2022-02-09 15:27:20,313] {processor.py:163} INFO - Started process (PID=13924) to work on /opt/anaconda3/envs/af/lib/python3.7/site-packages/airflow/example_dags/example_branch_labels.py
[2022-02-09 15:27:20,316] {processor.py:642} INFO - Processing file /opt/anaconda3/envs/af/lib/python3.7/site-packages/airflow/example_dags/example_branch_labels.py for tasks to queue
[2022-02-09 15:27:20,318] {logging_mixin.py:109} INFO - [2022-02-09 15:27:20,317] {dagbag.py:500} INFO - Filling up the DagBag from /opt/anaconda3/envs/af/lib/python3.7/site-packages/airflow/example_dags/example_branch_labels.py
[2022-02-09 15:27:20,358] {processor.py:654} INFO - DAG(s) dict_keys(['example_branch_labels']) retrieved from /opt/anaconda3/envs/af/lib/python3.7/site-packages/airflow/example_dags/example_branch_labels.py
[2022-02-09 15:27:20,406] {logging_mixin.py:109} INFO - [2022-02-09 15:27:20,405] {dag.py:2396} INFO - Sync 1 DAGs
[2022-02-09 15:27:20,444] {logging_mixin.py:109} INFO - [2022-02-09 15:27:20,443] {dag.py:2935} INFO - Setting next_dagrun for example_branch_labels to 2022-02-08 00:00:00+00:00
[2022-02-09 15:27:20,471] {processor.py:171} INFO - Processing /opt/anaconda3/envs/af/lib/python3.7/site-packages/airflow/example_dags/example_branch_labels.py took 0.165 seconds
[2022-02-09 15:29:16,199] {processor.py:163} INFO - Started process (PID=14096) to work on /opt/anaconda3/envs/af/lib/python3.7/site-packages/airflow/example_dags/example_branch_labels.py
[2022-02-09 15:29:16,204] {processor.py:642} INFO - Processing file /opt/anaconda3/envs/af/lib/python3.7/site-packages/airflow/example_dags/example_branch_labels.py for tasks to queue
[2022-02-09 15:29:16,208] {logging_mixin.py:109} INFO - [2022-02-09 15:29:16,207] {dagbag.py:500} INFO - Filling up the DagBag from /opt/anaconda3/envs/af/lib/python3.7/site-packages/airflow/example_dags/example_branch_labels.py
[2022-02-09 15:29:16,256] {processor.py:654} INFO - DAG(s) dict_keys(['example_branch_labels']) retrieved from /opt/anaconda3/envs/af/lib/python3.7/site-packages/airflow/example_dags/example_branch_labels.py
[2022-02-09 15:29:16,280] {logging_mixin.py:109} INFO - [2022-02-09 15:29:16,279] {dag.py:2396} INFO - Sync 1 DAGs
[2022-02-09 15:29:16,320] {logging_mixin.py:109} INFO - [2022-02-09 15:29:16,319] {dag.py:2935} INFO - Setting next_dagrun for example_branch_labels to 2022-02-08 00:00:00+00:00
[2022-02-09 15:29:16,343] {processor.py:171} INFO - Processing /opt/anaconda3/envs/af/lib/python3.7/site-packages/airflow/example_dags/example_branch_labels.py took 0.151 seconds
