[2022-02-09 13:59:59,640] {processor.py:163} INFO - Started process (PID=10909) to work on /opt/anaconda3/envs/af/lib/python3.7/site-packages/airflow/example_dags/tutorial_etl_dag.py
[2022-02-09 13:59:59,642] {processor.py:642} INFO - Processing file /opt/anaconda3/envs/af/lib/python3.7/site-packages/airflow/example_dags/tutorial_etl_dag.py for tasks to queue
[2022-02-09 13:59:59,644] {logging_mixin.py:109} INFO - [2022-02-09 13:59:59,643] {dagbag.py:500} INFO - Filling up the DagBag from /opt/anaconda3/envs/af/lib/python3.7/site-packages/airflow/example_dags/tutorial_etl_dag.py
[2022-02-09 13:59:59,691] {processor.py:654} INFO - DAG(s) dict_keys(['tutorial_etl_dag']) retrieved from /opt/anaconda3/envs/af/lib/python3.7/site-packages/airflow/example_dags/tutorial_etl_dag.py
[2022-02-09 13:59:59,709] {logging_mixin.py:109} INFO - [2022-02-09 13:59:59,708] {dag.py:2396} INFO - Sync 1 DAGs
[2022-02-09 13:59:59,732] {logging_mixin.py:109} INFO - [2022-02-09 13:59:59,731] {dag.py:2935} INFO - Setting next_dagrun for tutorial_etl_dag to None
[2022-02-09 13:59:59,747] {processor.py:171} INFO - Processing /opt/anaconda3/envs/af/lib/python3.7/site-packages/airflow/example_dags/tutorial_etl_dag.py took 0.112 seconds
[2022-02-09 14:00:42,093] {processor.py:163} INFO - Started process (PID=10966) to work on /opt/anaconda3/envs/af/lib/python3.7/site-packages/airflow/example_dags/tutorial_etl_dag.py
[2022-02-09 14:00:42,097] {processor.py:642} INFO - Processing file /opt/anaconda3/envs/af/lib/python3.7/site-packages/airflow/example_dags/tutorial_etl_dag.py for tasks to queue
[2022-02-09 14:00:42,099] {logging_mixin.py:109} INFO - [2022-02-09 14:00:42,099] {dagbag.py:500} INFO - Filling up the DagBag from /opt/anaconda3/envs/af/lib/python3.7/site-packages/airflow/example_dags/tutorial_etl_dag.py
[2022-02-09 14:00:42,132] {processor.py:654} INFO - DAG(s) dict_keys(['tutorial_etl_dag']) retrieved from /opt/anaconda3/envs/af/lib/python3.7/site-packages/airflow/example_dags/tutorial_etl_dag.py
[2022-02-09 14:00:42,145] {logging_mixin.py:109} INFO - [2022-02-09 14:00:42,144] {dag.py:2396} INFO - Sync 1 DAGs
[2022-02-09 14:00:42,162] {logging_mixin.py:109} INFO - [2022-02-09 14:00:42,162] {dag.py:2935} INFO - Setting next_dagrun for tutorial_etl_dag to None
[2022-02-09 14:00:42,174] {processor.py:171} INFO - Processing /opt/anaconda3/envs/af/lib/python3.7/site-packages/airflow/example_dags/tutorial_etl_dag.py took 0.087 seconds
[2022-02-09 14:01:22,200] {processor.py:163} INFO - Started process (PID=11029) to work on /opt/anaconda3/envs/af/lib/python3.7/site-packages/airflow/example_dags/tutorial_etl_dag.py
[2022-02-09 14:01:22,204] {processor.py:642} INFO - Processing file /opt/anaconda3/envs/af/lib/python3.7/site-packages/airflow/example_dags/tutorial_etl_dag.py for tasks to queue
[2022-02-09 14:01:22,205] {logging_mixin.py:109} INFO - [2022-02-09 14:01:22,205] {dagbag.py:500} INFO - Filling up the DagBag from /opt/anaconda3/envs/af/lib/python3.7/site-packages/airflow/example_dags/tutorial_etl_dag.py
[2022-02-09 14:01:22,266] {processor.py:654} INFO - DAG(s) dict_keys(['tutorial_etl_dag']) retrieved from /opt/anaconda3/envs/af/lib/python3.7/site-packages/airflow/example_dags/tutorial_etl_dag.py
[2022-02-09 14:01:22,296] {logging_mixin.py:109} INFO - [2022-02-09 14:01:22,295] {dag.py:2396} INFO - Sync 1 DAGs
[2022-02-09 14:01:22,370] {logging_mixin.py:109} INFO - [2022-02-09 14:01:22,342] {dag.py:2935} INFO - Setting next_dagrun for tutorial_etl_dag to None
[2022-02-09 14:01:22,411] {processor.py:171} INFO - Processing /opt/anaconda3/envs/af/lib/python3.7/site-packages/airflow/example_dags/tutorial_etl_dag.py took 0.221 seconds
[2022-02-09 14:01:57,573] {processor.py:163} INFO - Started process (PID=11076) to work on /opt/anaconda3/envs/af/lib/python3.7/site-packages/airflow/example_dags/tutorial_etl_dag.py
[2022-02-09 14:01:57,576] {processor.py:642} INFO - Processing file /opt/anaconda3/envs/af/lib/python3.7/site-packages/airflow/example_dags/tutorial_etl_dag.py for tasks to queue
[2022-02-09 14:01:57,578] {logging_mixin.py:109} INFO - [2022-02-09 14:01:57,578] {dagbag.py:500} INFO - Filling up the DagBag from /opt/anaconda3/envs/af/lib/python3.7/site-packages/airflow/example_dags/tutorial_etl_dag.py
[2022-02-09 14:01:57,607] {processor.py:654} INFO - DAG(s) dict_keys(['tutorial_etl_dag']) retrieved from /opt/anaconda3/envs/af/lib/python3.7/site-packages/airflow/example_dags/tutorial_etl_dag.py
[2022-02-09 14:01:57,618] {logging_mixin.py:109} INFO - [2022-02-09 14:01:57,618] {dag.py:2396} INFO - Sync 1 DAGs
[2022-02-09 14:01:57,634] {logging_mixin.py:109} INFO - [2022-02-09 14:01:57,633] {dag.py:2935} INFO - Setting next_dagrun for tutorial_etl_dag to None
[2022-02-09 14:01:57,645] {processor.py:171} INFO - Processing /opt/anaconda3/envs/af/lib/python3.7/site-packages/airflow/example_dags/tutorial_etl_dag.py took 0.076 seconds
[2022-02-09 14:03:34,229] {processor.py:163} INFO - Started process (PID=11197) to work on /opt/anaconda3/envs/af/lib/python3.7/site-packages/airflow/example_dags/tutorial_etl_dag.py
[2022-02-09 14:03:34,231] {processor.py:642} INFO - Processing file /opt/anaconda3/envs/af/lib/python3.7/site-packages/airflow/example_dags/tutorial_etl_dag.py for tasks to queue
[2022-02-09 14:03:34,233] {logging_mixin.py:109} INFO - [2022-02-09 14:03:34,233] {dagbag.py:500} INFO - Filling up the DagBag from /opt/anaconda3/envs/af/lib/python3.7/site-packages/airflow/example_dags/tutorial_etl_dag.py
[2022-02-09 14:03:34,259] {processor.py:654} INFO - DAG(s) dict_keys(['tutorial_etl_dag']) retrieved from /opt/anaconda3/envs/af/lib/python3.7/site-packages/airflow/example_dags/tutorial_etl_dag.py
[2022-02-09 14:03:34,270] {logging_mixin.py:109} INFO - [2022-02-09 14:03:34,269] {dag.py:2396} INFO - Sync 1 DAGs
[2022-02-09 14:03:34,285] {logging_mixin.py:109} INFO - [2022-02-09 14:03:34,284] {dag.py:2935} INFO - Setting next_dagrun for tutorial_etl_dag to None
[2022-02-09 14:03:34,296] {processor.py:171} INFO - Processing /opt/anaconda3/envs/af/lib/python3.7/site-packages/airflow/example_dags/tutorial_etl_dag.py took 0.071 seconds
[2022-02-09 14:04:13,507] {processor.py:163} INFO - Started process (PID=11251) to work on /opt/anaconda3/envs/af/lib/python3.7/site-packages/airflow/example_dags/tutorial_etl_dag.py
[2022-02-09 14:04:13,508] {processor.py:642} INFO - Processing file /opt/anaconda3/envs/af/lib/python3.7/site-packages/airflow/example_dags/tutorial_etl_dag.py for tasks to queue
[2022-02-09 14:04:13,510] {logging_mixin.py:109} INFO - [2022-02-09 14:04:13,510] {dagbag.py:500} INFO - Filling up the DagBag from /opt/anaconda3/envs/af/lib/python3.7/site-packages/airflow/example_dags/tutorial_etl_dag.py
[2022-02-09 14:04:13,539] {processor.py:654} INFO - DAG(s) dict_keys(['tutorial_etl_dag']) retrieved from /opt/anaconda3/envs/af/lib/python3.7/site-packages/airflow/example_dags/tutorial_etl_dag.py
[2022-02-09 14:04:13,552] {logging_mixin.py:109} INFO - [2022-02-09 14:04:13,552] {dag.py:2396} INFO - Sync 1 DAGs
[2022-02-09 14:04:13,569] {logging_mixin.py:109} INFO - [2022-02-09 14:04:13,569] {dag.py:2935} INFO - Setting next_dagrun for tutorial_etl_dag to None
[2022-02-09 14:04:13,582] {processor.py:171} INFO - Processing /opt/anaconda3/envs/af/lib/python3.7/site-packages/airflow/example_dags/tutorial_etl_dag.py took 0.080 seconds
[2022-02-09 14:04:52,887] {processor.py:163} INFO - Started process (PID=11307) to work on /opt/anaconda3/envs/af/lib/python3.7/site-packages/airflow/example_dags/tutorial_etl_dag.py
[2022-02-09 14:04:52,890] {processor.py:642} INFO - Processing file /opt/anaconda3/envs/af/lib/python3.7/site-packages/airflow/example_dags/tutorial_etl_dag.py for tasks to queue
[2022-02-09 14:04:52,893] {logging_mixin.py:109} INFO - [2022-02-09 14:04:52,892] {dagbag.py:500} INFO - Filling up the DagBag from /opt/anaconda3/envs/af/lib/python3.7/site-packages/airflow/example_dags/tutorial_etl_dag.py
[2022-02-09 14:04:52,991] {processor.py:654} INFO - DAG(s) dict_keys(['tutorial_etl_dag']) retrieved from /opt/anaconda3/envs/af/lib/python3.7/site-packages/airflow/example_dags/tutorial_etl_dag.py
[2022-02-09 14:04:53,021] {logging_mixin.py:109} INFO - [2022-02-09 14:04:53,020] {dag.py:2396} INFO - Sync 1 DAGs
[2022-02-09 14:04:53,052] {logging_mixin.py:109} INFO - [2022-02-09 14:04:53,052] {dag.py:2935} INFO - Setting next_dagrun for tutorial_etl_dag to None
[2022-02-09 14:04:53,072] {processor.py:171} INFO - Processing /opt/anaconda3/envs/af/lib/python3.7/site-packages/airflow/example_dags/tutorial_etl_dag.py took 0.192 seconds
[2022-02-09 14:05:27,958] {processor.py:163} INFO - Started process (PID=11346) to work on /opt/anaconda3/envs/af/lib/python3.7/site-packages/airflow/example_dags/tutorial_etl_dag.py
[2022-02-09 14:05:27,962] {processor.py:642} INFO - Processing file /opt/anaconda3/envs/af/lib/python3.7/site-packages/airflow/example_dags/tutorial_etl_dag.py for tasks to queue
[2022-02-09 14:05:27,963] {logging_mixin.py:109} INFO - [2022-02-09 14:05:27,963] {dagbag.py:500} INFO - Filling up the DagBag from /opt/anaconda3/envs/af/lib/python3.7/site-packages/airflow/example_dags/tutorial_etl_dag.py
[2022-02-09 14:05:27,995] {processor.py:654} INFO - DAG(s) dict_keys(['tutorial_etl_dag']) retrieved from /opt/anaconda3/envs/af/lib/python3.7/site-packages/airflow/example_dags/tutorial_etl_dag.py
[2022-02-09 14:05:28,010] {logging_mixin.py:109} INFO - [2022-02-09 14:05:28,009] {dag.py:2396} INFO - Sync 1 DAGs
[2022-02-09 14:05:28,031] {logging_mixin.py:109} INFO - [2022-02-09 14:05:28,030] {dag.py:2935} INFO - Setting next_dagrun for tutorial_etl_dag to None
[2022-02-09 14:05:28,047] {processor.py:171} INFO - Processing /opt/anaconda3/envs/af/lib/python3.7/site-packages/airflow/example_dags/tutorial_etl_dag.py took 0.093 seconds
[2022-02-09 14:06:03,967] {processor.py:163} INFO - Started process (PID=11385) to work on /opt/anaconda3/envs/af/lib/python3.7/site-packages/airflow/example_dags/tutorial_etl_dag.py
[2022-02-09 14:06:03,972] {processor.py:642} INFO - Processing file /opt/anaconda3/envs/af/lib/python3.7/site-packages/airflow/example_dags/tutorial_etl_dag.py for tasks to queue
[2022-02-09 14:06:03,974] {logging_mixin.py:109} INFO - [2022-02-09 14:06:03,974] {dagbag.py:500} INFO - Filling up the DagBag from /opt/anaconda3/envs/af/lib/python3.7/site-packages/airflow/example_dags/tutorial_etl_dag.py
[2022-02-09 14:06:04,029] {processor.py:654} INFO - DAG(s) dict_keys(['tutorial_etl_dag']) retrieved from /opt/anaconda3/envs/af/lib/python3.7/site-packages/airflow/example_dags/tutorial_etl_dag.py
[2022-02-09 14:06:04,045] {logging_mixin.py:109} INFO - [2022-02-09 14:06:04,045] {dag.py:2396} INFO - Sync 1 DAGs
[2022-02-09 14:06:04,073] {logging_mixin.py:109} INFO - [2022-02-09 14:06:04,072] {dag.py:2935} INFO - Setting next_dagrun for tutorial_etl_dag to None
[2022-02-09 14:06:04,087] {processor.py:171} INFO - Processing /opt/anaconda3/envs/af/lib/python3.7/site-packages/airflow/example_dags/tutorial_etl_dag.py took 0.126 seconds
[2022-02-09 14:06:45,505] {processor.py:163} INFO - Started process (PID=11431) to work on /opt/anaconda3/envs/af/lib/python3.7/site-packages/airflow/example_dags/tutorial_etl_dag.py
[2022-02-09 14:06:45,509] {processor.py:642} INFO - Processing file /opt/anaconda3/envs/af/lib/python3.7/site-packages/airflow/example_dags/tutorial_etl_dag.py for tasks to queue
[2022-02-09 14:06:45,511] {logging_mixin.py:109} INFO - [2022-02-09 14:06:45,510] {dagbag.py:500} INFO - Filling up the DagBag from /opt/anaconda3/envs/af/lib/python3.7/site-packages/airflow/example_dags/tutorial_etl_dag.py
[2022-02-09 14:06:45,548] {processor.py:654} INFO - DAG(s) dict_keys(['tutorial_etl_dag']) retrieved from /opt/anaconda3/envs/af/lib/python3.7/site-packages/airflow/example_dags/tutorial_etl_dag.py
[2022-02-09 14:06:45,562] {logging_mixin.py:109} INFO - [2022-02-09 14:06:45,562] {dag.py:2396} INFO - Sync 1 DAGs
[2022-02-09 14:06:45,585] {logging_mixin.py:109} INFO - [2022-02-09 14:06:45,584] {dag.py:2935} INFO - Setting next_dagrun for tutorial_etl_dag to None
[2022-02-09 14:06:45,597] {processor.py:171} INFO - Processing /opt/anaconda3/envs/af/lib/python3.7/site-packages/airflow/example_dags/tutorial_etl_dag.py took 0.100 seconds
[2022-02-09 14:07:23,868] {processor.py:163} INFO - Started process (PID=11477) to work on /opt/anaconda3/envs/af/lib/python3.7/site-packages/airflow/example_dags/tutorial_etl_dag.py
[2022-02-09 14:07:23,875] {processor.py:642} INFO - Processing file /opt/anaconda3/envs/af/lib/python3.7/site-packages/airflow/example_dags/tutorial_etl_dag.py for tasks to queue
[2022-02-09 14:07:23,877] {logging_mixin.py:109} INFO - [2022-02-09 14:07:23,876] {dagbag.py:500} INFO - Filling up the DagBag from /opt/anaconda3/envs/af/lib/python3.7/site-packages/airflow/example_dags/tutorial_etl_dag.py
[2022-02-09 14:07:23,931] {processor.py:654} INFO - DAG(s) dict_keys(['tutorial_etl_dag']) retrieved from /opt/anaconda3/envs/af/lib/python3.7/site-packages/airflow/example_dags/tutorial_etl_dag.py
[2022-02-09 14:07:23,961] {logging_mixin.py:109} INFO - [2022-02-09 14:07:23,961] {dag.py:2396} INFO - Sync 1 DAGs
[2022-02-09 14:07:23,996] {logging_mixin.py:109} INFO - [2022-02-09 14:07:23,996] {dag.py:2935} INFO - Setting next_dagrun for tutorial_etl_dag to None
[2022-02-09 14:07:24,026] {processor.py:171} INFO - Processing /opt/anaconda3/envs/af/lib/python3.7/site-packages/airflow/example_dags/tutorial_etl_dag.py took 0.166 seconds
[2022-02-09 14:07:58,071] {processor.py:163} INFO - Started process (PID=11518) to work on /opt/anaconda3/envs/af/lib/python3.7/site-packages/airflow/example_dags/tutorial_etl_dag.py
[2022-02-09 14:07:58,074] {processor.py:642} INFO - Processing file /opt/anaconda3/envs/af/lib/python3.7/site-packages/airflow/example_dags/tutorial_etl_dag.py for tasks to queue
[2022-02-09 14:07:58,075] {logging_mixin.py:109} INFO - [2022-02-09 14:07:58,075] {dagbag.py:500} INFO - Filling up the DagBag from /opt/anaconda3/envs/af/lib/python3.7/site-packages/airflow/example_dags/tutorial_etl_dag.py
[2022-02-09 14:07:58,109] {processor.py:654} INFO - DAG(s) dict_keys(['tutorial_etl_dag']) retrieved from /opt/anaconda3/envs/af/lib/python3.7/site-packages/airflow/example_dags/tutorial_etl_dag.py
[2022-02-09 14:07:58,124] {logging_mixin.py:109} INFO - [2022-02-09 14:07:58,124] {dag.py:2396} INFO - Sync 1 DAGs
[2022-02-09 14:07:58,140] {logging_mixin.py:109} INFO - [2022-02-09 14:07:58,140] {dag.py:2935} INFO - Setting next_dagrun for tutorial_etl_dag to None
[2022-02-09 14:07:58,151] {processor.py:171} INFO - Processing /opt/anaconda3/envs/af/lib/python3.7/site-packages/airflow/example_dags/tutorial_etl_dag.py took 0.085 seconds
[2022-02-09 14:08:35,063] {processor.py:163} INFO - Started process (PID=11559) to work on /opt/anaconda3/envs/af/lib/python3.7/site-packages/airflow/example_dags/tutorial_etl_dag.py
[2022-02-09 14:08:35,066] {processor.py:642} INFO - Processing file /opt/anaconda3/envs/af/lib/python3.7/site-packages/airflow/example_dags/tutorial_etl_dag.py for tasks to queue
[2022-02-09 14:08:35,067] {logging_mixin.py:109} INFO - [2022-02-09 14:08:35,067] {dagbag.py:500} INFO - Filling up the DagBag from /opt/anaconda3/envs/af/lib/python3.7/site-packages/airflow/example_dags/tutorial_etl_dag.py
[2022-02-09 14:08:35,110] {processor.py:654} INFO - DAG(s) dict_keys(['tutorial_etl_dag']) retrieved from /opt/anaconda3/envs/af/lib/python3.7/site-packages/airflow/example_dags/tutorial_etl_dag.py
[2022-02-09 14:08:35,128] {logging_mixin.py:109} INFO - [2022-02-09 14:08:35,127] {dag.py:2396} INFO - Sync 1 DAGs
[2022-02-09 14:08:35,156] {logging_mixin.py:109} INFO - [2022-02-09 14:08:35,156] {dag.py:2935} INFO - Setting next_dagrun for tutorial_etl_dag to None
[2022-02-09 14:08:35,175] {processor.py:171} INFO - Processing /opt/anaconda3/envs/af/lib/python3.7/site-packages/airflow/example_dags/tutorial_etl_dag.py took 0.118 seconds
[2022-02-09 15:25:40,071] {processor.py:163} INFO - Started process (PID=13803) to work on /opt/anaconda3/envs/af/lib/python3.7/site-packages/airflow/example_dags/tutorial_etl_dag.py
[2022-02-09 15:25:40,075] {processor.py:642} INFO - Processing file /opt/anaconda3/envs/af/lib/python3.7/site-packages/airflow/example_dags/tutorial_etl_dag.py for tasks to queue
[2022-02-09 15:25:40,076] {logging_mixin.py:109} INFO - [2022-02-09 15:25:40,076] {dagbag.py:500} INFO - Filling up the DagBag from /opt/anaconda3/envs/af/lib/python3.7/site-packages/airflow/example_dags/tutorial_etl_dag.py
[2022-02-09 15:25:40,106] {processor.py:654} INFO - DAG(s) dict_keys(['tutorial_etl_dag']) retrieved from /opt/anaconda3/envs/af/lib/python3.7/site-packages/airflow/example_dags/tutorial_etl_dag.py
[2022-02-09 15:25:40,119] {logging_mixin.py:109} INFO - [2022-02-09 15:25:40,118] {dag.py:2396} INFO - Sync 1 DAGs
[2022-02-09 15:25:40,135] {logging_mixin.py:109} INFO - [2022-02-09 15:25:40,135] {dag.py:2935} INFO - Setting next_dagrun for tutorial_etl_dag to None
[2022-02-09 15:25:40,148] {processor.py:171} INFO - Processing /opt/anaconda3/envs/af/lib/python3.7/site-packages/airflow/example_dags/tutorial_etl_dag.py took 0.080 seconds
[2022-02-09 15:27:32,385] {processor.py:163} INFO - Started process (PID=13937) to work on /opt/anaconda3/envs/af/lib/python3.7/site-packages/airflow/example_dags/tutorial_etl_dag.py
[2022-02-09 15:27:32,389] {processor.py:642} INFO - Processing file /opt/anaconda3/envs/af/lib/python3.7/site-packages/airflow/example_dags/tutorial_etl_dag.py for tasks to queue
[2022-02-09 15:27:32,393] {logging_mixin.py:109} INFO - [2022-02-09 15:27:32,391] {dagbag.py:500} INFO - Filling up the DagBag from /opt/anaconda3/envs/af/lib/python3.7/site-packages/airflow/example_dags/tutorial_etl_dag.py
[2022-02-09 15:27:32,439] {processor.py:654} INFO - DAG(s) dict_keys(['tutorial_etl_dag']) retrieved from /opt/anaconda3/envs/af/lib/python3.7/site-packages/airflow/example_dags/tutorial_etl_dag.py
[2022-02-09 15:27:32,472] {logging_mixin.py:109} INFO - [2022-02-09 15:27:32,470] {dag.py:2396} INFO - Sync 1 DAGs
[2022-02-09 15:27:32,496] {logging_mixin.py:109} INFO - [2022-02-09 15:27:32,496] {dag.py:2935} INFO - Setting next_dagrun for tutorial_etl_dag to None
[2022-02-09 15:27:32,510] {processor.py:171} INFO - Processing /opt/anaconda3/envs/af/lib/python3.7/site-packages/airflow/example_dags/tutorial_etl_dag.py took 0.134 seconds
[2022-02-09 15:28:40,100] {processor.py:163} INFO - Started process (PID=14044) to work on /opt/anaconda3/envs/af/lib/python3.7/site-packages/airflow/example_dags/tutorial_etl_dag.py
[2022-02-09 15:28:40,103] {processor.py:642} INFO - Processing file /opt/anaconda3/envs/af/lib/python3.7/site-packages/airflow/example_dags/tutorial_etl_dag.py for tasks to queue
[2022-02-09 15:28:40,106] {logging_mixin.py:109} INFO - [2022-02-09 15:28:40,105] {dagbag.py:500} INFO - Filling up the DagBag from /opt/anaconda3/envs/af/lib/python3.7/site-packages/airflow/example_dags/tutorial_etl_dag.py
[2022-02-09 15:28:40,135] {processor.py:654} INFO - DAG(s) dict_keys(['tutorial_etl_dag']) retrieved from /opt/anaconda3/envs/af/lib/python3.7/site-packages/airflow/example_dags/tutorial_etl_dag.py
[2022-02-09 15:28:40,146] {logging_mixin.py:109} INFO - [2022-02-09 15:28:40,146] {dag.py:2396} INFO - Sync 1 DAGs
[2022-02-09 15:28:40,162] {logging_mixin.py:109} INFO - [2022-02-09 15:28:40,162] {dag.py:2935} INFO - Setting next_dagrun for tutorial_etl_dag to None
[2022-02-09 15:28:40,174] {processor.py:171} INFO - Processing /opt/anaconda3/envs/af/lib/python3.7/site-packages/airflow/example_dags/tutorial_etl_dag.py took 0.078 seconds
[2022-02-09 15:30:41,743] {processor.py:163} INFO - Started process (PID=14189) to work on /opt/anaconda3/envs/af/lib/python3.7/site-packages/airflow/example_dags/tutorial_etl_dag.py
[2022-02-09 15:30:41,746] {processor.py:642} INFO - Processing file /opt/anaconda3/envs/af/lib/python3.7/site-packages/airflow/example_dags/tutorial_etl_dag.py for tasks to queue
[2022-02-09 15:30:41,748] {logging_mixin.py:109} INFO - [2022-02-09 15:30:41,747] {dagbag.py:500} INFO - Filling up the DagBag from /opt/anaconda3/envs/af/lib/python3.7/site-packages/airflow/example_dags/tutorial_etl_dag.py
[2022-02-09 15:30:41,783] {processor.py:654} INFO - DAG(s) dict_keys(['tutorial_etl_dag']) retrieved from /opt/anaconda3/envs/af/lib/python3.7/site-packages/airflow/example_dags/tutorial_etl_dag.py
[2022-02-09 15:30:41,797] {logging_mixin.py:109} INFO - [2022-02-09 15:30:41,796] {dag.py:2396} INFO - Sync 1 DAGs
[2022-02-09 15:30:41,814] {logging_mixin.py:109} INFO - [2022-02-09 15:30:41,814] {dag.py:2935} INFO - Setting next_dagrun for tutorial_etl_dag to None
[2022-02-09 15:30:41,826] {processor.py:171} INFO - Processing /opt/anaconda3/envs/af/lib/python3.7/site-packages/airflow/example_dags/tutorial_etl_dag.py took 0.088 seconds
