[2022-02-09 13:59:54,787] {processor.py:163} INFO - Started process (PID=10894) to work on /opt/anaconda3/envs/af/lib/python3.7/site-packages/airflow/example_dags/tutorial_taskflow_api_etl_virtualenv.py
[2022-02-09 13:59:54,789] {processor.py:642} INFO - Processing file /opt/anaconda3/envs/af/lib/python3.7/site-packages/airflow/example_dags/tutorial_taskflow_api_etl_virtualenv.py for tasks to queue
[2022-02-09 13:59:54,792] {logging_mixin.py:109} INFO - [2022-02-09 13:59:54,791] {dagbag.py:500} INFO - Filling up the DagBag from /opt/anaconda3/envs/af/lib/python3.7/site-packages/airflow/example_dags/tutorial_taskflow_api_etl_virtualenv.py
[2022-02-09 13:59:54,868] {processor.py:654} INFO - DAG(s) dict_keys(['tutorial_taskflow_api_etl_virtualenv']) retrieved from /opt/anaconda3/envs/af/lib/python3.7/site-packages/airflow/example_dags/tutorial_taskflow_api_etl_virtualenv.py
[2022-02-09 13:59:56,560] {logging_mixin.py:109} INFO - [2022-02-09 13:59:56,560] {dag.py:2396} INFO - Sync 1 DAGs
[2022-02-09 13:59:56,678] {logging_mixin.py:109} INFO - [2022-02-09 13:59:56,677] {dag.py:2935} INFO - Setting next_dagrun for tutorial_taskflow_api_etl_virtualenv to None
[2022-02-09 13:59:56,693] {processor.py:171} INFO - Processing /opt/anaconda3/envs/af/lib/python3.7/site-packages/airflow/example_dags/tutorial_taskflow_api_etl_virtualenv.py took 1.914 seconds
[2022-02-09 14:00:38,807] {processor.py:163} INFO - Started process (PID=10964) to work on /opt/anaconda3/envs/af/lib/python3.7/site-packages/airflow/example_dags/tutorial_taskflow_api_etl_virtualenv.py
[2022-02-09 14:00:38,810] {processor.py:642} INFO - Processing file /opt/anaconda3/envs/af/lib/python3.7/site-packages/airflow/example_dags/tutorial_taskflow_api_etl_virtualenv.py for tasks to queue
[2022-02-09 14:00:38,812] {logging_mixin.py:109} INFO - [2022-02-09 14:00:38,811] {dagbag.py:500} INFO - Filling up the DagBag from /opt/anaconda3/envs/af/lib/python3.7/site-packages/airflow/example_dags/tutorial_taskflow_api_etl_virtualenv.py
[2022-02-09 14:00:38,852] {processor.py:654} INFO - DAG(s) dict_keys(['tutorial_taskflow_api_etl_virtualenv']) retrieved from /opt/anaconda3/envs/af/lib/python3.7/site-packages/airflow/example_dags/tutorial_taskflow_api_etl_virtualenv.py
[2022-02-09 14:00:39,279] {logging_mixin.py:109} INFO - [2022-02-09 14:00:39,279] {dag.py:2396} INFO - Sync 1 DAGs
[2022-02-09 14:00:39,372] {logging_mixin.py:109} INFO - [2022-02-09 14:00:39,372] {dag.py:2935} INFO - Setting next_dagrun for tutorial_taskflow_api_etl_virtualenv to None
[2022-02-09 14:00:39,387] {processor.py:171} INFO - Processing /opt/anaconda3/envs/af/lib/python3.7/site-packages/airflow/example_dags/tutorial_taskflow_api_etl_virtualenv.py took 0.586 seconds
[2022-02-09 14:01:14,858] {processor.py:163} INFO - Started process (PID=11018) to work on /opt/anaconda3/envs/af/lib/python3.7/site-packages/airflow/example_dags/tutorial_taskflow_api_etl_virtualenv.py
[2022-02-09 14:01:14,861] {processor.py:642} INFO - Processing file /opt/anaconda3/envs/af/lib/python3.7/site-packages/airflow/example_dags/tutorial_taskflow_api_etl_virtualenv.py for tasks to queue
[2022-02-09 14:01:14,863] {logging_mixin.py:109} INFO - [2022-02-09 14:01:14,863] {dagbag.py:500} INFO - Filling up the DagBag from /opt/anaconda3/envs/af/lib/python3.7/site-packages/airflow/example_dags/tutorial_taskflow_api_etl_virtualenv.py
[2022-02-09 14:01:14,897] {processor.py:654} INFO - DAG(s) dict_keys(['tutorial_taskflow_api_etl_virtualenv']) retrieved from /opt/anaconda3/envs/af/lib/python3.7/site-packages/airflow/example_dags/tutorial_taskflow_api_etl_virtualenv.py
[2022-02-09 14:01:15,171] {logging_mixin.py:109} INFO - [2022-02-09 14:01:15,170] {dag.py:2396} INFO - Sync 1 DAGs
[2022-02-09 14:01:15,269] {logging_mixin.py:109} INFO - [2022-02-09 14:01:15,268] {dag.py:2935} INFO - Setting next_dagrun for tutorial_taskflow_api_etl_virtualenv to None
[2022-02-09 14:01:15,281] {processor.py:171} INFO - Processing /opt/anaconda3/envs/af/lib/python3.7/site-packages/airflow/example_dags/tutorial_taskflow_api_etl_virtualenv.py took 0.427 seconds
[2022-02-09 14:01:54,451] {processor.py:163} INFO - Started process (PID=11071) to work on /opt/anaconda3/envs/af/lib/python3.7/site-packages/airflow/example_dags/tutorial_taskflow_api_etl_virtualenv.py
[2022-02-09 14:01:54,454] {processor.py:642} INFO - Processing file /opt/anaconda3/envs/af/lib/python3.7/site-packages/airflow/example_dags/tutorial_taskflow_api_etl_virtualenv.py for tasks to queue
[2022-02-09 14:01:54,456] {logging_mixin.py:109} INFO - [2022-02-09 14:01:54,455] {dagbag.py:500} INFO - Filling up the DagBag from /opt/anaconda3/envs/af/lib/python3.7/site-packages/airflow/example_dags/tutorial_taskflow_api_etl_virtualenv.py
[2022-02-09 14:01:54,496] {processor.py:654} INFO - DAG(s) dict_keys(['tutorial_taskflow_api_etl_virtualenv']) retrieved from /opt/anaconda3/envs/af/lib/python3.7/site-packages/airflow/example_dags/tutorial_taskflow_api_etl_virtualenv.py
[2022-02-09 14:01:54,836] {logging_mixin.py:109} INFO - [2022-02-09 14:01:54,836] {dag.py:2396} INFO - Sync 1 DAGs
[2022-02-09 14:01:54,850] {logging_mixin.py:109} INFO - [2022-02-09 14:01:54,849] {dag.py:2935} INFO - Setting next_dagrun for tutorial_taskflow_api_etl_virtualenv to None
[2022-02-09 14:01:54,863] {processor.py:171} INFO - Processing /opt/anaconda3/envs/af/lib/python3.7/site-packages/airflow/example_dags/tutorial_taskflow_api_etl_virtualenv.py took 0.418 seconds
[2022-02-09 14:03:32,141] {processor.py:163} INFO - Started process (PID=11195) to work on /opt/anaconda3/envs/af/lib/python3.7/site-packages/airflow/example_dags/tutorial_taskflow_api_etl_virtualenv.py
[2022-02-09 14:03:32,144] {processor.py:642} INFO - Processing file /opt/anaconda3/envs/af/lib/python3.7/site-packages/airflow/example_dags/tutorial_taskflow_api_etl_virtualenv.py for tasks to queue
[2022-02-09 14:03:32,146] {logging_mixin.py:109} INFO - [2022-02-09 14:03:32,145] {dagbag.py:500} INFO - Filling up the DagBag from /opt/anaconda3/envs/af/lib/python3.7/site-packages/airflow/example_dags/tutorial_taskflow_api_etl_virtualenv.py
[2022-02-09 14:03:32,176] {processor.py:654} INFO - DAG(s) dict_keys(['tutorial_taskflow_api_etl_virtualenv']) retrieved from /opt/anaconda3/envs/af/lib/python3.7/site-packages/airflow/example_dags/tutorial_taskflow_api_etl_virtualenv.py
[2022-02-09 14:03:32,503] {logging_mixin.py:109} INFO - [2022-02-09 14:03:32,503] {dag.py:2396} INFO - Sync 1 DAGs
[2022-02-09 14:03:32,516] {logging_mixin.py:109} INFO - [2022-02-09 14:03:32,515] {dag.py:2935} INFO - Setting next_dagrun for tutorial_taskflow_api_etl_virtualenv to None
[2022-02-09 14:03:32,526] {processor.py:171} INFO - Processing /opt/anaconda3/envs/af/lib/python3.7/site-packages/airflow/example_dags/tutorial_taskflow_api_etl_virtualenv.py took 0.389 seconds
[2022-02-09 14:04:10,262] {processor.py:163} INFO - Started process (PID=11249) to work on /opt/anaconda3/envs/af/lib/python3.7/site-packages/airflow/example_dags/tutorial_taskflow_api_etl_virtualenv.py
[2022-02-09 14:04:10,263] {processor.py:642} INFO - Processing file /opt/anaconda3/envs/af/lib/python3.7/site-packages/airflow/example_dags/tutorial_taskflow_api_etl_virtualenv.py for tasks to queue
[2022-02-09 14:04:10,265] {logging_mixin.py:109} INFO - [2022-02-09 14:04:10,264] {dagbag.py:500} INFO - Filling up the DagBag from /opt/anaconda3/envs/af/lib/python3.7/site-packages/airflow/example_dags/tutorial_taskflow_api_etl_virtualenv.py
[2022-02-09 14:04:10,295] {processor.py:654} INFO - DAG(s) dict_keys(['tutorial_taskflow_api_etl_virtualenv']) retrieved from /opt/anaconda3/envs/af/lib/python3.7/site-packages/airflow/example_dags/tutorial_taskflow_api_etl_virtualenv.py
[2022-02-09 14:04:10,751] {logging_mixin.py:109} INFO - [2022-02-09 14:04:10,751] {dag.py:2396} INFO - Sync 1 DAGs
[2022-02-09 14:04:10,764] {logging_mixin.py:109} INFO - [2022-02-09 14:04:10,764] {dag.py:2935} INFO - Setting next_dagrun for tutorial_taskflow_api_etl_virtualenv to None
[2022-02-09 14:04:10,777] {processor.py:171} INFO - Processing /opt/anaconda3/envs/af/lib/python3.7/site-packages/airflow/example_dags/tutorial_taskflow_api_etl_virtualenv.py took 0.520 seconds
[2022-02-09 14:04:49,937] {processor.py:163} INFO - Started process (PID=11303) to work on /opt/anaconda3/envs/af/lib/python3.7/site-packages/airflow/example_dags/tutorial_taskflow_api_etl_virtualenv.py
[2022-02-09 14:04:49,941] {processor.py:642} INFO - Processing file /opt/anaconda3/envs/af/lib/python3.7/site-packages/airflow/example_dags/tutorial_taskflow_api_etl_virtualenv.py for tasks to queue
[2022-02-09 14:04:49,945] {logging_mixin.py:109} INFO - [2022-02-09 14:04:49,943] {dagbag.py:500} INFO - Filling up the DagBag from /opt/anaconda3/envs/af/lib/python3.7/site-packages/airflow/example_dags/tutorial_taskflow_api_etl_virtualenv.py
[2022-02-09 14:04:50,006] {processor.py:654} INFO - DAG(s) dict_keys(['tutorial_taskflow_api_etl_virtualenv']) retrieved from /opt/anaconda3/envs/af/lib/python3.7/site-packages/airflow/example_dags/tutorial_taskflow_api_etl_virtualenv.py
[2022-02-09 14:04:50,727] {logging_mixin.py:109} INFO - [2022-02-09 14:04:50,727] {dag.py:2396} INFO - Sync 1 DAGs
[2022-02-09 14:04:50,757] {logging_mixin.py:109} INFO - [2022-02-09 14:04:50,756] {dag.py:2935} INFO - Setting next_dagrun for tutorial_taskflow_api_etl_virtualenv to None
[2022-02-09 14:04:50,777] {processor.py:171} INFO - Processing /opt/anaconda3/envs/af/lib/python3.7/site-packages/airflow/example_dags/tutorial_taskflow_api_etl_virtualenv.py took 0.850 seconds
[2022-02-09 14:05:24,286] {processor.py:163} INFO - Started process (PID=11341) to work on /opt/anaconda3/envs/af/lib/python3.7/site-packages/airflow/example_dags/tutorial_taskflow_api_etl_virtualenv.py
[2022-02-09 14:05:24,289] {processor.py:642} INFO - Processing file /opt/anaconda3/envs/af/lib/python3.7/site-packages/airflow/example_dags/tutorial_taskflow_api_etl_virtualenv.py for tasks to queue
[2022-02-09 14:05:24,290] {logging_mixin.py:109} INFO - [2022-02-09 14:05:24,290] {dagbag.py:500} INFO - Filling up the DagBag from /opt/anaconda3/envs/af/lib/python3.7/site-packages/airflow/example_dags/tutorial_taskflow_api_etl_virtualenv.py
[2022-02-09 14:05:24,333] {processor.py:654} INFO - DAG(s) dict_keys(['tutorial_taskflow_api_etl_virtualenv']) retrieved from /opt/anaconda3/envs/af/lib/python3.7/site-packages/airflow/example_dags/tutorial_taskflow_api_etl_virtualenv.py
[2022-02-09 14:05:25,192] {logging_mixin.py:109} INFO - [2022-02-09 14:05:25,192] {dag.py:2396} INFO - Sync 1 DAGs
[2022-02-09 14:05:25,207] {logging_mixin.py:109} INFO - [2022-02-09 14:05:25,206] {dag.py:2935} INFO - Setting next_dagrun for tutorial_taskflow_api_etl_virtualenv to None
[2022-02-09 14:05:25,220] {processor.py:171} INFO - Processing /opt/anaconda3/envs/af/lib/python3.7/site-packages/airflow/example_dags/tutorial_taskflow_api_etl_virtualenv.py took 0.940 seconds
[2022-02-09 14:06:01,243] {processor.py:163} INFO - Started process (PID=11383) to work on /opt/anaconda3/envs/af/lib/python3.7/site-packages/airflow/example_dags/tutorial_taskflow_api_etl_virtualenv.py
[2022-02-09 14:06:01,246] {processor.py:642} INFO - Processing file /opt/anaconda3/envs/af/lib/python3.7/site-packages/airflow/example_dags/tutorial_taskflow_api_etl_virtualenv.py for tasks to queue
[2022-02-09 14:06:01,248] {logging_mixin.py:109} INFO - [2022-02-09 14:06:01,247] {dagbag.py:500} INFO - Filling up the DagBag from /opt/anaconda3/envs/af/lib/python3.7/site-packages/airflow/example_dags/tutorial_taskflow_api_etl_virtualenv.py
[2022-02-09 14:06:01,286] {processor.py:654} INFO - DAG(s) dict_keys(['tutorial_taskflow_api_etl_virtualenv']) retrieved from /opt/anaconda3/envs/af/lib/python3.7/site-packages/airflow/example_dags/tutorial_taskflow_api_etl_virtualenv.py
[2022-02-09 14:06:01,713] {logging_mixin.py:109} INFO - [2022-02-09 14:06:01,713] {dag.py:2396} INFO - Sync 1 DAGs
[2022-02-09 14:06:01,728] {logging_mixin.py:109} INFO - [2022-02-09 14:06:01,728] {dag.py:2935} INFO - Setting next_dagrun for tutorial_taskflow_api_etl_virtualenv to None
[2022-02-09 14:06:01,745] {processor.py:171} INFO - Processing /opt/anaconda3/envs/af/lib/python3.7/site-packages/airflow/example_dags/tutorial_taskflow_api_etl_virtualenv.py took 0.507 seconds
[2022-02-09 14:06:32,002] {processor.py:163} INFO - Started process (PID=11418) to work on /opt/anaconda3/envs/af/lib/python3.7/site-packages/airflow/example_dags/tutorial_taskflow_api_etl_virtualenv.py
[2022-02-09 14:06:32,004] {processor.py:642} INFO - Processing file /opt/anaconda3/envs/af/lib/python3.7/site-packages/airflow/example_dags/tutorial_taskflow_api_etl_virtualenv.py for tasks to queue
[2022-02-09 14:06:32,006] {logging_mixin.py:109} INFO - [2022-02-09 14:06:32,005] {dagbag.py:500} INFO - Filling up the DagBag from /opt/anaconda3/envs/af/lib/python3.7/site-packages/airflow/example_dags/tutorial_taskflow_api_etl_virtualenv.py
[2022-02-09 14:06:32,042] {processor.py:654} INFO - DAG(s) dict_keys(['tutorial_taskflow_api_etl_virtualenv']) retrieved from /opt/anaconda3/envs/af/lib/python3.7/site-packages/airflow/example_dags/tutorial_taskflow_api_etl_virtualenv.py
[2022-02-09 14:06:32,423] {logging_mixin.py:109} INFO - [2022-02-09 14:06:32,422] {dag.py:2396} INFO - Sync 1 DAGs
[2022-02-09 14:06:32,436] {logging_mixin.py:109} INFO - [2022-02-09 14:06:32,436] {dag.py:2935} INFO - Setting next_dagrun for tutorial_taskflow_api_etl_virtualenv to None
[2022-02-09 14:06:32,448] {processor.py:171} INFO - Processing /opt/anaconda3/envs/af/lib/python3.7/site-packages/airflow/example_dags/tutorial_taskflow_api_etl_virtualenv.py took 0.451 seconds
[2022-02-09 14:07:07,787] {processor.py:163} INFO - Started process (PID=11458) to work on /opt/anaconda3/envs/af/lib/python3.7/site-packages/airflow/example_dags/tutorial_taskflow_api_etl_virtualenv.py
[2022-02-09 14:07:07,790] {processor.py:642} INFO - Processing file /opt/anaconda3/envs/af/lib/python3.7/site-packages/airflow/example_dags/tutorial_taskflow_api_etl_virtualenv.py for tasks to queue
[2022-02-09 14:07:07,791] {logging_mixin.py:109} INFO - [2022-02-09 14:07:07,790] {dagbag.py:500} INFO - Filling up the DagBag from /opt/anaconda3/envs/af/lib/python3.7/site-packages/airflow/example_dags/tutorial_taskflow_api_etl_virtualenv.py
[2022-02-09 14:07:07,828] {processor.py:654} INFO - DAG(s) dict_keys(['tutorial_taskflow_api_etl_virtualenv']) retrieved from /opt/anaconda3/envs/af/lib/python3.7/site-packages/airflow/example_dags/tutorial_taskflow_api_etl_virtualenv.py
[2022-02-09 14:07:08,236] {logging_mixin.py:109} INFO - [2022-02-09 14:07:08,235] {dag.py:2396} INFO - Sync 1 DAGs
[2022-02-09 14:07:08,251] {logging_mixin.py:109} INFO - [2022-02-09 14:07:08,250] {dag.py:2935} INFO - Setting next_dagrun for tutorial_taskflow_api_etl_virtualenv to None
[2022-02-09 14:07:08,266] {processor.py:171} INFO - Processing /opt/anaconda3/envs/af/lib/python3.7/site-packages/airflow/example_dags/tutorial_taskflow_api_etl_virtualenv.py took 0.485 seconds
[2022-02-09 14:07:46,702] {processor.py:163} INFO - Started process (PID=11504) to work on /opt/anaconda3/envs/af/lib/python3.7/site-packages/airflow/example_dags/tutorial_taskflow_api_etl_virtualenv.py
[2022-02-09 14:07:46,705] {processor.py:642} INFO - Processing file /opt/anaconda3/envs/af/lib/python3.7/site-packages/airflow/example_dags/tutorial_taskflow_api_etl_virtualenv.py for tasks to queue
[2022-02-09 14:07:46,707] {logging_mixin.py:109} INFO - [2022-02-09 14:07:46,706] {dagbag.py:500} INFO - Filling up the DagBag from /opt/anaconda3/envs/af/lib/python3.7/site-packages/airflow/example_dags/tutorial_taskflow_api_etl_virtualenv.py
[2022-02-09 14:07:46,752] {processor.py:654} INFO - DAG(s) dict_keys(['tutorial_taskflow_api_etl_virtualenv']) retrieved from /opt/anaconda3/envs/af/lib/python3.7/site-packages/airflow/example_dags/tutorial_taskflow_api_etl_virtualenv.py
[2022-02-09 14:07:47,155] {logging_mixin.py:109} INFO - [2022-02-09 14:07:47,155] {dag.py:2396} INFO - Sync 1 DAGs
[2022-02-09 14:07:47,169] {logging_mixin.py:109} INFO - [2022-02-09 14:07:47,168] {dag.py:2935} INFO - Setting next_dagrun for tutorial_taskflow_api_etl_virtualenv to None
[2022-02-09 14:07:47,183] {processor.py:171} INFO - Processing /opt/anaconda3/envs/af/lib/python3.7/site-packages/airflow/example_dags/tutorial_taskflow_api_etl_virtualenv.py took 0.489 seconds
[2022-02-09 14:08:23,549] {processor.py:163} INFO - Started process (PID=11548) to work on /opt/anaconda3/envs/af/lib/python3.7/site-packages/airflow/example_dags/tutorial_taskflow_api_etl_virtualenv.py
[2022-02-09 14:08:23,552] {processor.py:642} INFO - Processing file /opt/anaconda3/envs/af/lib/python3.7/site-packages/airflow/example_dags/tutorial_taskflow_api_etl_virtualenv.py for tasks to queue
[2022-02-09 14:08:23,556] {logging_mixin.py:109} INFO - [2022-02-09 14:08:23,555] {dagbag.py:500} INFO - Filling up the DagBag from /opt/anaconda3/envs/af/lib/python3.7/site-packages/airflow/example_dags/tutorial_taskflow_api_etl_virtualenv.py
[2022-02-09 14:08:23,608] {processor.py:654} INFO - DAG(s) dict_keys(['tutorial_taskflow_api_etl_virtualenv']) retrieved from /opt/anaconda3/envs/af/lib/python3.7/site-packages/airflow/example_dags/tutorial_taskflow_api_etl_virtualenv.py
[2022-02-09 14:08:24,337] {logging_mixin.py:109} INFO - [2022-02-09 14:08:24,337] {dag.py:2396} INFO - Sync 1 DAGs
[2022-02-09 14:08:24,356] {logging_mixin.py:109} INFO - [2022-02-09 14:08:24,354] {dag.py:2935} INFO - Setting next_dagrun for tutorial_taskflow_api_etl_virtualenv to None
[2022-02-09 14:08:24,371] {processor.py:171} INFO - Processing /opt/anaconda3/envs/af/lib/python3.7/site-packages/airflow/example_dags/tutorial_taskflow_api_etl_virtualenv.py took 0.829 seconds
[2022-02-09 15:25:33,730] {processor.py:163} INFO - Started process (PID=13796) to work on /opt/anaconda3/envs/af/lib/python3.7/site-packages/airflow/example_dags/tutorial_taskflow_api_etl_virtualenv.py
[2022-02-09 15:25:33,736] {processor.py:642} INFO - Processing file /opt/anaconda3/envs/af/lib/python3.7/site-packages/airflow/example_dags/tutorial_taskflow_api_etl_virtualenv.py for tasks to queue
[2022-02-09 15:25:33,737] {logging_mixin.py:109} INFO - [2022-02-09 15:25:33,737] {dagbag.py:500} INFO - Filling up the DagBag from /opt/anaconda3/envs/af/lib/python3.7/site-packages/airflow/example_dags/tutorial_taskflow_api_etl_virtualenv.py
[2022-02-09 15:25:33,836] {processor.py:654} INFO - DAG(s) dict_keys(['tutorial_taskflow_api_etl_virtualenv']) retrieved from /opt/anaconda3/envs/af/lib/python3.7/site-packages/airflow/example_dags/tutorial_taskflow_api_etl_virtualenv.py
[2022-02-09 15:25:35,373] {logging_mixin.py:109} INFO - [2022-02-09 15:25:35,372] {dag.py:2396} INFO - Sync 1 DAGs
[2022-02-09 15:25:35,413] {logging_mixin.py:109} INFO - [2022-02-09 15:25:35,412] {dag.py:2935} INFO - Setting next_dagrun for tutorial_taskflow_api_etl_virtualenv to None
[2022-02-09 15:25:35,493] {processor.py:171} INFO - Processing /opt/anaconda3/envs/af/lib/python3.7/site-packages/airflow/example_dags/tutorial_taskflow_api_etl_virtualenv.py took 1.769 seconds
[2022-02-09 15:27:29,531] {processor.py:163} INFO - Started process (PID=13935) to work on /opt/anaconda3/envs/af/lib/python3.7/site-packages/airflow/example_dags/tutorial_taskflow_api_etl_virtualenv.py
[2022-02-09 15:27:29,533] {processor.py:642} INFO - Processing file /opt/anaconda3/envs/af/lib/python3.7/site-packages/airflow/example_dags/tutorial_taskflow_api_etl_virtualenv.py for tasks to queue
[2022-02-09 15:27:29,535] {logging_mixin.py:109} INFO - [2022-02-09 15:27:29,535] {dagbag.py:500} INFO - Filling up the DagBag from /opt/anaconda3/envs/af/lib/python3.7/site-packages/airflow/example_dags/tutorial_taskflow_api_etl_virtualenv.py
[2022-02-09 15:27:29,572] {processor.py:654} INFO - DAG(s) dict_keys(['tutorial_taskflow_api_etl_virtualenv']) retrieved from /opt/anaconda3/envs/af/lib/python3.7/site-packages/airflow/example_dags/tutorial_taskflow_api_etl_virtualenv.py
[2022-02-09 15:27:29,957] {logging_mixin.py:109} INFO - [2022-02-09 15:27:29,957] {dag.py:2396} INFO - Sync 1 DAGs
[2022-02-09 15:27:29,971] {logging_mixin.py:109} INFO - [2022-02-09 15:27:29,971] {dag.py:2935} INFO - Setting next_dagrun for tutorial_taskflow_api_etl_virtualenv to None
[2022-02-09 15:27:29,984] {processor.py:171} INFO - Processing /opt/anaconda3/envs/af/lib/python3.7/site-packages/airflow/example_dags/tutorial_taskflow_api_etl_virtualenv.py took 0.458 seconds
[2022-02-09 15:28:35,169] {processor.py:163} INFO - Started process (PID=14035) to work on /opt/anaconda3/envs/af/lib/python3.7/site-packages/airflow/example_dags/tutorial_taskflow_api_etl_virtualenv.py
[2022-02-09 15:28:35,174] {processor.py:642} INFO - Processing file /opt/anaconda3/envs/af/lib/python3.7/site-packages/airflow/example_dags/tutorial_taskflow_api_etl_virtualenv.py for tasks to queue
[2022-02-09 15:28:35,176] {logging_mixin.py:109} INFO - [2022-02-09 15:28:35,175] {dagbag.py:500} INFO - Filling up the DagBag from /opt/anaconda3/envs/af/lib/python3.7/site-packages/airflow/example_dags/tutorial_taskflow_api_etl_virtualenv.py
[2022-02-09 15:28:35,425] {processor.py:654} INFO - DAG(s) dict_keys(['tutorial_taskflow_api_etl_virtualenv']) retrieved from /opt/anaconda3/envs/af/lib/python3.7/site-packages/airflow/example_dags/tutorial_taskflow_api_etl_virtualenv.py
[2022-02-09 15:28:36,931] {logging_mixin.py:109} INFO - [2022-02-09 15:28:36,930] {dag.py:2396} INFO - Sync 1 DAGs
[2022-02-09 15:28:36,953] {logging_mixin.py:109} INFO - [2022-02-09 15:28:36,953] {dag.py:2935} INFO - Setting next_dagrun for tutorial_taskflow_api_etl_virtualenv to None
[2022-02-09 15:28:36,978] {processor.py:171} INFO - Processing /opt/anaconda3/envs/af/lib/python3.7/site-packages/airflow/example_dags/tutorial_taskflow_api_etl_virtualenv.py took 1.815 seconds
[2022-02-09 15:30:38,275] {processor.py:163} INFO - Started process (PID=14185) to work on /opt/anaconda3/envs/af/lib/python3.7/site-packages/airflow/example_dags/tutorial_taskflow_api_etl_virtualenv.py
[2022-02-09 15:30:38,279] {processor.py:642} INFO - Processing file /opt/anaconda3/envs/af/lib/python3.7/site-packages/airflow/example_dags/tutorial_taskflow_api_etl_virtualenv.py for tasks to queue
[2022-02-09 15:30:38,280] {logging_mixin.py:109} INFO - [2022-02-09 15:30:38,280] {dagbag.py:500} INFO - Filling up the DagBag from /opt/anaconda3/envs/af/lib/python3.7/site-packages/airflow/example_dags/tutorial_taskflow_api_etl_virtualenv.py
[2022-02-09 15:30:38,326] {processor.py:654} INFO - DAG(s) dict_keys(['tutorial_taskflow_api_etl_virtualenv']) retrieved from /opt/anaconda3/envs/af/lib/python3.7/site-packages/airflow/example_dags/tutorial_taskflow_api_etl_virtualenv.py
[2022-02-09 15:30:39,153] {logging_mixin.py:109} INFO - [2022-02-09 15:30:39,152] {dag.py:2396} INFO - Sync 1 DAGs
[2022-02-09 15:30:39,166] {logging_mixin.py:109} INFO - [2022-02-09 15:30:39,165] {dag.py:2935} INFO - Setting next_dagrun for tutorial_taskflow_api_etl_virtualenv to None
[2022-02-09 15:30:39,178] {processor.py:171} INFO - Processing /opt/anaconda3/envs/af/lib/python3.7/site-packages/airflow/example_dags/tutorial_taskflow_api_etl_virtualenv.py took 0.907 seconds
