[2022-02-09 13:59:57,866] {processor.py:163} INFO - Started process (PID=10905) to work on /opt/anaconda3/envs/af/lib/python3.7/site-packages/airflow/example_dags/tutorial_taskflow_api_etl.py
[2022-02-09 13:59:57,868] {processor.py:642} INFO - Processing file /opt/anaconda3/envs/af/lib/python3.7/site-packages/airflow/example_dags/tutorial_taskflow_api_etl.py for tasks to queue
[2022-02-09 13:59:57,869] {logging_mixin.py:109} INFO - [2022-02-09 13:59:57,869] {dagbag.py:500} INFO - Filling up the DagBag from /opt/anaconda3/envs/af/lib/python3.7/site-packages/airflow/example_dags/tutorial_taskflow_api_etl.py
[2022-02-09 13:59:57,907] {processor.py:654} INFO - DAG(s) dict_keys(['tutorial_taskflow_api_etl']) retrieved from /opt/anaconda3/envs/af/lib/python3.7/site-packages/airflow/example_dags/tutorial_taskflow_api_etl.py
[2022-02-09 13:59:58,417] {logging_mixin.py:109} INFO - [2022-02-09 13:59:58,416] {dag.py:2396} INFO - Sync 1 DAGs
[2022-02-09 13:59:58,529] {logging_mixin.py:109} INFO - [2022-02-09 13:59:58,529] {dag.py:2935} INFO - Setting next_dagrun for tutorial_taskflow_api_etl to None
[2022-02-09 13:59:58,547] {processor.py:171} INFO - Processing /opt/anaconda3/envs/af/lib/python3.7/site-packages/airflow/example_dags/tutorial_taskflow_api_etl.py took 0.685 seconds
[2022-02-09 14:00:40,510] {processor.py:163} INFO - Started process (PID=10965) to work on /opt/anaconda3/envs/af/lib/python3.7/site-packages/airflow/example_dags/tutorial_taskflow_api_etl.py
[2022-02-09 14:00:40,514] {processor.py:642} INFO - Processing file /opt/anaconda3/envs/af/lib/python3.7/site-packages/airflow/example_dags/tutorial_taskflow_api_etl.py for tasks to queue
[2022-02-09 14:00:40,515] {logging_mixin.py:109} INFO - [2022-02-09 14:00:40,515] {dagbag.py:500} INFO - Filling up the DagBag from /opt/anaconda3/envs/af/lib/python3.7/site-packages/airflow/example_dags/tutorial_taskflow_api_etl.py
[2022-02-09 14:00:40,551] {processor.py:654} INFO - DAG(s) dict_keys(['tutorial_taskflow_api_etl']) retrieved from /opt/anaconda3/envs/af/lib/python3.7/site-packages/airflow/example_dags/tutorial_taskflow_api_etl.py
[2022-02-09 14:00:40,816] {logging_mixin.py:109} INFO - [2022-02-09 14:00:40,816] {dag.py:2396} INFO - Sync 1 DAGs
[2022-02-09 14:00:40,903] {logging_mixin.py:109} INFO - [2022-02-09 14:00:40,902] {dag.py:2935} INFO - Setting next_dagrun for tutorial_taskflow_api_etl to None
[2022-02-09 14:00:40,914] {processor.py:171} INFO - Processing /opt/anaconda3/envs/af/lib/python3.7/site-packages/airflow/example_dags/tutorial_taskflow_api_etl.py took 0.409 seconds
[2022-02-09 14:01:16,419] {processor.py:163} INFO - Started process (PID=11020) to work on /opt/anaconda3/envs/af/lib/python3.7/site-packages/airflow/example_dags/tutorial_taskflow_api_etl.py
[2022-02-09 14:01:16,422] {processor.py:642} INFO - Processing file /opt/anaconda3/envs/af/lib/python3.7/site-packages/airflow/example_dags/tutorial_taskflow_api_etl.py for tasks to queue
[2022-02-09 14:01:16,424] {logging_mixin.py:109} INFO - [2022-02-09 14:01:16,423] {dagbag.py:500} INFO - Filling up the DagBag from /opt/anaconda3/envs/af/lib/python3.7/site-packages/airflow/example_dags/tutorial_taskflow_api_etl.py
[2022-02-09 14:01:16,456] {processor.py:654} INFO - DAG(s) dict_keys(['tutorial_taskflow_api_etl']) retrieved from /opt/anaconda3/envs/af/lib/python3.7/site-packages/airflow/example_dags/tutorial_taskflow_api_etl.py
[2022-02-09 14:01:16,727] {logging_mixin.py:109} INFO - [2022-02-09 14:01:16,726] {dag.py:2396} INFO - Sync 1 DAGs
[2022-02-09 14:01:16,827] {logging_mixin.py:109} INFO - [2022-02-09 14:01:16,827] {dag.py:2935} INFO - Setting next_dagrun for tutorial_taskflow_api_etl to None
[2022-02-09 14:01:16,840] {processor.py:171} INFO - Processing /opt/anaconda3/envs/af/lib/python3.7/site-packages/airflow/example_dags/tutorial_taskflow_api_etl.py took 0.426 seconds
[2022-02-09 14:01:56,014] {processor.py:163} INFO - Started process (PID=11073) to work on /opt/anaconda3/envs/af/lib/python3.7/site-packages/airflow/example_dags/tutorial_taskflow_api_etl.py
[2022-02-09 14:01:56,017] {processor.py:642} INFO - Processing file /opt/anaconda3/envs/af/lib/python3.7/site-packages/airflow/example_dags/tutorial_taskflow_api_etl.py for tasks to queue
[2022-02-09 14:01:56,019] {logging_mixin.py:109} INFO - [2022-02-09 14:01:56,018] {dagbag.py:500} INFO - Filling up the DagBag from /opt/anaconda3/envs/af/lib/python3.7/site-packages/airflow/example_dags/tutorial_taskflow_api_etl.py
[2022-02-09 14:01:56,054] {processor.py:654} INFO - DAG(s) dict_keys(['tutorial_taskflow_api_etl']) retrieved from /opt/anaconda3/envs/af/lib/python3.7/site-packages/airflow/example_dags/tutorial_taskflow_api_etl.py
[2022-02-09 14:01:56,394] {logging_mixin.py:109} INFO - [2022-02-09 14:01:56,393] {dag.py:2396} INFO - Sync 1 DAGs
[2022-02-09 14:01:56,406] {logging_mixin.py:109} INFO - [2022-02-09 14:01:56,406] {dag.py:2935} INFO - Setting next_dagrun for tutorial_taskflow_api_etl to None
[2022-02-09 14:01:56,417] {processor.py:171} INFO - Processing /opt/anaconda3/envs/af/lib/python3.7/site-packages/airflow/example_dags/tutorial_taskflow_api_etl.py took 0.407 seconds
[2022-02-09 14:03:32,647] {processor.py:163} INFO - Started process (PID=11196) to work on /opt/anaconda3/envs/af/lib/python3.7/site-packages/airflow/example_dags/tutorial_taskflow_api_etl.py
[2022-02-09 14:03:32,650] {processor.py:642} INFO - Processing file /opt/anaconda3/envs/af/lib/python3.7/site-packages/airflow/example_dags/tutorial_taskflow_api_etl.py for tasks to queue
[2022-02-09 14:03:32,652] {logging_mixin.py:109} INFO - [2022-02-09 14:03:32,652] {dagbag.py:500} INFO - Filling up the DagBag from /opt/anaconda3/envs/af/lib/python3.7/site-packages/airflow/example_dags/tutorial_taskflow_api_etl.py
[2022-02-09 14:03:32,681] {processor.py:654} INFO - DAG(s) dict_keys(['tutorial_taskflow_api_etl']) retrieved from /opt/anaconda3/envs/af/lib/python3.7/site-packages/airflow/example_dags/tutorial_taskflow_api_etl.py
[2022-02-09 14:03:33,045] {logging_mixin.py:109} INFO - [2022-02-09 14:03:33,045] {dag.py:2396} INFO - Sync 1 DAGs
[2022-02-09 14:03:33,062] {logging_mixin.py:109} INFO - [2022-02-09 14:03:33,062] {dag.py:2935} INFO - Setting next_dagrun for tutorial_taskflow_api_etl to None
[2022-02-09 14:03:33,076] {processor.py:171} INFO - Processing /opt/anaconda3/envs/af/lib/python3.7/site-packages/airflow/example_dags/tutorial_taskflow_api_etl.py took 0.433 seconds
[2022-02-09 14:04:11,938] {processor.py:163} INFO - Started process (PID=11250) to work on /opt/anaconda3/envs/af/lib/python3.7/site-packages/airflow/example_dags/tutorial_taskflow_api_etl.py
[2022-02-09 14:04:11,941] {processor.py:642} INFO - Processing file /opt/anaconda3/envs/af/lib/python3.7/site-packages/airflow/example_dags/tutorial_taskflow_api_etl.py for tasks to queue
[2022-02-09 14:04:11,943] {logging_mixin.py:109} INFO - [2022-02-09 14:04:11,942] {dagbag.py:500} INFO - Filling up the DagBag from /opt/anaconda3/envs/af/lib/python3.7/site-packages/airflow/example_dags/tutorial_taskflow_api_etl.py
[2022-02-09 14:04:11,990] {processor.py:654} INFO - DAG(s) dict_keys(['tutorial_taskflow_api_etl']) retrieved from /opt/anaconda3/envs/af/lib/python3.7/site-packages/airflow/example_dags/tutorial_taskflow_api_etl.py
[2022-02-09 14:04:12,384] {logging_mixin.py:109} INFO - [2022-02-09 14:04:12,384] {dag.py:2396} INFO - Sync 1 DAGs
[2022-02-09 14:04:12,396] {logging_mixin.py:109} INFO - [2022-02-09 14:04:12,396] {dag.py:2935} INFO - Setting next_dagrun for tutorial_taskflow_api_etl to None
[2022-02-09 14:04:12,408] {processor.py:171} INFO - Processing /opt/anaconda3/envs/af/lib/python3.7/site-packages/airflow/example_dags/tutorial_taskflow_api_etl.py took 0.478 seconds
[2022-02-09 14:04:51,930] {processor.py:163} INFO - Started process (PID=11306) to work on /opt/anaconda3/envs/af/lib/python3.7/site-packages/airflow/example_dags/tutorial_taskflow_api_etl.py
[2022-02-09 14:04:51,936] {processor.py:642} INFO - Processing file /opt/anaconda3/envs/af/lib/python3.7/site-packages/airflow/example_dags/tutorial_taskflow_api_etl.py for tasks to queue
[2022-02-09 14:04:51,939] {logging_mixin.py:109} INFO - [2022-02-09 14:04:51,938] {dagbag.py:500} INFO - Filling up the DagBag from /opt/anaconda3/envs/af/lib/python3.7/site-packages/airflow/example_dags/tutorial_taskflow_api_etl.py
[2022-02-09 14:04:51,990] {processor.py:654} INFO - DAG(s) dict_keys(['tutorial_taskflow_api_etl']) retrieved from /opt/anaconda3/envs/af/lib/python3.7/site-packages/airflow/example_dags/tutorial_taskflow_api_etl.py
[2022-02-09 14:04:52,480] {logging_mixin.py:109} INFO - [2022-02-09 14:04:52,479] {dag.py:2396} INFO - Sync 1 DAGs
[2022-02-09 14:04:52,499] {logging_mixin.py:109} INFO - [2022-02-09 14:04:52,499] {dag.py:2935} INFO - Setting next_dagrun for tutorial_taskflow_api_etl to None
[2022-02-09 14:04:52,520] {processor.py:171} INFO - Processing /opt/anaconda3/envs/af/lib/python3.7/site-packages/airflow/example_dags/tutorial_taskflow_api_etl.py took 0.606 seconds
[2022-02-09 14:05:25,872] {processor.py:163} INFO - Started process (PID=11342) to work on /opt/anaconda3/envs/af/lib/python3.7/site-packages/airflow/example_dags/tutorial_taskflow_api_etl.py
[2022-02-09 14:05:25,876] {processor.py:642} INFO - Processing file /opt/anaconda3/envs/af/lib/python3.7/site-packages/airflow/example_dags/tutorial_taskflow_api_etl.py for tasks to queue
[2022-02-09 14:05:25,879] {logging_mixin.py:109} INFO - [2022-02-09 14:05:25,879] {dagbag.py:500} INFO - Filling up the DagBag from /opt/anaconda3/envs/af/lib/python3.7/site-packages/airflow/example_dags/tutorial_taskflow_api_etl.py
[2022-02-09 14:05:26,085] {processor.py:654} INFO - DAG(s) dict_keys(['tutorial_taskflow_api_etl']) retrieved from /opt/anaconda3/envs/af/lib/python3.7/site-packages/airflow/example_dags/tutorial_taskflow_api_etl.py
[2022-02-09 14:05:26,755] {logging_mixin.py:109} INFO - [2022-02-09 14:05:26,755] {dag.py:2396} INFO - Sync 1 DAGs
[2022-02-09 14:05:26,773] {logging_mixin.py:109} INFO - [2022-02-09 14:05:26,772] {dag.py:2935} INFO - Setting next_dagrun for tutorial_taskflow_api_etl to None
[2022-02-09 14:05:26,793] {processor.py:171} INFO - Processing /opt/anaconda3/envs/af/lib/python3.7/site-packages/airflow/example_dags/tutorial_taskflow_api_etl.py took 0.934 seconds
[2022-02-09 14:06:02,929] {processor.py:163} INFO - Started process (PID=11384) to work on /opt/anaconda3/envs/af/lib/python3.7/site-packages/airflow/example_dags/tutorial_taskflow_api_etl.py
[2022-02-09 14:06:02,933] {processor.py:642} INFO - Processing file /opt/anaconda3/envs/af/lib/python3.7/site-packages/airflow/example_dags/tutorial_taskflow_api_etl.py for tasks to queue
[2022-02-09 14:06:02,936] {logging_mixin.py:109} INFO - [2022-02-09 14:06:02,935] {dagbag.py:500} INFO - Filling up the DagBag from /opt/anaconda3/envs/af/lib/python3.7/site-packages/airflow/example_dags/tutorial_taskflow_api_etl.py
[2022-02-09 14:06:02,982] {processor.py:654} INFO - DAG(s) dict_keys(['tutorial_taskflow_api_etl']) retrieved from /opt/anaconda3/envs/af/lib/python3.7/site-packages/airflow/example_dags/tutorial_taskflow_api_etl.py
[2022-02-09 14:06:03,400] {logging_mixin.py:109} INFO - [2022-02-09 14:06:03,399] {dag.py:2396} INFO - Sync 1 DAGs
[2022-02-09 14:06:03,418] {logging_mixin.py:109} INFO - [2022-02-09 14:06:03,417] {dag.py:2935} INFO - Setting next_dagrun for tutorial_taskflow_api_etl to None
[2022-02-09 14:06:03,432] {processor.py:171} INFO - Processing /opt/anaconda3/envs/af/lib/python3.7/site-packages/airflow/example_dags/tutorial_taskflow_api_etl.py took 0.509 seconds
[2022-02-09 14:06:43,711] {processor.py:163} INFO - Started process (PID=11430) to work on /opt/anaconda3/envs/af/lib/python3.7/site-packages/airflow/example_dags/tutorial_taskflow_api_etl.py
[2022-02-09 14:06:43,713] {processor.py:642} INFO - Processing file /opt/anaconda3/envs/af/lib/python3.7/site-packages/airflow/example_dags/tutorial_taskflow_api_etl.py for tasks to queue
[2022-02-09 14:06:43,715] {logging_mixin.py:109} INFO - [2022-02-09 14:06:43,714] {dagbag.py:500} INFO - Filling up the DagBag from /opt/anaconda3/envs/af/lib/python3.7/site-packages/airflow/example_dags/tutorial_taskflow_api_etl.py
[2022-02-09 14:06:43,778] {processor.py:654} INFO - DAG(s) dict_keys(['tutorial_taskflow_api_etl']) retrieved from /opt/anaconda3/envs/af/lib/python3.7/site-packages/airflow/example_dags/tutorial_taskflow_api_etl.py
[2022-02-09 14:06:44,319] {logging_mixin.py:109} INFO - [2022-02-09 14:06:44,319] {dag.py:2396} INFO - Sync 1 DAGs
[2022-02-09 14:06:44,335] {logging_mixin.py:109} INFO - [2022-02-09 14:06:44,335] {dag.py:2935} INFO - Setting next_dagrun for tutorial_taskflow_api_etl to None
[2022-02-09 14:06:44,348] {processor.py:171} INFO - Processing /opt/anaconda3/envs/af/lib/python3.7/site-packages/airflow/example_dags/tutorial_taskflow_api_etl.py took 0.645 seconds
[2022-02-09 14:07:22,842] {processor.py:163} INFO - Started process (PID=11476) to work on /opt/anaconda3/envs/af/lib/python3.7/site-packages/airflow/example_dags/tutorial_taskflow_api_etl.py
[2022-02-09 14:07:22,845] {processor.py:642} INFO - Processing file /opt/anaconda3/envs/af/lib/python3.7/site-packages/airflow/example_dags/tutorial_taskflow_api_etl.py for tasks to queue
[2022-02-09 14:07:22,847] {logging_mixin.py:109} INFO - [2022-02-09 14:07:22,846] {dagbag.py:500} INFO - Filling up the DagBag from /opt/anaconda3/envs/af/lib/python3.7/site-packages/airflow/example_dags/tutorial_taskflow_api_etl.py
[2022-02-09 14:07:22,889] {processor.py:654} INFO - DAG(s) dict_keys(['tutorial_taskflow_api_etl']) retrieved from /opt/anaconda3/envs/af/lib/python3.7/site-packages/airflow/example_dags/tutorial_taskflow_api_etl.py
[2022-02-09 14:07:23,369] {logging_mixin.py:109} INFO - [2022-02-09 14:07:23,368] {dag.py:2396} INFO - Sync 1 DAGs
[2022-02-09 14:07:23,394] {logging_mixin.py:109} INFO - [2022-02-09 14:07:23,393] {dag.py:2935} INFO - Setting next_dagrun for tutorial_taskflow_api_etl to None
[2022-02-09 14:07:23,415] {processor.py:171} INFO - Processing /opt/anaconda3/envs/af/lib/python3.7/site-packages/airflow/example_dags/tutorial_taskflow_api_etl.py took 0.586 seconds
[2022-02-09 14:07:56,274] {processor.py:163} INFO - Started process (PID=11514) to work on /opt/anaconda3/envs/af/lib/python3.7/site-packages/airflow/example_dags/tutorial_taskflow_api_etl.py
[2022-02-09 14:07:56,276] {processor.py:642} INFO - Processing file /opt/anaconda3/envs/af/lib/python3.7/site-packages/airflow/example_dags/tutorial_taskflow_api_etl.py for tasks to queue
[2022-02-09 14:07:56,278] {logging_mixin.py:109} INFO - [2022-02-09 14:07:56,277] {dagbag.py:500} INFO - Filling up the DagBag from /opt/anaconda3/envs/af/lib/python3.7/site-packages/airflow/example_dags/tutorial_taskflow_api_etl.py
[2022-02-09 14:07:56,315] {processor.py:654} INFO - DAG(s) dict_keys(['tutorial_taskflow_api_etl']) retrieved from /opt/anaconda3/envs/af/lib/python3.7/site-packages/airflow/example_dags/tutorial_taskflow_api_etl.py
[2022-02-09 14:07:56,878] {logging_mixin.py:109} INFO - [2022-02-09 14:07:56,878] {dag.py:2396} INFO - Sync 1 DAGs
[2022-02-09 14:07:56,892] {logging_mixin.py:109} INFO - [2022-02-09 14:07:56,892] {dag.py:2935} INFO - Setting next_dagrun for tutorial_taskflow_api_etl to None
[2022-02-09 14:07:56,909] {processor.py:171} INFO - Processing /opt/anaconda3/envs/af/lib/python3.7/site-packages/airflow/example_dags/tutorial_taskflow_api_etl.py took 0.640 seconds
[2022-02-09 14:08:33,778] {processor.py:163} INFO - Started process (PID=11558) to work on /opt/anaconda3/envs/af/lib/python3.7/site-packages/airflow/example_dags/tutorial_taskflow_api_etl.py
[2022-02-09 14:08:33,781] {processor.py:642} INFO - Processing file /opt/anaconda3/envs/af/lib/python3.7/site-packages/airflow/example_dags/tutorial_taskflow_api_etl.py for tasks to queue
[2022-02-09 14:08:33,782] {logging_mixin.py:109} INFO - [2022-02-09 14:08:33,782] {dagbag.py:500} INFO - Filling up the DagBag from /opt/anaconda3/envs/af/lib/python3.7/site-packages/airflow/example_dags/tutorial_taskflow_api_etl.py
[2022-02-09 14:08:33,843] {processor.py:654} INFO - DAG(s) dict_keys(['tutorial_taskflow_api_etl']) retrieved from /opt/anaconda3/envs/af/lib/python3.7/site-packages/airflow/example_dags/tutorial_taskflow_api_etl.py
[2022-02-09 14:08:34,281] {logging_mixin.py:109} INFO - [2022-02-09 14:08:34,281] {dag.py:2396} INFO - Sync 1 DAGs
[2022-02-09 14:08:34,296] {logging_mixin.py:109} INFO - [2022-02-09 14:08:34,296] {dag.py:2935} INFO - Setting next_dagrun for tutorial_taskflow_api_etl to None
[2022-02-09 14:08:34,309] {processor.py:171} INFO - Processing /opt/anaconda3/envs/af/lib/python3.7/site-packages/airflow/example_dags/tutorial_taskflow_api_etl.py took 0.539 seconds
[2022-02-09 15:25:36,909] {processor.py:163} INFO - Started process (PID=13799) to work on /opt/anaconda3/envs/af/lib/python3.7/site-packages/airflow/example_dags/tutorial_taskflow_api_etl.py
[2022-02-09 15:25:36,915] {processor.py:642} INFO - Processing file /opt/anaconda3/envs/af/lib/python3.7/site-packages/airflow/example_dags/tutorial_taskflow_api_etl.py for tasks to queue
[2022-02-09 15:25:36,917] {logging_mixin.py:109} INFO - [2022-02-09 15:25:36,917] {dagbag.py:500} INFO - Filling up the DagBag from /opt/anaconda3/envs/af/lib/python3.7/site-packages/airflow/example_dags/tutorial_taskflow_api_etl.py
[2022-02-09 15:25:36,990] {processor.py:654} INFO - DAG(s) dict_keys(['tutorial_taskflow_api_etl']) retrieved from /opt/anaconda3/envs/af/lib/python3.7/site-packages/airflow/example_dags/tutorial_taskflow_api_etl.py
[2022-02-09 15:25:38,876] {logging_mixin.py:109} INFO - [2022-02-09 15:25:38,876] {dag.py:2396} INFO - Sync 1 DAGs
[2022-02-09 15:25:38,893] {logging_mixin.py:109} INFO - [2022-02-09 15:25:38,893] {dag.py:2935} INFO - Setting next_dagrun for tutorial_taskflow_api_etl to None
[2022-02-09 15:25:38,912] {processor.py:171} INFO - Processing /opt/anaconda3/envs/af/lib/python3.7/site-packages/airflow/example_dags/tutorial_taskflow_api_etl.py took 2.013 seconds
[2022-02-09 15:27:31,102] {processor.py:163} INFO - Started process (PID=13936) to work on /opt/anaconda3/envs/af/lib/python3.7/site-packages/airflow/example_dags/tutorial_taskflow_api_etl.py
[2022-02-09 15:27:31,106] {processor.py:642} INFO - Processing file /opt/anaconda3/envs/af/lib/python3.7/site-packages/airflow/example_dags/tutorial_taskflow_api_etl.py for tasks to queue
[2022-02-09 15:27:31,112] {logging_mixin.py:109} INFO - [2022-02-09 15:27:31,109] {dagbag.py:500} INFO - Filling up the DagBag from /opt/anaconda3/envs/af/lib/python3.7/site-packages/airflow/example_dags/tutorial_taskflow_api_etl.py
[2022-02-09 15:27:31,167] {processor.py:654} INFO - DAG(s) dict_keys(['tutorial_taskflow_api_etl']) retrieved from /opt/anaconda3/envs/af/lib/python3.7/site-packages/airflow/example_dags/tutorial_taskflow_api_etl.py
[2022-02-09 15:27:31,561] {logging_mixin.py:109} INFO - [2022-02-09 15:27:31,561] {dag.py:2396} INFO - Sync 1 DAGs
[2022-02-09 15:27:31,575] {logging_mixin.py:109} INFO - [2022-02-09 15:27:31,574] {dag.py:2935} INFO - Setting next_dagrun for tutorial_taskflow_api_etl to None
[2022-02-09 15:27:31,588] {processor.py:171} INFO - Processing /opt/anaconda3/envs/af/lib/python3.7/site-packages/airflow/example_dags/tutorial_taskflow_api_etl.py took 0.495 seconds
[2022-02-09 15:28:37,999] {processor.py:163} INFO - Started process (PID=14041) to work on /opt/anaconda3/envs/af/lib/python3.7/site-packages/airflow/example_dags/tutorial_taskflow_api_etl.py
[2022-02-09 15:28:38,002] {processor.py:642} INFO - Processing file /opt/anaconda3/envs/af/lib/python3.7/site-packages/airflow/example_dags/tutorial_taskflow_api_etl.py for tasks to queue
[2022-02-09 15:28:38,005] {logging_mixin.py:109} INFO - [2022-02-09 15:28:38,004] {dagbag.py:500} INFO - Filling up the DagBag from /opt/anaconda3/envs/af/lib/python3.7/site-packages/airflow/example_dags/tutorial_taskflow_api_etl.py
[2022-02-09 15:28:38,058] {processor.py:654} INFO - DAG(s) dict_keys(['tutorial_taskflow_api_etl']) retrieved from /opt/anaconda3/envs/af/lib/python3.7/site-packages/airflow/example_dags/tutorial_taskflow_api_etl.py
[2022-02-09 15:28:38,916] {logging_mixin.py:109} INFO - [2022-02-09 15:28:38,915] {dag.py:2396} INFO - Sync 1 DAGs
[2022-02-09 15:28:38,940] {logging_mixin.py:109} INFO - [2022-02-09 15:28:38,939] {dag.py:2935} INFO - Setting next_dagrun for tutorial_taskflow_api_etl to None
[2022-02-09 15:28:38,967] {processor.py:171} INFO - Processing /opt/anaconda3/envs/af/lib/python3.7/site-packages/airflow/example_dags/tutorial_taskflow_api_etl.py took 0.974 seconds
[2022-02-09 15:30:39,975] {processor.py:163} INFO - Started process (PID=14188) to work on /opt/anaconda3/envs/af/lib/python3.7/site-packages/airflow/example_dags/tutorial_taskflow_api_etl.py
[2022-02-09 15:30:39,979] {processor.py:642} INFO - Processing file /opt/anaconda3/envs/af/lib/python3.7/site-packages/airflow/example_dags/tutorial_taskflow_api_etl.py for tasks to queue
[2022-02-09 15:30:39,981] {logging_mixin.py:109} INFO - [2022-02-09 15:30:39,981] {dagbag.py:500} INFO - Filling up the DagBag from /opt/anaconda3/envs/af/lib/python3.7/site-packages/airflow/example_dags/tutorial_taskflow_api_etl.py
[2022-02-09 15:30:40,029] {processor.py:654} INFO - DAG(s) dict_keys(['tutorial_taskflow_api_etl']) retrieved from /opt/anaconda3/envs/af/lib/python3.7/site-packages/airflow/example_dags/tutorial_taskflow_api_etl.py
[2022-02-09 15:30:40,604] {logging_mixin.py:109} INFO - [2022-02-09 15:30:40,603] {dag.py:2396} INFO - Sync 1 DAGs
[2022-02-09 15:30:40,619] {logging_mixin.py:109} INFO - [2022-02-09 15:30:40,618] {dag.py:2935} INFO - Setting next_dagrun for tutorial_taskflow_api_etl to None
[2022-02-09 15:30:40,631] {processor.py:171} INFO - Processing /opt/anaconda3/envs/af/lib/python3.7/site-packages/airflow/example_dags/tutorial_taskflow_api_etl.py took 0.663 seconds
