[2022-02-09 14:00:00,926] {processor.py:163} INFO - Started process (PID=10911) to work on /opt/anaconda3/envs/af/lib/python3.7/site-packages/airflow/example_dags/tutorial.py
[2022-02-09 14:00:00,928] {processor.py:642} INFO - Processing file /opt/anaconda3/envs/af/lib/python3.7/site-packages/airflow/example_dags/tutorial.py for tasks to queue
[2022-02-09 14:00:00,930] {logging_mixin.py:109} INFO - [2022-02-09 14:00:00,929] {dagbag.py:500} INFO - Filling up the DagBag from /opt/anaconda3/envs/af/lib/python3.7/site-packages/airflow/example_dags/tutorial.py
[2022-02-09 14:00:00,975] {processor.py:654} INFO - DAG(s) dict_keys(['tutorial']) retrieved from /opt/anaconda3/envs/af/lib/python3.7/site-packages/airflow/example_dags/tutorial.py
[2022-02-09 14:00:00,990] {logging_mixin.py:109} INFO - [2022-02-09 14:00:00,989] {dag.py:2396} INFO - Sync 1 DAGs
[2022-02-09 14:00:01,011] {logging_mixin.py:109} INFO - [2022-02-09 14:00:01,011] {dag.py:2935} INFO - Setting next_dagrun for tutorial to 2022-02-08T19:00:01.011110+00:00
[2022-02-09 14:00:01,032] {processor.py:171} INFO - Processing /opt/anaconda3/envs/af/lib/python3.7/site-packages/airflow/example_dags/tutorial.py took 0.110 seconds
[2022-02-09 14:00:43,258] {processor.py:163} INFO - Started process (PID=10967) to work on /opt/anaconda3/envs/af/lib/python3.7/site-packages/airflow/example_dags/tutorial.py
[2022-02-09 14:00:43,261] {processor.py:642} INFO - Processing file /opt/anaconda3/envs/af/lib/python3.7/site-packages/airflow/example_dags/tutorial.py for tasks to queue
[2022-02-09 14:00:43,263] {logging_mixin.py:109} INFO - [2022-02-09 14:00:43,262] {dagbag.py:500} INFO - Filling up the DagBag from /opt/anaconda3/envs/af/lib/python3.7/site-packages/airflow/example_dags/tutorial.py
[2022-02-09 14:00:43,296] {processor.py:654} INFO - DAG(s) dict_keys(['tutorial']) retrieved from /opt/anaconda3/envs/af/lib/python3.7/site-packages/airflow/example_dags/tutorial.py
[2022-02-09 14:00:43,311] {logging_mixin.py:109} INFO - [2022-02-09 14:00:43,310] {dag.py:2396} INFO - Sync 1 DAGs
[2022-02-09 14:00:43,333] {logging_mixin.py:109} INFO - [2022-02-09 14:00:43,332] {dag.py:2935} INFO - Setting next_dagrun for tutorial to 2022-02-08T19:00:43.332254+00:00
[2022-02-09 14:00:43,345] {processor.py:171} INFO - Processing /opt/anaconda3/envs/af/lib/python3.7/site-packages/airflow/example_dags/tutorial.py took 0.093 seconds
[2022-02-09 14:01:23,563] {processor.py:163} INFO - Started process (PID=11031) to work on /opt/anaconda3/envs/af/lib/python3.7/site-packages/airflow/example_dags/tutorial.py
[2022-02-09 14:01:23,566] {processor.py:642} INFO - Processing file /opt/anaconda3/envs/af/lib/python3.7/site-packages/airflow/example_dags/tutorial.py for tasks to queue
[2022-02-09 14:01:23,568] {logging_mixin.py:109} INFO - [2022-02-09 14:01:23,568] {dagbag.py:500} INFO - Filling up the DagBag from /opt/anaconda3/envs/af/lib/python3.7/site-packages/airflow/example_dags/tutorial.py
[2022-02-09 14:01:23,609] {processor.py:654} INFO - DAG(s) dict_keys(['tutorial']) retrieved from /opt/anaconda3/envs/af/lib/python3.7/site-packages/airflow/example_dags/tutorial.py
[2022-02-09 14:01:23,624] {logging_mixin.py:109} INFO - [2022-02-09 14:01:23,624] {dag.py:2396} INFO - Sync 1 DAGs
[2022-02-09 14:01:23,644] {logging_mixin.py:109} INFO - [2022-02-09 14:01:23,644] {dag.py:2935} INFO - Setting next_dagrun for tutorial to 2022-02-08T19:01:23.643702+00:00
[2022-02-09 14:01:23,657] {processor.py:171} INFO - Processing /opt/anaconda3/envs/af/lib/python3.7/site-packages/airflow/example_dags/tutorial.py took 0.098 seconds
[2022-02-09 14:01:58,440] {processor.py:163} INFO - Started process (PID=11077) to work on /opt/anaconda3/envs/af/lib/python3.7/site-packages/airflow/example_dags/tutorial.py
[2022-02-09 14:01:58,444] {processor.py:642} INFO - Processing file /opt/anaconda3/envs/af/lib/python3.7/site-packages/airflow/example_dags/tutorial.py for tasks to queue
[2022-02-09 14:01:58,446] {logging_mixin.py:109} INFO - [2022-02-09 14:01:58,445] {dagbag.py:500} INFO - Filling up the DagBag from /opt/anaconda3/envs/af/lib/python3.7/site-packages/airflow/example_dags/tutorial.py
[2022-02-09 14:01:58,476] {processor.py:654} INFO - DAG(s) dict_keys(['tutorial']) retrieved from /opt/anaconda3/envs/af/lib/python3.7/site-packages/airflow/example_dags/tutorial.py
[2022-02-09 14:01:58,489] {logging_mixin.py:109} INFO - [2022-02-09 14:01:58,488] {dag.py:2396} INFO - Sync 1 DAGs
[2022-02-09 14:01:58,504] {logging_mixin.py:109} INFO - [2022-02-09 14:01:58,504] {dag.py:2935} INFO - Setting next_dagrun for tutorial to 2022-02-08T19:01:58.503735+00:00
[2022-02-09 14:01:58,515] {processor.py:171} INFO - Processing /opt/anaconda3/envs/af/lib/python3.7/site-packages/airflow/example_dags/tutorial.py took 0.079 seconds
[2022-02-09 14:03:35,380] {processor.py:163} INFO - Started process (PID=11198) to work on /opt/anaconda3/envs/af/lib/python3.7/site-packages/airflow/example_dags/tutorial.py
[2022-02-09 14:03:35,384] {processor.py:642} INFO - Processing file /opt/anaconda3/envs/af/lib/python3.7/site-packages/airflow/example_dags/tutorial.py for tasks to queue
[2022-02-09 14:03:35,385] {logging_mixin.py:109} INFO - [2022-02-09 14:03:35,384] {dagbag.py:500} INFO - Filling up the DagBag from /opt/anaconda3/envs/af/lib/python3.7/site-packages/airflow/example_dags/tutorial.py
[2022-02-09 14:03:35,424] {processor.py:654} INFO - DAG(s) dict_keys(['tutorial']) retrieved from /opt/anaconda3/envs/af/lib/python3.7/site-packages/airflow/example_dags/tutorial.py
[2022-02-09 14:03:35,437] {logging_mixin.py:109} INFO - [2022-02-09 14:03:35,437] {dag.py:2396} INFO - Sync 1 DAGs
[2022-02-09 14:03:35,456] {logging_mixin.py:109} INFO - [2022-02-09 14:03:35,455] {dag.py:2935} INFO - Setting next_dagrun for tutorial to 2022-02-08T19:03:35.455588+00:00
[2022-02-09 14:03:35,470] {processor.py:171} INFO - Processing /opt/anaconda3/envs/af/lib/python3.7/site-packages/airflow/example_dags/tutorial.py took 0.096 seconds
[2022-02-09 14:04:14,674] {processor.py:163} INFO - Started process (PID=11252) to work on /opt/anaconda3/envs/af/lib/python3.7/site-packages/airflow/example_dags/tutorial.py
[2022-02-09 14:04:14,676] {processor.py:642} INFO - Processing file /opt/anaconda3/envs/af/lib/python3.7/site-packages/airflow/example_dags/tutorial.py for tasks to queue
[2022-02-09 14:04:14,677] {logging_mixin.py:109} INFO - [2022-02-09 14:04:14,677] {dagbag.py:500} INFO - Filling up the DagBag from /opt/anaconda3/envs/af/lib/python3.7/site-packages/airflow/example_dags/tutorial.py
[2022-02-09 14:04:14,709] {processor.py:654} INFO - DAG(s) dict_keys(['tutorial']) retrieved from /opt/anaconda3/envs/af/lib/python3.7/site-packages/airflow/example_dags/tutorial.py
[2022-02-09 14:04:14,722] {logging_mixin.py:109} INFO - [2022-02-09 14:04:14,722] {dag.py:2396} INFO - Sync 1 DAGs
[2022-02-09 14:04:14,740] {logging_mixin.py:109} INFO - [2022-02-09 14:04:14,739] {dag.py:2935} INFO - Setting next_dagrun for tutorial to 2022-02-08T19:04:14.739509+00:00
[2022-02-09 14:04:14,754] {processor.py:171} INFO - Processing /opt/anaconda3/envs/af/lib/python3.7/site-packages/airflow/example_dags/tutorial.py took 0.085 seconds
[2022-02-09 14:04:54,264] {processor.py:163} INFO - Started process (PID=11308) to work on /opt/anaconda3/envs/af/lib/python3.7/site-packages/airflow/example_dags/tutorial.py
[2022-02-09 14:04:54,267] {processor.py:642} INFO - Processing file /opt/anaconda3/envs/af/lib/python3.7/site-packages/airflow/example_dags/tutorial.py for tasks to queue
[2022-02-09 14:04:54,270] {logging_mixin.py:109} INFO - [2022-02-09 14:04:54,269] {dagbag.py:500} INFO - Filling up the DagBag from /opt/anaconda3/envs/af/lib/python3.7/site-packages/airflow/example_dags/tutorial.py
[2022-02-09 14:04:54,306] {processor.py:654} INFO - DAG(s) dict_keys(['tutorial']) retrieved from /opt/anaconda3/envs/af/lib/python3.7/site-packages/airflow/example_dags/tutorial.py
[2022-02-09 14:04:54,321] {logging_mixin.py:109} INFO - [2022-02-09 14:04:54,321] {dag.py:2396} INFO - Sync 1 DAGs
[2022-02-09 14:04:54,342] {logging_mixin.py:109} INFO - [2022-02-09 14:04:54,342] {dag.py:2935} INFO - Setting next_dagrun for tutorial to 2022-02-08T19:04:54.341536+00:00
[2022-02-09 14:04:54,357] {processor.py:171} INFO - Processing /opt/anaconda3/envs/af/lib/python3.7/site-packages/airflow/example_dags/tutorial.py took 0.098 seconds
[2022-02-09 14:05:36,998] {processor.py:163} INFO - Started process (PID=11354) to work on /opt/anaconda3/envs/af/lib/python3.7/site-packages/airflow/example_dags/tutorial.py
[2022-02-09 14:05:37,003] {processor.py:642} INFO - Processing file /opt/anaconda3/envs/af/lib/python3.7/site-packages/airflow/example_dags/tutorial.py for tasks to queue
[2022-02-09 14:05:37,004] {logging_mixin.py:109} INFO - [2022-02-09 14:05:37,004] {dagbag.py:500} INFO - Filling up the DagBag from /opt/anaconda3/envs/af/lib/python3.7/site-packages/airflow/example_dags/tutorial.py
[2022-02-09 14:05:37,044] {processor.py:654} INFO - DAG(s) dict_keys(['tutorial']) retrieved from /opt/anaconda3/envs/af/lib/python3.7/site-packages/airflow/example_dags/tutorial.py
[2022-02-09 14:05:37,062] {logging_mixin.py:109} INFO - [2022-02-09 14:05:37,061] {dag.py:2396} INFO - Sync 1 DAGs
[2022-02-09 14:05:37,092] {logging_mixin.py:109} INFO - [2022-02-09 14:05:37,090] {dag.py:2935} INFO - Setting next_dagrun for tutorial to 2022-02-08T19:05:37.088665+00:00
[2022-02-09 14:05:37,112] {processor.py:171} INFO - Processing /opt/anaconda3/envs/af/lib/python3.7/site-packages/airflow/example_dags/tutorial.py took 0.119 seconds
[2022-02-09 14:06:11,812] {processor.py:163} INFO - Started process (PID=11396) to work on /opt/anaconda3/envs/af/lib/python3.7/site-packages/airflow/example_dags/tutorial.py
[2022-02-09 14:06:11,815] {processor.py:642} INFO - Processing file /opt/anaconda3/envs/af/lib/python3.7/site-packages/airflow/example_dags/tutorial.py for tasks to queue
[2022-02-09 14:06:11,817] {logging_mixin.py:109} INFO - [2022-02-09 14:06:11,817] {dagbag.py:500} INFO - Filling up the DagBag from /opt/anaconda3/envs/af/lib/python3.7/site-packages/airflow/example_dags/tutorial.py
[2022-02-09 14:06:11,854] {processor.py:654} INFO - DAG(s) dict_keys(['tutorial']) retrieved from /opt/anaconda3/envs/af/lib/python3.7/site-packages/airflow/example_dags/tutorial.py
[2022-02-09 14:06:11,867] {logging_mixin.py:109} INFO - [2022-02-09 14:06:11,867] {dag.py:2396} INFO - Sync 1 DAGs
[2022-02-09 14:06:11,888] {logging_mixin.py:109} INFO - [2022-02-09 14:06:11,888] {dag.py:2935} INFO - Setting next_dagrun for tutorial to 2022-02-08T19:06:11.888162+00:00
[2022-02-09 14:06:11,904] {processor.py:171} INFO - Processing /opt/anaconda3/envs/af/lib/python3.7/site-packages/airflow/example_dags/tutorial.py took 0.099 seconds
[2022-02-09 14:06:46,401] {processor.py:163} INFO - Started process (PID=11432) to work on /opt/anaconda3/envs/af/lib/python3.7/site-packages/airflow/example_dags/tutorial.py
[2022-02-09 14:06:46,404] {processor.py:642} INFO - Processing file /opt/anaconda3/envs/af/lib/python3.7/site-packages/airflow/example_dags/tutorial.py for tasks to queue
[2022-02-09 14:06:46,406] {logging_mixin.py:109} INFO - [2022-02-09 14:06:46,405] {dagbag.py:500} INFO - Filling up the DagBag from /opt/anaconda3/envs/af/lib/python3.7/site-packages/airflow/example_dags/tutorial.py
[2022-02-09 14:06:46,445] {processor.py:654} INFO - DAG(s) dict_keys(['tutorial']) retrieved from /opt/anaconda3/envs/af/lib/python3.7/site-packages/airflow/example_dags/tutorial.py
[2022-02-09 14:06:46,459] {logging_mixin.py:109} INFO - [2022-02-09 14:06:46,458] {dag.py:2396} INFO - Sync 1 DAGs
[2022-02-09 14:06:46,478] {logging_mixin.py:109} INFO - [2022-02-09 14:06:46,477] {dag.py:2935} INFO - Setting next_dagrun for tutorial to 2022-02-08T19:06:46.477159+00:00
[2022-02-09 14:06:46,490] {processor.py:171} INFO - Processing /opt/anaconda3/envs/af/lib/python3.7/site-packages/airflow/example_dags/tutorial.py took 0.100 seconds
[2022-02-09 14:07:25,182] {processor.py:163} INFO - Started process (PID=11478) to work on /opt/anaconda3/envs/af/lib/python3.7/site-packages/airflow/example_dags/tutorial.py
[2022-02-09 14:07:25,186] {processor.py:642} INFO - Processing file /opt/anaconda3/envs/af/lib/python3.7/site-packages/airflow/example_dags/tutorial.py for tasks to queue
[2022-02-09 14:07:25,187] {logging_mixin.py:109} INFO - [2022-02-09 14:07:25,187] {dagbag.py:500} INFO - Filling up the DagBag from /opt/anaconda3/envs/af/lib/python3.7/site-packages/airflow/example_dags/tutorial.py
[2022-02-09 14:07:25,222] {processor.py:654} INFO - DAG(s) dict_keys(['tutorial']) retrieved from /opt/anaconda3/envs/af/lib/python3.7/site-packages/airflow/example_dags/tutorial.py
[2022-02-09 14:07:25,237] {logging_mixin.py:109} INFO - [2022-02-09 14:07:25,236] {dag.py:2396} INFO - Sync 1 DAGs
[2022-02-09 14:07:25,258] {logging_mixin.py:109} INFO - [2022-02-09 14:07:25,257] {dag.py:2935} INFO - Setting next_dagrun for tutorial to 2022-02-08T19:07:25.257301+00:00
[2022-02-09 14:07:25,270] {processor.py:171} INFO - Processing /opt/anaconda3/envs/af/lib/python3.7/site-packages/airflow/example_dags/tutorial.py took 0.093 seconds
[2022-02-09 14:07:59,124] {processor.py:163} INFO - Started process (PID=11519) to work on /opt/anaconda3/envs/af/lib/python3.7/site-packages/airflow/example_dags/tutorial.py
[2022-02-09 14:07:59,128] {processor.py:642} INFO - Processing file /opt/anaconda3/envs/af/lib/python3.7/site-packages/airflow/example_dags/tutorial.py for tasks to queue
[2022-02-09 14:07:59,129] {logging_mixin.py:109} INFO - [2022-02-09 14:07:59,129] {dagbag.py:500} INFO - Filling up the DagBag from /opt/anaconda3/envs/af/lib/python3.7/site-packages/airflow/example_dags/tutorial.py
[2022-02-09 14:07:59,178] {processor.py:654} INFO - DAG(s) dict_keys(['tutorial']) retrieved from /opt/anaconda3/envs/af/lib/python3.7/site-packages/airflow/example_dags/tutorial.py
[2022-02-09 14:07:59,198] {logging_mixin.py:109} INFO - [2022-02-09 14:07:59,197] {dag.py:2396} INFO - Sync 1 DAGs
[2022-02-09 14:07:59,218] {logging_mixin.py:109} INFO - [2022-02-09 14:07:59,218] {dag.py:2935} INFO - Setting next_dagrun for tutorial to 2022-02-08T19:07:59.218042+00:00
[2022-02-09 14:07:59,233] {processor.py:171} INFO - Processing /opt/anaconda3/envs/af/lib/python3.7/site-packages/airflow/example_dags/tutorial.py took 0.113 seconds
[2022-02-09 14:08:36,344] {processor.py:163} INFO - Started process (PID=11560) to work on /opt/anaconda3/envs/af/lib/python3.7/site-packages/airflow/example_dags/tutorial.py
[2022-02-09 14:08:36,348] {processor.py:642} INFO - Processing file /opt/anaconda3/envs/af/lib/python3.7/site-packages/airflow/example_dags/tutorial.py for tasks to queue
[2022-02-09 14:08:36,350] {logging_mixin.py:109} INFO - [2022-02-09 14:08:36,349] {dagbag.py:500} INFO - Filling up the DagBag from /opt/anaconda3/envs/af/lib/python3.7/site-packages/airflow/example_dags/tutorial.py
[2022-02-09 14:08:36,390] {processor.py:654} INFO - DAG(s) dict_keys(['tutorial']) retrieved from /opt/anaconda3/envs/af/lib/python3.7/site-packages/airflow/example_dags/tutorial.py
[2022-02-09 14:08:36,402] {logging_mixin.py:109} INFO - [2022-02-09 14:08:36,402] {dag.py:2396} INFO - Sync 1 DAGs
[2022-02-09 14:08:36,424] {logging_mixin.py:109} INFO - [2022-02-09 14:08:36,424] {dag.py:2935} INFO - Setting next_dagrun for tutorial to 2022-02-08T19:08:36.423690+00:00
[2022-02-09 14:08:36,437] {processor.py:171} INFO - Processing /opt/anaconda3/envs/af/lib/python3.7/site-packages/airflow/example_dags/tutorial.py took 0.098 seconds
[2022-02-09 15:25:40,858] {processor.py:163} INFO - Started process (PID=13806) to work on /opt/anaconda3/envs/af/lib/python3.7/site-packages/airflow/example_dags/tutorial.py
[2022-02-09 15:25:40,861] {processor.py:642} INFO - Processing file /opt/anaconda3/envs/af/lib/python3.7/site-packages/airflow/example_dags/tutorial.py for tasks to queue
[2022-02-09 15:25:40,863] {logging_mixin.py:109} INFO - [2022-02-09 15:25:40,862] {dagbag.py:500} INFO - Filling up the DagBag from /opt/anaconda3/envs/af/lib/python3.7/site-packages/airflow/example_dags/tutorial.py
[2022-02-09 15:25:40,923] {processor.py:654} INFO - DAG(s) dict_keys(['tutorial']) retrieved from /opt/anaconda3/envs/af/lib/python3.7/site-packages/airflow/example_dags/tutorial.py
[2022-02-09 15:25:40,956] {logging_mixin.py:109} INFO - [2022-02-09 15:25:40,955] {dag.py:2396} INFO - Sync 1 DAGs
[2022-02-09 15:25:40,996] {logging_mixin.py:109} INFO - [2022-02-09 15:25:40,995] {dag.py:2935} INFO - Setting next_dagrun for tutorial to 2022-02-08T20:25:40.995293+00:00
[2022-02-09 15:25:41,029] {processor.py:171} INFO - Processing /opt/anaconda3/envs/af/lib/python3.7/site-packages/airflow/example_dags/tutorial.py took 0.177 seconds
[2022-02-09 15:27:33,673] {processor.py:163} INFO - Started process (PID=13938) to work on /opt/anaconda3/envs/af/lib/python3.7/site-packages/airflow/example_dags/tutorial.py
[2022-02-09 15:27:33,676] {processor.py:642} INFO - Processing file /opt/anaconda3/envs/af/lib/python3.7/site-packages/airflow/example_dags/tutorial.py for tasks to queue
[2022-02-09 15:27:33,679] {logging_mixin.py:109} INFO - [2022-02-09 15:27:33,678] {dagbag.py:500} INFO - Filling up the DagBag from /opt/anaconda3/envs/af/lib/python3.7/site-packages/airflow/example_dags/tutorial.py
[2022-02-09 15:27:33,731] {processor.py:654} INFO - DAG(s) dict_keys(['tutorial']) retrieved from /opt/anaconda3/envs/af/lib/python3.7/site-packages/airflow/example_dags/tutorial.py
[2022-02-09 15:27:33,762] {logging_mixin.py:109} INFO - [2022-02-09 15:27:33,761] {dag.py:2396} INFO - Sync 1 DAGs
[2022-02-09 15:27:33,807] {logging_mixin.py:109} INFO - [2022-02-09 15:27:33,806] {dag.py:2935} INFO - Setting next_dagrun for tutorial to 2022-02-08T20:27:33.806071+00:00
[2022-02-09 15:27:33,841] {processor.py:171} INFO - Processing /opt/anaconda3/envs/af/lib/python3.7/site-packages/airflow/example_dags/tutorial.py took 0.176 seconds
[2022-02-09 15:28:41,257] {processor.py:163} INFO - Started process (PID=14045) to work on /opt/anaconda3/envs/af/lib/python3.7/site-packages/airflow/example_dags/tutorial.py
[2022-02-09 15:28:41,261] {processor.py:642} INFO - Processing file /opt/anaconda3/envs/af/lib/python3.7/site-packages/airflow/example_dags/tutorial.py for tasks to queue
[2022-02-09 15:28:41,265] {logging_mixin.py:109} INFO - [2022-02-09 15:28:41,264] {dagbag.py:500} INFO - Filling up the DagBag from /opt/anaconda3/envs/af/lib/python3.7/site-packages/airflow/example_dags/tutorial.py
[2022-02-09 15:28:41,326] {processor.py:654} INFO - DAG(s) dict_keys(['tutorial']) retrieved from /opt/anaconda3/envs/af/lib/python3.7/site-packages/airflow/example_dags/tutorial.py
[2022-02-09 15:28:41,365] {logging_mixin.py:109} INFO - [2022-02-09 15:28:41,363] {dag.py:2396} INFO - Sync 1 DAGs
[2022-02-09 15:28:41,435] {logging_mixin.py:109} INFO - [2022-02-09 15:28:41,435] {dag.py:2935} INFO - Setting next_dagrun for tutorial to 2022-02-08T20:28:41.434208+00:00
[2022-02-09 15:28:41,465] {processor.py:171} INFO - Processing /opt/anaconda3/envs/af/lib/python3.7/site-packages/airflow/example_dags/tutorial.py took 0.215 seconds
[2022-02-09 15:30:42,901] {processor.py:163} INFO - Started process (PID=14190) to work on /opt/anaconda3/envs/af/lib/python3.7/site-packages/airflow/example_dags/tutorial.py
[2022-02-09 15:30:42,905] {processor.py:642} INFO - Processing file /opt/anaconda3/envs/af/lib/python3.7/site-packages/airflow/example_dags/tutorial.py for tasks to queue
[2022-02-09 15:30:42,907] {logging_mixin.py:109} INFO - [2022-02-09 15:30:42,906] {dagbag.py:500} INFO - Filling up the DagBag from /opt/anaconda3/envs/af/lib/python3.7/site-packages/airflow/example_dags/tutorial.py
[2022-02-09 15:30:42,959] {processor.py:654} INFO - DAG(s) dict_keys(['tutorial']) retrieved from /opt/anaconda3/envs/af/lib/python3.7/site-packages/airflow/example_dags/tutorial.py
[2022-02-09 15:30:42,980] {logging_mixin.py:109} INFO - [2022-02-09 15:30:42,979] {dag.py:2396} INFO - Sync 1 DAGs
[2022-02-09 15:30:43,010] {logging_mixin.py:109} INFO - [2022-02-09 15:30:43,010] {dag.py:2935} INFO - Setting next_dagrun for tutorial to 2022-02-08T20:30:43.009602+00:00
[2022-02-09 15:30:43,032] {processor.py:171} INFO - Processing /opt/anaconda3/envs/af/lib/python3.7/site-packages/airflow/example_dags/tutorial.py took 0.137 seconds
