[2022-02-09 15:25:23,902] {processor.py:163} INFO - Started process (PID=13778) to work on /Users/dev/projects/learn/af/airflow/dags/connect_web3.py
[2022-02-09 15:25:23,907] {processor.py:642} INFO - Processing file /Users/dev/projects/learn/af/airflow/dags/connect_web3.py for tasks to queue
[2022-02-09 15:25:23,910] {logging_mixin.py:109} INFO - [2022-02-09 15:25:23,909] {dagbag.py:500} INFO - Filling up the DagBag from /Users/dev/projects/learn/af/airflow/dags/connect_web3.py
[2022-02-09 15:25:26,596] {processor.py:654} INFO - DAG(s) dict_keys(['connect_web3']) retrieved from /Users/dev/projects/learn/af/airflow/dags/connect_web3.py
[2022-02-09 15:25:28,535] {logging_mixin.py:109} INFO - [2022-02-09 15:25:28,534] {manager.py:496} INFO - Created Permission View: can read on DAG:connect_web3
[2022-02-09 15:25:28,547] {logging_mixin.py:109} INFO - [2022-02-09 15:25:28,546] {manager.py:496} INFO - Created Permission View: can edit on DAG:connect_web3
[2022-02-09 15:25:28,548] {logging_mixin.py:109} INFO - [2022-02-09 15:25:28,547] {dag.py:2396} INFO - Sync 1 DAGs
[2022-02-09 15:25:28,559] {logging_mixin.py:109} INFO - [2022-02-09 15:25:28,558] {dag.py:2415} INFO - Creating ORM DAG for connect_web3
[2022-02-09 15:25:28,570] {logging_mixin.py:109} INFO - [2022-02-09 15:25:28,569] {dag.py:2935} INFO - Setting next_dagrun for connect_web3 to 2022-02-08 12:00:00+00:00
[2022-02-09 15:25:28,585] {processor.py:171} INFO - Processing /Users/dev/projects/learn/af/airflow/dags/connect_web3.py took 4.694 seconds
[2022-02-09 15:27:24,457] {processor.py:163} INFO - Started process (PID=13928) to work on /Users/dev/projects/learn/af/airflow/dags/connect_web3.py
[2022-02-09 15:27:24,460] {processor.py:642} INFO - Processing file /Users/dev/projects/learn/af/airflow/dags/connect_web3.py for tasks to queue
[2022-02-09 15:27:24,462] {logging_mixin.py:109} INFO - [2022-02-09 15:27:24,461] {dagbag.py:500} INFO - Filling up the DagBag from /Users/dev/projects/learn/af/airflow/dags/connect_web3.py
[2022-02-09 15:27:25,635] {processor.py:654} INFO - DAG(s) dict_keys(['connect_web3']) retrieved from /Users/dev/projects/learn/af/airflow/dags/connect_web3.py
[2022-02-09 15:27:25,645] {logging_mixin.py:109} INFO - [2022-02-09 15:27:25,644] {dag.py:2396} INFO - Sync 1 DAGs
[2022-02-09 15:27:25,661] {logging_mixin.py:109} INFO - [2022-02-09 15:27:25,661] {dag.py:2935} INFO - Setting next_dagrun for connect_web3 to 2022-02-09T12:00:00+00:00
[2022-02-09 15:27:25,673] {processor.py:171} INFO - Processing /Users/dev/projects/learn/af/airflow/dags/connect_web3.py took 1.221 seconds
[2022-02-09 15:28:02,895] {processor.py:163} INFO - Started process (PID=13975) to work on /Users/dev/projects/learn/af/airflow/dags/connect_web3.py
[2022-02-09 15:28:02,898] {processor.py:642} INFO - Processing file /Users/dev/projects/learn/af/airflow/dags/connect_web3.py for tasks to queue
[2022-02-09 15:28:02,900] {logging_mixin.py:109} INFO - [2022-02-09 15:28:02,899] {dagbag.py:500} INFO - Filling up the DagBag from /Users/dev/projects/learn/af/airflow/dags/connect_web3.py
[2022-02-09 15:28:04,817] {processor.py:654} INFO - DAG(s) dict_keys(['connect_web3']) retrieved from /Users/dev/projects/learn/af/airflow/dags/connect_web3.py
[2022-02-09 15:28:04,830] {logging_mixin.py:109} INFO - [2022-02-09 15:28:04,829] {dag.py:2396} INFO - Sync 1 DAGs
[2022-02-09 15:28:04,992] {logging_mixin.py:109} INFO - [2022-02-09 15:28:04,992] {dag.py:2935} INFO - Setting next_dagrun for connect_web3 to 2022-02-09T12:00:00+00:00
[2022-02-09 15:28:05,019] {processor.py:171} INFO - Processing /Users/dev/projects/learn/af/airflow/dags/connect_web3.py took 2.129 seconds
[2022-02-09 15:28:28,067] {processor.py:163} INFO - Started process (PID=14025) to work on /Users/dev/projects/learn/af/airflow/dags/connect_web3.py
[2022-02-09 15:28:28,069] {processor.py:642} INFO - Processing file /Users/dev/projects/learn/af/airflow/dags/connect_web3.py for tasks to queue
[2022-02-09 15:28:28,071] {logging_mixin.py:109} INFO - [2022-02-09 15:28:28,070] {dagbag.py:500} INFO - Filling up the DagBag from /Users/dev/projects/learn/af/airflow/dags/connect_web3.py
[2022-02-09 15:28:30,215] {processor.py:654} INFO - DAG(s) dict_keys(['connect_web3']) retrieved from /Users/dev/projects/learn/af/airflow/dags/connect_web3.py
[2022-02-09 15:28:30,234] {logging_mixin.py:109} INFO - [2022-02-09 15:28:30,232] {dag.py:2396} INFO - Sync 1 DAGs
[2022-02-09 15:28:30,283] {logging_mixin.py:109} INFO - [2022-02-09 15:28:30,282] {dag.py:2935} INFO - Setting next_dagrun for connect_web3 to 2022-02-09T12:00:00+00:00
[2022-02-09 15:28:30,305] {processor.py:171} INFO - Processing /Users/dev/projects/learn/af/airflow/dags/connect_web3.py took 2.244 seconds
[2022-02-09 15:30:32,296] {processor.py:163} INFO - Started process (PID=14178) to work on /Users/dev/projects/learn/af/airflow/dags/connect_web3.py
[2022-02-09 15:30:32,300] {processor.py:642} INFO - Processing file /Users/dev/projects/learn/af/airflow/dags/connect_web3.py for tasks to queue
[2022-02-09 15:30:32,302] {logging_mixin.py:109} INFO - [2022-02-09 15:30:32,301] {dagbag.py:500} INFO - Filling up the DagBag from /Users/dev/projects/learn/af/airflow/dags/connect_web3.py
[2022-02-09 15:30:33,551] {processor.py:654} INFO - DAG(s) dict_keys(['connect_web3']) retrieved from /Users/dev/projects/learn/af/airflow/dags/connect_web3.py
[2022-02-09 15:30:33,568] {logging_mixin.py:109} INFO - [2022-02-09 15:30:33,566] {dag.py:2396} INFO - Sync 1 DAGs
[2022-02-09 15:30:33,594] {logging_mixin.py:109} INFO - [2022-02-09 15:30:33,593] {dag.py:2935} INFO - Setting next_dagrun for connect_web3 to 2022-02-09T12:00:00+00:00
[2022-02-09 15:30:33,605] {processor.py:171} INFO - Processing /Users/dev/projects/learn/af/airflow/dags/connect_web3.py took 1.315 seconds
