[2022-02-09 13:59:54,108] {processor.py:163} INFO - Started process (PID=10893) to work on /opt/anaconda3/envs/af/lib/python3.7/site-packages/airflow/example_dags/plugins/workday.py
[2022-02-09 13:59:54,115] {processor.py:642} INFO - Processing file /opt/anaconda3/envs/af/lib/python3.7/site-packages/airflow/example_dags/plugins/workday.py for tasks to queue
[2022-02-09 13:59:54,119] {logging_mixin.py:109} INFO - [2022-02-09 13:59:54,119] {dagbag.py:500} INFO - Filling up the DagBag from /opt/anaconda3/envs/af/lib/python3.7/site-packages/airflow/example_dags/plugins/workday.py
[2022-02-09 13:59:54,152] {processor.py:656} WARNING - No viable dags retrieved from /opt/anaconda3/envs/af/lib/python3.7/site-packages/airflow/example_dags/plugins/workday.py
[2022-02-09 13:59:54,156] {processor.py:171} INFO - Processing /opt/anaconda3/envs/af/lib/python3.7/site-packages/airflow/example_dags/plugins/workday.py took 0.054 seconds
[2022-02-09 14:00:37,650] {processor.py:163} INFO - Started process (PID=10963) to work on /opt/anaconda3/envs/af/lib/python3.7/site-packages/airflow/example_dags/plugins/workday.py
[2022-02-09 14:00:37,653] {processor.py:642} INFO - Processing file /opt/anaconda3/envs/af/lib/python3.7/site-packages/airflow/example_dags/plugins/workday.py for tasks to queue
[2022-02-09 14:00:37,656] {logging_mixin.py:109} INFO - [2022-02-09 14:00:37,656] {dagbag.py:500} INFO - Filling up the DagBag from /opt/anaconda3/envs/af/lib/python3.7/site-packages/airflow/example_dags/plugins/workday.py
[2022-02-09 14:00:37,682] {processor.py:656} WARNING - No viable dags retrieved from /opt/anaconda3/envs/af/lib/python3.7/site-packages/airflow/example_dags/plugins/workday.py
[2022-02-09 14:00:37,685] {processor.py:171} INFO - Processing /opt/anaconda3/envs/af/lib/python3.7/site-packages/airflow/example_dags/plugins/workday.py took 0.040 seconds
[2022-02-09 14:01:13,693] {processor.py:163} INFO - Started process (PID=11013) to work on /opt/anaconda3/envs/af/lib/python3.7/site-packages/airflow/example_dags/plugins/workday.py
[2022-02-09 14:01:13,697] {processor.py:642} INFO - Processing file /opt/anaconda3/envs/af/lib/python3.7/site-packages/airflow/example_dags/plugins/workday.py for tasks to queue
[2022-02-09 14:01:13,698] {logging_mixin.py:109} INFO - [2022-02-09 14:01:13,698] {dagbag.py:500} INFO - Filling up the DagBag from /opt/anaconda3/envs/af/lib/python3.7/site-packages/airflow/example_dags/plugins/workday.py
[2022-02-09 14:01:13,716] {processor.py:656} WARNING - No viable dags retrieved from /opt/anaconda3/envs/af/lib/python3.7/site-packages/airflow/example_dags/plugins/workday.py
[2022-02-09 14:01:13,719] {processor.py:171} INFO - Processing /opt/anaconda3/envs/af/lib/python3.7/site-packages/airflow/example_dags/plugins/workday.py took 0.029 seconds
[2022-02-09 14:01:46,689] {processor.py:163} INFO - Started process (PID=11060) to work on /opt/anaconda3/envs/af/lib/python3.7/site-packages/airflow/example_dags/plugins/workday.py
[2022-02-09 14:01:46,691] {processor.py:642} INFO - Processing file /opt/anaconda3/envs/af/lib/python3.7/site-packages/airflow/example_dags/plugins/workday.py for tasks to queue
[2022-02-09 14:01:46,692] {logging_mixin.py:109} INFO - [2022-02-09 14:01:46,692] {dagbag.py:500} INFO - Filling up the DagBag from /opt/anaconda3/envs/af/lib/python3.7/site-packages/airflow/example_dags/plugins/workday.py
[2022-02-09 14:01:46,710] {processor.py:656} WARNING - No viable dags retrieved from /opt/anaconda3/envs/af/lib/python3.7/site-packages/airflow/example_dags/plugins/workday.py
[2022-02-09 14:01:46,713] {processor.py:171} INFO - Processing /opt/anaconda3/envs/af/lib/python3.7/site-packages/airflow/example_dags/plugins/workday.py took 0.029 seconds
[2022-02-09 14:02:51,561] {processor.py:163} INFO - Started process (PID=11142) to work on /opt/anaconda3/envs/af/lib/python3.7/site-packages/airflow/example_dags/plugins/workday.py
[2022-02-09 14:02:51,564] {processor.py:642} INFO - Processing file /opt/anaconda3/envs/af/lib/python3.7/site-packages/airflow/example_dags/plugins/workday.py for tasks to queue
[2022-02-09 14:02:51,567] {logging_mixin.py:109} INFO - [2022-02-09 14:02:51,566] {dagbag.py:500} INFO - Filling up the DagBag from /opt/anaconda3/envs/af/lib/python3.7/site-packages/airflow/example_dags/plugins/workday.py
[2022-02-09 14:02:51,599] {processor.py:656} WARNING - No viable dags retrieved from /opt/anaconda3/envs/af/lib/python3.7/site-packages/airflow/example_dags/plugins/workday.py
[2022-02-09 14:02:51,610] {processor.py:171} INFO - Processing /opt/anaconda3/envs/af/lib/python3.7/site-packages/airflow/example_dags/plugins/workday.py took 0.055 seconds
[2022-02-09 14:03:30,969] {processor.py:163} INFO - Started process (PID=11194) to work on /opt/anaconda3/envs/af/lib/python3.7/site-packages/airflow/example_dags/plugins/workday.py
[2022-02-09 14:03:30,972] {processor.py:642} INFO - Processing file /opt/anaconda3/envs/af/lib/python3.7/site-packages/airflow/example_dags/plugins/workday.py for tasks to queue
[2022-02-09 14:03:30,974] {logging_mixin.py:109} INFO - [2022-02-09 14:03:30,973] {dagbag.py:500} INFO - Filling up the DagBag from /opt/anaconda3/envs/af/lib/python3.7/site-packages/airflow/example_dags/plugins/workday.py
[2022-02-09 14:03:30,987] {processor.py:656} WARNING - No viable dags retrieved from /opt/anaconda3/envs/af/lib/python3.7/site-packages/airflow/example_dags/plugins/workday.py
[2022-02-09 14:03:30,990] {processor.py:171} INFO - Processing /opt/anaconda3/envs/af/lib/python3.7/site-packages/airflow/example_dags/plugins/workday.py took 0.025 seconds
[2022-02-09 14:04:04,896] {processor.py:163} INFO - Started process (PID=11238) to work on /opt/anaconda3/envs/af/lib/python3.7/site-packages/airflow/example_dags/plugins/workday.py
[2022-02-09 14:04:04,898] {processor.py:642} INFO - Processing file /opt/anaconda3/envs/af/lib/python3.7/site-packages/airflow/example_dags/plugins/workday.py for tasks to queue
[2022-02-09 14:04:04,899] {logging_mixin.py:109} INFO - [2022-02-09 14:04:04,899] {dagbag.py:500} INFO - Filling up the DagBag from /opt/anaconda3/envs/af/lib/python3.7/site-packages/airflow/example_dags/plugins/workday.py
[2022-02-09 14:04:04,915] {processor.py:656} WARNING - No viable dags retrieved from /opt/anaconda3/envs/af/lib/python3.7/site-packages/airflow/example_dags/plugins/workday.py
[2022-02-09 14:04:04,918] {processor.py:171} INFO - Processing /opt/anaconda3/envs/af/lib/python3.7/site-packages/airflow/example_dags/plugins/workday.py took 0.026 seconds
[2022-02-09 14:04:41,645] {processor.py:163} INFO - Started process (PID=11291) to work on /opt/anaconda3/envs/af/lib/python3.7/site-packages/airflow/example_dags/plugins/workday.py
[2022-02-09 14:04:41,650] {processor.py:642} INFO - Processing file /opt/anaconda3/envs/af/lib/python3.7/site-packages/airflow/example_dags/plugins/workday.py for tasks to queue
[2022-02-09 14:04:41,652] {logging_mixin.py:109} INFO - [2022-02-09 14:04:41,651] {dagbag.py:500} INFO - Filling up the DagBag from /opt/anaconda3/envs/af/lib/python3.7/site-packages/airflow/example_dags/plugins/workday.py
[2022-02-09 14:04:41,672] {processor.py:656} WARNING - No viable dags retrieved from /opt/anaconda3/envs/af/lib/python3.7/site-packages/airflow/example_dags/plugins/workday.py
[2022-02-09 14:04:41,676] {processor.py:171} INFO - Processing /opt/anaconda3/envs/af/lib/python3.7/site-packages/airflow/example_dags/plugins/workday.py took 0.036 seconds
[2022-02-09 14:05:15,031] {processor.py:163} INFO - Started process (PID=11330) to work on /opt/anaconda3/envs/af/lib/python3.7/site-packages/airflow/example_dags/plugins/workday.py
[2022-02-09 14:05:15,035] {processor.py:642} INFO - Processing file /opt/anaconda3/envs/af/lib/python3.7/site-packages/airflow/example_dags/plugins/workday.py for tasks to queue
[2022-02-09 14:05:15,037] {logging_mixin.py:109} INFO - [2022-02-09 14:05:15,036] {dagbag.py:500} INFO - Filling up the DagBag from /opt/anaconda3/envs/af/lib/python3.7/site-packages/airflow/example_dags/plugins/workday.py
[2022-02-09 14:05:15,057] {processor.py:656} WARNING - No viable dags retrieved from /opt/anaconda3/envs/af/lib/python3.7/site-packages/airflow/example_dags/plugins/workday.py
[2022-02-09 14:05:15,061] {processor.py:171} INFO - Processing /opt/anaconda3/envs/af/lib/python3.7/site-packages/airflow/example_dags/plugins/workday.py took 0.034 seconds
[2022-02-09 14:05:51,836] {processor.py:163} INFO - Started process (PID=11371) to work on /opt/anaconda3/envs/af/lib/python3.7/site-packages/airflow/example_dags/plugins/workday.py
[2022-02-09 14:05:51,839] {processor.py:642} INFO - Processing file /opt/anaconda3/envs/af/lib/python3.7/site-packages/airflow/example_dags/plugins/workday.py for tasks to queue
[2022-02-09 14:05:51,840] {logging_mixin.py:109} INFO - [2022-02-09 14:05:51,840] {dagbag.py:500} INFO - Filling up the DagBag from /opt/anaconda3/envs/af/lib/python3.7/site-packages/airflow/example_dags/plugins/workday.py
[2022-02-09 14:05:51,859] {processor.py:656} WARNING - No viable dags retrieved from /opt/anaconda3/envs/af/lib/python3.7/site-packages/airflow/example_dags/plugins/workday.py
[2022-02-09 14:05:51,863] {processor.py:171} INFO - Processing /opt/anaconda3/envs/af/lib/python3.7/site-packages/airflow/example_dags/plugins/workday.py took 0.032 seconds
[2022-02-09 14:06:25,017] {processor.py:163} INFO - Started process (PID=11409) to work on /opt/anaconda3/envs/af/lib/python3.7/site-packages/airflow/example_dags/plugins/workday.py
[2022-02-09 14:06:25,019] {processor.py:642} INFO - Processing file /opt/anaconda3/envs/af/lib/python3.7/site-packages/airflow/example_dags/plugins/workday.py for tasks to queue
[2022-02-09 14:06:25,020] {logging_mixin.py:109} INFO - [2022-02-09 14:06:25,020] {dagbag.py:500} INFO - Filling up the DagBag from /opt/anaconda3/envs/af/lib/python3.7/site-packages/airflow/example_dags/plugins/workday.py
[2022-02-09 14:06:25,036] {processor.py:656} WARNING - No viable dags retrieved from /opt/anaconda3/envs/af/lib/python3.7/site-packages/airflow/example_dags/plugins/workday.py
[2022-02-09 14:06:25,039] {processor.py:171} INFO - Processing /opt/anaconda3/envs/af/lib/python3.7/site-packages/airflow/example_dags/plugins/workday.py took 0.028 seconds
[2022-02-09 14:06:57,362] {processor.py:163} INFO - Started process (PID=11445) to work on /opt/anaconda3/envs/af/lib/python3.7/site-packages/airflow/example_dags/plugins/workday.py
[2022-02-09 14:06:57,366] {processor.py:642} INFO - Processing file /opt/anaconda3/envs/af/lib/python3.7/site-packages/airflow/example_dags/plugins/workday.py for tasks to queue
[2022-02-09 14:06:57,368] {logging_mixin.py:109} INFO - [2022-02-09 14:06:57,367] {dagbag.py:500} INFO - Filling up the DagBag from /opt/anaconda3/envs/af/lib/python3.7/site-packages/airflow/example_dags/plugins/workday.py
[2022-02-09 14:06:57,389] {processor.py:656} WARNING - No viable dags retrieved from /opt/anaconda3/envs/af/lib/python3.7/site-packages/airflow/example_dags/plugins/workday.py
[2022-02-09 14:06:57,392] {processor.py:171} INFO - Processing /opt/anaconda3/envs/af/lib/python3.7/site-packages/airflow/example_dags/plugins/workday.py took 0.036 seconds
[2022-02-09 14:07:36,967] {processor.py:163} INFO - Started process (PID=11493) to work on /opt/anaconda3/envs/af/lib/python3.7/site-packages/airflow/example_dags/plugins/workday.py
[2022-02-09 14:07:36,970] {processor.py:642} INFO - Processing file /opt/anaconda3/envs/af/lib/python3.7/site-packages/airflow/example_dags/plugins/workday.py for tasks to queue
[2022-02-09 14:07:36,972] {logging_mixin.py:109} INFO - [2022-02-09 14:07:36,972] {dagbag.py:500} INFO - Filling up the DagBag from /opt/anaconda3/envs/af/lib/python3.7/site-packages/airflow/example_dags/plugins/workday.py
[2022-02-09 14:07:36,990] {processor.py:656} WARNING - No viable dags retrieved from /opt/anaconda3/envs/af/lib/python3.7/site-packages/airflow/example_dags/plugins/workday.py
[2022-02-09 14:07:36,993] {processor.py:171} INFO - Processing /opt/anaconda3/envs/af/lib/python3.7/site-packages/airflow/example_dags/plugins/workday.py took 0.032 seconds
[2022-02-09 14:08:15,690] {processor.py:163} INFO - Started process (PID=11539) to work on /opt/anaconda3/envs/af/lib/python3.7/site-packages/airflow/example_dags/plugins/workday.py
[2022-02-09 14:08:15,694] {processor.py:642} INFO - Processing file /opt/anaconda3/envs/af/lib/python3.7/site-packages/airflow/example_dags/plugins/workday.py for tasks to queue
[2022-02-09 14:08:15,697] {logging_mixin.py:109} INFO - [2022-02-09 14:08:15,696] {dagbag.py:500} INFO - Filling up the DagBag from /opt/anaconda3/envs/af/lib/python3.7/site-packages/airflow/example_dags/plugins/workday.py
[2022-02-09 14:08:15,719] {processor.py:656} WARNING - No viable dags retrieved from /opt/anaconda3/envs/af/lib/python3.7/site-packages/airflow/example_dags/plugins/workday.py
[2022-02-09 14:08:15,724] {processor.py:171} INFO - Processing /opt/anaconda3/envs/af/lib/python3.7/site-packages/airflow/example_dags/plugins/workday.py took 0.041 seconds
[2022-02-09 15:25:33,346] {processor.py:163} INFO - Started process (PID=13795) to work on /opt/anaconda3/envs/af/lib/python3.7/site-packages/airflow/example_dags/plugins/workday.py
[2022-02-09 15:25:33,353] {processor.py:642} INFO - Processing file /opt/anaconda3/envs/af/lib/python3.7/site-packages/airflow/example_dags/plugins/workday.py for tasks to queue
[2022-02-09 15:25:33,355] {logging_mixin.py:109} INFO - [2022-02-09 15:25:33,355] {dagbag.py:500} INFO - Filling up the DagBag from /opt/anaconda3/envs/af/lib/python3.7/site-packages/airflow/example_dags/plugins/workday.py
[2022-02-09 15:25:33,400] {processor.py:656} WARNING - No viable dags retrieved from /opt/anaconda3/envs/af/lib/python3.7/site-packages/airflow/example_dags/plugins/workday.py
[2022-02-09 15:25:33,411] {processor.py:171} INFO - Processing /opt/anaconda3/envs/af/lib/python3.7/site-packages/airflow/example_dags/plugins/workday.py took 0.078 seconds
[2022-02-09 15:27:28,382] {processor.py:163} INFO - Started process (PID=13934) to work on /opt/anaconda3/envs/af/lib/python3.7/site-packages/airflow/example_dags/plugins/workday.py
[2022-02-09 15:27:28,385] {processor.py:642} INFO - Processing file /opt/anaconda3/envs/af/lib/python3.7/site-packages/airflow/example_dags/plugins/workday.py for tasks to queue
[2022-02-09 15:27:28,387] {logging_mixin.py:109} INFO - [2022-02-09 15:27:28,387] {dagbag.py:500} INFO - Filling up the DagBag from /opt/anaconda3/envs/af/lib/python3.7/site-packages/airflow/example_dags/plugins/workday.py
[2022-02-09 15:27:28,415] {processor.py:656} WARNING - No viable dags retrieved from /opt/anaconda3/envs/af/lib/python3.7/site-packages/airflow/example_dags/plugins/workday.py
[2022-02-09 15:27:28,420] {processor.py:171} INFO - Processing /opt/anaconda3/envs/af/lib/python3.7/site-packages/airflow/example_dags/plugins/workday.py took 0.044 seconds
[2022-02-09 15:28:33,997] {processor.py:163} INFO - Started process (PID=14034) to work on /opt/anaconda3/envs/af/lib/python3.7/site-packages/airflow/example_dags/plugins/workday.py
[2022-02-09 15:28:34,000] {processor.py:642} INFO - Processing file /opt/anaconda3/envs/af/lib/python3.7/site-packages/airflow/example_dags/plugins/workday.py for tasks to queue
[2022-02-09 15:28:34,003] {logging_mixin.py:109} INFO - [2022-02-09 15:28:34,002] {dagbag.py:500} INFO - Filling up the DagBag from /opt/anaconda3/envs/af/lib/python3.7/site-packages/airflow/example_dags/plugins/workday.py
[2022-02-09 15:28:34,026] {processor.py:656} WARNING - No viable dags retrieved from /opt/anaconda3/envs/af/lib/python3.7/site-packages/airflow/example_dags/plugins/workday.py
[2022-02-09 15:28:34,031] {processor.py:171} INFO - Processing /opt/anaconda3/envs/af/lib/python3.7/site-packages/airflow/example_dags/plugins/workday.py took 0.041 seconds
[2022-02-09 15:30:37,112] {processor.py:163} INFO - Started process (PID=14184) to work on /opt/anaconda3/envs/af/lib/python3.7/site-packages/airflow/example_dags/plugins/workday.py
[2022-02-09 15:30:37,116] {processor.py:642} INFO - Processing file /opt/anaconda3/envs/af/lib/python3.7/site-packages/airflow/example_dags/plugins/workday.py for tasks to queue
[2022-02-09 15:30:37,117] {logging_mixin.py:109} INFO - [2022-02-09 15:30:37,117] {dagbag.py:500} INFO - Filling up the DagBag from /opt/anaconda3/envs/af/lib/python3.7/site-packages/airflow/example_dags/plugins/workday.py
[2022-02-09 15:30:37,136] {processor.py:656} WARNING - No viable dags retrieved from /opt/anaconda3/envs/af/lib/python3.7/site-packages/airflow/example_dags/plugins/workday.py
[2022-02-09 15:30:37,139] {processor.py:171} INFO - Processing /opt/anaconda3/envs/af/lib/python3.7/site-packages/airflow/example_dags/plugins/workday.py took 0.032 seconds
